Using CUDA
Load processed dataset...
Model type: DistMultLit
14923 237
torch.Size([14923, 121]) torch.Size([14923, 300])
Start training...
Evaluating model...
val mr: 7386.8564453125 mrr: 0.004883842542767525 hits@10: 0.0045337895637296835 hits@5: 0.004505275163957798 hits@3: 0.004448246364414029 hits@1: 0.004448246364414029
--> Epoch 1
elapsed time: 31.828069925308228
loss: 0.21881154335874045
--> Epoch 2
elapsed time: 32.17858862876892
loss: 0.06647518085471774
--> Epoch 3
elapsed time: 32.54007005691528
loss: 0.05056437227598138
--> Epoch 4
elapsed time: 32.53449726104736
loss: 0.044833560916660874
--> Epoch 5
elapsed time: 32.523369789123535
loss: 0.04195946712583051
--> Epoch 6
elapsed time: 32.534743547439575
loss: 0.04007527471527892
--> Epoch 7
elapsed time: 32.55724740028381
loss: 0.038619851660218196
--> Epoch 8
elapsed time: 32.57705545425415
loss: 0.037486413039918905
--> Epoch 9
elapsed time: 32.585548639297485
loss: 0.03683370715559146
--> Epoch 10
elapsed time: 32.5760977268219
loss: 0.03558453288094008
--> Epoch 11
elapsed time: 32.57963800430298
loss: 0.035333587086268
--> Epoch 12
elapsed time: 32.565258264541626
loss: 0.0342518544790045
--> Epoch 13
elapsed time: 32.56890678405762
loss: 0.03366712800569671
--> Epoch 14
elapsed time: 32.57455277442932
loss: 0.033187003049260026
--> Epoch 15
elapsed time: 32.56906056404114
loss: 0.032540170374209886
--> Epoch 16
elapsed time: 32.565627098083496
loss: 0.03206232570721536
--> Epoch 17
elapsed time: 32.55835819244385
loss: 0.03146244940871017
--> Epoch 18
elapsed time: 32.56450009346008
loss: 0.03110183479995068
--> Epoch 19
elapsed time: 32.57919454574585
loss: 0.03084684999682437
--> Epoch 20
elapsed time: 32.582730293273926
loss: 0.030494804184810237
--> Epoch 21
elapsed time: 32.577778339385986
loss: 0.030164662298246138
--> Epoch 22
elapsed time: 32.58465504646301
loss: 0.0296730257532194
--> Epoch 23
elapsed time: 32.57850408554077
loss: 0.029312717673120808
--> Epoch 24
elapsed time: 32.513800382614136
loss: 0.029102304529815715
--> Epoch 25
elapsed time: 32.55774235725403
loss: 0.028830837156984566
--> Epoch 26
elapsed time: 32.56126832962036
loss: 0.028510760680640068
--> Epoch 27
elapsed time: 32.54233908653259
loss: 0.028270705686295132
--> Epoch 28
elapsed time: 32.42411470413208
loss: 0.0280069113075593
--> Epoch 29
elapsed time: 32.56820034980774
loss: 0.027759913090521844
--> Epoch 30
elapsed time: 32.54889965057373
loss: 0.02750948184675354
--> Epoch 31
elapsed time: 32.549641847610474
loss: 0.027382741870598644
--> Epoch 32
elapsed time: 32.54720187187195
loss: 0.027090162489132173
--> Epoch 33
elapsed time: 32.549859285354614
loss: 0.026961046389303224
--> Epoch 34
elapsed time: 32.53992486000061
loss: 0.026660992041132075
--> Epoch 35
elapsed time: 32.535446643829346
loss: 0.02655703696200619
--> Epoch 36
elapsed time: 32.54679894447327
loss: 0.02634076862433892
--> Epoch 37
elapsed time: 32.543524742126465
loss: 0.026189952233660815
--> Epoch 38
elapsed time: 32.54286217689514
loss: 0.02607406357781627
--> Epoch 39
elapsed time: 32.56354331970215
loss: 0.02584511191108433
--> Epoch 40
elapsed time: 32.564615964889526
loss: 0.025701053288124803
--> Epoch 41
elapsed time: 32.556992530822754
loss: 0.025533922968094123
--> Epoch 42
elapsed time: 32.55806374549866
loss: 0.025364827000214488
--> Epoch 43
elapsed time: 32.562891244888306
loss: 0.025210637402977455
--> Epoch 44
elapsed time: 32.55169486999512
loss: 0.025095064976267508
--> Epoch 45
elapsed time: 32.55006265640259
loss: 0.02494513912447084
--> Epoch 46
elapsed time: 32.54619073867798
loss: 0.024806862052176096
--> Epoch 47
elapsed time: 32.53589177131653
loss: 0.02475892230412754
--> Epoch 48
elapsed time: 32.54019808769226
loss: 0.02458896582397726
--> Epoch 49
elapsed time: 32.53917670249939
loss: 0.024448442168582864
--> Epoch 50
elapsed time: 32.53418588638306
loss: 0.024316207366458446
--> Epoch 51
elapsed time: 32.531174182891846
loss: 0.02425770580712513
--> Epoch 52
elapsed time: 32.55047011375427
loss: 0.02411513496803598
--> Epoch 53
elapsed time: 32.545825719833374
loss: 0.024041378110128533
--> Epoch 54
elapsed time: 32.53409194946289
loss: 0.023880440158277106
--> Epoch 55
elapsed time: 32.510677337646484
loss: 0.02379035428937381
--> Epoch 56
elapsed time: 32.53641939163208
loss: 0.023685563213751773
--> Epoch 57
elapsed time: 32.53989839553833
loss: 0.023560722375171206
--> Epoch 58
elapsed time: 32.526896953582764
loss: 0.02350720053719162
--> Epoch 59
elapsed time: 32.540544271469116
loss: 0.023381726348444973
--> Epoch 60
elapsed time: 32.53735160827637
loss: 0.023322483803288396
--> Epoch 61
elapsed time: 32.54497838020325
loss: 0.02324618244594487
--> Epoch 62
elapsed time: 32.54836463928223
loss: 0.023134983276995643
--> Epoch 63
elapsed time: 32.53930425643921
loss: 0.023089535692084655
--> Epoch 64
elapsed time: 32.55855655670166
loss: 0.02303727544661916
--> Epoch 65
elapsed time: 32.56080627441406
loss: 0.022922420175088987
--> Epoch 66
elapsed time: 32.54968500137329
loss: 0.02288415813196524
--> Epoch 67
elapsed time: 32.55935597419739
loss: 0.022764525753870845
--> Epoch 68
elapsed time: 32.57529425621033
loss: 0.02268240705433872
--> Epoch 69
elapsed time: 32.564074754714966
loss: 0.022614139339843676
--> Epoch 70
elapsed time: 32.54681730270386
loss: 0.02256232614673653
--> Epoch 71
elapsed time: 32.556429624557495
loss: 0.022458118364663476
--> Epoch 72
elapsed time: 32.511141777038574
loss: 0.022438711624308678
--> Epoch 73
elapsed time: 32.5492901802063
loss: 0.02234565470146886
--> Epoch 74
elapsed time: 32.55400228500366
loss: 0.022306752165994998
--> Epoch 75
elapsed time: 32.50902795791626
loss: 0.02221341751803235
--> Epoch 76
elapsed time: 32.566245317459106
loss: 0.02220825911591553
--> Epoch 77
elapsed time: 32.56952905654907
loss: 0.022082307045667774
--> Epoch 78
elapsed time: 32.570329427719116
loss: 0.022045921543061116
--> Epoch 79
elapsed time: 32.56458806991577
loss: 0.021961375476962423
--> Epoch 80
elapsed time: 32.5652494430542
loss: 0.021954169339191094
--> Epoch 81
elapsed time: 32.56079602241516
loss: 0.02186792265879637
--> Epoch 82
elapsed time: 32.656880140304565
loss: 0.021905616843969557
--> Epoch 83
elapsed time: 32.55534768104553
loss: 0.021770663676837762
--> Epoch 84
elapsed time: 32.542614459991455
loss: 0.021736307274672857
--> Epoch 85
elapsed time: 32.54704141616821
loss: 0.02170178695272581
--> Epoch 86
elapsed time: 32.537583112716675
loss: 0.02162887417796302
--> Epoch 87
elapsed time: 32.53735280036926
loss: 0.02160238426070054
--> Epoch 88
elapsed time: 32.53970694541931
loss: 0.021573016279826496
--> Epoch 89
elapsed time: 32.53223443031311
loss: 0.02148965082586036
--> Epoch 90
elapsed time: 32.52313804626465
loss: 0.021456825694985696
--> Epoch 91
elapsed time: 32.54531121253967
loss: 0.021435128367196694
--> Epoch 92
elapsed time: 32.539114475250244
loss: 0.021351064948727808
--> Epoch 93
elapsed time: 32.526652097702026
loss: 0.021286434451028746
--> Epoch 94
elapsed time: 32.52928924560547
loss: 0.021315638916891134
--> Epoch 95
elapsed time: 32.52434158325195
loss: 0.021278762001884173
--> Epoch 96
elapsed time: 32.5324227809906
loss: 0.021214743007258324
--> Epoch 97
elapsed time: 32.5390510559082
loss: 0.02119633705229941
--> Epoch 98
elapsed time: 32.544373512268066
loss: 0.021139582117926593
--> Epoch 99
elapsed time: 32.53065514564514
loss: 0.021068203947239628
Evaluating model...
val mr: 192.6387176513672 mrr: 0.25278034806251526 hits@10: 0.44123182207014544 hits@5: 0.34023381807812947 hits@3: 0.27276874821785 hits@1: 0.16429997148560022
--> Epoch 100
elapsed time: 31.645565271377563
loss: 0.02107708090925037
--> Epoch 101
elapsed time: 31.92183566093445
loss: 0.021022378336480508
--> Epoch 102
elapsed time: 32.078757524490356
loss: 0.02097795833066905
--> Epoch 103
elapsed time: 32.434399127960205
loss: 0.020999487962570264
--> Epoch 104
elapsed time: 32.439337491989136
loss: 0.020914366109575287
--> Epoch 105
elapsed time: 32.44106459617615
loss: 0.020895610797382815
--> Epoch 106
elapsed time: 32.44075798988342
loss: 0.020874650127351676
--> Epoch 107
elapsed time: 32.44442272186279
loss: 0.020805883835493005
--> Epoch 108
elapsed time: 32.43604111671448
loss: 0.020780530662704275
--> Epoch 109
elapsed time: 32.44865846633911
loss: 0.020777560092389638
--> Epoch 110
elapsed time: 32.43863320350647
loss: 0.020757079714960013
--> Epoch 111
elapsed time: 32.44188904762268
loss: 0.02072891951665661
--> Epoch 112
elapsed time: 32.44319152832031
loss: 0.020646191989741904
--> Epoch 113
elapsed time: 32.43140625953674
loss: 0.020692516470490932
--> Epoch 114
elapsed time: 32.41185665130615
loss: 0.0206148091244563
--> Epoch 115
elapsed time: 32.43532752990723
loss: 0.020628500617655067
--> Epoch 116
elapsed time: 32.44366526603699
loss: 0.020566268907272915
--> Epoch 117
elapsed time: 32.44629240036011
loss: 0.02050959556832251
--> Epoch 118
elapsed time: 32.45730257034302
loss: 0.020545209981395966
--> Epoch 119
elapsed time: 32.44764232635498
loss: 0.020474355187712137
--> Epoch 120
elapsed time: 32.44280958175659
loss: 0.020416816195380206
--> Epoch 121
elapsed time: 32.45607328414917
loss: 0.02044203266087895
--> Epoch 122
elapsed time: 32.44283437728882
loss: 0.02046225574445803
--> Epoch 123
elapsed time: 32.42660975456238
loss: 0.020454977426120725
--> Epoch 124
elapsed time: 32.449753761291504
loss: 0.020375212333809064
--> Epoch 125
elapsed time: 32.4548921585083
loss: 0.020358337912978367
--> Epoch 126
elapsed time: 32.4534432888031
loss: 0.02030910701540878
--> Epoch 127
elapsed time: 32.44622564315796
loss: 0.020287426228889967
--> Epoch 128
elapsed time: 32.43588352203369
loss: 0.020220824993046407
--> Epoch 129
elapsed time: 32.44993448257446
loss: 0.020241332472576246
--> Epoch 130
elapsed time: 32.41069507598877
loss: 0.020264918168591422
--> Epoch 131
elapsed time: 32.43809509277344
loss: 0.020218198850877084
--> Epoch 132
elapsed time: 32.437029123306274
loss: 0.020159563018133476
--> Epoch 133
elapsed time: 32.44792985916138
loss: 0.020150111660515488
--> Epoch 134
elapsed time: 32.43043279647827
loss: 0.020107036058704245
--> Epoch 135
elapsed time: 32.441725730895996
loss: 0.020111570118988672
--> Epoch 136
elapsed time: 32.43479108810425
loss: 0.020127320917969812
--> Epoch 137
elapsed time: 32.43694353103638
loss: 0.02010230260602394
--> Epoch 138
elapsed time: 32.439165353775024
loss: 0.02003605416883922
--> Epoch 139
elapsed time: 32.43579339981079
loss: 0.020009891686370546
--> Epoch 140
elapsed time: 32.446592569351196
loss: 0.020020605272570536
--> Epoch 141
elapsed time: 32.43440294265747
loss: 0.019982990392624828
--> Epoch 142
elapsed time: 32.43664479255676
loss: 0.019965223563258534
--> Epoch 143
elapsed time: 32.44928216934204
loss: 0.019982584134473177
--> Epoch 144
elapsed time: 32.45064735412598
loss: 0.019931818308660924
--> Epoch 145
elapsed time: 32.45096182823181
loss: 0.019932953863354752
--> Epoch 146
elapsed time: 32.453453540802
loss: 0.01988564456899774
--> Epoch 147
elapsed time: 32.44227075576782
loss: 0.01989195637075495
--> Epoch 148
elapsed time: 32.43456983566284
loss: 0.01987724788732273
--> Epoch 149
elapsed time: 32.44370698928833
loss: 0.019848200356761242
--> Epoch 150
elapsed time: 32.42983794212341
loss: 0.01983160112379075
--> Epoch 151
elapsed time: 32.43999123573303
loss: 0.019817797940220906
--> Epoch 152
elapsed time: 32.44322156906128
loss: 0.01978639645023606
--> Epoch 153
elapsed time: 32.43904900550842
loss: 0.019790937787628016
--> Epoch 154
elapsed time: 32.438863039016724
loss: 0.019753607002245516
--> Epoch 155
elapsed time: 32.43527269363403
loss: 0.019790491318769983
--> Epoch 156
elapsed time: 32.43276762962341
loss: 0.019733761935753297
--> Epoch 157
elapsed time: 32.43903398513794
loss: 0.019742256426449552
--> Epoch 158
elapsed time: 32.43668818473816
loss: 0.019745339233838265
--> Epoch 159
elapsed time: 32.446938276290894
loss: 0.01964408113522173
--> Epoch 160
elapsed time: 32.450703144073486
loss: 0.019704768411387616
--> Epoch 161
elapsed time: 32.43592667579651
loss: 0.019644090394127626
--> Epoch 162
elapsed time: 32.44399428367615
loss: 0.01962554345988543
--> Epoch 163
elapsed time: 32.43984770774841
loss: 0.01963561558123478
--> Epoch 164
elapsed time: 32.42440390586853
loss: 0.019630824214834038
--> Epoch 165
elapsed time: 32.43253707885742
loss: 0.01959515459176682
--> Epoch 166
elapsed time: 32.42637348175049
loss: 0.019540699062166298
--> Epoch 167
elapsed time: 32.42830753326416
loss: 0.019613289767534577
--> Epoch 168
elapsed time: 32.41725301742554
loss: 0.019563289855099576
--> Epoch 169
elapsed time: 32.43368983268738
loss: 0.01953409204254258
--> Epoch 170
elapsed time: 32.431421756744385
loss: 0.019556459440715674
--> Epoch 171
elapsed time: 32.43999099731445
loss: 0.01948354420754165
--> Epoch 172
elapsed time: 32.42452692985535
loss: 0.019503719992550163
--> Epoch 173
elapsed time: 32.4427649974823
loss: 0.019505280812086075
--> Epoch 174
elapsed time: 32.42197561264038
loss: 0.019456821501689595
--> Epoch 175
elapsed time: 32.426061153411865
loss: 0.019455875794868478
--> Epoch 176
elapsed time: 32.431742906570435
loss: 0.019489763301086673
--> Epoch 177
elapsed time: 32.443164348602295
loss: 0.019439375921663313
--> Epoch 178
elapsed time: 32.43447995185852
loss: 0.019432440543808358
--> Epoch 179
elapsed time: 32.40200901031494
loss: 0.019407271618691123
--> Epoch 180
elapsed time: 32.416038274765015
loss: 0.01935866430247604
--> Epoch 181
elapsed time: 32.402730226516724
loss: 0.019390533342677135
--> Epoch 182
elapsed time: 32.405675649642944
loss: 0.019387390312098268
--> Epoch 183
elapsed time: 32.43250608444214
loss: 0.0193303772603159
--> Epoch 184
elapsed time: 32.43498730659485
loss: 0.01937513951622195
--> Epoch 185
elapsed time: 32.436293601989746
loss: 0.019374887891786624
--> Epoch 186
elapsed time: 32.427541732788086
loss: 0.019338773842112477
--> Epoch 187
elapsed time: 32.42916250228882
loss: 0.01930947451977548
--> Epoch 188
elapsed time: 32.42980360984802
loss: 0.019302574595259477
--> Epoch 189
elapsed time: 32.433863162994385
loss: 0.01926006110576056
--> Epoch 190
elapsed time: 32.430381059646606
loss: 0.019296201419957887
--> Epoch 191
elapsed time: 32.43887495994568
loss: 0.01929869357871482
--> Epoch 192
elapsed time: 32.437708139419556
loss: 0.019274785750224024
--> Epoch 193
elapsed time: 32.40070676803589
loss: 0.019259321053888254
--> Epoch 194
elapsed time: 32.431601762771606
loss: 0.019217661770300716
--> Epoch 195
elapsed time: 32.43891882896423
loss: 0.0192451223482221
--> Epoch 196
elapsed time: 32.42486262321472
loss: 0.019261495572070637
--> Epoch 197
elapsed time: 32.424318075180054
loss: 0.019220069301361088
--> Epoch 198
elapsed time: 32.434876441955566
loss: 0.01913183876194992
--> Epoch 199
elapsed time: 32.43713593482971
loss: 0.019200041629058622
Evaluating model...
val mr: 205.82899475097656 mrr: 0.26297634840011597 hits@10: 0.45169660678642715 hits@5: 0.35152552038779583 hits@3: 0.28528656971770744 hits@1: 0.1735386370116909
--> Epoch 200
elapsed time: 31.985034465789795
loss: 0.01915227702222169
--> Epoch 201
elapsed time: 32.430344581604004
loss: 0.01912350442018693
--> Epoch 202
elapsed time: 32.148661613464355
loss: 0.01917010465827845
--> Epoch 203
elapsed time: 31.687604904174805
loss: 0.01909124404139403
--> Epoch 204
elapsed time: 32.39842438697815
loss: 0.019195697733804737
--> Epoch 205
elapsed time: 32.42925763130188
loss: 0.0191561615222457
--> Epoch 206
elapsed time: 32.3896005153656
loss: 0.019049139437550437
--> Epoch 207
elapsed time: 32.41447472572327
loss: 0.019096878440463642
--> Epoch 208
elapsed time: 32.40339112281799
loss: 0.019086863750965105
--> Epoch 209
elapsed time: 32.39566349983215
loss: 0.019044307622136873
--> Epoch 210
elapsed time: 32.41472387313843
loss: 0.019077072776889085
--> Epoch 211
elapsed time: 32.41441464424133
loss: 0.019082981756663165
--> Epoch 212
elapsed time: 32.39448952674866
loss: 0.019048752457688466
--> Epoch 213
elapsed time: 32.378289222717285
loss: 0.01906139796787237
--> Epoch 214
elapsed time: 32.38631582260132
loss: 0.01901942305266857
--> Epoch 215
elapsed time: 32.395206689834595
loss: 0.01904099514867378
--> Epoch 216
elapsed time: 32.325921058654785
loss: 0.018981957216751486
--> Epoch 217
elapsed time: 31.681320905685425
loss: 0.01902027051240514
--> Epoch 218
elapsed time: 31.666950941085815
loss: 0.018990882722308696
--> Epoch 219
elapsed time: 31.686657190322876
loss: 0.019000781337298656
--> Epoch 220
elapsed time: 32.19409203529358
loss: 0.018973046670179825
--> Epoch 221
elapsed time: 32.38301491737366
loss: 0.018984563540061016
--> Epoch 222
elapsed time: 32.37051796913147
loss: 0.018964106691887327
--> Epoch 223
elapsed time: 32.36556386947632
loss: 0.018912972411033912
--> Epoch 224
elapsed time: 32.37523913383484
loss: 0.018888271473320103
--> Epoch 225
elapsed time: 32.38397526741028
loss: 0.018933782396051306
--> Epoch 226
elapsed time: 32.371978521347046
loss: 0.018965898446128934
--> Epoch 227
elapsed time: 32.369751930236816
loss: 0.018869789199849288
--> Epoch 228
elapsed time: 32.374773025512695
loss: 0.018943396075396524
--> Epoch 229
elapsed time: 32.37297558784485
loss: 0.018936043198685654
--> Epoch 230
elapsed time: 32.38221263885498
loss: 0.018907928730686207
--> Epoch 231
elapsed time: 32.37934327125549
loss: 0.01886497024246969
--> Epoch 232
elapsed time: 32.38953614234924
loss: 0.018840564584827378
--> Epoch 233
elapsed time: 32.40747117996216
loss: 0.01883515363746618
--> Epoch 234
elapsed time: 32.38643932342529
loss: 0.01885957361802613
--> Epoch 235
elapsed time: 32.38938784599304
loss: 0.018837254252617692
--> Epoch 236
elapsed time: 32.38563919067383
loss: 0.018834728491777312
--> Epoch 237
elapsed time: 32.3863959312439
loss: 0.018785151993805017
--> Epoch 238
elapsed time: 32.39071774482727
loss: 0.0187910431636776
--> Epoch 239
elapsed time: 32.385589599609375
loss: 0.018825329707888142
--> Epoch 240
elapsed time: 32.36874556541443
loss: 0.018814174128084785
--> Epoch 241
elapsed time: 32.4054012298584
loss: 0.018835217848784613
--> Epoch 242
elapsed time: 32.395463943481445
loss: 0.01877975161077835
--> Epoch 243
elapsed time: 32.39666199684143
loss: 0.018751451700946855
--> Epoch 244
elapsed time: 32.39365029335022
loss: 0.018777794859118877
--> Epoch 245
elapsed time: 33.711419105529785
loss: 0.01874974474787488
--> Epoch 246
elapsed time: 34.08441519737244
loss: 0.018805480080280847
--> Epoch 247
elapsed time: 34.09767937660217
loss: 0.018713295106668294
--> Epoch 248
elapsed time: 34.09374380111694
loss: 0.018755948157001528
--> Epoch 249
elapsed time: 34.05584192276001
loss: 0.018753255351235423
--> Epoch 250
elapsed time: 34.059581995010376
loss: 0.018728326959666898
--> Epoch 251
elapsed time: 34.07111477851868
loss: 0.018696370915713897
--> Epoch 252
elapsed time: 34.0735604763031
loss: 0.018702066333496616
--> Epoch 253
elapsed time: 34.068097829818726
loss: 0.01875128889647387
--> Epoch 254
elapsed time: 34.069039821624756
loss: 0.018705766351923333
--> Epoch 255
elapsed time: 34.02782368659973
loss: 0.018704800028091093
--> Epoch 256
elapsed time: 34.02997660636902
loss: 0.018649711463730064
--> Epoch 257
elapsed time: 34.04094839096069
loss: 0.018665007446995067
--> Epoch 258
elapsed time: 34.037227392196655
loss: 0.018697201444303944
--> Epoch 259
elapsed time: 34.05270552635193
loss: 0.018642429137989698
--> Epoch 260
elapsed time: 34.045143604278564
loss: 0.01865858037326124
--> Epoch 261
elapsed time: 34.060510873794556
loss: 0.018686713268831444
--> Epoch 262
elapsed time: 34.052688121795654
loss: 0.018651419688061735
--> Epoch 263
elapsed time: 34.04557776451111
loss: 0.018612624408882235
--> Epoch 264
elapsed time: 34.04949355125427
loss: 0.01861777814912942
--> Epoch 265
elapsed time: 34.042927742004395
loss: 0.01862174231359281
--> Epoch 266
elapsed time: 34.037885904312134
loss: 0.018602922913615757
--> Epoch 267
elapsed time: 34.05145764350891
loss: 0.018604016742780314
--> Epoch 268
elapsed time: 34.042508125305176
loss: 0.018591733051854714
--> Epoch 269
elapsed time: 34.00534009933472
loss: 0.018567651392837684
--> Epoch 270
elapsed time: 34.03410315513611
loss: 0.01857262915517234
--> Epoch 271
elapsed time: 34.038023233413696
loss: 0.01856281160467207
--> Epoch 272
elapsed time: 34.03154230117798
loss: 0.0185357774848772
--> Epoch 273
elapsed time: 34.04401993751526
loss: 0.018511421835665027
--> Epoch 274
elapsed time: 34.04963207244873
loss: 0.0185287490641297
--> Epoch 275
elapsed time: 34.025705337524414
loss: 0.01854984743585451
--> Epoch 276
elapsed time: 34.029993534088135
loss: 0.01855621930222296
--> Epoch 277
elapsed time: 34.039297103881836
loss: 0.018497116451948067
--> Epoch 278
elapsed time: 34.03274893760681
loss: 0.018539157789813833
--> Epoch 279
elapsed time: 34.04469299316406
loss: 0.018539085705621784
--> Epoch 280
elapsed time: 34.04147124290466
loss: 0.01854174173860228
--> Epoch 281
elapsed time: 34.040311098098755
loss: 0.018497573439582048
--> Epoch 282
elapsed time: 34.03331279754639
loss: 0.018509048265023885
--> Epoch 283
elapsed time: 34.03431439399719
loss: 0.018519785208759
--> Epoch 284
elapsed time: 34.04539203643799
loss: 0.01846919094430509
--> Epoch 285
elapsed time: 34.045586585998535
loss: 0.018486321316760382
--> Epoch 286
elapsed time: 34.038798093795776
loss: 0.018447070890688887
--> Epoch 287
elapsed time: 34.010018825531006
loss: 0.0184343946626303
--> Epoch 288
elapsed time: 34.030503034591675
loss: 0.018447313268484086
--> Epoch 289
elapsed time: 34.05024480819702
loss: 0.018460838335302508
--> Epoch 290
elapsed time: 34.02608847618103
loss: 0.018426696134701385
--> Epoch 291
elapsed time: 34.017356634140015
loss: 0.01842943966469306
--> Epoch 292
elapsed time: 34.02366542816162
loss: 0.018414640809678293
--> Epoch 293
elapsed time: 34.02442288398743
loss: 0.018422985091973675
--> Epoch 294
elapsed time: 34.03630876541138
loss: 0.018450786681146636
--> Epoch 295
elapsed time: 34.02101922035217
loss: 0.01836357033537282
--> Epoch 296
elapsed time: 34.0308256149292
loss: 0.01845688271394958
--> Epoch 297
elapsed time: 34.01905369758606
loss: 0.018394983849319105
--> Epoch 298
elapsed time: 34.02034282684326
loss: 0.0183968819285325
--> Epoch 299
elapsed time: 34.03239607810974
loss: 0.018465759528771056
Evaluating model...
val mr: 202.8386688232422 mrr: 0.2679249346256256 hits@10: 0.4609923011120616 hits@5: 0.3615340747077274 hits@3: 0.2932991160536071 hits@1: 0.175990875392073
--> Epoch 300
elapsed time: 31.738595247268677
loss: 0.018397474578237434
--> Epoch 301
elapsed time: 31.68973159790039
loss: 0.01838084283921787
--> Epoch 302
elapsed time: 32.02320432662964
loss: 0.01835517259008012
--> Epoch 303
elapsed time: 32.40887475013733
loss: 0.018385696115352474
--> Epoch 304
elapsed time: 32.416011333465576
loss: 0.01835738285597999
--> Epoch 305
elapsed time: 32.4270339012146
loss: 0.01837625735117822
--> Epoch 306
elapsed time: 32.416911363601685
loss: 0.01837623985668229
--> Epoch 307
elapsed time: 32.437378883361816
loss: 0.018298864015925637
--> Epoch 308
elapsed time: 32.44279360771179
loss: 0.018347724212065465
--> Epoch 309
elapsed time: 32.44560956954956
loss: 0.018298624050106963
--> Epoch 310
elapsed time: 32.43952131271362
loss: 0.018366315301335992
--> Epoch 311
elapsed time: 32.43805694580078
loss: 0.01829085290617715
--> Epoch 312
elapsed time: 32.46057963371277
loss: 0.018344400955236193
--> Epoch 313
elapsed time: 32.44805312156677
loss: 0.018310964104008922
--> Epoch 314
elapsed time: 32.432886362075806
loss: 0.01830217702294983
--> Epoch 315
elapsed time: 32.441444873809814
loss: 0.018235355805735317
--> Epoch 316
elapsed time: 32.45016169548035
loss: 0.018268875954698977
--> Epoch 317
elapsed time: 32.44687747955322
loss: 0.01829620811085962
--> Epoch 318
elapsed time: 32.442095041275024
loss: 0.018317734742027234
--> Epoch 319
elapsed time: 32.4440176486969
loss: 0.018325010777178623
--> Epoch 320
elapsed time: 32.43468117713928
loss: 0.018313801960418614
--> Epoch 321
elapsed time: 32.44947814941406
loss: 0.018238317236297274
--> Epoch 322
elapsed time: 32.43876528739929
loss: 0.018289290927525747
--> Epoch 323
elapsed time: 32.44010090827942
loss: 0.01825964551941191
--> Epoch 324
elapsed time: 32.451611042022705
loss: 0.01820408676156068
--> Epoch 325
elapsed time: 32.43269491195679
loss: 0.018220179884231046
--> Epoch 326
elapsed time: 32.42890381813049
loss: 0.018233682766647857
--> Epoch 327
elapsed time: 32.43571972846985
loss: 0.01821914014274207
--> Epoch 328
elapsed time: 32.423075437545776
loss: 0.018160200480683616
--> Epoch 329
elapsed time: 32.43909502029419
loss: 0.018187937115582788
--> Epoch 330
elapsed time: 32.44399428367615
loss: 0.01818859005068286
--> Epoch 331
elapsed time: 32.452439069747925
loss: 0.0182030054811574
--> Epoch 332
elapsed time: 32.458690881729126
loss: 0.018240550730065534
--> Epoch 333
elapsed time: 32.43264031410217
loss: 0.01815960069667979
--> Epoch 334
elapsed time: 32.445220947265625
loss: 0.01821751477545511
--> Epoch 335
elapsed time: 32.434985399246216
loss: 0.018189014406105538
--> Epoch 336
elapsed time: 32.43618893623352
loss: 0.018151608591869487
--> Epoch 337
elapsed time: 32.435954093933105
loss: 0.018138709544665895
--> Epoch 338
elapsed time: 32.430580377578735
loss: 0.01815594420597476
--> Epoch 339
elapsed time: 32.43917465209961
loss: 0.018090499556244036
--> Epoch 340
elapsed time: 32.43112874031067
loss: 0.0181524585958777
--> Epoch 341
elapsed time: 32.413816690444946
loss: 0.01817687882350535
--> Epoch 342
elapsed time: 32.42901015281677
loss: 0.018136424694984787
--> Epoch 343
elapsed time: 32.4280686378479
loss: 0.018146510837864227
--> Epoch 344
elapsed time: 32.41827964782715
loss: 0.018121034187297158
--> Epoch 345
elapsed time: 32.42339277267456
loss: 0.01809572983753928
--> Epoch 346
elapsed time: 32.431816816329956
loss: 0.0180932737515428
--> Epoch 347
elapsed time: 32.420578479766846
loss: 0.0181370087866851
--> Epoch 348
elapsed time: 32.42334794998169
loss: 0.01810837332825137
--> Epoch 349
elapsed time: 32.40862441062927
loss: 0.01808498012513511
--> Epoch 350
elapsed time: 32.45044493675232
loss: 0.018076649379871808
--> Epoch 351
elapsed time: 32.43678140640259
loss: 0.018090633449415385
--> Epoch 352
elapsed time: 32.45189118385315
loss: 0.01808478185768578
--> Epoch 353
elapsed time: 32.43176245689392
loss: 0.018043972899644923
--> Epoch 354
elapsed time: 32.441319704055786
loss: 0.018038483927953333
--> Epoch 355
elapsed time: 32.42074227333069
loss: 0.018034248307929046
--> Epoch 356
elapsed time: 32.4390549659729
loss: 0.018022355794387948
--> Epoch 357
elapsed time: 32.42506814002991
loss: 0.01805632393316542
--> Epoch 358
elapsed time: 32.441017627716064
loss: 0.018055022927220152
--> Epoch 359
elapsed time: 32.42829370498657
loss: 0.018050837369069723
--> Epoch 360
elapsed time: 32.42950081825256
loss: 0.0180364257830387
--> Epoch 361
elapsed time: 32.42219400405884
loss: 0.01804750111928299
--> Epoch 362
elapsed time: 32.41479802131653
loss: 0.01799081123993852
--> Epoch 363
elapsed time: 32.449684143066406
loss: 0.018037859060444982
--> Epoch 364
elapsed time: 32.42109036445618
loss: 0.017992050894242575
--> Epoch 365
elapsed time: 32.432997703552246
loss: 0.018015569287964675
--> Epoch 366
elapsed time: 32.374366998672485
loss: 0.018003030275349503
--> Epoch 367
elapsed time: 32.41058421134949
loss: 0.018008290912679144
--> Epoch 368
elapsed time: 32.416009187698364
loss: 0.017977728179865364
--> Epoch 369
elapsed time: 32.402339220047
loss: 0.017999765616495543
--> Epoch 370
elapsed time: 32.40246272087097
loss: 0.018040415405988806
--> Epoch 371
elapsed time: 32.40428376197815
loss: 0.01798231891940785
--> Epoch 372
elapsed time: 32.40862846374512
loss: 0.017939369616502596
--> Epoch 373
elapsed time: 32.4040105342865
loss: 0.017967602311653678
--> Epoch 374
elapsed time: 32.40338921546936
loss: 0.017988366220297113
--> Epoch 375
elapsed time: 32.38861060142517
loss: 0.017918925006941366
--> Epoch 376
elapsed time: 32.40583682060242
loss: 0.017979899993444935
--> Epoch 377
elapsed time: 32.402175426483154
loss: 0.017994077103466552
--> Epoch 378
elapsed time: 32.5102014541626
loss: 0.017953049329303115
--> Epoch 379
elapsed time: 32.42497158050537
loss: 0.017938896346931903
--> Epoch 380
elapsed time: 32.41622352600098
loss: 0.01791924429112942
--> Epoch 381
elapsed time: 32.40811228752136
loss: 0.017957187724682595
--> Epoch 382
elapsed time: 32.3980815410614
loss: 0.017912443620367424
--> Epoch 383
elapsed time: 32.430180072784424
loss: 0.017897300632462004
--> Epoch 384
elapsed time: 32.40215539932251
loss: 0.0179214578775491
--> Epoch 385
elapsed time: 32.40339112281799
loss: 0.017879263122906858
--> Epoch 386
elapsed time: 32.404107093811035
loss: 0.017898759590015027
--> Epoch 387
elapsed time: 32.40624260902405
loss: 0.01784138032081883
--> Epoch 388
elapsed time: 32.39470934867859
loss: 0.0178844315952228
--> Epoch 389
elapsed time: 32.39457845687866
loss: 0.01790384720986392
--> Epoch 390
elapsed time: 32.409016370773315
loss: 0.01791453082640134
--> Epoch 391
elapsed time: 32.41254663467407
loss: 0.017847848335072497
--> Epoch 392
elapsed time: 32.38498067855835
loss: 0.01788747496026816
--> Epoch 393
elapsed time: 32.385305881500244
loss: 0.01788519740959775
--> Epoch 394
elapsed time: 32.39056038856506
loss: 0.017885028561603483
--> Epoch 395
elapsed time: 32.388256311416626
loss: 0.0178791214558642
--> Epoch 396
elapsed time: 32.38217616081238
loss: 0.017828094468102462
--> Epoch 397
elapsed time: 32.40087556838989
loss: 0.01785808439197427
--> Epoch 398
elapsed time: 32.4117968082428
loss: 0.01780032065126656
--> Epoch 399
elapsed time: 32.41373062133789
loss: 0.017855781440641504
Evaluating model...
val mr: 200.14208984375 mrr: 0.27340972423553467 hits@10: 0.46803535785571715 hits@5: 0.36609637867122896 hits@3: 0.29920159680638725 hits@1: 0.18126603934987168
--> Epoch 400
elapsed time: 31.771741151809692
loss: 0.01788418409383925
--> Epoch 401
elapsed time: 31.738101720809937
loss: 0.017829270513863186
--> Epoch 402
elapsed time: 31.737483024597168
loss: 0.017804888462575955
--> Epoch 403
elapsed time: 32.36300587654114
loss: 0.01782381210847638
--> Epoch 404
elapsed time: 32.97143340110779
loss: 0.01776234842644109
--> Epoch 405
elapsed time: 33.20950174331665
loss: 0.017841578009148477
--> Epoch 406
elapsed time: 33.21361255645752
loss: 0.017800247778560572
--> Epoch 407
elapsed time: 33.21367621421814
loss: 0.0178510963615391
--> Epoch 408
elapsed time: 33.23432755470276
loss: 0.017811045702459224
--> Epoch 409
elapsed time: 33.220937728881836
loss: 0.017799092016882866
--> Epoch 410
elapsed time: 33.21426963806152
loss: 0.017750504419649142
--> Epoch 411
elapsed time: 33.21942067146301
loss: 0.017779211561008937
--> Epoch 412
elapsed time: 33.2106294631958
loss: 0.017770473585093458
--> Epoch 413
elapsed time: 33.212273597717285
loss: 0.01775023838293126
--> Epoch 414
elapsed time: 33.20927715301514
loss: 0.017761516892057707
--> Epoch 415
elapsed time: 33.209142208099365
loss: 0.01779665979394656
--> Epoch 416
elapsed time: 33.21509289741516
loss: 0.01777144983368781
--> Epoch 417
elapsed time: 33.218937397003174
loss: 0.017756628376359045
--> Epoch 418
elapsed time: 33.21097373962402
loss: 0.01768139945054015
--> Epoch 419
elapsed time: 33.197054862976074
loss: 0.017741262128616937
--> Epoch 420
elapsed time: 33.21183776855469
loss: 0.017751374979339617
--> Epoch 421
elapsed time: 33.213505268096924
loss: 0.01768533390204607
--> Epoch 422
elapsed time: 33.20358109474182
loss: 0.017674465133674506
--> Epoch 423
elapsed time: 33.220030069351196
loss: 0.017662998961735087
--> Epoch 424
elapsed time: 33.219836711883545
loss: 0.01772592770792579
--> Epoch 425
elapsed time: 33.22442150115967
loss: 0.017738793895125164
--> Epoch 426
elapsed time: 33.217190980911255
loss: 0.01769593953280267
--> Epoch 427
elapsed time: 33.22663950920105
loss: 0.017706196801605532
--> Epoch 428
elapsed time: 33.233328104019165
loss: 0.01770195401136116
--> Epoch 429
elapsed time: 33.22668790817261
loss: 0.017713349571001215
--> Epoch 430
elapsed time: 33.21763896942139
loss: 0.017671209486658745
--> Epoch 431
elapsed time: 33.21883845329285
loss: 0.017663721349142906
--> Epoch 432
elapsed time: 33.21356391906738
loss: 0.01772508606216533
--> Epoch 433
elapsed time: 33.22151756286621
loss: 0.017726123165637115
--> Epoch 434
elapsed time: 33.22412157058716
loss: 0.01762704525023755
--> Epoch 435
elapsed time: 33.220123052597046
loss: 0.017667310552449016
--> Epoch 436
elapsed time: 33.20272612571716
loss: 0.017665921313546225
--> Epoch 437
elapsed time: 33.207056522369385
loss: 0.01763731786439779
--> Epoch 438
elapsed time: 33.22229361534119
loss: 0.01763886785238056
--> Epoch 439
elapsed time: 33.213380575180054
loss: 0.01766677077347982
--> Epoch 440
elapsed time: 33.220948219299316
loss: 0.017624305774083648
--> Epoch 441
elapsed time: 33.20950150489807
loss: 0.017624961757228157
--> Epoch 442
elapsed time: 33.23375487327576
loss: 0.01762595749087807
--> Epoch 443
elapsed time: 33.22648358345032
loss: 0.01768432361330497
--> Epoch 444
elapsed time: 33.223326206207275
loss: 0.01763939176382092
--> Epoch 445
elapsed time: 33.237122774124146
loss: 0.017641959911666158
--> Epoch 446
elapsed time: 33.16831994056702
loss: 0.017587824152503952
--> Epoch 447
elapsed time: 33.214863300323486
loss: 0.01761065902642254
--> Epoch 448
elapsed time: 33.22966241836548
loss: 0.017604566741689184
--> Epoch 449
elapsed time: 33.21674656867981
loss: 0.0176272203099694
--> Epoch 450
elapsed time: 33.214548110961914
loss: 0.017573658873695927
--> Epoch 451
elapsed time: 33.22397589683533
loss: 0.017600899748854613
--> Epoch 452
elapsed time: 33.21472668647766
loss: 0.017599603801664327
--> Epoch 453
elapsed time: 33.382784605026245
loss: 0.01759690018975275
--> Epoch 454
elapsed time: 33.22180390357971
loss: 0.017603341179881472
--> Epoch 455
elapsed time: 33.225665807724
loss: 0.017592673331870576
--> Epoch 456
elapsed time: 33.22652888298035
loss: 0.0175402403510371
--> Epoch 457
elapsed time: 33.23254942893982
loss: 0.01753184128191711
--> Epoch 458
elapsed time: 33.22463393211365
loss: 0.01755967313688343
--> Epoch 459
elapsed time: 33.22673797607422
loss: 0.017594140700238948
--> Epoch 460
elapsed time: 33.20678925514221
loss: 0.017563896150322087
--> Epoch 461
elapsed time: 33.23274326324463
loss: 0.01752523016202091
--> Epoch 462
elapsed time: 33.226760387420654
loss: 0.017550603835295924
--> Epoch 463
elapsed time: 33.227033853530884
loss: 0.01756288954656946
--> Epoch 464
elapsed time: 33.21668839454651
loss: 0.017549083755646858
--> Epoch 465
elapsed time: 33.21952986717224
loss: 0.017553505102244335
--> Epoch 466
elapsed time: 33.21642875671387
loss: 0.017576641194620508
--> Epoch 467
elapsed time: 33.228631258010864
loss: 0.01751248375184112
--> Epoch 468
elapsed time: 33.23136043548584
loss: 0.017474570740031836
--> Epoch 469
elapsed time: 33.216257095336914
loss: 0.01743090761560852
--> Epoch 470
elapsed time: 33.183104515075684
loss: 0.017492885654047483
--> Epoch 471
elapsed time: 33.1830198764801
loss: 0.01750929081008217
--> Epoch 472
elapsed time: 33.219908714294434
loss: 0.017518583859508878
--> Epoch 473
elapsed time: 33.20009469985962
loss: 0.01750881992708033
--> Epoch 474
elapsed time: 33.23719334602356
loss: 0.017537492731286464
--> Epoch 475
elapsed time: 33.24849319458008
loss: 0.017514574132957834
--> Epoch 476
elapsed time: 33.25490975379944
loss: 0.01752434986330716
--> Epoch 477
elapsed time: 33.24693250656128
loss: 0.017457732684587883
--> Epoch 478
elapsed time: 33.22214961051941
loss: 0.01750125926292851
--> Epoch 479
elapsed time: 33.23494625091553
loss: 0.01745689417974128
--> Epoch 480
elapsed time: 33.200141191482544
loss: 0.017439241189884613
--> Epoch 481
elapsed time: 33.209861040115356
loss: 0.017508840382008034
--> Epoch 482
elapsed time: 33.21321964263916
loss: 0.017473172563761612
--> Epoch 483
elapsed time: 33.232733964920044
loss: 0.017437281536493845
--> Epoch 484
elapsed time: 33.231969356536865
loss: 0.017504871398848345
--> Epoch 485
elapsed time: 33.23181414604187
loss: 0.01743765533415501
--> Epoch 486
elapsed time: 33.22208523750305
loss: 0.017444543541353878
--> Epoch 487
elapsed time: 33.22906494140625
loss: 0.017439184596486957
--> Epoch 488
elapsed time: 33.231226205825806
loss: 0.017411408559546253
--> Epoch 489
elapsed time: 33.20433044433594
loss: 0.01743901044004163
--> Epoch 490
elapsed time: 33.23359990119934
loss: 0.01744114604068049
--> Epoch 491
elapsed time: 33.15188694000244
loss: 0.017438896816935275
--> Epoch 492
elapsed time: 33.233697175979614
loss: 0.017394744511606105
--> Epoch 493
elapsed time: 33.242104291915894
loss: 0.017406616027897132
--> Epoch 494
elapsed time: 33.23157024383545
loss: 0.01743416546608268
--> Epoch 495
elapsed time: 33.24813628196716
loss: 0.017427730940016
--> Epoch 496
elapsed time: 33.23483490943909
loss: 0.01738259205831213
--> Epoch 497
elapsed time: 33.239460706710815
loss: 0.017410475538162162
--> Epoch 498
elapsed time: 33.230915784835815
loss: 0.01747017429996131
--> Epoch 499
elapsed time: 33.23409867286682
loss: 0.017441205135419587
Evaluating model...
val mr: 201.76809692382812 mrr: 0.2763098180294037 hits@10: 0.4699173082406615 hits@5: 0.3714570858283433 hits@3: 0.3025948103792415 hits@1: 0.18377530652979754
--> Epoch 500
elapsed time: 32.37646770477295
loss: 0.01741422208679642
--> Epoch 501
elapsed time: 31.836819887161255
loss: 0.017342929619689484
--> Epoch 502
elapsed time: 31.71496844291687
loss: 0.017397444395599003
--> Epoch 503
elapsed time: 32.23000979423523
loss: 0.017353121913191518
--> Epoch 504
elapsed time: 32.41614842414856
loss: 0.017348093955811755
--> Epoch 505
elapsed time: 32.411503314971924
loss: 0.017351680310830293
--> Epoch 506
elapsed time: 32.418508529663086
loss: 0.017372713498736144
--> Epoch 507
elapsed time: 32.42863488197327
loss: 0.017363178099550285
--> Epoch 508
elapsed time: 32.42547607421875
loss: 0.017398136424344044
--> Epoch 509
elapsed time: 32.41689372062683
loss: 0.017316506896080382
--> Epoch 510
elapsed time: 32.42535328865051
loss: 0.017347259533715104
--> Epoch 511
elapsed time: 32.4199104309082
loss: 0.017359843832438045
--> Epoch 512
elapsed time: 32.42810034751892
loss: 0.017361296413541682
--> Epoch 513
elapsed time: 32.43359303474426
loss: 0.01730920784333099
--> Epoch 514
elapsed time: 32.433674812316895
loss: 0.017322878052786286
--> Epoch 515
elapsed time: 32.42213225364685
loss: 0.01730401213048683
--> Epoch 516
elapsed time: 32.394110918045044
loss: 0.01734076359730673
--> Epoch 517
elapsed time: 32.425941944122314
loss: 0.017302407077947318
--> Epoch 518
elapsed time: 32.458457946777344
loss: 0.017320327848013795
--> Epoch 519
elapsed time: 32.44129228591919
loss: 0.017324462029224337
--> Epoch 520
elapsed time: 32.42573952674866
loss: 0.017316656218717263
--> Epoch 521
elapsed time: 32.4192533493042
loss: 0.01734010364881323
--> Epoch 522
elapsed time: 32.42985010147095
loss: 0.01729324803909292
--> Epoch 523
elapsed time: 32.41978883743286
loss: 0.01728378277121292
--> Epoch 524
elapsed time: 32.357452630996704
loss: 0.017287467540656187
--> Epoch 525
elapsed time: 32.43516135215759
loss: 0.017278121758921742
--> Epoch 526
elapsed time: 32.521066427230835
loss: 0.017343953577757778
--> Epoch 527
elapsed time: 32.451446533203125
loss: 0.017315408954377567
--> Epoch 528
elapsed time: 32.43167972564697
loss: 0.017295761560444718
--> Epoch 529
elapsed time: 32.43364405632019
loss: 0.017309749406093936
--> Epoch 530
elapsed time: 32.43687653541565
loss: 0.017261834960581555
--> Epoch 531
elapsed time: 32.430208683013916
loss: 0.017261792032130463
--> Epoch 532
elapsed time: 32.41736173629761
loss: 0.017293318519973296
--> Epoch 533
elapsed time: 32.43316841125488
loss: 0.017276278075780492
--> Epoch 534
elapsed time: 32.420607566833496
loss: 0.017266619103318493
--> Epoch 535
elapsed time: 32.423147201538086
loss: 0.01730760300018573
--> Epoch 536
elapsed time: 32.407599449157715
loss: 0.017262436476687664
--> Epoch 537
elapsed time: 32.41823983192444
loss: 0.017240413189502056
--> Epoch 538
elapsed time: 32.422361612319946
loss: 0.017258838253658218
--> Epoch 539
elapsed time: 32.4341824054718
loss: 0.01728410992564621
--> Epoch 540
elapsed time: 32.4191792011261
loss: 0.017204885290425728
--> Epoch 541
elapsed time: 32.42661380767822
loss: 0.01722728543558271
--> Epoch 542
elapsed time: 32.437236070632935
loss: 0.01724079424061533
--> Epoch 543
elapsed time: 32.41904139518738
loss: 0.01722846974058888
--> Epoch 544
elapsed time: 32.427979946136475
loss: 0.017216936340827146
--> Epoch 545
elapsed time: 32.43539905548096
loss: 0.017204650832814982
--> Epoch 546
elapsed time: 32.44214963912964
loss: 0.017260395767568475
--> Epoch 547
elapsed time: 32.44942808151245
loss: 0.017242711544674685
--> Epoch 548
elapsed time: 32.43940806388855
loss: 0.017241387471192193
--> Epoch 549
elapsed time: 32.44594407081604
loss: 0.017206841227287464
--> Epoch 550
elapsed time: 32.43993663787842
loss: 0.017219809068827727
--> Epoch 551
elapsed time: 32.451101303100586
loss: 0.01721075834813313
--> Epoch 552
elapsed time: 32.44487762451172
loss: 0.017216605928079037
--> Epoch 553
elapsed time: 32.45711851119995
loss: 0.017166971715267043
--> Epoch 554
elapsed time: 32.45229744911194
loss: 0.01719129596410191
--> Epoch 555
elapsed time: 32.461867332458496
loss: 0.017203941653015642
--> Epoch 556
elapsed time: 32.43528079986572
loss: 0.017181995406270252
--> Epoch 557
elapsed time: 32.421868085861206
loss: 0.017181550692293796
--> Epoch 558
elapsed time: 32.430458068847656
loss: 0.017203703245826183
--> Epoch 559
elapsed time: 32.4364697933197
loss: 0.017178046635351198
--> Epoch 560
elapsed time: 32.417447328567505
loss: 0.017184626374144883
--> Epoch 561
elapsed time: 32.43715453147888
loss: 0.017198125515501116
--> Epoch 562
elapsed time: 32.434993505477905
loss: 0.01715091277204755
--> Epoch 563
elapsed time: 32.431251525878906
loss: 0.017168632461422195
--> Epoch 564
elapsed time: 32.43028998374939
loss: 0.017161390888710572
--> Epoch 565
elapsed time: 32.42727446556091
loss: 0.017171977999903127
--> Epoch 566
elapsed time: 32.42859220504761
loss: 0.017112951750252903
--> Epoch 567
elapsed time: 32.443138122558594
loss: 0.017147927168276605
--> Epoch 568
elapsed time: 32.417174100875854
loss: 0.0171590121094968
--> Epoch 569
elapsed time: 32.43165946006775
loss: 0.017133224943892807
--> Epoch 570
elapsed time: 32.41000413894653
loss: 0.01715329292590396
--> Epoch 571
elapsed time: 32.41017198562622
loss: 0.017209817119195062
--> Epoch 572
elapsed time: 32.42037391662598
loss: 0.017158103839565255
--> Epoch 573
elapsed time: 32.40045189857483
loss: 0.017122944470876977
--> Epoch 574
elapsed time: 32.38765811920166
loss: 0.01711021375562908
--> Epoch 575
elapsed time: 32.39892935752869
loss: 0.017164055831022457
--> Epoch 576
elapsed time: 32.40085411071777
loss: 0.017168250313398418
--> Epoch 577
elapsed time: 32.419994831085205
loss: 0.017128053916791702
--> Epoch 578
elapsed time: 32.42318844795227
loss: 0.017116630916866566
--> Epoch 579
elapsed time: 32.42652201652527
loss: 0.017088393793771656
--> Epoch 580
elapsed time: 32.43130588531494
loss: 0.017117619135978642
--> Epoch 581
elapsed time: 32.43790912628174
loss: 0.017073429426176585
--> Epoch 582
elapsed time: 32.442164182662964
loss: 0.01714079253207314
--> Epoch 583
elapsed time: 32.42490863800049
loss: 0.017100544231098323
--> Epoch 584
elapsed time: 32.42370247840881
loss: 0.017117942337328718
--> Epoch 585
elapsed time: 32.41786861419678
loss: 0.017127349411127764
--> Epoch 586
elapsed time: 32.430028438568115
loss: 0.017103262875590084
--> Epoch 587
elapsed time: 32.420477628707886
loss: 0.017061100634882052
--> Epoch 588
elapsed time: 32.42490792274475
loss: 0.017115341105190852
--> Epoch 589
elapsed time: 32.42024040222168
loss: 0.01713599169737224
--> Epoch 590
elapsed time: 32.4267692565918
loss: 0.01711353822852207
--> Epoch 591
elapsed time: 32.43290662765503
loss: 0.017050615232350238
--> Epoch 592
elapsed time: 32.42821216583252
loss: 0.017112636417395813
--> Epoch 593
elapsed time: 32.4284782409668
loss: 0.017056398934781943
--> Epoch 594
elapsed time: 32.42013096809387
loss: 0.01710627475527386
--> Epoch 595
elapsed time: 32.43188762664795
loss: 0.017101252195710074
--> Epoch 596
elapsed time: 32.42723774909973
loss: 0.01708781458472488
--> Epoch 597
elapsed time: 32.43191576004028
loss: 0.01707799103626191
--> Epoch 598
elapsed time: 32.43160605430603
loss: 0.017069833575697968
--> Epoch 599
elapsed time: 32.4264018535614
loss: 0.017076897828271112
Evaluating model...
val mr: 204.7553253173828 mrr: 0.2793889343738556 hits@10: 0.4742800114057599 hits@5: 0.3759338465925292 hits@3: 0.3058169375534645 hits@1: 0.18637011690903907
--> Epoch 600
elapsed time: 31.723658084869385
loss: 0.017071454515917225
--> Epoch 601
elapsed time: 31.69998574256897
loss: 0.017061597299661314
--> Epoch 602
elapsed time: 31.69406032562256
loss: 0.017049278558415
--> Epoch 603
elapsed time: 31.698826551437378
loss: 0.01706895683405821
--> Epoch 604
elapsed time: 31.941901206970215
loss: 0.01707397734436188
--> Epoch 605
elapsed time: 32.39995002746582
loss: 0.017054019055153163
--> Epoch 606
elapsed time: 32.41897630691528
loss: 0.017071387681475755
--> Epoch 607
elapsed time: 32.39776015281677
loss: 0.017036703813852618
--> Epoch 608
elapsed time: 32.407267332077026
loss: 0.017016361933639614
--> Epoch 609
elapsed time: 32.41532063484192
loss: 0.017074003321515537
--> Epoch 610
elapsed time: 32.4030065536499
loss: 0.017072499325798574
--> Epoch 611
elapsed time: 32.423136949539185
loss: 0.017028776587969217
--> Epoch 612
elapsed time: 32.413880348205566
loss: 0.017041600689551288
--> Epoch 613
elapsed time: 32.40333604812622
loss: 0.017023939881140853
--> Epoch 614
elapsed time: 32.39899444580078
loss: 0.017043173620661305
--> Epoch 615
elapsed time: 32.38748073577881
loss: 0.017020207937537
--> Epoch 616
elapsed time: 32.39243960380554
loss: 0.017031314045099694
--> Epoch 617
elapsed time: 32.383583545684814
loss: 0.017023852015280377
--> Epoch 618
elapsed time: 32.38227415084839
loss: 0.017019629873587686
--> Epoch 619
elapsed time: 32.391751527786255
loss: 0.017048939641105994
--> Epoch 620
elapsed time: 32.397799491882324
loss: 0.017037530182593574
--> Epoch 621
elapsed time: 32.390724658966064
loss: 0.01703578352696864
--> Epoch 622
elapsed time: 32.400474548339844
loss: 0.017023559922557448
--> Epoch 623
elapsed time: 32.377795696258545
loss: 0.016979791609498543
--> Epoch 624
elapsed time: 32.38878560066223
loss: 0.017028994923974416
--> Epoch 625
elapsed time: 32.39261436462402
loss: 0.016968656066710504
--> Epoch 626
elapsed time: 32.39154815673828
loss: 0.017002761017037023
--> Epoch 627
elapsed time: 32.481364011764526
loss: 0.01700378249128641
--> Epoch 628
elapsed time: 32.39520502090454
loss: 0.017006557070328623
--> Epoch 629
elapsed time: 32.39905118942261
loss: 0.016971595421510548
--> Epoch 630
elapsed time: 32.38447165489197
loss: 0.01699689677403933
--> Epoch 631
elapsed time: 32.38974332809448
loss: 0.016961889677906194
--> Epoch 632
elapsed time: 32.2857301235199
loss: 0.016988034169115162
--> Epoch 633
elapsed time: 32.392523765563965
loss: 0.017004792631962112
--> Epoch 634
elapsed time: 32.40446472167969
loss: 0.016958295158263883
--> Epoch 635
elapsed time: 32.38430118560791
loss: 0.01698811656006052
--> Epoch 636
elapsed time: 32.39387917518616
loss: 0.01692886688586181
--> Epoch 637
elapsed time: 32.38747429847717
loss: 0.016962080201272513
--> Epoch 638
elapsed time: 32.38486313819885
loss: 0.01696137390743419
--> Epoch 639
elapsed time: 32.397249698638916
loss: 0.01696334577490587
--> Epoch 640
elapsed time: 32.38741111755371
loss: 0.01697478813109595
--> Epoch 641
elapsed time: 32.39510250091553
loss: 0.016977121144960708
--> Epoch 642
elapsed time: 32.37484860420227
loss: 0.016941718644132225
--> Epoch 643
elapsed time: 32.379494428634644
loss: 0.017008469977984705
--> Epoch 644
elapsed time: 32.381500005722046
loss: 0.016963545366182487
--> Epoch 645
elapsed time: 32.381869316101074
loss: 0.01697560972582307
--> Epoch 646
elapsed time: 32.37587928771973
loss: 0.01696510571261004
--> Epoch 647
elapsed time: 32.37417221069336
loss: 0.01698016013725821
--> Epoch 648
elapsed time: 32.38332772254944
loss: 0.016948550813397707
--> Epoch 649
elapsed time: 32.381206035614014
loss: 0.01700056495752995
--> Epoch 650
elapsed time: 32.403191328048706
loss: 0.01694950968664935
--> Epoch 651
elapsed time: 32.3917076587677
loss: 0.016907802068909607
--> Epoch 652
elapsed time: 32.40585446357727
loss: 0.016895827678709466
--> Epoch 653
elapsed time: 32.4104585647583
loss: 0.016942609420443972
--> Epoch 654
elapsed time: 32.40304780006409
loss: 0.016933888865429784
--> Epoch 655
elapsed time: 32.3916220664978
loss: 0.016952039014201118
--> Epoch 656
elapsed time: 32.39155888557434
loss: 0.016918579777939244
--> Epoch 657
elapsed time: 32.410377740859985
loss: 0.016899682487679167
--> Epoch 658
elapsed time: 32.40202760696411
loss: 0.016908175017604093
--> Epoch 659
elapsed time: 32.40072154998779
loss: 0.016949455625257567
--> Epoch 660
elapsed time: 32.383882999420166
loss: 0.016908668834095784
--> Epoch 661
elapsed time: 32.36031889915466
loss: 0.016889636632605252
--> Epoch 662
elapsed time: 32.39429068565369
loss: 0.01693448824991988
--> Epoch 663
elapsed time: 32.401514768600464
loss: 0.0169179960804959
--> Epoch 664
elapsed time: 32.39083743095398
loss: 0.01691080201662523
--> Epoch 665
elapsed time: 32.39078450202942
loss: 0.016917378524264018
--> Epoch 666
elapsed time: 32.37030911445618
loss: 0.01690679963376734
--> Epoch 667
elapsed time: 32.372050762176514
loss: 0.016882257093609725
--> Epoch 668
elapsed time: 32.36342144012451
loss: 0.01690777617498798
--> Epoch 669
elapsed time: 32.37392735481262
loss: 0.016904232103591356
--> Epoch 670
elapsed time: 32.371479988098145
loss: 0.016900261775577338
--> Epoch 671
elapsed time: 32.37404274940491
loss: 0.016914008699553763
--> Epoch 672
elapsed time: 32.370137453079224
loss: 0.016879487755556827
--> Epoch 673
elapsed time: 32.38288593292236
loss: 0.016888064106265723
--> Epoch 674
elapsed time: 32.36991906166077
loss: 0.016896243378001344
--> Epoch 675
elapsed time: 32.373019218444824
loss: 0.016855699843389742
--> Epoch 676
elapsed time: 32.37279033660889
loss: 0.016922315615049702
--> Epoch 677
elapsed time: 32.372848987579346
loss: 0.016889346742464593
--> Epoch 678
elapsed time: 32.357226848602295
loss: 0.01688403537390037
--> Epoch 679
elapsed time: 32.37257528305054
loss: 0.016853922565387928
--> Epoch 680
elapsed time: 32.37781548500061
loss: 0.01688662319078775
--> Epoch 681
elapsed time: 32.367698669433594
loss: 0.01687885068710946
--> Epoch 682
elapsed time: 32.3741991519928
loss: 0.01685001005033979
--> Epoch 683
elapsed time: 32.38489007949829
loss: 0.016931514773493316
--> Epoch 684
elapsed time: 32.373446464538574
loss: 0.016869535962310694
--> Epoch 685
elapsed time: 32.40047097206116
loss: 0.01684210381031681
--> Epoch 686
elapsed time: 32.40239191055298
loss: 0.016878400780330653
--> Epoch 687
elapsed time: 32.401580572128296
loss: 0.01686464559009977
--> Epoch 688
elapsed time: 32.38265299797058
loss: 0.016861401301189235
--> Epoch 689
elapsed time: 32.394675970077515
loss: 0.01679425230749155
--> Epoch 690
elapsed time: 32.377257108688354
loss: 0.016845299630151644
--> Epoch 691
elapsed time: 32.373098850250244
loss: 0.016840718378184096
--> Epoch 692
elapsed time: 32.37855386734009
loss: 0.016853469868145905
--> Epoch 693
elapsed time: 32.36120939254761
loss: 0.016842701032526462
--> Epoch 694
elapsed time: 32.372915506362915
loss: 0.01685957907088388
--> Epoch 695
elapsed time: 32.371580839157104
loss: 0.016812740346751513
--> Epoch 696
elapsed time: 32.37258958816528
loss: 0.016822237754459665
--> Epoch 697
elapsed time: 32.38943696022034
loss: 0.016830891048358727
--> Epoch 698
elapsed time: 32.37596678733826
loss: 0.01682761969151692
--> Epoch 699
elapsed time: 32.378169536590576
loss: 0.01684013551656553
Evaluating model...
val mr: 200.45066833496094 mrr: 0.28263160586357117 hits@10: 0.4775306529797548 hits@5: 0.3786142001710864 hits@3: 0.30972341032221273 hits@1: 0.19053321927573424
--> Epoch 700
elapsed time: 31.78428626060486
loss: 0.01681785823326989
--> Epoch 701
elapsed time: 33.4336154460907
loss: 0.0168557946157562
--> Epoch 702
elapsed time: 33.31407451629639
loss: 0.016836301702217515
--> Epoch 703
elapsed time: 33.31217932701111
loss: 0.016860068002093657
--> Epoch 704
elapsed time: 33.302221059799194
loss: 0.016802148893475533
--> Epoch 705
elapsed time: 33.45893716812134
loss: 0.016805643532057192
--> Epoch 706
elapsed time: 34.09138488769531
loss: 0.016801457892426992
--> Epoch 707
elapsed time: 34.05563449859619
loss: 0.01682331774608072
--> Epoch 708
elapsed time: 34.06059789657593
loss: 0.0167982370933467
--> Epoch 709
elapsed time: 34.06135654449463
loss: 0.01679868890482473
--> Epoch 710
elapsed time: 34.05512881278992
loss: 0.016797345016863082
--> Epoch 711
elapsed time: 34.061986207962036
loss: 0.0167926528928267
--> Epoch 712
elapsed time: 34.08609414100647
loss: 0.016823657696342986
--> Epoch 713
elapsed time: 34.07160234451294
loss: 0.016774816236170473
--> Epoch 714
elapsed time: 34.08670616149902
loss: 0.016821759167676642
--> Epoch 715
elapsed time: 34.09761357307434
loss: 0.01678805797503646
--> Epoch 716
elapsed time: 34.09186387062073
loss: 0.016768036147374536
--> Epoch 717
elapsed time: 34.0811185836792
loss: 0.01677608381876212
--> Epoch 718
elapsed time: 34.08496141433716
loss: 0.016810878917666
--> Epoch 719
elapsed time: 34.093796491622925
loss: 0.016835284131988253
--> Epoch 720
elapsed time: 34.11042046546936
loss: 0.016784189970724055
--> Epoch 721
elapsed time: 34.10087823867798
loss: 0.016779546487484188
--> Epoch 722
elapsed time: 34.09557390213013
loss: 0.01684351530283521
--> Epoch 723
elapsed time: 34.09203290939331
loss: 0.016785990859461582
--> Epoch 724
elapsed time: 34.11159944534302
loss: 0.016795068875880368
--> Epoch 725
elapsed time: 34.08407258987427
loss: 0.0168379701241178
--> Epoch 726
elapsed time: 34.09814739227295
loss: 0.016772158021634745
--> Epoch 727
elapsed time: 34.08834362030029
loss: 0.016772035291192394
--> Epoch 728
elapsed time: 34.04482436180115
loss: 0.01679418047737621
--> Epoch 729
elapsed time: 34.05504298210144
loss: 0.016739209630261136
--> Epoch 730
elapsed time: 34.07507634162903
loss: 0.016769243250070936
--> Epoch 731
elapsed time: 34.07948136329651
loss: 0.01671020360619727
--> Epoch 732
elapsed time: 34.07737755775452
loss: 0.01680361869221909
--> Epoch 733
elapsed time: 34.1109402179718
loss: 0.016780941427342756
--> Epoch 734
elapsed time: 34.09398865699768
loss: 0.01676372964608002
--> Epoch 735
elapsed time: 34.08580756187439
loss: 0.016746002770715016
--> Epoch 736
elapsed time: 34.06914973258972
loss: 0.01673751723666098
--> Epoch 737
elapsed time: 34.066401958465576
loss: 0.01676905050747594
--> Epoch 738
elapsed time: 34.07535123825073
loss: 0.016733392076049902
--> Epoch 739
elapsed time: 34.06192350387573
loss: 0.016728241544178322
--> Epoch 740
elapsed time: 34.08637857437134
loss: 0.016793690897832753
--> Epoch 741
elapsed time: 34.08936405181885
loss: 0.016718894959911915
--> Epoch 742
elapsed time: 34.095067262649536
loss: 0.016768994114711278
--> Epoch 743
elapsed time: 34.07887578010559
loss: 0.01673883898139897
--> Epoch 744
elapsed time: 34.09452033042908
loss: 0.016738584664626605
--> Epoch 745
elapsed time: 34.082990407943726
loss: 0.016742230067073403
--> Epoch 746
elapsed time: 34.08027911186218
loss: 0.016714548569449476
--> Epoch 747
elapsed time: 34.0866641998291
loss: 0.016736578767521697
--> Epoch 748
elapsed time: 34.08451509475708
loss: 0.016719437581035796
--> Epoch 749
elapsed time: 34.07895636558533
loss: 0.0168837214778909
--> Epoch 750
elapsed time: 34.102877616882324
loss: 0.016735661398139295
--> Epoch 751
elapsed time: 34.09280753135681
loss: 0.016728783571288368
--> Epoch 752
elapsed time: 34.10221886634827
loss: 0.01671243125707724
--> Epoch 753
elapsed time: 34.078800678253174
loss: 0.01673050991216585
--> Epoch 754
elapsed time: 34.097097396850586
loss: 0.016763438321720118
--> Epoch 755
elapsed time: 34.07901930809021
loss: 0.0167548937954338
--> Epoch 756
elapsed time: 34.097716093063354
loss: 0.016695813017416315
--> Epoch 757
elapsed time: 34.097381353378296
loss: 0.01671812913940408
--> Epoch 758
elapsed time: 34.103360652923584
loss: 0.01672931497623953
--> Epoch 759
elapsed time: 34.08172011375427
loss: 0.016668063544634088
--> Epoch 760
elapsed time: 34.0929651260376
loss: 0.016709325191155706
--> Epoch 761
elapsed time: 34.08985114097595
loss: 0.01668440465669052
--> Epoch 762
elapsed time: 34.098705768585205
loss: 0.016702081669938532
--> Epoch 763
elapsed time: 34.09608721733093
loss: 0.016702416760326553
--> Epoch 764
elapsed time: 34.09806227684021
loss: 0.016698108703031195
--> Epoch 765
elapsed time: 34.09158515930176
loss: 0.01669777842520658
--> Epoch 766
elapsed time: 34.09342646598816
loss: 0.016683043801661156
--> Epoch 767
elapsed time: 34.086700439453125
loss: 0.016693850099577842
--> Epoch 768
elapsed time: 34.108617305755615
loss: 0.01784843518043871
--> Epoch 769
elapsed time: 34.10770058631897
loss: 0.01676796642960043
--> Epoch 770
elapsed time: 34.054678201675415
loss: 0.016691475872717874
--> Epoch 771
elapsed time: 34.08145833015442
loss: 0.01670552385131621
--> Epoch 772
elapsed time: 34.07660436630249
loss: 0.016721035467735856
--> Epoch 773
elapsed time: 34.06840682029724
loss: 0.016696484760326084
--> Epoch 774
elapsed time: 34.078943490982056
loss: 0.016721186602202544
--> Epoch 775
elapsed time: 34.07568383216858
loss: 0.016659130340552452
--> Epoch 776
elapsed time: 34.07570266723633
loss: 0.01673326553796135
--> Epoch 777
elapsed time: 34.07519721984863
loss: 0.016672852424587548
--> Epoch 778
elapsed time: 34.06755566596985
loss: 0.016698760040076352
--> Epoch 779
elapsed time: 34.07247185707092
loss: 0.01669426888546373
--> Epoch 780
elapsed time: 34.069358587265015
loss: 0.016725135373121595
--> Epoch 781
elapsed time: 34.07032060623169
loss: 0.01667541288354575
--> Epoch 782
elapsed time: 34.07752013206482
loss: 0.0167094761249894
--> Epoch 783
elapsed time: 34.07770013809204
loss: 0.016635972912741347
--> Epoch 784
elapsed time: 34.06548452377319
loss: 0.01677914484914809
--> Epoch 785
elapsed time: 34.09154176712036
loss: 0.016651442233273306
--> Epoch 786
elapsed time: 34.06775188446045
loss: 0.016653164009531207
--> Epoch 787
elapsed time: 34.06083559989929
loss: 0.016676996634819266
--> Epoch 788
elapsed time: 34.06321930885315
loss: 0.016664124166668303
--> Epoch 789
elapsed time: 34.067768573760986
loss: 0.016665918065667824
--> Epoch 790
elapsed time: 34.07808303833008
loss: 0.01666693343331482
--> Epoch 791
elapsed time: 34.087345361709595
loss: 0.016676477120658305
--> Epoch 792
elapsed time: 34.10260891914368
loss: 0.016669172134779583
--> Epoch 793
elapsed time: 34.108033895492554
loss: 0.0166813656407376
--> Epoch 794
elapsed time: 34.09446120262146
loss: 0.01666511738495875
--> Epoch 795
elapsed time: 34.10237693786621
loss: 0.016657322785367634
--> Epoch 796
elapsed time: 34.08756494522095
loss: 0.01663385613655859
--> Epoch 797
elapsed time: 34.097018003463745
loss: 0.01670649438668901
--> Epoch 798
elapsed time: 34.09744668006897
loss: 0.016623552638059612
--> Epoch 799
elapsed time: 34.102606773376465
loss: 0.016664632369158747
Evaluating model...
val mr: 201.9593048095703 mrr: 0.2802330255508423 hits@10: 0.47516395779868836 hits@5: 0.3763330481893356 hits@3: 0.309153122326775 hits@1: 0.1864556601083547
--> Epoch 800
elapsed time: 31.755123138427734
loss: 0.016672531098148393
--> Epoch 801
elapsed time: 31.737948656082153
loss: 0.01666103515542714
--> Epoch 802
elapsed time: 32.33037614822388
loss: 0.016662611794304925
--> Epoch 803
elapsed time: 32.480422496795654
loss: 0.016649741283420786
--> Epoch 804
elapsed time: 32.464884519577026
loss: 0.016631013221393917
--> Epoch 805
elapsed time: 32.46866703033447
loss: 0.016695067168214305
--> Epoch 806
elapsed time: 32.464823722839355
loss: 0.016643557369863213
--> Epoch 807
elapsed time: 32.46632981300354
loss: 0.016579982930634903
--> Epoch 808
elapsed time: 32.45648765563965
loss: 0.016649738893347425
--> Epoch 809
elapsed time: 32.46636366844177
loss: 0.0166165462133465
--> Epoch 810
elapsed time: 32.45272254943848
loss: 0.01663149485008849
--> Epoch 811
elapsed time: 32.46050548553467
loss: 0.016604140133667924
--> Epoch 812
elapsed time: 32.46601343154907
loss: 0.01666338988408965
--> Epoch 813
elapsed time: 32.46330165863037
loss: 0.016657812835391073
--> Epoch 814
elapsed time: 32.46308517456055
loss: 0.01659271766993227
--> Epoch 815
elapsed time: 32.466838359832764
loss: 0.016685209779361453
--> Epoch 816
elapsed time: 32.47041654586792
loss: 0.016618002509226917
--> Epoch 817
elapsed time: 32.4478759765625
loss: 0.016650210091754835
--> Epoch 818
elapsed time: 32.47014403343201
loss: 0.016602757125777506
--> Epoch 819
elapsed time: 32.456329345703125
loss: 0.01661404678361492
--> Epoch 820
elapsed time: 32.46226143836975
loss: 0.016615575230273006
--> Epoch 821
elapsed time: 32.45782804489136
loss: 0.01659300856937077
--> Epoch 822
elapsed time: 32.46838641166687
loss: 0.016648277493153445
--> Epoch 823
elapsed time: 32.42383027076721
loss: 0.016594082383423175
--> Epoch 824
elapsed time: 32.459858417510986
loss: 0.016634455838206514
--> Epoch 825
elapsed time: 32.46820878982544
loss: 0.01662366494960445
--> Epoch 826
elapsed time: 32.4659698009491
loss: 0.01661339441974939
--> Epoch 827
elapsed time: 32.46997356414795
loss: 0.016639442247910703
--> Epoch 828
elapsed time: 32.4645574092865
loss: 0.016604004519783933
--> Epoch 829
elapsed time: 32.470879793167114
loss: 0.01660849828875833
--> Epoch 830
elapsed time: 32.4756178855896
loss: 0.016581954515117694
--> Epoch 831
elapsed time: 32.45407676696777
loss: 0.01659953865894622
--> Epoch 832
elapsed time: 32.44882249832153
loss: 0.016631745547581876
--> Epoch 833
elapsed time: 32.459450244903564
loss: 0.016629526205010438
--> Epoch 834
elapsed time: 32.451967000961304
loss: 0.01663153636184287
--> Epoch 835
elapsed time: 32.45371174812317
loss: 0.01658479545374076
--> Epoch 836
elapsed time: 32.46507978439331
loss: 0.01662252933182951
--> Epoch 837
elapsed time: 32.45458912849426
loss: 0.01658420057779814
--> Epoch 838
elapsed time: 32.46487307548523
loss: 0.016608554691160387
--> Epoch 839
elapsed time: 32.46276903152466
loss: 0.016671633539740646
--> Epoch 840
elapsed time: 32.46402978897095
loss: 0.01660553080065707
--> Epoch 841
elapsed time: 32.46623468399048
loss: 0.016580544497996483
--> Epoch 842
elapsed time: 32.467576026916504
loss: 0.016584524567662157
--> Epoch 843
elapsed time: 32.460771322250366
loss: 0.016602436785856902
--> Epoch 844
elapsed time: 32.46250772476196
loss: 0.01663319788337006
--> Epoch 845
elapsed time: 32.473559617996216
loss: 0.016598985479620697
--> Epoch 846
elapsed time: 32.45362138748169
loss: 0.016587973665183206
--> Epoch 847
elapsed time: 32.46981430053711
loss: 0.016535033683028853
--> Epoch 848
elapsed time: 32.45999479293823
loss: 0.016607725977028528
--> Epoch 849
elapsed time: 32.4650981426239
loss: 0.01657907273322484
--> Epoch 850
elapsed time: 32.44919681549072
loss: 0.01664358263122144
--> Epoch 851
elapsed time: 32.461570262908936
loss: 0.016538702004947475
--> Epoch 852
elapsed time: 32.48050904273987
loss: 0.016601010961659595
--> Epoch 853
elapsed time: 32.46487355232239
loss: 0.016580297404887926
--> Epoch 854
elapsed time: 32.4616277217865
loss: 0.01657965307510331
--> Epoch 855
elapsed time: 32.45339488983154
loss: 0.016583382087187563
--> Epoch 856
elapsed time: 32.46406865119934
loss: 0.016581450864981057
--> Epoch 857
elapsed time: 32.47065472602844
loss: 0.01655385803399732
--> Epoch 858
elapsed time: 32.416463136672974
loss: 0.016562558991811742
--> Epoch 859
elapsed time: 32.46862745285034
loss: 0.016557636176632858
--> Epoch 860
elapsed time: 32.45880937576294
loss: 0.016588241695965223
--> Epoch 861
elapsed time: 32.45968461036682
loss: 0.016556203143665897
--> Epoch 862
elapsed time: 32.46090078353882
loss: 0.01658886389041132
--> Epoch 863
elapsed time: 32.45344042778015
loss: 0.01657209029598188
--> Epoch 864
elapsed time: 32.459935903549194
loss: 0.016542297360414564
--> Epoch 865
elapsed time: 32.45473885536194
loss: 0.016544477760034804
--> Epoch 866
elapsed time: 32.45725989341736
loss: 0.01655525282666662
--> Epoch 867
elapsed time: 34.084755659103394
loss: 0.016513156807987563
--> Epoch 868
elapsed time: 34.08735251426697
loss: 0.01655943209510419
--> Epoch 869
elapsed time: 34.08918857574463
loss: 0.016531419178062695
--> Epoch 870
elapsed time: 34.086047649383545
loss: 0.016592032170082642
--> Epoch 871
elapsed time: 34.07685041427612
loss: 0.01657616503375494
--> Epoch 872
elapsed time: 34.07255458831787
loss: 0.016572244658098957
--> Epoch 873
elapsed time: 34.0668785572052
loss: 0.01657961156772956
--> Epoch 874
elapsed time: 34.06848192214966
loss: 0.016555533557779813
--> Epoch 875
elapsed time: 34.06920886039734
loss: 0.016571523732070305
--> Epoch 876
elapsed time: 34.075085163116455
loss: 0.016571492352720037
--> Epoch 877
elapsed time: 34.091153144836426
loss: 0.016560865560877693
--> Epoch 878
elapsed time: 34.070483446121216
loss: 0.016547063552193618
--> Epoch 879
elapsed time: 34.065346240997314
loss: 0.01652341734123813
--> Epoch 880
elapsed time: 34.08854818344116
loss: 0.01650547226479142
--> Epoch 881
elapsed time: 34.07288098335266
loss: 0.016542500933686574
--> Epoch 882
elapsed time: 34.09382605552673
loss: 0.01652268755056055
--> Epoch 883
elapsed time: 34.076748847961426
loss: 0.016572330854938262
--> Epoch 884
elapsed time: 34.07344365119934
loss: 0.01651447891719422
--> Epoch 885
elapsed time: 34.078892946243286
loss: 0.016546979121625536
--> Epoch 886
elapsed time: 34.06201124191284
loss: 0.016533804019196408
--> Epoch 887
elapsed time: 34.081995725631714
loss: 0.016545181651533996
--> Epoch 888
elapsed time: 34.06174850463867
loss: 0.016569765955770453
--> Epoch 889
elapsed time: 34.06139421463013
loss: 0.0165784159125033
--> Epoch 890
elapsed time: 34.076313734054565
loss: 0.01680524462898834
--> Epoch 891
elapsed time: 34.096734046936035
loss: 0.01653022600928372
--> Epoch 892
elapsed time: 34.07637858390808
loss: 0.01655577526183366
--> Epoch 893
elapsed time: 34.10279202461243
loss: 0.016534515862420607
--> Epoch 894
elapsed time: 34.09725522994995
loss: 0.01709315687354903
--> Epoch 895
elapsed time: 34.09112906455994
loss: 0.016502948783632447
--> Epoch 896
elapsed time: 34.08482527732849
loss: 0.016573707192000756
--> Epoch 897
elapsed time: 34.09521269798279
loss: 0.016544472716173975
--> Epoch 898
elapsed time: 34.08123540878296
loss: 0.016497969910369264
--> Epoch 899
elapsed time: 34.07231831550598
loss: 0.01648474262934441
Evaluating model...
val mr: 202.774169921875 mrr: 0.28092652559280396 hits@10: 0.4776732249786142 hits@5: 0.37855717137154266 hits@3: 0.3103222127174223 hits@1: 0.18654120330767038
--> Epoch 900
elapsed time: 31.60808777809143
loss: 0.016511016716323757
--> Epoch 901
elapsed time: 30.734335899353027
loss: 0.01652496315009703
--> Epoch 902
elapsed time: 30.93476414680481
loss: 0.016545319820203148
--> Epoch 903
elapsed time: 30.94614052772522
loss: 0.016506814595876107
--> Epoch 904
elapsed time: 30.946107149124146
loss: 0.01653357481046011
--> Epoch 905
elapsed time: 30.947296857833862
loss: 0.016462638727998184
--> Epoch 906
elapsed time: 30.944928884506226
loss: 0.01655211799312821
--> Epoch 907
elapsed time: 30.947301626205444
loss: 0.016531531945193363
--> Epoch 908
elapsed time: 30.948039531707764
loss: 0.01648469958699686
--> Epoch 909
elapsed time: 30.947397470474243
loss: 0.016545224691253167
--> Epoch 910
elapsed time: 30.949086666107178
loss: 0.016561080682374402
--> Epoch 911
elapsed time: 30.95021414756775
loss: 0.016514354569422168
--> Epoch 912
elapsed time: 30.949368238449097
loss: 0.016498872699252806
--> Epoch 913
elapsed time: 30.950942277908325
loss: 0.016504487249674318
--> Epoch 914
elapsed time: 30.95200824737549
loss: 0.01646949033238001
--> Epoch 915
elapsed time: 30.935237407684326
loss: 0.016506471981312852
--> Epoch 916
elapsed time: 30.934134244918823
loss: 0.01647978356179912
--> Epoch 917
elapsed time: 30.934048414230347
loss: 0.016512118730263002
--> Epoch 918
elapsed time: 30.94166588783264
loss: 0.01647412190993552
--> Epoch 919
elapsed time: 30.934566020965576
loss: 0.01656559737257288
--> Epoch 920
elapsed time: 30.948174715042114
loss: 0.016512998731093707
--> Epoch 921
elapsed time: 30.939828872680664
loss: 0.016513981369279347
--> Epoch 922
elapsed time: 30.932977437973022
loss: 0.01648019202954205
--> Epoch 923
elapsed time: 31.021619081497192
loss: 0.016585570256298483
--> Epoch 924
elapsed time: 30.95684814453125
loss: 0.016578551091828497
--> Epoch 925
elapsed time: 30.94322967529297
loss: 0.016465827135801987
--> Epoch 926
elapsed time: 30.942712545394897
loss: 0.016482781406810906
--> Epoch 927
elapsed time: 30.946799993515015
loss: 0.016462772706153813
--> Epoch 928
elapsed time: 30.938908338546753
loss: 0.016449106068666657
--> Epoch 929
elapsed time: 30.95065450668335
loss: 0.016464797829856933
--> Epoch 930
elapsed time: 30.94252634048462
loss: 0.01647065070073137
--> Epoch 931
elapsed time: 30.952665328979492
loss: 0.01648292723983554
--> Epoch 932
elapsed time: 30.930890560150146
loss: 0.01648876303412644
--> Epoch 933
elapsed time: 30.944444179534912
loss: 0.01648299345660776
--> Epoch 934
elapsed time: 30.939238786697388
loss: 0.016520444474595677
--> Epoch 935
elapsed time: 30.934435606002808
loss: 0.01651617498614546
--> Epoch 936
elapsed time: 30.943681001663208
loss: 0.016483799884707325
--> Epoch 937
elapsed time: 30.95372247695923
loss: 0.016515745887373375
--> Epoch 938
elapsed time: 30.934995889663696
loss: 0.016498259663834173
--> Epoch 939
elapsed time: 30.94318151473999
loss: 0.016490921822331868
--> Epoch 940
elapsed time: 30.937222003936768
loss: 0.016464561754040357
--> Epoch 941
elapsed time: 30.94085121154785
loss: 0.016478159435983547
--> Epoch 942
elapsed time: 30.942403078079224
loss: 0.016434373533807042
--> Epoch 943
elapsed time: 30.949408531188965
loss: 0.01644304539458099
--> Epoch 944
elapsed time: 30.940138816833496
loss: 0.01650153153583842
--> Epoch 945
elapsed time: 30.938780546188354
loss: 0.01650940109331683
--> Epoch 946
elapsed time: 30.938754081726074
loss: 0.016487493609916682
--> Epoch 947
elapsed time: 30.93584108352661
loss: 0.01645755465295751
--> Epoch 948
elapsed time: 30.932493686676025
loss: 0.016436494353314055
--> Epoch 949
elapsed time: 30.93466854095459
loss: 0.016489727045860585
--> Epoch 950
elapsed time: 30.935559272766113
loss: 0.016478926359534768
--> Epoch 951
elapsed time: 30.9355046749115
loss: 0.016441984566477035
--> Epoch 952
elapsed time: 30.93592929840088
loss: 0.01649561198647305
--> Epoch 953
elapsed time: 30.941054105758667
loss: 0.016448820974442998
--> Epoch 954
elapsed time: 30.937313079833984
loss: 0.016483201585738086
--> Epoch 955
elapsed time: 30.941965341567993
loss: 0.01648581601672316
--> Epoch 956
elapsed time: 30.937935829162598
loss: 0.016462165812382638
--> Epoch 957
elapsed time: 30.932497262954712
loss: 0.01642606887608935
--> Epoch 958
elapsed time: 30.950876474380493
loss: 0.016441737108023685
--> Epoch 959
elapsed time: 30.935458183288574
loss: 0.01644957494621471
--> Epoch 960
elapsed time: 30.940105676651
loss: 0.016449405604085043
--> Epoch 961
elapsed time: 30.943427085876465
loss: 0.016877491233882654
--> Epoch 962
elapsed time: 30.941954851150513
loss: 0.016450115051979124
--> Epoch 963
elapsed time: 30.94058871269226
loss: 0.016426888394396426
--> Epoch 964
elapsed time: 30.934743404388428
loss: 0.016435623636796917
--> Epoch 965
elapsed time: 30.93242645263672
loss: 0.016420727982058743
--> Epoch 966
elapsed time: 30.935216903686523
loss: 0.01646248745597962
--> Epoch 967
elapsed time: 30.936957120895386
loss: 0.01643289103998907
--> Epoch 968
elapsed time: 30.942802906036377
loss: 0.016442039649432433
--> Epoch 969
elapsed time: 30.9354567527771
loss: 0.0164422396638782
--> Epoch 970
elapsed time: 30.94061040878296
loss: 0.016443869310167468
--> Epoch 971
elapsed time: 30.93106508255005
loss: 0.016400579844977312
--> Epoch 972
elapsed time: 30.9361252784729
loss: 0.016450831389732776
--> Epoch 973
elapsed time: 30.94808316230774
loss: 0.016432452702462002
--> Epoch 974
elapsed time: 30.945502519607544
loss: 0.016426621237988756
--> Epoch 975
elapsed time: 30.934589862823486
loss: 0.016451134350806165
--> Epoch 976
elapsed time: 30.939954042434692
loss: 0.016450720307393557
--> Epoch 977
elapsed time: 30.93750262260437
loss: 0.016457364297807496
--> Epoch 978
elapsed time: 30.945515394210815
loss: 0.016406989946386664
--> Epoch 979
elapsed time: 30.943472146987915
loss: 0.01644366028563576
--> Epoch 980
elapsed time: 30.946500301361084
loss: 0.016437401307303447
--> Epoch 981
elapsed time: 30.94644594192505
loss: 0.016396750851077845
--> Epoch 982
elapsed time: 30.94511890411377
loss: 0.01640685621967937
--> Epoch 983
elapsed time: 30.942857265472412
loss: 0.0164202588346637
--> Epoch 984
elapsed time: 30.943777561187744
loss: 0.01643339061350864
--> Epoch 985
elapsed time: 30.944918870925903
loss: 0.016420140455066037
--> Epoch 986
elapsed time: 30.942631244659424
loss: 0.016425105555619088
--> Epoch 987
elapsed time: 30.945008277893066
loss: 0.016472395613740497
--> Epoch 988
elapsed time: 30.938568353652954
loss: 0.016418446699965145
--> Epoch 989
elapsed time: 30.929991483688354
loss: 0.016485704171277673
--> Epoch 990
elapsed time: 30.93959641456604
loss: 0.016450225134657895
--> Epoch 991
elapsed time: 30.932384252548218
loss: 0.01644513415573962
--> Epoch 992
elapsed time: 30.9451322555542
loss: 0.01640872133813399
--> Epoch 993
elapsed time: 30.942059993743896
loss: 0.016436977091184902
--> Epoch 994
elapsed time: 30.947749376296997
loss: 0.01649847914406071
--> Epoch 995
elapsed time: 30.946431398391724
loss: 0.016386749281575123
--> Epoch 996
elapsed time: 30.92924737930298
loss: 0.016429047601390367
--> Epoch 997
elapsed time: 30.94485354423523
loss: 0.01639975011103409
--> Epoch 998
elapsed time: 30.94064688682556
loss: 0.0164475075266239
--> Epoch 999
elapsed time: 30.948607683181763
loss: 0.016444114192808616
Evaluating model...
val mr: 204.3815155029297 mrr: 0.28299885988235474 hits@10: 0.47995437696036497 hits@5: 0.3822070145423439 hits@3: 0.31023666951810663 hits@1: 0.1893071000855432
--> Epoch 1000
elapsed time: 31.656993627548218
loss: 0.016450938749410077
Start testing...
