Using CUDA
Load processed dataset...
Model type: DistMultLitPaper
14923 237
torch.Size([14923, 121]) torch.Size([14923, 300])
Start training...
--> Epoch 1
elapsed time: 22.345476388931274
loss: 0.22345745325901548
--> Epoch 2
elapsed time: 22.008759260177612
loss: 0.07167859521264303
--> Epoch 3
elapsed time: 22.034178495407104
loss: 0.054140121631345316
--> Epoch 4
elapsed time: 22.04862332344055
loss: 0.04782294794594692
--> Epoch 5
elapsed time: 22.025984287261963
loss: 0.04487086170171637
--> Epoch 6
elapsed time: 22.0247004032135
loss: 0.04272719013906826
--> Epoch 7
elapsed time: 22.035659074783325
loss: 0.04122077231054472
--> Epoch 8
elapsed time: 22.001070261001587
loss: 0.040436971862559484
--> Epoch 9
elapsed time: 22.00797939300537
loss: 0.039234284164343707
--> Epoch 10
elapsed time: 22.02943229675293
loss: 0.03865163549009854
--> Epoch 11
elapsed time: 22.024770498275757
loss: 0.038766533350142685
--> Epoch 12
elapsed time: 22.0158634185791
loss: 0.03732677482888593
--> Epoch 13
elapsed time: 22.036014080047607
loss: 0.03744423045292286
--> Epoch 14
elapsed time: 21.99619770050049
loss: 0.03700309082592364
--> Epoch 15
elapsed time: 21.99046754837036
loss: 0.03597896357758193
--> Epoch 16
elapsed time: 22.033740282058716
loss: 0.035863895787527175
--> Epoch 17
elapsed time: 22.02753973007202
loss: 0.03539173762547947
--> Epoch 18
elapsed time: 22.017657995224
loss: 0.03535380861735075
--> Epoch 19
elapsed time: 21.98913598060608
loss: 0.03446134746158785
--> Epoch 20
elapsed time: 22.03770399093628
loss: 0.034174398087168344
--> Epoch 21
elapsed time: 22.02623152732849
loss: 0.03430483575212933
--> Epoch 22
elapsed time: 22.005005836486816
loss: 0.0336291903484462
--> Epoch 23
elapsed time: 22.00214195251465
loss: 0.03370823442010754
--> Epoch 24
elapsed time: 22.029553413391113
loss: 0.03315856654691113
--> Epoch 25
elapsed time: 22.004514932632446
loss: 0.0333677065713806
--> Epoch 26
elapsed time: 21.99683380126953
loss: 0.03306702217779289
--> Epoch 27
elapsed time: 22.024822235107422
loss: 0.032427497597118646
--> Epoch 28
elapsed time: 22.023101329803467
loss: 0.03228335114947659
--> Epoch 29
elapsed time: 22.05275249481201
loss: 0.03209164236459324
--> Epoch 30
elapsed time: 22.02836513519287
loss: 0.03195205547427189
--> Epoch 31
elapsed time: 22.023796796798706
loss: 0.0317276358229449
--> Epoch 32
elapsed time: 22.005615234375
loss: 0.031554345740662466
--> Epoch 33
elapsed time: 21.99043560028076
loss: 0.03141440103322912
--> Epoch 34
elapsed time: 22.032570362091064
loss: 0.03151861523380564
--> Epoch 35
elapsed time: 21.995041608810425
loss: 0.031232514724429776
--> Epoch 36
elapsed time: 22.036105394363403
loss: 0.03097648794393941
--> Epoch 37
elapsed time: 22.046024322509766
loss: 0.03085903746101336
--> Epoch 38
elapsed time: 22.048929691314697
loss: 0.030717817945572306
--> Epoch 39
elapsed time: 21.97372817993164
loss: 0.030691371782072176
--> Epoch 40
elapsed time: 21.99847722053528
loss: 0.030499853859616132
--> Epoch 41
elapsed time: 22.043416500091553
loss: 0.030385038313418208
--> Epoch 42
elapsed time: 21.97856903076172
loss: 0.030250560821700745
--> Epoch 43
elapsed time: 22.00983738899231
loss: 0.0302252389266316
--> Epoch 44
elapsed time: 22.02372121810913
loss: 0.030065139613674144
--> Epoch 45
elapsed time: 21.988962650299072
loss: 0.02989478679662982
--> Epoch 46
elapsed time: 22.000680685043335
loss: 0.02987391656564298
--> Epoch 47
elapsed time: 21.966976642608643
loss: 0.02975276235564632
--> Epoch 48
elapsed time: 22.00913977622986
loss: 0.029614100134594194
--> Epoch 49
elapsed time: 21.951295614242554
loss: 0.029521060070182396
--> Epoch 50
elapsed time: 21.99056649208069
loss: 0.029483243633808106
--> Epoch 51
elapsed time: 21.97456383705139
loss: 0.029444066548294203
--> Epoch 52
elapsed time: 22.003162622451782
loss: 0.029335428451591802
--> Epoch 53
elapsed time: 22.013428688049316
loss: 0.029211733187088848
--> Epoch 54
elapsed time: 22.012755632400513
loss: 0.029129303627325923
--> Epoch 55
elapsed time: 22.001965761184692
loss: 0.029126140635078623
--> Epoch 56
elapsed time: 22.001392364501953
loss: 0.02902353255503994
--> Epoch 57
elapsed time: 22.014268159866333
loss: 0.029014289862741755
--> Epoch 58
elapsed time: 22.02643871307373
loss: 0.02883020230688975
--> Epoch 59
elapsed time: 21.976603746414185
loss: 0.0287814696642692
--> Epoch 60
elapsed time: 21.996946811676025
loss: 0.02875955065016688
--> Epoch 61
elapsed time: 21.995644569396973
loss: 0.02869169663038606
--> Epoch 62
elapsed time: 21.969908952713013
loss: 0.028636137435347656
--> Epoch 63
elapsed time: 21.965192317962646
loss: 0.028553417865414724
--> Epoch 64
elapsed time: 21.922274351119995
loss: 0.02848943506182642
--> Epoch 65
elapsed time: 21.93587827682495
loss: 0.02846078204231114
--> Epoch 66
elapsed time: 21.945836782455444
loss: 0.0283834718549773
--> Epoch 67
elapsed time: 21.939887523651123
loss: 0.028338421355172474
--> Epoch 68
elapsed time: 21.948063611984253
loss: 0.02832430290971179
--> Epoch 69
elapsed time: 21.94587230682373
loss: 0.02825352765080061
--> Epoch 70
elapsed time: 21.932680368423462
loss: 0.028168888652201317
--> Epoch 71
elapsed time: 21.947837114334106
loss: 0.028156880925384088
--> Epoch 72
elapsed time: 21.934877157211304
loss: 0.02808088148301879
--> Epoch 73
elapsed time: 21.936644077301025
loss: 0.028086268930912355
--> Epoch 74
elapsed time: 21.920604944229126
loss: 0.02805314287683477
--> Epoch 75
elapsed time: 21.874642610549927
loss: 0.02798743889801141
--> Epoch 76
elapsed time: 21.84380054473877
loss: 0.027927636257385938
--> Epoch 77
elapsed time: 21.854177713394165
loss: 0.02790272848282854
--> Epoch 78
elapsed time: 21.84373116493225
loss: 0.027832725469937664
--> Epoch 79
elapsed time: 21.80260157585144
loss: 0.027811349908403372
--> Epoch 80
elapsed time: 21.82758665084839
loss: 0.02773311336963724
--> Epoch 81
elapsed time: 21.838517427444458
loss: 0.02773846987273933
--> Epoch 82
elapsed time: 21.838749885559082
loss: 0.027663857079446595
--> Epoch 83
elapsed time: 21.823850393295288
loss: 0.02768072187164597
--> Epoch 84
elapsed time: 21.834864139556885
loss: 0.027660922623070364
--> Epoch 85
elapsed time: 21.854774475097656
loss: 0.02753890861572237
--> Epoch 86
elapsed time: 21.841713190078735
loss: 0.02757984523504608
--> Epoch 87
elapsed time: 21.848791122436523
loss: 0.02752218687046505
--> Epoch 88
elapsed time: 21.79446315765381
loss: 0.02748669743159416
--> Epoch 89
elapsed time: 21.831364631652832
loss: 0.027434463739773627
--> Epoch 90
elapsed time: 21.841609716415405
loss: 0.0274241676506773
--> Epoch 91
elapsed time: 21.843189477920532
loss: 0.027409285228079148
--> Epoch 92
elapsed time: 21.834052085876465
loss: 0.027361602814182963
--> Epoch 93
elapsed time: 21.833086252212524
loss: 0.027320805483218195
--> Epoch 94
elapsed time: 21.815609216690063
loss: 0.027303071988716735
--> Epoch 95
elapsed time: 21.819830894470215
loss: 0.027270615307626474
--> Epoch 96
elapsed time: 21.839579820632935
loss: 0.027289845100196598
--> Epoch 97
elapsed time: 21.317819595336914
loss: 0.027254807304587438
--> Epoch 98
elapsed time: 21.236997604370117
loss: 0.027171848319043332
--> Epoch 99
elapsed time: 21.700847864151
loss: 0.027199005021215156
--> Epoch 100
elapsed time: 21.72708487510681
loss: 0.027172359379458742
Evaluating model...
val mr: 200.5904998779297 mrr: 0.23208634555339813 hits@10: 0.4017 hits@5: 0.3133 hits@3: 0.2504 hits@1: 0.1492
--> Epoch 101
elapsed time: 21.678529262542725
loss: 0.027145342960925675
--> Epoch 102
elapsed time: 21.722066640853882
loss: 0.02706630498535321
--> Epoch 103
elapsed time: 21.697046279907227
loss: 0.027074244877398856
--> Epoch 104
elapsed time: 21.693742752075195
loss: 0.02709404235094197
--> Epoch 105
elapsed time: 21.69430637359619
loss: 0.027065298633048924
--> Epoch 106
elapsed time: 21.695982694625854
loss: 0.02705428865322053
--> Epoch 107
elapsed time: 21.692917585372925
loss: 0.026984660224752502
--> Epoch 108
elapsed time: 21.685824155807495
loss: 0.0270288730388891
--> Epoch 109
elapsed time: 21.700517416000366
loss: 0.026983580849048446
--> Epoch 110
elapsed time: 21.714580059051514
loss: 0.026917947876781423
--> Epoch 111
elapsed time: 21.71123695373535
loss: 0.026937677068521924
--> Epoch 112
elapsed time: 21.7241632938385
loss: 0.026885687884360354
--> Epoch 113
elapsed time: 21.720862865447998
loss: 0.026836326081211122
--> Epoch 114
elapsed time: 21.713309288024902
loss: 0.026856990659001406
--> Epoch 115
elapsed time: 21.717488765716553
loss: 0.02679460817949736
--> Epoch 116
elapsed time: 21.71454691886902
loss: 0.026842244372458697
--> Epoch 117
elapsed time: 21.717531204223633
loss: 0.02674489928477795
--> Epoch 118
elapsed time: 21.725163221359253
loss: 0.02678015773637555
--> Epoch 119
elapsed time: 21.69964599609375
loss: 0.026742836078479958
--> Epoch 120
elapsed time: 21.699177026748657
loss: 0.026788421206505705
--> Epoch 121
elapsed time: 21.71401286125183
loss: 0.026727946643364506
--> Epoch 122
elapsed time: 21.702425241470337
loss: 0.02674213288700592
--> Epoch 123
elapsed time: 21.692331075668335
loss: 0.026762709867906593
--> Epoch 124
elapsed time: 21.714793920516968
loss: 0.026663388907979483
--> Epoch 125
elapsed time: 21.700769662857056
loss: 0.026679199315109908
--> Epoch 126
elapsed time: 21.698792219161987
loss: 0.026658102687753156
--> Epoch 127
elapsed time: 21.699702262878418
loss: 0.0265701998897801
--> Epoch 128
elapsed time: 21.70260500907898
loss: 0.026593968612146288
--> Epoch 129
elapsed time: 21.700939416885376
loss: 0.02657329687114493
--> Epoch 130
elapsed time: 21.695520877838135
loss: 0.026576745174019156
--> Epoch 131
elapsed time: 21.695738315582275
loss: 0.026542373714742523
--> Epoch 132
elapsed time: 21.703997373580933
loss: 0.026607462137531023
--> Epoch 133
elapsed time: 21.699240684509277
loss: 0.02652665498900391
--> Epoch 134
elapsed time: 21.715014934539795
loss: 0.02646529583588088
--> Epoch 135
elapsed time: 21.701969861984253
loss: 0.026470600290053988
--> Epoch 136
elapsed time: 21.70112943649292
loss: 0.026539204473960323
--> Epoch 137
elapsed time: 21.707624673843384
loss: 0.026448639234140696
--> Epoch 138
elapsed time: 21.689152240753174
loss: 0.02650831863354201
--> Epoch 139
elapsed time: 21.69628095626831
loss: 0.02646280838279991
--> Epoch 140
elapsed time: 21.710315227508545
loss: 0.026431036019664494
--> Epoch 141
elapsed time: 21.73041296005249
loss: 0.02638095865763815
--> Epoch 142
elapsed time: 21.720784187316895
loss: 0.026425688451301457
--> Epoch 143
elapsed time: 21.615188360214233
loss: 0.026419818714989992
--> Epoch 144
elapsed time: 21.712469577789307
loss: 0.026376114925150587
--> Epoch 145
elapsed time: 21.709245681762695
loss: 0.026344869210475026
--> Epoch 146
elapsed time: 21.715617418289185
loss: 0.026382021215216014
--> Epoch 147
elapsed time: 21.71522879600525
loss: 0.026376363708307354
--> Epoch 148
elapsed time: 21.71450662612915
loss: 0.026322175216837412
--> Epoch 149
elapsed time: 21.722002029418945
loss: 0.02630664263120375
--> Epoch 150
elapsed time: 21.69345998764038
loss: 0.026314431386154323
--> Epoch 151
elapsed time: 21.71594214439392
loss: 0.02628827280244901
--> Epoch 152
elapsed time: 21.721837997436523
loss: 0.026309745472103272
--> Epoch 153
elapsed time: 21.72018265724182
loss: 0.026269500770256526
--> Epoch 154
elapsed time: 21.713715314865112
loss: 0.026200404984706546
--> Epoch 155
elapsed time: 21.705004692077637
loss: 0.026233183050060317
--> Epoch 156
elapsed time: 21.702378273010254
loss: 0.02623487915405662
--> Epoch 157
elapsed time: 21.690577507019043
loss: 0.02620774448296425
--> Epoch 158
elapsed time: 21.719570636749268
loss: 0.026258890665121385
--> Epoch 159
elapsed time: 21.696529388427734
loss: 0.02617722886210607
--> Epoch 160
elapsed time: 21.67774271965027
loss: 0.02617555234304376
--> Epoch 161
elapsed time: 21.691258668899536
loss: 0.026195114934054728
--> Epoch 162
elapsed time: 21.697368383407593
loss: 0.02619102619490249
--> Epoch 163
elapsed time: 21.71037268638611
loss: 0.0261728168339911
--> Epoch 164
elapsed time: 21.70283317565918
loss: 0.026156388820689574
--> Epoch 165
elapsed time: 21.690921306610107
loss: 0.02617205811186097
--> Epoch 166
elapsed time: 21.695685863494873
loss: 0.026069316464570034
--> Epoch 167
elapsed time: 21.703266620635986
loss: 0.026125843742702888
--> Epoch 168
elapsed time: 21.7030291557312
loss: 0.026109708399491723
--> Epoch 169
elapsed time: 21.695892333984375
loss: 0.026101966620697126
--> Epoch 170
elapsed time: 21.704386711120605
loss: 0.02610196121499601
--> Epoch 171
elapsed time: 21.715160608291626
loss: 0.02605429788313715
--> Epoch 172
elapsed time: 21.652155876159668
loss: 0.02609545419646229
--> Epoch 173
elapsed time: 21.68277621269226
loss: 0.026025865922628545
--> Epoch 174
elapsed time: 21.671642541885376
loss: 0.026075879122399545
--> Epoch 175
elapsed time: 21.67700505256653
loss: 0.026066184662429655
--> Epoch 176
elapsed time: 21.676867485046387
loss: 0.026010268592991475
--> Epoch 177
elapsed time: 21.681188344955444
loss: 0.026026961867638837
--> Epoch 178
elapsed time: 21.68561315536499
loss: 0.026022542869060642
--> Epoch 179
elapsed time: 21.68050980567932
loss: 0.02603217893694497
--> Epoch 180
elapsed time: 21.662972450256348
loss: 0.026028041600802545
--> Epoch 181
elapsed time: 21.63481044769287
loss: 0.025935363213716537
--> Epoch 182
elapsed time: 21.6793475151062
loss: 0.0259135301651561
--> Epoch 183
elapsed time: 21.671770334243774
loss: 0.02598694127196707
--> Epoch 184
elapsed time: 21.674911975860596
loss: 0.026045448105582514
--> Epoch 185
elapsed time: 21.679543256759644
loss: 0.025994945231646385
--> Epoch 186
elapsed time: 21.676156997680664
loss: 0.025971823711007806
--> Epoch 187
elapsed time: 21.684403896331787
loss: 0.02596518122402711
--> Epoch 188
elapsed time: 21.651948928833008
loss: 0.02599702835230197
--> Epoch 189
elapsed time: 21.676274061203003
loss: 0.025894468163095437
--> Epoch 190
elapsed time: 21.690971851348877
loss: 0.025899620132690763
--> Epoch 191
elapsed time: 21.686912298202515
loss: 0.025899939126880912
--> Epoch 192
elapsed time: 21.68073058128357
loss: 0.02591426533349875
--> Epoch 193
elapsed time: 21.682565450668335
loss: 0.025881125554021864
--> Epoch 194
elapsed time: 21.677692413330078
loss: 0.025904125007445926
--> Epoch 195
elapsed time: 21.68796944618225
loss: 0.025885654313740368
--> Epoch 196
elapsed time: 21.692430019378662
loss: 0.025928450913036194
--> Epoch 197
elapsed time: 21.467693328857422
loss: 0.025829182781790746
--> Epoch 198
elapsed time: 21.16298747062683
loss: 0.025892127932575885
--> Epoch 199
elapsed time: 21.383352518081665
loss: 0.025875172808219663
--> Epoch 200
elapsed time: 21.66157841682434
loss: 0.025781060771373567
Evaluating model...
val mr: 196.84140014648438 mrr: 0.24185600876808167 hits@10: 0.4198 hits@5: 0.3224 hits@3: 0.2601 hits@1: 0.1568
--> Epoch 201
elapsed time: 21.63495635986328
loss: 0.025831892460879018
--> Epoch 202
elapsed time: 21.652413845062256
loss: 0.02584804795500196
--> Epoch 203
elapsed time: 21.676329374313354
loss: 0.025810957848605185
--> Epoch 204
elapsed time: 21.665512323379517
loss: 0.025776651301548263
--> Epoch 205
elapsed time: 21.648194789886475
loss: 0.025787477741615456
--> Epoch 206
elapsed time: 21.660815954208374
loss: 0.0257657546837405
--> Epoch 207
elapsed time: 21.649255514144897
loss: 0.025760344325136377
--> Epoch 208
elapsed time: 21.65333843231201
loss: 0.025797296375008202
--> Epoch 209
elapsed time: 21.65461540222168
loss: 0.02579427216121417
--> Epoch 210
elapsed time: 21.663424253463745
loss: 0.02577093931708769
--> Epoch 211
elapsed time: 21.663960933685303
loss: 0.025802175112257898
--> Epoch 212
elapsed time: 21.661935806274414
loss: 0.025704881539068913
--> Epoch 213
elapsed time: 21.670154094696045
loss: 0.025737935901459164
--> Epoch 214
elapsed time: 21.671138286590576
loss: 0.025729601338912268
--> Epoch 215
elapsed time: 21.663519859313965
loss: 0.025742834078205833
--> Epoch 216
elapsed time: 21.68134617805481
loss: 0.025711728547290598
--> Epoch 217
elapsed time: 21.72941517829895
loss: 0.025756058043967633
--> Epoch 218
elapsed time: 21.74515438079834
loss: 0.02571619334801513
--> Epoch 219
elapsed time: 21.722575902938843
loss: 0.02569537480674537
--> Epoch 220
elapsed time: 21.715936422348022
loss: 0.025727521792853203
--> Epoch 221
elapsed time: 21.734013557434082
loss: 0.02573441883666495
--> Epoch 222
elapsed time: 21.724374532699585
loss: 0.0257146338356601
--> Epoch 223
elapsed time: 21.729893445968628
loss: 0.02562745605873142
--> Epoch 224
elapsed time: 21.730867624282837
loss: 0.025672450204321157
--> Epoch 225
elapsed time: 21.731911182403564
loss: 0.025613357902610514
--> Epoch 226
elapsed time: 21.73871421813965
loss: 0.02558409927284953
--> Epoch 227
elapsed time: 21.728397130966187
loss: 0.02567333150181923
--> Epoch 228
elapsed time: 21.732181787490845
loss: 0.025646927416927392
--> Epoch 229
elapsed time: 21.742906093597412
loss: 0.02565627191688862
--> Epoch 230
elapsed time: 21.73300838470459
loss: 0.025644893180631515
--> Epoch 231
elapsed time: 21.743898630142212
loss: 0.025677730517701954
--> Epoch 232
elapsed time: 21.722493410110474
loss: 0.02555836837910473
--> Epoch 233
elapsed time: 21.734741926193237
loss: 0.025634432172968718
--> Epoch 234
elapsed time: 21.7188937664032
loss: 0.025601778929371488
--> Epoch 235
elapsed time: 21.72150230407715
loss: 0.025577803276416164
--> Epoch 236
elapsed time: 21.715221881866455
loss: 0.025577897435493997
--> Epoch 237
elapsed time: 21.723991632461548
loss: 0.02557587604321406
--> Epoch 238
elapsed time: 21.728936195373535
loss: 0.025565898242149842
--> Epoch 239
elapsed time: 21.759733200073242
loss: 0.02552172322236247
--> Epoch 240
elapsed time: 21.722505569458008
loss: 0.02552182824015337
--> Epoch 241
elapsed time: 21.737628936767578
loss: 0.025554840504660545
--> Epoch 242
elapsed time: 21.824191331863403
loss: 0.02558809799349824
--> Epoch 243
elapsed time: 21.748094081878662
loss: 0.025560297827154875
--> Epoch 244
elapsed time: 21.73999524116516
loss: 0.02549965380886368
--> Epoch 245
elapsed time: 21.7388699054718
loss: 0.025531410668062804
--> Epoch 246
elapsed time: 21.755696535110474
loss: 0.02547197234365644
--> Epoch 247
elapsed time: 21.73252558708191
loss: 0.02551197503480503
--> Epoch 248
elapsed time: 21.736652612686157
loss: 0.02551317958797303
--> Epoch 249
elapsed time: 21.738877773284912
loss: 0.02551837067837325
--> Epoch 250
elapsed time: 21.736871480941772
loss: 0.025452655854854848
--> Epoch 251
elapsed time: 21.73389458656311
loss: 0.02547412534592181
--> Epoch 252
elapsed time: 21.736968755722046
loss: 0.02547198134673337
--> Epoch 253
elapsed time: 21.74965214729309
loss: 0.025506365881323365
--> Epoch 254
elapsed time: 21.750264883041382
loss: 0.025525730041925456
--> Epoch 255
elapsed time: 21.751450300216675
loss: 0.025465184544070308
--> Epoch 256
elapsed time: 21.758830308914185
loss: 0.025469183942841003
--> Epoch 257
elapsed time: 21.740075826644897
loss: 0.02547739803798055
--> Epoch 258
elapsed time: 21.739798307418823
loss: 0.025439585822784216
--> Epoch 259
elapsed time: 21.753153562545776
loss: 0.025475170279337007
--> Epoch 260
elapsed time: 21.748416423797607
loss: 0.025442468785695723
--> Epoch 261
elapsed time: 21.7559757232666
loss: 0.02543003116984022
--> Epoch 262
elapsed time: 21.75114607810974
loss: 0.02543409742758393
--> Epoch 263
elapsed time: 21.741344690322876
loss: 0.025450607393767512
--> Epoch 264
elapsed time: 21.74169683456421
loss: 0.025399298567468562
--> Epoch 265
elapsed time: 21.732038974761963
loss: 0.025418831708360033
--> Epoch 266
elapsed time: 21.743828058242798
loss: 0.02539992977462898
--> Epoch 267
elapsed time: 21.78838086128235
loss: 0.025445303267265757
--> Epoch 268
elapsed time: 21.766069650650024
loss: 0.02540349313920944
--> Epoch 269
elapsed time: 21.75195026397705
loss: 0.025362798458741502
--> Epoch 270
elapsed time: 21.732064485549927
loss: 0.025376580012497874
--> Epoch 271
elapsed time: 21.753905057907104
loss: 0.0253908784056007
--> Epoch 272
elapsed time: 21.759005784988403
loss: 0.025448912992961318
--> Epoch 273
elapsed time: 21.72944951057434
loss: 0.025362939241772426
--> Epoch 274
elapsed time: 21.765373706817627
loss: 0.02537997717411027
--> Epoch 275
elapsed time: 21.762335777282715
loss: 0.025389518313677605
--> Epoch 276
elapsed time: 21.77259349822998
loss: 0.0254096236756301
--> Epoch 277
elapsed time: 21.75410771369934
loss: 0.025346310979223206
--> Epoch 278
elapsed time: 21.755939960479736
loss: 0.02533318155628269
--> Epoch 279
elapsed time: 21.748147010803223
loss: 0.025364916887299024
--> Epoch 280
elapsed time: 21.76403832435608
loss: 0.025349252008301182
--> Epoch 281
elapsed time: 21.763322591781616
loss: 0.02536177813747472
--> Epoch 282
elapsed time: 21.75040340423584
loss: 0.025383915913379764
--> Epoch 283
elapsed time: 21.75762104988098
loss: 0.02535442979384287
--> Epoch 284
elapsed time: 21.748298406600952
loss: 0.025325923614897824
--> Epoch 285
elapsed time: 21.758954524993896
loss: 0.025328136008033075
--> Epoch 286
elapsed time: 21.766446590423584
loss: 0.025321322790262054
--> Epoch 287
elapsed time: 21.74573016166687
loss: 0.025307630044202254
--> Epoch 288
elapsed time: 21.742720127105713
loss: 0.025349627966490536
--> Epoch 289
elapsed time: 21.73924732208252
loss: 0.025333180031822406
--> Epoch 290
elapsed time: 21.743098735809326
loss: 0.025287887030688527
--> Epoch 291
elapsed time: 21.754982948303223
loss: 0.025244022639834534
--> Epoch 292
elapsed time: 21.753173351287842
loss: 0.025315644447310624
--> Epoch 293
elapsed time: 21.746375560760498
loss: 0.02534820869572019
--> Epoch 294
elapsed time: 21.748815774917603
loss: 0.025323237706876427
--> Epoch 295
elapsed time: 21.752813816070557
loss: 0.025272220010437274
--> Epoch 296
elapsed time: 21.350682258605957
loss: 0.025230381476604367
--> Epoch 297
elapsed time: 21.20740270614624
loss: 0.025266106803800738
--> Epoch 298
elapsed time: 21.530254364013672
loss: 0.025267109930206894
--> Epoch 299
elapsed time: 21.75291419029236
loss: 0.02525189651574095
--> Epoch 300
elapsed time: 21.737695932388306
loss: 0.025220158340817672
Evaluating model...
val mr: 196.4541015625 mrr: 0.2603927552700043 hits@10: 0.4364 hits@5: 0.3431 hits@3: 0.282 hits@1: 0.1749
--> Epoch 301
elapsed time: 21.711167812347412
loss: 0.025297375907551985
--> Epoch 302
elapsed time: 21.724255800247192
loss: 0.025242299617724607
--> Epoch 303
elapsed time: 21.72705841064453
loss: 0.025273540315699262
--> Epoch 304
elapsed time: 21.729333639144897
loss: 0.025279750060973476
--> Epoch 305
elapsed time: 21.74816107749939
loss: 0.02517648252394832
--> Epoch 306
elapsed time: 21.735886573791504
loss: 0.025289623883332942
--> Epoch 307
elapsed time: 21.736215114593506
loss: 0.02520134256187185
--> Epoch 308
elapsed time: 21.725125789642334
loss: 0.025253902155264636
--> Epoch 309
elapsed time: 21.729171752929688
loss: 0.025257859631377576
--> Epoch 310
elapsed time: 21.722288370132446
loss: 0.02521823643271304
--> Epoch 311
elapsed time: 21.753275394439697
loss: 0.02523329822295753
--> Epoch 312
elapsed time: 21.759343147277832
loss: 0.0251440980882574
--> Epoch 313
elapsed time: 21.74146008491516
loss: 0.025199507097674222
--> Epoch 314
elapsed time: 21.746515035629272
loss: 0.025182044888765097
--> Epoch 315
elapsed time: 21.73937726020813
loss: 0.025207572303859557
--> Epoch 316
elapsed time: 21.727460145950317
loss: 0.025159802986966028
--> Epoch 317
elapsed time: 21.729394674301147
loss: 0.02519649876980768
--> Epoch 318
elapsed time: 21.73264765739441
loss: 0.02518256637333478
--> Epoch 319
elapsed time: 21.73709487915039
loss: 0.025147393964378203
--> Epoch 320
elapsed time: 21.738675832748413
loss: 0.025188590569013375
--> Epoch 321
elapsed time: 21.738998889923096
loss: 0.025178034193218034
--> Epoch 322
elapsed time: 21.733424186706543
loss: 0.025175442941914386
--> Epoch 323
elapsed time: 21.73999834060669
loss: 0.025168426101808264
--> Epoch 324
elapsed time: 21.732955932617188
loss: 0.025136612290875708
--> Epoch 325
elapsed time: 21.737864017486572
loss: 0.025138316683029634
--> Epoch 326
elapsed time: 21.745625019073486
loss: 0.02516334840496923
--> Epoch 327
elapsed time: 21.75411057472229
loss: 0.0251603226299176
--> Epoch 328
elapsed time: 21.739387035369873
loss: 0.025126924410616577
--> Epoch 329
elapsed time: 21.747401475906372
loss: 0.025158658208411365
--> Epoch 330
elapsed time: 21.739641904830933
loss: 0.025112256502359404
--> Epoch 331
elapsed time: 21.738648653030396
loss: 0.025164758390549883
--> Epoch 332
elapsed time: 21.742042541503906
loss: 0.02510485407017585
--> Epoch 333
elapsed time: 21.733360052108765
loss: 0.025095836382958536
--> Epoch 334
elapsed time: 21.72896647453308
loss: 0.02510395761743987
--> Epoch 335
elapsed time: 21.74401545524597
loss: 0.0251118436942853
--> Epoch 336
elapsed time: 21.741620540618896
loss: 0.02510184987061784
--> Epoch 337
elapsed time: 21.735277891159058
loss: 0.02508692922787294
--> Epoch 338
elapsed time: 21.723411083221436
loss: 0.02514180074588712
--> Epoch 339
elapsed time: 21.737812519073486
loss: 0.02507301618678886
--> Epoch 340
elapsed time: 21.727789163589478
loss: 0.025161185423621904
--> Epoch 341
elapsed time: 21.750822067260742
loss: 0.02513118218788255
--> Epoch 342
elapsed time: 21.734960317611694
loss: 0.025078763338971116
--> Epoch 343
elapsed time: 21.743090629577637
loss: 0.02505319687491414
--> Epoch 344
elapsed time: 21.73668098449707
loss: 0.02502673694045613
--> Epoch 345
elapsed time: 21.731895208358765
loss: 0.025005811406606116
--> Epoch 346
elapsed time: 21.78643250465393
loss: 0.025066747825140675
--> Epoch 347
elapsed time: 21.77843999862671
loss: 0.025057040225024058
--> Epoch 348
elapsed time: 21.811864376068115
loss: 0.02506660579100097
--> Epoch 349
elapsed time: 21.77937078475952
loss: 0.025054536416411737
--> Epoch 350
elapsed time: 21.801724672317505
loss: 0.025071156743006223
--> Epoch 351
elapsed time: 21.77531886100769
loss: 0.02500553557742124
--> Epoch 352
elapsed time: 21.79978656768799
loss: 0.025021597299714305
--> Epoch 353
elapsed time: 21.79172420501709
loss: 0.025061155386402263
--> Epoch 354
elapsed time: 21.775923013687134
loss: 0.025076229035896392
--> Epoch 355
elapsed time: 21.792768478393555
loss: 0.025050977711072533
--> Epoch 356
elapsed time: 21.78786277770996
loss: 0.02506544482688352
--> Epoch 357
elapsed time: 21.80315136909485
loss: 0.025037640209817035
--> Epoch 358
elapsed time: 21.796013355255127
loss: 0.025008324442583777
--> Epoch 359
elapsed time: 21.795411586761475
loss: 0.025008412996203634
--> Epoch 360
elapsed time: 21.804593563079834
loss: 0.024984106652768064
--> Epoch 361
elapsed time: 21.798161506652832
loss: 0.025082963135931027
--> Epoch 362
elapsed time: 21.76621174812317
loss: 0.025022094503311425
--> Epoch 363
elapsed time: 21.72941017150879
loss: 0.024971325409546958
--> Epoch 364
elapsed time: 21.709015369415283
loss: 0.024950825981620562
--> Epoch 365
elapsed time: 21.68356943130493
loss: 0.02500358238634027
--> Epoch 366
elapsed time: 21.721786975860596
loss: 0.024962833969523517
--> Epoch 367
elapsed time: 21.70156502723694
loss: 0.025003294261594707
--> Epoch 368
elapsed time: 21.705906867980957
loss: 0.02492509294837461
--> Epoch 369
elapsed time: 21.707973957061768
loss: 0.024954170167362028
--> Epoch 370
elapsed time: 21.701630353927612
loss: 0.024983774940724207
--> Epoch 371
elapsed time: 21.683653354644775
loss: 0.02498273067141297
--> Epoch 372
elapsed time: 21.7140896320343
loss: 0.024952035041583786
--> Epoch 373
elapsed time: 21.710179090499878
loss: 0.024958100261014245
--> Epoch 374
elapsed time: 21.71998429298401
loss: 0.024953308687847623
--> Epoch 375
elapsed time: 21.70647621154785
loss: 0.024923583084361687
--> Epoch 376
elapsed time: 21.69156241416931
loss: 0.02497210971807828
--> Epoch 377
elapsed time: 21.70805525779724
loss: 0.02494714864348311
--> Epoch 378
elapsed time: 21.679183959960938
loss: 0.024943062431079986
--> Epoch 379
elapsed time: 21.70558261871338
loss: 0.02493572048317231
--> Epoch 380
elapsed time: 21.71163845062256
loss: 0.024940978516653698
--> Epoch 381
elapsed time: 21.699805974960327
loss: 0.024956624138388898
--> Epoch 382
elapsed time: 21.722329139709473
loss: 0.024951689996645345
--> Epoch 383
elapsed time: 21.70860481262207
loss: 0.02494803350681644
--> Epoch 384
elapsed time: 21.70385503768921
loss: 0.02490040391809741
--> Epoch 385
elapsed time: 21.699878215789795
loss: 0.024895188127936112
--> Epoch 386
elapsed time: 21.690189838409424
loss: 0.024925842343260965
--> Epoch 387
elapsed time: 21.707579612731934
loss: 0.02488296559590387
--> Epoch 388
elapsed time: 21.704349756240845
loss: 0.024927597522721577
--> Epoch 389
elapsed time: 21.704741716384888
loss: 0.024906427901753365
--> Epoch 390
elapsed time: 21.78839349746704
loss: 0.02491130685277795
--> Epoch 391
elapsed time: 21.692724466323853
loss: 0.024944330855629294
--> Epoch 392
elapsed time: 21.681609630584717
loss: 0.02486752248382299
--> Epoch 393
elapsed time: 21.694031953811646
loss: 0.02489745690507476
--> Epoch 394
elapsed time: 21.707093238830566
loss: 0.024931546170982907
--> Epoch 395
elapsed time: 21.28645133972168
loss: 0.024898448722438776
--> Epoch 396
elapsed time: 21.18939709663391
loss: 0.02490938227774395
--> Epoch 397
elapsed time: 21.647711038589478
loss: 0.02487108385959607
--> Epoch 398
elapsed time: 21.688735008239746
loss: 0.0248921423368962
--> Epoch 399
elapsed time: 21.689948558807373
loss: 0.024885208697276416
--> Epoch 400
elapsed time: 21.72527050971985
loss: 0.024841848540059375
Evaluating model...
val mr: 197.2864990234375 mrr: 0.2581599950790405 hits@10: 0.4389 hits@5: 0.3451 hits@3: 0.2777 hits@1: 0.1709
--> Epoch 401
elapsed time: 21.691131114959717
loss: 0.02487174079333794
--> Epoch 402
elapsed time: 21.750855922698975
loss: 0.024880745277327407
--> Epoch 403
elapsed time: 21.76550579071045
loss: 0.02489314763083956
--> Epoch 404
elapsed time: 21.755455017089844
loss: 0.02486098831938273
--> Epoch 405
elapsed time: 21.73312497138977
loss: 0.02484298508652851
--> Epoch 406
elapsed time: 21.746622800827026
loss: 0.0249512569465423
--> Epoch 407
elapsed time: 21.750919103622437
loss: 0.024867966536323866
--> Epoch 408
elapsed time: 21.743340492248535
loss: 0.024801792457755847
--> Epoch 409
elapsed time: 21.753591537475586
loss: 0.024841732144888457
--> Epoch 410
elapsed time: 21.723170280456543
loss: 0.024856895401106617
--> Epoch 411
elapsed time: 21.72732663154602
loss: 0.02483988147814209
--> Epoch 412
elapsed time: 21.730873346328735
loss: 0.024808869988903727
--> Epoch 413
elapsed time: 21.738174200057983
loss: 0.024797647802451816
--> Epoch 414
elapsed time: 21.742389678955078
loss: 0.024834655064069653
--> Epoch 415
elapsed time: 21.728822231292725
loss: 0.02482454795898521
--> Epoch 416
elapsed time: 21.725216150283813
loss: 0.024820693857049672
--> Epoch 417
elapsed time: 21.74721908569336
loss: 0.024850874023051164
--> Epoch 418
elapsed time: 21.72807765007019
loss: 0.024820782535079505
--> Epoch 419
elapsed time: 21.73653483390808
loss: 0.024800951716158037
--> Epoch 420
elapsed time: 21.72929286956787
loss: 0.024837625078920025
--> Epoch 421
elapsed time: 21.72972297668457
loss: 0.024849124631282863
--> Epoch 422
elapsed time: 21.727768659591675
loss: 0.024809658816496046
--> Epoch 423
elapsed time: 21.707605838775635
loss: 0.024777020488078037
--> Epoch 424
elapsed time: 21.722136735916138
loss: 0.024781306653598068
--> Epoch 425
elapsed time: 21.700565099716187
loss: 0.02481808952342365
--> Epoch 426
elapsed time: 21.687768697738647
loss: 0.02479161650313876
--> Epoch 427
elapsed time: 21.690332889556885
loss: 0.02477670321460053
--> Epoch 428
elapsed time: 21.68878412246704
loss: 0.02473747879196649
--> Epoch 429
elapsed time: 21.70579433441162
loss: 0.024764739893383837
--> Epoch 430
elapsed time: 21.689707040786743
loss: 0.024735874032929386
--> Epoch 431
elapsed time: 21.6939959526062
loss: 0.024783932864105265
--> Epoch 432
elapsed time: 21.720906972885132
loss: 0.024774706991685526
--> Epoch 433
elapsed time: 21.703362703323364
loss: 0.024782102707482573
--> Epoch 434
elapsed time: 21.715911388397217
loss: 0.02475683587346566
--> Epoch 435
elapsed time: 21.69025683403015
loss: 0.024745839592752766
--> Epoch 436
elapsed time: 21.70491623878479
loss: 0.024713729955921842
--> Epoch 437
elapsed time: 21.703965663909912
loss: 0.024780534332230868
--> Epoch 438
elapsed time: 21.69881510734558
loss: 0.024730409799548443
--> Epoch 439
elapsed time: 21.70632028579712
loss: 0.024731365024608928
--> Epoch 440
elapsed time: 21.694455862045288
loss: 0.024772922067726882
--> Epoch 441
elapsed time: 21.691063404083252
loss: 0.024805574915314887
--> Epoch 442
elapsed time: 21.71366596221924
loss: 0.024762150229621582
--> Epoch 443
elapsed time: 21.695340633392334
loss: 0.024689724267594453
--> Epoch 444
elapsed time: 21.697287559509277
loss: 0.02474546588620877
--> Epoch 445
elapsed time: 21.696964740753174
loss: 0.024753167273814904
--> Epoch 446
elapsed time: 21.700493574142456
loss: 0.02473625472570688
--> Epoch 447
elapsed time: 21.680500745773315
loss: 0.0247043998331981
--> Epoch 448
elapsed time: 21.657150745391846
loss: 0.024694571297822532
--> Epoch 449
elapsed time: 21.639455318450928
loss: 0.0247186124832952
--> Epoch 450
elapsed time: 21.63885998725891
loss: 0.024729262042163344
--> Epoch 451
elapsed time: 21.632312059402466
loss: 0.02476815456175793
--> Epoch 452
elapsed time: 21.625510454177856
loss: 0.024709898827777983
--> Epoch 453
elapsed time: 21.62397336959839
loss: 0.02468722053432902
--> Epoch 454
elapsed time: 21.620493173599243
loss: 0.02473968218202481
--> Epoch 455
elapsed time: 21.624349117279053
loss: 0.024715900867967145
--> Epoch 456
elapsed time: 21.629737854003906
loss: 0.024748708877575812
--> Epoch 457
elapsed time: 21.642231702804565
loss: 0.024675557116503887
--> Epoch 458
elapsed time: 21.644014835357666
loss: 0.024700079539042536
--> Epoch 459
elapsed time: 21.64224147796631
loss: 0.024682879440928
--> Epoch 460
elapsed time: 21.640754222869873
loss: 0.024715074829525917
--> Epoch 461
elapsed time: 21.6343355178833
loss: 0.024676612771956402
--> Epoch 462
elapsed time: 21.64084219932556
loss: 0.024672659720282788
--> Epoch 463
elapsed time: 21.642820119857788
loss: 0.02468705653569548
--> Epoch 464
elapsed time: 21.639400243759155
loss: 0.024655215598131167
--> Epoch 465
elapsed time: 21.640806913375854
loss: 0.02468967511864451
--> Epoch 466
elapsed time: 21.637532711029053
loss: 0.024683315618803
--> Epoch 467
elapsed time: 21.642815828323364
loss: 0.024668650354695905
--> Epoch 468
elapsed time: 21.636627197265625
loss: 0.024666116859409906
--> Epoch 469
elapsed time: 21.64744997024536
loss: 0.024702680921874175
--> Epoch 470
elapsed time: 21.639997005462646
loss: 0.024624275001552683
--> Epoch 471
elapsed time: 21.634397983551025
loss: 0.02464214212813976
--> Epoch 472
elapsed time: 21.640177965164185
loss: 0.024659467559668777
--> Epoch 473
elapsed time: 21.64376950263977
loss: 0.02466973510806502
--> Epoch 474
elapsed time: 21.636114597320557
loss: 0.024627323480548996
--> Epoch 475
elapsed time: 21.640978813171387
loss: 0.024657315191719067
--> Epoch 476
elapsed time: 21.62951898574829
loss: 0.024649010235242203
--> Epoch 477
elapsed time: 21.63286852836609
loss: 0.02464988331642503
--> Epoch 478
elapsed time: 21.64563488960266
loss: 0.024660430280868444
--> Epoch 479
elapsed time: 21.637598514556885
loss: 0.024645041539452038
--> Epoch 480
elapsed time: 21.64451789855957
loss: 0.02464697651060426
--> Epoch 481
elapsed time: 21.644824743270874
loss: 0.024635056093307114
--> Epoch 482
elapsed time: 21.655407905578613
loss: 0.024624571810465092
--> Epoch 483
elapsed time: 21.64171552658081
loss: 0.024620992582736437
--> Epoch 484
elapsed time: 21.634273767471313
loss: 0.024618649107043967
--> Epoch 485
elapsed time: 21.680635690689087
loss: 0.02459889479675387
--> Epoch 486
elapsed time: 21.70153284072876
loss: 0.02459434084839565
--> Epoch 487
elapsed time: 21.688886642456055
loss: 0.024659761631561694
--> Epoch 488
elapsed time: 21.681857585906982
loss: 0.024591866850866985
--> Epoch 489
elapsed time: 21.6857430934906
loss: 0.02464950998486322
--> Epoch 490
elapsed time: 21.70361304283142
loss: 0.02461916684354406
--> Epoch 491
elapsed time: 21.77778935432434
loss: 0.02460708654015163
--> Epoch 492
elapsed time: 21.6904399394989
loss: 0.02466471740837548
--> Epoch 493
elapsed time: 21.679073810577393
loss: 0.024626716403667363
--> Epoch 494
elapsed time: 21.332491159439087
loss: 0.02459360595690901
--> Epoch 495
elapsed time: 21.140649557113647
loss: 0.02457183918907804
--> Epoch 496
elapsed time: 21.519318342208862
loss: 0.024584929443902826
--> Epoch 497
elapsed time: 21.631266832351685
loss: 0.02460108771359483
--> Epoch 498
elapsed time: 21.636598110198975
loss: 0.02463745722513881
--> Epoch 499
elapsed time: 21.634554147720337
loss: 0.02462304653363304
--> Epoch 500
elapsed time: 21.635193824768066
loss: 0.02458528958099806
Evaluating model...
val mr: 189.1934051513672 mrr: 0.2587094008922577 hits@10: 0.4424 hits@5: 0.3482 hits@3: 0.2833 hits@1: 0.1686
--> Epoch 501
elapsed time: 21.63819169998169
loss: 0.024560177388582606
--> Epoch 502
elapsed time: 21.627875566482544
loss: 0.02455953503358734
--> Epoch 503
elapsed time: 21.643921852111816
loss: 0.02459426844529352
--> Epoch 504
elapsed time: 21.637446403503418
loss: 0.024594354505457074
--> Epoch 505
elapsed time: 21.638931035995483
loss: 0.024612875425748297
--> Epoch 506
elapsed time: 21.638319969177246
loss: 0.024560250420743637
--> Epoch 507
elapsed time: 21.64037775993347
loss: 0.024551083516900763
--> Epoch 508
elapsed time: 21.63643717765808
loss: 0.024566419950054708
--> Epoch 509
elapsed time: 21.623953580856323
loss: 0.024534088209874207
--> Epoch 510
elapsed time: 21.644217252731323
loss: 0.024561926468449836
--> Epoch 511
elapsed time: 21.638623237609863
loss: 0.024536917077224992
--> Epoch 512
elapsed time: 21.62879514694214
loss: 0.024575107267454113
--> Epoch 513
elapsed time: 21.642719507217407
loss: 0.024555055999310085
--> Epoch 514
elapsed time: 21.624300956726074
loss: 0.024547046181848334
--> Epoch 515
elapsed time: 21.63642454147339
loss: 0.02453691624315247
--> Epoch 516
elapsed time: 21.6319682598114
loss: 0.02456769560965747
--> Epoch 517
elapsed time: 21.61811065673828
loss: 0.02451386839424734
--> Epoch 518
elapsed time: 21.612988233566284
loss: 0.024532413169713593
--> Epoch 519
elapsed time: 21.627121686935425
loss: 0.024493127660028573
--> Epoch 520
elapsed time: 21.62381339073181
loss: 0.024514081445456897
--> Epoch 521
elapsed time: 21.62447500228882
loss: 0.024502606536783034
--> Epoch 522
elapsed time: 21.63445782661438
loss: 0.024535526228001515
--> Epoch 523
elapsed time: 21.622655391693115
loss: 0.024508840091673697
--> Epoch 524
elapsed time: 21.622567892074585
loss: 0.02446471066551453
--> Epoch 525
elapsed time: 21.64512848854065
loss: 0.024500722848825148
--> Epoch 526
elapsed time: 21.63129949569702
loss: 0.024538841384164255
--> Epoch 527
elapsed time: 21.632518529891968
loss: 0.0245090379631138
--> Epoch 528
elapsed time: 21.684178590774536
loss: 0.0245433434553143
--> Epoch 529
elapsed time: 21.696410655975342
loss: 0.02449757503985181
--> Epoch 530
elapsed time: 21.70165467262268
loss: 0.024490233207592846
--> Epoch 531
elapsed time: 21.67693591117859
loss: 0.02446812675146146
--> Epoch 532
elapsed time: 21.676546096801758
loss: 0.024465856444605767
--> Epoch 533
elapsed time: 21.68527340888977
loss: 0.02448555550284803
--> Epoch 534
elapsed time: 21.687517881393433
loss: 0.024466793249980637
--> Epoch 535
elapsed time: 21.669129133224487
loss: 0.024514874665947983
--> Epoch 536
elapsed time: 21.67766761779785
loss: 0.024429106426023136
--> Epoch 537
elapsed time: 21.7013840675354
loss: 0.02444773160888413
--> Epoch 538
elapsed time: 21.693446397781372
loss: 0.024445873535363493
--> Epoch 539
elapsed time: 21.702044248580933
loss: 0.024486816052771466
--> Epoch 540
elapsed time: 21.70275855064392
loss: 0.024433287342454844
--> Epoch 541
elapsed time: 21.68092703819275
loss: 0.024466414381298724
--> Epoch 542
elapsed time: 21.676990509033203
loss: 0.024442187442969065
--> Epoch 543
elapsed time: 21.677443742752075
loss: 0.024472678863458327
--> Epoch 544
elapsed time: 21.692251205444336
loss: 0.02450961155093232
--> Epoch 545
elapsed time: 21.68809938430786
loss: 0.024432827710670787
--> Epoch 546
elapsed time: 21.69796061515808
loss: 0.024425845955930447
--> Epoch 547
elapsed time: 21.7128484249115
loss: 0.02446829278270871
--> Epoch 548
elapsed time: 21.706162691116333
loss: 0.024469140675251817
--> Epoch 549
elapsed time: 21.67548179626465
loss: 0.024449334992402472
--> Epoch 550
elapsed time: 21.698401927947998
loss: 0.024450142036419036
--> Epoch 551
elapsed time: 21.684131145477295
loss: 0.02436719467181814
--> Epoch 552
elapsed time: 21.699207305908203
loss: 0.024458508458433573
--> Epoch 553
elapsed time: 21.708561897277832
loss: 0.024430656222134185
--> Epoch 554
elapsed time: 21.699676990509033
loss: 0.02446351610544652
--> Epoch 555
elapsed time: 21.715311288833618
loss: 0.024425396893737683
--> Epoch 556
elapsed time: 21.71391725540161
loss: 0.02440240502932222
--> Epoch 557
elapsed time: 21.700018405914307
loss: 0.0244554626060648
--> Epoch 558
elapsed time: 21.694806575775146
loss: 0.024433291886047384
--> Epoch 559
elapsed time: 21.712512493133545
loss: 0.024427758775097744
--> Epoch 560
elapsed time: 21.700473308563232
loss: 0.024431327135352066
--> Epoch 561
elapsed time: 21.67851448059082
loss: 0.024429946531553035
--> Epoch 562
elapsed time: 21.695647716522217
loss: 0.024453930418346138
--> Epoch 563
elapsed time: 21.687705755233765
loss: 0.02443626954247395
--> Epoch 564
elapsed time: 21.68348979949951
loss: 0.024401204329359005
--> Epoch 565
elapsed time: 21.698275566101074
loss: 0.024386571052634032
--> Epoch 566
elapsed time: 21.69590163230896
loss: 0.024372916242855962
--> Epoch 567
elapsed time: 21.70306921005249
loss: 0.02440809515442415
--> Epoch 568
elapsed time: 21.680371522903442
loss: 0.02439343530127493
--> Epoch 569
elapsed time: 21.684385061264038
loss: 0.024433964760036595
--> Epoch 570
elapsed time: 21.68076777458191
loss: 0.02436289566228217
--> Epoch 571
elapsed time: 21.684900999069214
loss: 0.024388376612878584
--> Epoch 572
elapsed time: 21.68613839149475
loss: 0.02435417469110785
--> Epoch 573
elapsed time: 21.669061422348022
loss: 0.02437682926956203
--> Epoch 574
elapsed time: 21.65767765045166
loss: 0.0243603132773797
--> Epoch 575
elapsed time: 21.672677278518677
loss: 0.024391627799533834
--> Epoch 576
elapsed time: 21.6704363822937
loss: 0.02438554752123939
--> Epoch 577
elapsed time: 21.671905994415283
loss: 0.02436249720165725
--> Epoch 578
elapsed time: 21.678332328796387
loss: 0.02438718353521678
--> Epoch 579
elapsed time: 21.677533864974976
loss: 0.02442702567967063
--> Epoch 580
elapsed time: 21.681371212005615
loss: 0.024361714892446828
--> Epoch 581
elapsed time: 21.6639621257782
loss: 0.024396671197768775
--> Epoch 582
elapsed time: 21.640260457992554
loss: 0.024375501617102384
--> Epoch 583
elapsed time: 21.665714263916016
loss: 0.024335816134597933
--> Epoch 584
elapsed time: 21.66451930999756
loss: 0.024356353111558104
--> Epoch 585
elapsed time: 21.661176919937134
loss: 0.02436118256668661
--> Epoch 586
elapsed time: 21.681671380996704
loss: 0.024386041078397605
--> Epoch 587
elapsed time: 21.69019103050232
loss: 0.024358198337558295
--> Epoch 588
elapsed time: 21.699674129486084
loss: 0.02438695191187558
--> Epoch 589
elapsed time: 21.6823787689209
loss: 0.024351150074295582
--> Epoch 590
elapsed time: 21.689769983291626
loss: 0.024321045600375474
--> Epoch 591
elapsed time: 21.68391180038452
loss: 0.024376423880527968
--> Epoch 592
elapsed time: 21.661124229431152
loss: 0.024324876875708605
--> Epoch 593
elapsed time: 21.54667901992798
loss: 0.024378553006591263
--> Epoch 594
elapsed time: 21.354503393173218
loss: 0.02437195558931507
--> Epoch 595
elapsed time: 21.5039005279541
loss: 0.024323419931494505
--> Epoch 596
elapsed time: 21.69676637649536
loss: 0.024338998314017746
--> Epoch 597
elapsed time: 21.670743703842163
loss: 0.024319635632317354
--> Epoch 598
elapsed time: 21.694889307022095
loss: 0.024321815656079285
--> Epoch 599
elapsed time: 21.714200019836426
loss: 0.0243407943385004
--> Epoch 600
elapsed time: 21.696981191635132
loss: 0.024349677279199056
Evaluating model...
val mr: 187.22329711914062 mrr: 0.25340431928634644 hits@10: 0.4388 hits@5: 0.3394 hits@3: 0.2701 hits@1: 0.1663
--> Epoch 601
elapsed time: 21.661823272705078
loss: 0.02430120914971223
--> Epoch 602
elapsed time: 21.688843250274658
loss: 0.024322890574051206
--> Epoch 603
elapsed time: 21.69690728187561
loss: 0.02437481072294129
--> Epoch 604
elapsed time: 21.69500422477722
loss: 0.02432289525081499
--> Epoch 605
elapsed time: 21.693209409713745
loss: 0.024318256360230755
--> Epoch 606
elapsed time: 21.700505256652832
loss: 0.024325669812334673
--> Epoch 607
elapsed time: 21.70340847969055
loss: 0.024361887028544214
--> Epoch 608
elapsed time: 21.692896842956543
loss: 0.02433530872062143
--> Epoch 609
elapsed time: 21.694169521331787
loss: 0.024311842384589583
--> Epoch 610
elapsed time: 21.681016206741333
loss: 0.024318802616403894
--> Epoch 611
elapsed time: 21.691181182861328
loss: 0.024315783018044785
--> Epoch 612
elapsed time: 21.695318460464478
loss: 0.024299969393777487
--> Epoch 613
elapsed time: 21.703163385391235
loss: 0.02429736168706406
--> Epoch 614
elapsed time: 21.690603256225586
loss: 0.02426185145946123
--> Epoch 615
elapsed time: 21.703877210617065
loss: 0.02430829360401249
--> Epoch 616
elapsed time: 21.697134256362915
loss: 0.02429870034542604
--> Epoch 617
elapsed time: 21.707476139068604
loss: 0.024327718278678766
--> Epoch 618
elapsed time: 21.710931301116943
loss: 0.024259788209356908
--> Epoch 619
elapsed time: 21.707155227661133
loss: 0.02426998297616433
--> Epoch 620
elapsed time: 21.695879220962524
loss: 0.024246010771643296
--> Epoch 621
elapsed time: 21.68501925468445
loss: 0.024307652659581052
--> Epoch 622
elapsed time: 21.687833070755005
loss: 0.024229115316765217
--> Epoch 623
elapsed time: 21.703194618225098
loss: 0.024275914500428052
--> Epoch 624
elapsed time: 21.688374519348145
loss: 0.024315045259871913
--> Epoch 625
elapsed time: 21.68570351600647
loss: 0.02428229226400464
--> Epoch 626
elapsed time: 21.676543951034546
loss: 0.024178942649687448
--> Epoch 627
elapsed time: 21.68795919418335
loss: 0.02424596306304548
--> Epoch 628
elapsed time: 21.67835283279419
loss: 0.024291318850915945
--> Epoch 629
elapsed time: 21.69042992591858
loss: 0.024292865366809007
--> Epoch 630
elapsed time: 21.68509531021118
loss: 0.024242497444405157
--> Epoch 631
elapsed time: 21.69809126853943
loss: 0.02423001720148611
--> Epoch 632
elapsed time: 21.688164949417114
loss: 0.024245671554698995
--> Epoch 633
elapsed time: 21.622254848480225
loss: 0.024248036642682408
--> Epoch 634
elapsed time: 21.694526195526123
loss: 0.024216329023550393
--> Epoch 635
elapsed time: 21.691349506378174
loss: 0.024221862626883185
--> Epoch 636
elapsed time: 21.707669019699097
loss: 0.024284803682652602
--> Epoch 637
elapsed time: 21.700012683868408
loss: 0.024239395208032987
--> Epoch 638
elapsed time: 21.70202326774597
loss: 0.024241870150026126
--> Epoch 639
elapsed time: 21.69495940208435
loss: 0.02419131105154164
--> Epoch 640
elapsed time: 21.68826150894165
loss: 0.024248145154466185
--> Epoch 641
elapsed time: 21.688507795333862
loss: 0.024221210087792332
--> Epoch 642
elapsed time: 21.674299478530884
loss: 0.024265225056772623
--> Epoch 643
elapsed time: 21.655865907669067
loss: 0.024248822030601698
--> Epoch 644
elapsed time: 21.675960063934326
loss: 0.024251977207799733
--> Epoch 645
elapsed time: 21.70101499557495
loss: 0.024250995366013172
--> Epoch 646
elapsed time: 21.703406810760498
loss: 0.02424023781578045
--> Epoch 647
elapsed time: 21.697355031967163
loss: 0.02426892608537331
--> Epoch 648
elapsed time: 21.68870782852173
loss: 0.024205107269905025
--> Epoch 649
elapsed time: 21.690757274627686
loss: 0.02419930851211384
--> Epoch 650
elapsed time: 21.687912464141846
loss: 0.024241894369669826
--> Epoch 651
elapsed time: 21.705081462860107
loss: 0.024206901319598323
--> Epoch 652
elapsed time: 21.692532777786255
loss: 0.02419696172291057
--> Epoch 653
elapsed time: 21.70451068878174
loss: 0.024260848354082116
--> Epoch 654
elapsed time: 21.68633198738098
loss: 0.024190111879543213
--> Epoch 655
elapsed time: 21.686079740524292
loss: 0.024211881242461174
--> Epoch 656
elapsed time: 21.69302225112915
loss: 0.024190109026875007
--> Epoch 657
elapsed time: 21.70016622543335
loss: 0.02416860524421297
--> Epoch 658
elapsed time: 21.6957049369812
loss: 0.024145650863997913
--> Epoch 659
elapsed time: 21.704007387161255
loss: 0.02420927148911601
--> Epoch 660
elapsed time: 21.70752477645874
loss: 0.02417258634946028
--> Epoch 661
elapsed time: 21.70122480392456
loss: 0.02419807272678485
--> Epoch 662
elapsed time: 21.69721007347107
loss: 0.0241624030599113
--> Epoch 663
elapsed time: 21.698513746261597
loss: 0.024182095499893235
--> Epoch 664
elapsed time: 21.717580795288086
loss: 0.024179964442846917
--> Epoch 665
elapsed time: 21.710347414016724
loss: 0.02423028258373742
--> Epoch 666
elapsed time: 21.689115285873413
loss: 0.024191962854686146
--> Epoch 667
elapsed time: 21.70207977294922
loss: 0.02417298087277226
--> Epoch 668
elapsed time: 21.678688764572144
loss: 0.024173207232344857
--> Epoch 669
elapsed time: 21.68853235244751
loss: 0.02417555345907485
--> Epoch 670
elapsed time: 21.690621376037598
loss: 0.024169546968162564
--> Epoch 671
elapsed time: 21.7170147895813
loss: 0.024160878526034605
--> Epoch 672
elapsed time: 21.695120811462402
loss: 0.024148012054970212
--> Epoch 673
elapsed time: 21.69523286819458
loss: 0.024149219127878308
--> Epoch 674
elapsed time: 21.691030263900757
loss: 0.024188962976184523
--> Epoch 675
elapsed time: 21.63573384284973
loss: 0.02415873126765522
--> Epoch 676
elapsed time: 21.68259286880493
loss: 0.02410467413384625
--> Epoch 677
elapsed time: 21.680922031402588
loss: 0.024166334297784857
--> Epoch 678
elapsed time: 21.695466995239258
loss: 0.024187794275869205
--> Epoch 679
elapsed time: 21.695926189422607
loss: 0.024163583922616066
--> Epoch 680
elapsed time: 21.713154077529907
loss: 0.02416367745613951
--> Epoch 681
elapsed time: 21.698675394058228
loss: 0.024183769891720164
--> Epoch 682
elapsed time: 21.688122272491455
loss: 0.024174714886766497
--> Epoch 683
elapsed time: 21.681686401367188
loss: 0.02413592251019442
--> Epoch 684
elapsed time: 21.706464290618896
loss: 0.02417519044127536
--> Epoch 685
elapsed time: 21.70434284210205
loss: 0.024144976779201743
--> Epoch 686
elapsed time: 21.687686920166016
loss: 0.024122832537482396
--> Epoch 687
elapsed time: 21.686635494232178
loss: 0.0241269685191331
--> Epoch 688
elapsed time: 21.69623565673828
loss: 0.024171362397097128
--> Epoch 689
elapsed time: 21.622287034988403
loss: 0.02414567560931757
--> Epoch 690
elapsed time: 21.700827836990356
loss: 0.024105234698919002
--> Epoch 691
elapsed time: 21.712470531463623
loss: 0.024125011240045416
--> Epoch 692
elapsed time: 21.629446744918823
loss: 0.024136349797136695
--> Epoch 693
elapsed time: 21.206133127212524
loss: 0.02411018653141084
--> Epoch 694
elapsed time: 21.613094568252563
loss: 0.02412120015417363
--> Epoch 695
elapsed time: 21.72719407081604
loss: 0.024128247961850518
--> Epoch 696
elapsed time: 21.708240747451782
loss: 0.024142153653984685
--> Epoch 697
elapsed time: 21.722393035888672
loss: 0.024146226913732173
--> Epoch 698
elapsed time: 21.751988649368286
loss: 0.024146581506698288
--> Epoch 699
elapsed time: 21.719244956970215
loss: 0.024122210480588175
--> Epoch 700
elapsed time: 21.736185789108276
loss: 0.024139925220723658
Evaluating model...
val mr: 182.43020629882812 mrr: 0.26112306118011475 hits@10: 0.4477 hits@5: 0.3519 hits@3: 0.2852 hits@1: 0.1708
--> Epoch 701
elapsed time: 21.625640869140625
loss: 0.024097483252943516
--> Epoch 702
elapsed time: 21.726782083511353
loss: 0.024094568204523704
--> Epoch 703
elapsed time: 21.685829162597656
loss: 0.024106681916375598
--> Epoch 704
elapsed time: 21.708773851394653
loss: 0.024127556860923542
--> Epoch 705
elapsed time: 21.73123073577881
loss: 0.024118842674473603
--> Epoch 706
elapsed time: 21.690275192260742
loss: 0.02412209116090667
--> Epoch 707
elapsed time: 21.7049503326416
loss: 0.024131262331486086
--> Epoch 708
elapsed time: 21.702942848205566
loss: 0.024084825478739483
--> Epoch 709
elapsed time: 21.705864191055298
loss: 0.024056693943793887
--> Epoch 710
elapsed time: 21.726213932037354
loss: 0.024063167976161162
--> Epoch 711
elapsed time: 21.707561254501343
loss: 0.024126173970434088
--> Epoch 712
elapsed time: 21.698429822921753
loss: 0.024103493977299526
--> Epoch 713
elapsed time: 21.71150493621826
loss: 0.024112856071635113
--> Epoch 714
elapsed time: 21.709986448287964
loss: 0.024067440670358608
--> Epoch 715
elapsed time: 21.704628944396973
loss: 0.024094832328657216
--> Epoch 716
elapsed time: 21.707114458084106
loss: 0.024081642288269575
--> Epoch 717
elapsed time: 21.720871210098267
loss: 0.024063822616203597
--> Epoch 718
elapsed time: 21.70522403717041
loss: 0.024060316804379422
--> Epoch 719
elapsed time: 21.68892812728882
loss: 0.02411158308597073
--> Epoch 720
elapsed time: 21.686399221420288
loss: 0.02409074383306817
--> Epoch 721
elapsed time: 21.692097902297974
loss: 0.02407050920914953
--> Epoch 722
elapsed time: 21.700628995895386
loss: 0.02407601104763635
--> Epoch 723
elapsed time: 21.689033031463623
loss: 0.024036998665161773
--> Epoch 724
elapsed time: 21.69476866722107
loss: 0.0240893675065192
--> Epoch 725
elapsed time: 21.684648275375366
loss: 0.02405600275174975
--> Epoch 726
elapsed time: 21.693554401397705
loss: 0.0240839970274456
--> Epoch 727
elapsed time: 21.691057443618774
loss: 0.024079144030795384
--> Epoch 728
elapsed time: 21.638303518295288
loss: 0.024058129873235384
--> Epoch 729
elapsed time: 21.6373131275177
loss: 0.024073226799660993
--> Epoch 730
elapsed time: 21.693119764328003
loss: 0.024062829523199252
--> Epoch 731
elapsed time: 21.691089153289795
loss: 0.024115611063991082
--> Epoch 732
elapsed time: 21.68683123588562
loss: 0.024041991595000114
--> Epoch 733
elapsed time: 21.656311511993408
loss: 0.024071851145977246
--> Epoch 734
elapsed time: 21.708556413650513
loss: 0.024024600888534975
--> Epoch 735
elapsed time: 21.686644554138184
loss: 0.02407996436915696
--> Epoch 736
elapsed time: 21.655938863754272
loss: 0.02405567152683228
--> Epoch 737
elapsed time: 21.685697317123413
loss: 0.024049861044714953
--> Epoch 738
elapsed time: 21.686245679855347
loss: 0.024046377444452312
--> Epoch 739
elapsed time: 21.67558717727661
loss: 0.024020867690317832
--> Epoch 740
elapsed time: 21.69998073577881
loss: 0.02399531199385676
--> Epoch 741
elapsed time: 21.681188821792603
loss: 0.02406448941513097
--> Epoch 742
elapsed time: 21.671664476394653
loss: 0.024039205437068768
--> Epoch 743
elapsed time: 21.671215057373047
loss: 0.024055579312755496
--> Epoch 744
elapsed time: 21.676128149032593
loss: 0.024067253727721696
--> Epoch 745
elapsed time: 21.67637848854065
loss: 0.02403918574349508
--> Epoch 746
elapsed time: 21.684741020202637
loss: 0.023973535791894568
--> Epoch 747
elapsed time: 21.6921808719635
loss: 0.024039629293099284
--> Epoch 748
elapsed time: 21.691086769104004
loss: 0.024017092445032952
--> Epoch 749
elapsed time: 21.676939725875854
loss: 0.024016499545631943
--> Epoch 750
elapsed time: 21.686445951461792
loss: 0.024033987113149347
--> Epoch 751
elapsed time: 21.677629232406616
loss: 0.02399028602703663
--> Epoch 752
elapsed time: 21.68142032623291
loss: 0.02402423440477866
--> Epoch 753
elapsed time: 21.707592487335205
loss: 0.02397082668579309
--> Epoch 754
elapsed time: 21.698960304260254
loss: 0.024041251548384567
--> Epoch 755
elapsed time: 21.699307918548584
loss: 0.02403564879413158
--> Epoch 756
elapsed time: 21.71030282974243
loss: 0.024028289332453195
--> Epoch 757
elapsed time: 21.692601680755615
loss: 0.02399791933610152
--> Epoch 758
elapsed time: 21.682387828826904
loss: 0.02398998266469726
--> Epoch 759
elapsed time: 21.690159797668457
loss: 0.023996996228089897
--> Epoch 760
elapsed time: 21.674461126327515
loss: 0.024006421897676006
--> Epoch 761
elapsed time: 21.684168100357056
loss: 0.02402033461108874
--> Epoch 762
elapsed time: 21.68811821937561
loss: 0.023929956729190033
--> Epoch 763
elapsed time: 21.695239305496216
loss: 0.02398850774762211
--> Epoch 764
elapsed time: 21.683635473251343
loss: 0.023968681835009595
--> Epoch 765
elapsed time: 21.67877435684204
loss: 0.02393057094299894
--> Epoch 766
elapsed time: 21.680664777755737
loss: 0.02396134081930062
--> Epoch 767
elapsed time: 21.681352615356445
loss: 0.023974814835098255
--> Epoch 768
elapsed time: 21.686814308166504
loss: 0.023987925459866465
--> Epoch 769
elapsed time: 21.670966863632202
loss: 0.024023529832529103
--> Epoch 770
elapsed time: 21.681978225708008
loss: 0.023976750678872567
--> Epoch 771
elapsed time: 21.688709259033203
loss: 0.023973187419427305
--> Epoch 772
elapsed time: 21.69508647918701
loss: 0.023973215194392744
--> Epoch 773
elapsed time: 21.68621850013733
loss: 0.0240329393323227
--> Epoch 774
elapsed time: 21.67516255378723
loss: 0.023985644150612943
--> Epoch 775
elapsed time: 21.686518907546997
loss: 0.023960654671993438
--> Epoch 776
elapsed time: 21.6830153465271
loss: 0.023974435948893806
--> Epoch 777
elapsed time: 21.701127767562866
loss: 0.02394792549522385
--> Epoch 778
elapsed time: 21.69037175178528
loss: 0.023967367841363624
--> Epoch 779
elapsed time: 21.68764019012451
loss: 0.023974055667895813
--> Epoch 780
elapsed time: 21.67681050300598
loss: 0.02399567764354055
--> Epoch 781
elapsed time: 21.68481206893921
loss: 0.023905785300489427
--> Epoch 782
elapsed time: 21.681281328201294
loss: 0.023927357690873174
--> Epoch 783
elapsed time: 21.694751739501953
loss: 0.023964034771916446
--> Epoch 784
elapsed time: 21.689472436904907
loss: 0.023954364720833603
--> Epoch 785
elapsed time: 21.680668354034424
loss: 0.023932018771991904
--> Epoch 786
elapsed time: 21.680654048919678
loss: 0.023944508671578324
--> Epoch 787
elapsed time: 21.766498565673828
loss: 0.023995221780853122
--> Epoch 788
elapsed time: 21.682353973388672
loss: 0.023938092451300803
--> Epoch 789
elapsed time: 21.69670796394348
loss: 0.02397783996532071
--> Epoch 790
elapsed time: 21.68741464614868
loss: 0.023979038862215384
--> Epoch 791
elapsed time: 21.59155821800232
loss: 0.023970578107649947
--> Epoch 792
elapsed time: 21.158654928207397
loss: 0.023928242238800926
--> Epoch 793
elapsed time: 21.28372550010681
loss: 0.023919155230694857
--> Epoch 794
elapsed time: 21.639886379241943
loss: 0.023923883452899367
--> Epoch 795
elapsed time: 21.637508392333984
loss: 0.023954417910479423
--> Epoch 796
elapsed time: 21.64519739151001
loss: 0.023915760807854212
--> Epoch 797
elapsed time: 21.655725479125977
loss: 0.0239097037521714
--> Epoch 798
elapsed time: 21.62557888031006
loss: 0.023919572237167622
--> Epoch 799
elapsed time: 21.645232677459717
loss: 0.023941202714744876
--> Epoch 800
elapsed time: 21.6453857421875
loss: 0.023990668167175263
Evaluating model...
val mr: 187.63040161132812 mrr: 0.25922101736068726 hits@10: 0.4423 hits@5: 0.3536 hits@3: 0.2861 hits@1: 0.1679
--> Epoch 801
elapsed time: 21.559614181518555
loss: 0.02390853441403592
--> Epoch 802
elapsed time: 21.640939235687256
loss: 0.023897732177842145
--> Epoch 803
elapsed time: 21.627676486968994
loss: 0.023937776881013405
--> Epoch 804
elapsed time: 21.652166604995728
loss: 0.023911244944719245
--> Epoch 805
elapsed time: 21.639253616333008
loss: 0.02392852822579759
--> Epoch 806
elapsed time: 21.643428802490234
loss: 0.023944167297610335
--> Epoch 807
elapsed time: 21.629337549209595
loss: 0.02390965250226987
--> Epoch 808
elapsed time: 21.63264799118042
loss: 0.023935815224797236
--> Epoch 809
elapsed time: 21.63830828666687
loss: 0.023930060755205627
--> Epoch 810
elapsed time: 21.636634349822998
loss: 0.02386785686709975
--> Epoch 811
elapsed time: 21.64407205581665
loss: 0.02385597979528996
--> Epoch 812
elapsed time: 21.640384197235107
loss: 0.023926419271673105
--> Epoch 813
elapsed time: 21.653029680252075
loss: 0.023918281336466545
--> Epoch 814
elapsed time: 21.64103412628174
loss: 0.023891023124514722
--> Epoch 815
elapsed time: 21.640754222869873
loss: 0.02389124397500326
--> Epoch 816
elapsed time: 21.64119863510132
loss: 0.023920171442927893
--> Epoch 817
elapsed time: 21.653844118118286
loss: 0.023957703688365046
--> Epoch 818
elapsed time: 21.6451153755188
loss: 0.023919200352966952
--> Epoch 819
elapsed time: 21.63739037513733
loss: 0.02387414092367983
--> Epoch 820
elapsed time: 21.642282485961914
loss: 0.023910489921595616
--> Epoch 821
elapsed time: 21.645793676376343
loss: 0.02387435506654313
--> Epoch 822
elapsed time: 21.638777017593384
loss: 0.02391155110891148
--> Epoch 823
elapsed time: 21.628237009048462
loss: 0.02393285927002652
--> Epoch 824
elapsed time: 21.633708000183105
loss: 0.02388834383124915
--> Epoch 825
elapsed time: 21.638638257980347
loss: 0.023896471589369136
--> Epoch 826
elapsed time: 21.63489055633545
loss: 0.023894161539658666
--> Epoch 827
elapsed time: 21.64214038848877
loss: 0.02386709475786419
--> Epoch 828
elapsed time: 21.646449327468872
loss: 0.023857306969384484
--> Epoch 829
elapsed time: 21.627402782440186
loss: 0.02389534575267154
--> Epoch 830
elapsed time: 21.629963397979736
loss: 0.02389826288452041
--> Epoch 831
elapsed time: 21.635854482650757
loss: 0.02390624357953401
--> Epoch 832
elapsed time: 21.636985778808594
loss: 0.02383111585159405
--> Epoch 833
elapsed time: 21.636953830718994
loss: 0.023867452753706015
--> Epoch 834
elapsed time: 21.630641222000122
loss: 0.023844926354325502
--> Epoch 835
elapsed time: 21.654155254364014
loss: 0.023831586557618314
--> Epoch 836
elapsed time: 21.64051914215088
loss: 0.023878861973912
--> Epoch 837
elapsed time: 21.64594030380249
loss: 0.02385499720353903
--> Epoch 838
elapsed time: 21.624792337417603
loss: 0.023854890869805977
--> Epoch 839
elapsed time: 21.63688087463379
loss: 0.0238538380319766
--> Epoch 840
elapsed time: 21.636653184890747
loss: 0.023888569845627865
--> Epoch 841
elapsed time: 21.62388253211975
loss: 0.023858239565847175
--> Epoch 842
elapsed time: 21.620280981063843
loss: 0.023869277094600343
--> Epoch 843
elapsed time: 21.637376308441162
loss: 0.0238420804375511
--> Epoch 844
elapsed time: 21.638171195983887
loss: 0.02392286767697738
--> Epoch 845
elapsed time: 21.63547110557556
loss: 0.023877097351558907
--> Epoch 846
elapsed time: 21.636523962020874
loss: 0.023858170024174515
--> Epoch 847
elapsed time: 21.63277268409729
loss: 0.023827114048731966
--> Epoch 848
elapsed time: 21.637337923049927
loss: 0.023859275538239518
--> Epoch 849
elapsed time: 21.63267731666565
loss: 0.023855261667609665
--> Epoch 850
elapsed time: 21.634297847747803
loss: 0.023885325482246568
--> Epoch 851
elapsed time: 21.64100408554077
loss: 0.023826723893787205
--> Epoch 852
elapsed time: 21.64737105369568
loss: 0.023851168468973036
--> Epoch 853
elapsed time: 21.644899129867554
loss: 0.023857126520597925
--> Epoch 854
elapsed time: 21.642883777618408
loss: 0.023880171094541828
--> Epoch 855
elapsed time: 21.639922380447388
loss: 0.02382980693422559
--> Epoch 856
elapsed time: 21.645984888076782
loss: 0.023840728998254294
--> Epoch 857
elapsed time: 21.63991093635559
loss: 0.023943835548769162
--> Epoch 858
elapsed time: 21.644227743148804
loss: 0.02384025726716191
--> Epoch 859
elapsed time: 21.655064821243286
loss: 0.02382816025953975
--> Epoch 860
elapsed time: 21.647087335586548
loss: 0.023829708259591267
--> Epoch 861
elapsed time: 21.636114597320557
loss: 0.023792122151643065
--> Epoch 862
elapsed time: 21.64380168914795
loss: 0.023822332952287213
--> Epoch 863
elapsed time: 21.64570450782776
loss: 0.02384577205304761
--> Epoch 864
elapsed time: 21.63576030731201
loss: 0.023840113421192397
--> Epoch 865
elapsed time: 21.639212369918823
loss: 0.023834790841712215
--> Epoch 866
elapsed time: 21.630341053009033
loss: 0.023771572067828976
--> Epoch 867
elapsed time: 21.6432204246521
loss: 0.02378542636287235
--> Epoch 868
elapsed time: 21.627280712127686
loss: 0.023848374196357134
--> Epoch 869
elapsed time: 21.629403114318848
loss: 0.023813940050222353
--> Epoch 870
elapsed time: 21.65729308128357
loss: 0.023784652371607855
--> Epoch 871
elapsed time: 21.654287815093994
loss: 0.023833891329542153
--> Epoch 872
elapsed time: 21.634634017944336
loss: 0.023826983384963262
--> Epoch 873
elapsed time: 21.635173797607422
loss: 0.02382683596089272
--> Epoch 874
elapsed time: 21.63883113861084
loss: 0.023819767056087335
--> Epoch 875
elapsed time: 21.63535785675049
loss: 0.023789299298025254
--> Epoch 876
elapsed time: 21.648881673812866
loss: 0.023817468997045496
--> Epoch 877
elapsed time: 21.64888858795166
loss: 0.02385596944998708
--> Epoch 878
elapsed time: 21.636402130126953
loss: 0.023772667203298292
--> Epoch 879
elapsed time: 21.635987043380737
loss: 0.023785711699783073
--> Epoch 880
elapsed time: 21.647236347198486
loss: 0.023761852815228593
--> Epoch 881
elapsed time: 21.645530939102173
loss: 0.023799461658662036
--> Epoch 882
elapsed time: 21.63464045524597
loss: 0.02378285812215769
--> Epoch 883
elapsed time: 21.627237558364868
loss: 0.023802670312875415
--> Epoch 884
elapsed time: 21.640865325927734
loss: 0.023860226878554665
--> Epoch 885
elapsed time: 21.635303020477295
loss: 0.02376340014591939
--> Epoch 886
elapsed time: 21.636459827423096
loss: 0.023801004396697203
--> Epoch 887
elapsed time: 21.641711950302124
loss: 0.023775929861955227
--> Epoch 888
elapsed time: 21.64653205871582
loss: 0.02379006291244631
--> Epoch 889
elapsed time: 21.651265621185303
loss: 0.023761033475651342
--> Epoch 890
elapsed time: 21.637566804885864
loss: 0.023804148743218224
--> Epoch 891
elapsed time: 21.304630041122437
loss: 0.02374706707845739
--> Epoch 892
elapsed time: 21.174565315246582
loss: 0.02379412358575908
--> Epoch 893
elapsed time: 21.60965061187744
loss: 0.023772993765470003
--> Epoch 894
elapsed time: 21.691869735717773
loss: 0.023756072508663583
--> Epoch 895
elapsed time: 21.717058181762695
loss: 0.023836290964949613
--> Epoch 896
elapsed time: 21.695550441741943
loss: 0.023774936961698735
--> Epoch 897
elapsed time: 21.687546730041504
loss: 0.023778735415577217
--> Epoch 898
elapsed time: 21.713298559188843
loss: 0.023766768761574943
--> Epoch 899
elapsed time: 21.697484731674194
loss: 0.02375469265482892
--> Epoch 900
elapsed time: 21.710301160812378
loss: 0.023773125156423783
Evaluating model...
val mr: 190.63290405273438 mrr: 0.27083438634872437 hits@10: 0.4586 hits@5: 0.3609 hits@3: 0.2937 hits@1: 0.1819
--> Epoch 901
elapsed time: 21.68442463874817
loss: 0.023747753884611776
--> Epoch 902
elapsed time: 21.70831847190857
loss: 0.023756589807100378
--> Epoch 903
elapsed time: 21.701520919799805
loss: 0.02375765811382098
--> Epoch 904
elapsed time: 21.70781373977661
loss: 0.02376921463193528
--> Epoch 905
elapsed time: 21.688501358032227
loss: 0.023737679150652908
--> Epoch 906
elapsed time: 21.68961501121521
loss: 0.023778819982821046
--> Epoch 907
elapsed time: 21.695412635803223
loss: 0.02369062691884902
--> Epoch 908
elapsed time: 21.705153226852417
loss: 0.023762871955476723
--> Epoch 909
elapsed time: 21.71078109741211
loss: 0.02373422615524462
--> Epoch 910
elapsed time: 21.689632415771484
loss: 0.023757008933799513
--> Epoch 911
elapsed time: 21.702840328216553
loss: 0.02373863631195318
--> Epoch 912
elapsed time: 21.68347978591919
loss: 0.023753403248799824
--> Epoch 913
elapsed time: 21.703450202941895
loss: 0.023767956957459337
--> Epoch 914
elapsed time: 21.713497161865234
loss: 0.02375505098710336
--> Epoch 915
elapsed time: 21.687722206115723
loss: 0.02373741743411529
--> Epoch 916
elapsed time: 21.686344623565674
loss: 0.023716880427366815
--> Epoch 917
elapsed time: 21.695648670196533
loss: 0.023726050034936375
--> Epoch 918
elapsed time: 21.703382968902588
loss: 0.02372070577657963
--> Epoch 919
elapsed time: 21.69032049179077
loss: 0.02374313916460815
--> Epoch 920
elapsed time: 21.68337321281433
loss: 0.02371864929718166
--> Epoch 921
elapsed time: 21.665867567062378
loss: 0.02375128896957787
--> Epoch 922
elapsed time: 21.677059650421143
loss: 0.02371285279278809
--> Epoch 923
elapsed time: 21.700045585632324
loss: 0.023738846563062126
--> Epoch 924
elapsed time: 21.685914993286133
loss: 0.023733487606805558
--> Epoch 925
elapsed time: 21.691946983337402
loss: 0.023804353779621652
--> Epoch 926
elapsed time: 21.71953272819519
loss: 0.02371199637903768
--> Epoch 927
elapsed time: 21.716644048690796
loss: 0.023721345277154436
--> Epoch 928
elapsed time: 21.703819036483765
loss: 0.023693849955556647
--> Epoch 929
elapsed time: 21.694671154022217
loss: 0.023726345894127553
--> Epoch 930
elapsed time: 21.701417684555054
loss: 0.023774266122075487
--> Epoch 931
elapsed time: 21.68803381919861
loss: 0.02370964547379165
--> Epoch 932
elapsed time: 21.68816304206848
loss: 0.02369711968455523
--> Epoch 933
elapsed time: 21.70264196395874
loss: 0.023744649570067312
--> Epoch 934
elapsed time: 21.695587158203125
loss: 0.023754376280257304
--> Epoch 935
elapsed time: 21.78939723968506
loss: 0.023718698141239548
--> Epoch 936
elapsed time: 21.702357053756714
loss: 0.02372414922746475
--> Epoch 937
elapsed time: 21.693044185638428
loss: 0.023716015692165967
--> Epoch 938
elapsed time: 21.68749976158142
loss: 0.02364540531151943
--> Epoch 939
elapsed time: 21.693657159805298
loss: 0.02363800741416715
--> Epoch 940
elapsed time: 21.693009853363037
loss: 0.023737164648812217
--> Epoch 941
elapsed time: 21.706372022628784
loss: 0.023684687362256637
--> Epoch 942
elapsed time: 21.682154893875122
loss: 0.023703012017923936
--> Epoch 943
elapsed time: 21.68345546722412
loss: 0.02372332524266427
--> Epoch 944
elapsed time: 21.69666314125061
loss: 0.023683142977103465
--> Epoch 945
elapsed time: 21.69469404220581
loss: 0.023696077027316936
--> Epoch 946
elapsed time: 21.6832914352417
loss: 0.023667217588870457
--> Epoch 947
elapsed time: 21.683042287826538
loss: 0.023655188842023864
--> Epoch 948
elapsed time: 21.713646411895752
loss: 0.02373015245568158
--> Epoch 949
elapsed time: 21.676507234573364
loss: 0.02368542249029746
--> Epoch 950
elapsed time: 21.691038846969604
loss: 0.023733894388880912
--> Epoch 951
elapsed time: 21.6873996257782
loss: 0.023658100550649083
--> Epoch 952
elapsed time: 21.68738102912903
loss: 0.023725103515069772
--> Epoch 953
elapsed time: 21.68790555000305
loss: 0.02370343458079159
--> Epoch 954
elapsed time: 21.68417477607727
loss: 0.023678865227655544
--> Epoch 955
elapsed time: 21.6868999004364
loss: 0.02371839844636612
--> Epoch 956
elapsed time: 21.669968605041504
loss: 0.023696032728603843
--> Epoch 957
elapsed time: 21.672569036483765
loss: 0.02366444613234344
--> Epoch 958
elapsed time: 21.698614358901978
loss: 0.023630501299409627
--> Epoch 959
elapsed time: 21.681089878082275
loss: 0.023614608362905843
--> Epoch 960
elapsed time: 21.688993453979492
loss: 0.02371447407031609
--> Epoch 961
elapsed time: 21.69782257080078
loss: 0.023652284897632568
--> Epoch 962
elapsed time: 21.707639455795288
loss: 0.023668609485941346
--> Epoch 963
elapsed time: 21.699279069900513
loss: 0.023658944257059302
--> Epoch 964
elapsed time: 21.691630840301514
loss: 0.023701432005958745
--> Epoch 965
elapsed time: 21.687582969665527
loss: 0.023696943430662826
--> Epoch 966
elapsed time: 21.685209035873413
loss: 0.023675156119415362
--> Epoch 967
elapsed time: 21.697330236434937
loss: 0.023688819341761036
--> Epoch 968
elapsed time: 21.698663473129272
loss: 0.023712357294133332
--> Epoch 969
elapsed time: 21.687332153320312
loss: 0.023701248637918358
--> Epoch 970
elapsed time: 21.693260669708252
loss: 0.023656317058281303
--> Epoch 971
elapsed time: 21.69388175010681
loss: 0.023637536932431296
--> Epoch 972
elapsed time: 21.686834812164307
loss: 0.023661621438859772
--> Epoch 973
elapsed time: 21.70650005340576
loss: 0.0237101640093192
--> Epoch 974
elapsed time: 21.68055820465088
loss: 0.023652823596337663
--> Epoch 975
elapsed time: 21.685768604278564
loss: 0.023648230301133888
--> Epoch 976
elapsed time: 21.689980030059814
loss: 0.023618549220649453
--> Epoch 977
elapsed time: 21.69587278366089
loss: 0.023579916442803134
--> Epoch 978
elapsed time: 21.704323053359985
loss: 0.023688049818742198
--> Epoch 979
elapsed time: 21.696133136749268
loss: 0.02372154933580058
--> Epoch 980
elapsed time: 21.126945972442627
loss: 0.02363033647371258
--> Epoch 981
elapsed time: 21.057121515274048
loss: 0.0236179043792069
--> Epoch 982
elapsed time: 21.059730768203735
loss: 0.023682740866535133
--> Epoch 983
elapsed time: 21.05409073829651
loss: 0.023661147845122237
--> Epoch 984
elapsed time: 21.047820329666138
loss: 0.023731796127005444
--> Epoch 985
elapsed time: 21.06828212738037
loss: 0.0236533276845376
--> Epoch 986
elapsed time: 21.062196493148804
loss: 0.023645963351595325
--> Epoch 987
elapsed time: 21.050823211669922
loss: 0.02364070095850798
--> Epoch 988
elapsed time: 21.00640559196472
loss: 0.02365396535225556
--> Epoch 989
elapsed time: 21.049128532409668
loss: 0.023611478006374354
--> Epoch 990
elapsed time: 21.0595064163208
loss: 0.023637269140831838
--> Epoch 991
elapsed time: 21.11018657684326
loss: 0.023619857556269847
--> Epoch 992
elapsed time: 21.163451194763184
loss: 0.023605532565715733
--> Epoch 993
elapsed time: 21.162556171417236
loss: 0.023641910323363255
--> Epoch 994
elapsed time: 21.148310899734497
loss: 0.02362867256386428
--> Epoch 995
elapsed time: 21.40512442588806
loss: 0.02362438611272698
--> Epoch 996
elapsed time: 21.623874187469482
loss: 0.02365197564772245
--> Epoch 997
elapsed time: 21.636873960494995
loss: 0.023607999152965627
--> Epoch 998
elapsed time: 21.63616180419922
loss: 0.023652794025312698
--> Epoch 999
elapsed time: 21.62554407119751
loss: 0.02362539600458273
--> Epoch 1000
elapsed time: 21.62522554397583
loss: 0.02363978991300737
Evaluating model...
val mr: 185.6407928466797 mrr: 0.26890015602111816 hits@10: 0.4585 hits@5: 0.3588 hits@3: 0.2916 hits@1: 0.1795
Start testing...
test mr: 220.14759826660156 mrr: 0.262527734041214 hits@10: 0.4531 hits@5: 0.3565 hits@3: 0.2876 hits@1: 0.1718
{'epoch': [100, 200, 300, 400, 500, 600, 700, 800, 900, 1000], 'val_mrr': [0.23208634555339813, 0.24185600876808167, 0.2603927552700043, 0.2581599950790405, 0.2587094008922577, 0.25340431928634644, 0.26112306118011475, 0.25922101736068726, 0.27083438634872437, 0.26890015602111816], 'val_mr': [200.5904998779297, 196.84140014648438, 196.4541015625, 197.2864990234375, 189.1934051513672, 187.22329711914062, 182.43020629882812, 187.63040161132812, 190.63290405273438, 185.6407928466797], 'val_hits10': [0.4017, 0.4198, 0.4364, 0.4389, 0.4424, 0.4388, 0.4477, 0.4423, 0.4586, 0.4585], 'val_hits5': [0.3133, 0.3224, 0.3431, 0.3451, 0.3482, 0.3394, 0.3519, 0.3536, 0.3609, 0.3588], 'val_hits3': [0.2504, 0.2601, 0.282, 0.2777, 0.2833, 0.2701, 0.2852, 0.2861, 0.2937, 0.2916], 'val_hits1': [0.1492, 0.1568, 0.1749, 0.1709, 0.1686, 0.1663, 0.1708, 0.1679, 0.1819, 0.1795]}
