Using CUDA
Load processed dataset...
Model type: DistMultLitPaper
14923 237
torch.Size([14923, 121]) torch.Size([14923, 300])
Start training...
Evaluating model...
val mr: 7397.47314453125 mrr: 0.004750709980726242 hits@10: 0.004448246364414029 hits@5: 0.00433418876532649 hits@3: 0.00433418876532649 hits@1: 0.00433418876532649
--> Epoch 1
elapsed time: 33.10287523269653
loss: 0.21811170630710705
--> Epoch 2
elapsed time: 33.09696412086487
loss: 0.0674558572036583
--> Epoch 3
elapsed time: 33.105889081954956
loss: 0.05190779210566802
--> Epoch 4
elapsed time: 33.09314465522766
loss: 0.04627958240788272
--> Epoch 5
elapsed time: 33.10018444061279
loss: 0.0431436825778444
--> Epoch 6
elapsed time: 33.10692858695984
loss: 0.04152738325024481
--> Epoch 7
elapsed time: 33.08268094062805
loss: 0.03983848964618493
--> Epoch 8
elapsed time: 33.08482837677002
loss: 0.039063868103224715
--> Epoch 9
elapsed time: 33.05957388877869
loss: 0.038034229422809936
--> Epoch 10
elapsed time: 33.07915019989014
loss: 0.037071225880833586
--> Epoch 11
elapsed time: 33.07276511192322
loss: 0.0369608935813296
--> Epoch 12
elapsed time: 33.061702728271484
loss: 0.035771032325706165
--> Epoch 13
elapsed time: 33.067588806152344
loss: 0.03526649714525533
--> Epoch 14
elapsed time: 33.08693552017212
loss: 0.03492284764694304
--> Epoch 15
elapsed time: 33.08610248565674
loss: 0.034086394345393074
--> Epoch 16
elapsed time: 33.097431659698486
loss: 0.03354788393567221
--> Epoch 17
elapsed time: 33.046186447143555
loss: 0.03305140804579992
--> Epoch 18
elapsed time: 33.04846715927124
loss: 0.032568056655036655
--> Epoch 19
elapsed time: 33.05580186843872
loss: 0.03234044802554744
--> Epoch 20
elapsed time: 33.062755823135376
loss: 0.03200262575914079
--> Epoch 21
elapsed time: 33.058263063430786
loss: 0.03162856562622067
--> Epoch 22
elapsed time: 33.021326780319214
loss: 0.03125733058104118
--> Epoch 23
elapsed time: 33.080994844436646
loss: 0.030971215081139206
--> Epoch 24
elapsed time: 33.06505060195923
loss: 0.03069914958719252
--> Epoch 25
elapsed time: 33.06322383880615
loss: 0.030301552470896116
--> Epoch 26
elapsed time: 32.69938921928406
loss: 0.029971537694531238
--> Epoch 27
elapsed time: 33.08902072906494
loss: 0.0297735277282973
--> Epoch 28
elapsed time: 33.082013845443726
loss: 0.029523472516312984
--> Epoch 29
elapsed time: 33.09903120994568
loss: 0.029283776038229074
--> Epoch 30
elapsed time: 33.10575485229492
loss: 0.029072518666342306
--> Epoch 31
elapsed time: 33.08665633201599
loss: 0.028850070741430613
--> Epoch 32
elapsed time: 33.084224700927734
loss: 0.02866986548652485
--> Epoch 33
elapsed time: 33.04185652732849
loss: 0.028384759018122308
--> Epoch 34
elapsed time: 32.9913010597229
loss: 0.02822377270408262
--> Epoch 35
elapsed time: 32.940818071365356
loss: 0.027949220903028548
--> Epoch 36
elapsed time: 32.96554112434387
loss: 0.027846355204972476
--> Epoch 37
elapsed time: 32.96200466156006
loss: 0.027631941949729635
--> Epoch 38
elapsed time: 32.981123208999634
loss: 0.027474513871425296
--> Epoch 39
elapsed time: 32.96885418891907
loss: 0.027356696396589504
--> Epoch 40
elapsed time: 32.97800040245056
loss: 0.027197652421926736
--> Epoch 41
elapsed time: 32.96687936782837
loss: 0.026941772241947905
--> Epoch 42
elapsed time: 32.97640371322632
loss: 0.026852286766832545
--> Epoch 43
elapsed time: 32.96573448181152
loss: 0.02671537879829909
--> Epoch 44
elapsed time: 32.97670912742615
loss: 0.02657679755587625
--> Epoch 45
elapsed time: 32.9760217666626
loss: 0.02645310529123077
--> Epoch 46
elapsed time: 32.95799422264099
loss: 0.026250794048045225
--> Epoch 47
elapsed time: 32.9640748500824
loss: 0.026177191805455444
--> Epoch 48
elapsed time: 32.96700859069824
loss: 0.026009404241534077
--> Epoch 49
elapsed time: 32.97978615760803
loss: 0.025906481505884163
--> Epoch 50
elapsed time: 32.96422052383423
loss: 0.02590118071742475
--> Epoch 51
elapsed time: 32.98546504974365
loss: 0.025638996533215438
--> Epoch 52
elapsed time: 32.95910453796387
loss: 0.025636812113050234
--> Epoch 53
elapsed time: 32.941107511520386
loss: 0.025494167924642226
--> Epoch 54
elapsed time: 32.94513440132141
loss: 0.025395727365059552
--> Epoch 55
elapsed time: 32.90846347808838
loss: 0.02531389595269596
--> Epoch 56
elapsed time: 32.89638662338257
loss: 0.02509409510237029
--> Epoch 57
elapsed time: 32.906529903411865
loss: 0.02501161905357777
--> Epoch 58
elapsed time: 32.89242911338806
loss: 0.024908071064923803
--> Epoch 59
elapsed time: 32.90392565727234
loss: 0.024859623426285872
--> Epoch 60
elapsed time: 32.883978605270386
loss: 0.024739154070433533
--> Epoch 61
elapsed time: 32.87450361251831
loss: 0.024651777871857246
--> Epoch 62
elapsed time: 32.87251043319702
loss: 0.02451851801212565
--> Epoch 63
elapsed time: 32.879642724990845
loss: 0.02451551364259908
--> Epoch 64
elapsed time: 32.87758684158325
loss: 0.024454740336057944
--> Epoch 65
elapsed time: 32.883909463882446
loss: 0.02433706365301434
--> Epoch 66
elapsed time: 32.87478542327881
loss: 0.024335088337984492
--> Epoch 67
elapsed time: 32.87501406669617
loss: 0.02419615801167959
--> Epoch 68
elapsed time: 32.878478050231934
loss: 0.024093768183537957
--> Epoch 69
elapsed time: 32.8754768371582
loss: 0.02405094102494636
--> Epoch 70
elapsed time: 32.64053654670715
loss: 0.023974666294842427
--> Epoch 71
elapsed time: 32.88781428337097
loss: 0.023851815549795177
--> Epoch 72
elapsed time: 32.867252588272095
loss: 0.023874568364820384
--> Epoch 73
elapsed time: 32.87359309196472
loss: 0.02379685643664364
--> Epoch 74
elapsed time: 32.87153172492981
loss: 0.023709776297015393
--> Epoch 75
elapsed time: 32.8765823841095
loss: 0.023645808096705242
--> Epoch 76
elapsed time: 32.86128330230713
loss: 0.023612240019235987
--> Epoch 77
elapsed time: 32.876582860946655
loss: 0.02356681571826549
--> Epoch 78
elapsed time: 32.864142179489136
loss: 0.023464754085395546
--> Epoch 79
elapsed time: 32.86524677276611
loss: 0.023414608026282584
--> Epoch 80
elapsed time: 32.87606763839722
loss: 0.023357887101392083
--> Epoch 81
elapsed time: 32.88967704772949
loss: 0.023291559183754567
--> Epoch 82
elapsed time: 32.9469530582428
loss: 0.02329560930149407
--> Epoch 83
elapsed time: 32.863285064697266
loss: 0.02321098981423414
--> Epoch 84
elapsed time: 32.87039566040039
loss: 0.02317485330505463
--> Epoch 85
elapsed time: 32.88600778579712
loss: 0.02310271008485124
--> Epoch 86
elapsed time: 32.86931395530701
loss: 0.02307788042749365
--> Epoch 87
elapsed time: 32.87638711929321
loss: 0.02295985687541603
--> Epoch 88
elapsed time: 32.876330852508545
loss: 0.02295122700388546
--> Epoch 89
elapsed time: 32.888001918792725
loss: 0.02287867121566665
--> Epoch 90
elapsed time: 32.880934953689575
loss: 0.02285287693766693
--> Epoch 91
elapsed time: 32.8727240562439
loss: 0.02285164089125221
--> Epoch 92
elapsed time: 32.884671688079834
loss: 0.022766001836194368
--> Epoch 93
elapsed time: 32.87397789955139
loss: 0.022701202459836613
--> Epoch 94
elapsed time: 32.887571573257446
loss: 0.022697193143312817
--> Epoch 95
elapsed time: 32.88124370574951
loss: 0.02266936002234356
--> Epoch 96
elapsed time: 32.886773347854614
loss: 0.022648005165433055
--> Epoch 97
elapsed time: 32.384007692337036
loss: 0.022601032505199133
--> Epoch 98
elapsed time: 32.141937255859375
loss: 0.022534563420787242
--> Epoch 99
elapsed time: 32.11837363243103
loss: 0.02250983300754627
Evaluating model...
val mr: 195.6658935546875 mrr: 0.2497611939907074 hits@10: 0.436384374108925 hits@5: 0.3339891645280867 hits@3: 0.26857713145138296 hits@1: 0.1628172226974622
--> Epoch 100
elapsed time: 32.94442653656006
loss: 0.02240877342870352
--> Epoch 101
elapsed time: 32.97401833534241
loss: 0.022426065728629072
--> Epoch 102
elapsed time: 32.92313575744629
loss: 0.022397395081446628
--> Epoch 103
elapsed time: 32.89665126800537
loss: 0.022414194204452904
--> Epoch 104
elapsed time: 32.88229942321777
loss: 0.0223087071268517
--> Epoch 105
elapsed time: 32.88117814064026
loss: 0.02231234102663238
--> Epoch 106
elapsed time: 32.886512994766235
loss: 0.022244491017759126
--> Epoch 107
elapsed time: 32.88673281669617
loss: 0.022205290322385638
--> Epoch 108
elapsed time: 32.87345743179321
loss: 0.02216571275765113
--> Epoch 109
elapsed time: 32.87576913833618
loss: 0.022175992589342292
--> Epoch 110
elapsed time: 32.88808035850525
loss: 0.022169301444042548
--> Epoch 111
elapsed time: 32.8722939491272
loss: 0.022087899247852004
--> Epoch 112
elapsed time: 32.87182593345642
loss: 0.02203349892474073
--> Epoch 113
elapsed time: 32.881312131881714
loss: 0.022088214653427602
--> Epoch 114
elapsed time: 32.86850714683533
loss: 0.022007606140322992
--> Epoch 115
elapsed time: 32.8873131275177
loss: 0.02197178333177672
--> Epoch 116
elapsed time: 32.88594889640808
loss: 0.021961150447350006
--> Epoch 117
elapsed time: 32.87823796272278
loss: 0.021901781203773712
--> Epoch 118
elapsed time: 32.89054012298584
loss: 0.021907470804951937
--> Epoch 119
elapsed time: 32.870922803878784
loss: 0.02185295566544988
--> Epoch 120
elapsed time: 32.87716579437256
loss: 0.02180761984800911
--> Epoch 121
elapsed time: 32.877535343170166
loss: 0.02181393571324149
--> Epoch 122
elapsed time: 32.87622880935669
loss: 0.021815188222075003
--> Epoch 123
elapsed time: 32.88938903808594
loss: 0.02179924609106269
--> Epoch 124
elapsed time: 32.88863825798035
loss: 0.021767200791712425
--> Epoch 125
elapsed time: 32.874197006225586
loss: 0.021730137149595697
--> Epoch 126
elapsed time: 32.899741888046265
loss: 0.021646006803815922
--> Epoch 127
elapsed time: 32.87669277191162
loss: 0.02165224708911112
--> Epoch 128
elapsed time: 32.89120078086853
loss: 0.02166522802786791
--> Epoch 129
elapsed time: 32.88878130912781
loss: 0.021633517962590436
--> Epoch 130
elapsed time: 32.879477977752686
loss: 0.02166795553262797
--> Epoch 131
elapsed time: 32.88361620903015
loss: 0.021582939535000924
--> Epoch 132
elapsed time: 32.872729539871216
loss: 0.02160258342355125
--> Epoch 133
elapsed time: 32.87540578842163
loss: 0.02154829238671967
--> Epoch 134
elapsed time: 32.87553930282593
loss: 0.021483371989242557
--> Epoch 135
elapsed time: 32.870721101760864
loss: 0.021503312741025148
--> Epoch 136
elapsed time: 32.877206563949585
loss: 0.021436707003643123
--> Epoch 137
elapsed time: 32.848304748535156
loss: 0.021458981506112938
--> Epoch 138
elapsed time: 32.85106444358826
loss: 0.021414429303311226
--> Epoch 139
elapsed time: 32.856056690216064
loss: 0.02141725970563581
--> Epoch 140
elapsed time: 32.859867334365845
loss: 0.021429648645649738
--> Epoch 141
elapsed time: 32.84569692611694
loss: 0.02137741979530479
--> Epoch 142
elapsed time: 32.85560441017151
loss: 0.02139494646960906
--> Epoch 143
elapsed time: 32.84379172325134
loss: 0.021339487428106683
--> Epoch 144
elapsed time: 32.85230875015259
loss: 0.02130722618808134
--> Epoch 145
elapsed time: 32.85181450843811
loss: 0.02132619290786987
--> Epoch 146
elapsed time: 32.844889879226685
loss: 0.02127106275202694
--> Epoch 147
elapsed time: 32.831846714019775
loss: 0.021287303850727607
--> Epoch 148
elapsed time: 32.84667134284973
loss: 0.021270885669318774
--> Epoch 149
elapsed time: 32.84768891334534
loss: 0.021236844730553824
--> Epoch 150
elapsed time: 32.851197242736816
loss: 0.021214633200559434
--> Epoch 151
elapsed time: 32.85208296775818
loss: 0.02121594293447788
--> Epoch 152
elapsed time: 32.859222650527954
loss: 0.02118619809125183
--> Epoch 153
elapsed time: 32.84671902656555
loss: 0.02119545171760997
--> Epoch 154
elapsed time: 32.85258769989014
loss: 0.021179826576210144
--> Epoch 155
elapsed time: 32.8628191947937
loss: 0.021160829365463717
--> Epoch 156
elapsed time: 32.844860315322876
loss: 0.0211129165425378
--> Epoch 157
elapsed time: 32.853628396987915
loss: 0.021094945587939735
--> Epoch 158
elapsed time: 32.86317420005798
loss: 0.021141511604526306
--> Epoch 159
elapsed time: 32.846726179122925
loss: 0.021073264875015558
--> Epoch 160
elapsed time: 32.85755729675293
loss: 0.02108132488577016
--> Epoch 161
elapsed time: 32.8582181930542
loss: 0.02097611565945402
--> Epoch 162
elapsed time: 32.84263634681702
loss: 0.021028541631274704
--> Epoch 163
elapsed time: 32.867661237716675
loss: 0.02100836827313687
--> Epoch 164
elapsed time: 32.81776547431946
loss: 0.021016972838626757
--> Epoch 165
elapsed time: 32.842485427856445
loss: 0.02097685985190063
--> Epoch 166
elapsed time: 32.83710074424744
loss: 0.020959510234020727
--> Epoch 167
elapsed time: 32.853821754455566
loss: 0.020973035576819028
--> Epoch 168
elapsed time: 32.842851877212524
loss: 0.02090602305210489
--> Epoch 169
elapsed time: 32.84296941757202
loss: 0.020933099087548503
--> Epoch 170
elapsed time: 32.840593338012695
loss: 0.02090648589752131
--> Epoch 171
elapsed time: 32.840129137039185
loss: 0.02092633241312692
--> Epoch 172
elapsed time: 32.824493169784546
loss: 0.020868300715231828
--> Epoch 173
elapsed time: 32.83735632896423
loss: 0.020879099396103863
--> Epoch 174
elapsed time: 32.832165002822876
loss: 0.020853695138125405
--> Epoch 175
elapsed time: 32.848026752471924
loss: 0.02082629496562851
--> Epoch 176
elapsed time: 32.84237051010132
loss: 0.02084428644612053
--> Epoch 177
elapsed time: 32.847543239593506
loss: 0.0208165235046441
--> Epoch 178
elapsed time: 32.844990730285645
loss: 0.02079699157981635
--> Epoch 179
elapsed time: 32.83530259132385
loss: 0.020778544851677773
--> Epoch 180
elapsed time: 32.84767746925354
loss: 0.02076826090394385
--> Epoch 181
elapsed time: 32.82860851287842
loss: 0.020775288014005966
--> Epoch 182
elapsed time: 32.83223366737366
loss: 0.02073317622767651
--> Epoch 183
elapsed time: 32.85823965072632
loss: 0.020740827715492204
--> Epoch 184
elapsed time: 32.84725618362427
loss: 0.020735278182425595
--> Epoch 185
elapsed time: 32.83157753944397
loss: 0.020688319326442363
--> Epoch 186
elapsed time: 32.83838605880737
loss: 0.020758181384581503
--> Epoch 187
elapsed time: 32.845717430114746
loss: 0.02071562757924101
--> Epoch 188
elapsed time: 32.84121131896973
loss: 0.020679892963350436
--> Epoch 189
elapsed time: 32.843560457229614
loss: 0.020619575354784925
--> Epoch 190
elapsed time: 32.8409857749939
loss: 0.02064932160507029
--> Epoch 191
elapsed time: 32.841898918151855
loss: 0.020681467117533187
--> Epoch 192
elapsed time: 32.85896873474121
loss: 0.02063062983658778
--> Epoch 193
elapsed time: 32.84200668334961
loss: 0.020666848773509966
--> Epoch 194
elapsed time: 32.837178468704224
loss: 0.020612739758988315
--> Epoch 195
elapsed time: 32.85544991493225
loss: 0.02065091647263809
--> Epoch 196
elapsed time: 32.18422842025757
loss: 0.02062186029996383
--> Epoch 197
elapsed time: 32.12948298454285
loss: 0.02066041000173379
--> Epoch 198
elapsed time: 32.143635988235474
loss: 0.020554971636771485
--> Epoch 199
elapsed time: 32.14040803909302
loss: 0.020545329716361478
Evaluating model...
val mr: 201.80191040039062 mrr: 0.2647464871406555 hits@10: 0.45300826917593384 hits@5: 0.35337895637296834 hits@3: 0.28845166809238665 hits@1: 0.17482178500142573
--> Epoch 200
elapsed time: 32.79913067817688
loss: 0.02051896869659648
--> Epoch 201
elapsed time: 32.84165549278259
loss: 0.020509443854736138
--> Epoch 202
elapsed time: 32.82111740112305
loss: 0.020549255317236496
--> Epoch 203
elapsed time: 32.849841833114624
loss: 0.02051678998702445
--> Epoch 204
elapsed time: 32.81288123130798
loss: 0.020552725980613775
--> Epoch 205
elapsed time: 32.8180468082428
loss: 0.020512374747029365
--> Epoch 206
elapsed time: 32.842050552368164
loss: 0.020435306176136713
--> Epoch 207
elapsed time: 32.89329981803894
loss: 0.020457858307355435
--> Epoch 208
elapsed time: 32.825881242752075
loss: 0.020463317881495125
--> Epoch 209
elapsed time: 32.83961868286133
loss: 0.020430573900970556
--> Epoch 210
elapsed time: 32.83099842071533
loss: 0.02043300612653524
--> Epoch 211
elapsed time: 32.82440900802612
loss: 0.02044270496538587
--> Epoch 212
elapsed time: 32.627134799957275
loss: 0.02045801308212814
--> Epoch 213
elapsed time: 32.06365251541138
loss: 0.02041828056739561
--> Epoch 214
elapsed time: 32.05878782272339
loss: 0.020376807630678895
--> Epoch 215
elapsed time: 32.06042408943176
loss: 0.020425621654946963
--> Epoch 216
elapsed time: 32.962709188461304
loss: 0.02038043194388233
--> Epoch 217
elapsed time: 32.95683574676514
loss: 0.020398282760496645
--> Epoch 218
elapsed time: 32.95596671104431
loss: 0.02036432057149491
--> Epoch 219
elapsed time: 32.95986080169678
loss: 0.020359091830430227
--> Epoch 220
elapsed time: 32.96184825897217
loss: 0.020334993447908678
--> Epoch 221
elapsed time: 32.96525835990906
loss: 0.020333742794711302
--> Epoch 222
elapsed time: 32.943095207214355
loss: 0.02035371982689635
--> Epoch 223
elapsed time: 32.96961283683777
loss: 0.020282936858071098
--> Epoch 224
elapsed time: 32.96267914772034
loss: 0.020303583312306556
--> Epoch 225
elapsed time: 32.94641947746277
loss: 0.02025249790880384
--> Epoch 226
elapsed time: 32.903600454330444
loss: 0.020318342621595032
--> Epoch 227
elapsed time: 32.84497046470642
loss: 0.02024746298621762
--> Epoch 228
elapsed time: 32.85596060752869
loss: 0.020294665112769054
--> Epoch 229
elapsed time: 32.84602618217468
loss: 0.02025926028670058
--> Epoch 230
elapsed time: 32.859012842178345
loss: 0.02027481983074969
--> Epoch 231
elapsed time: 32.85195231437683
loss: 0.020236491643572236
--> Epoch 232
elapsed time: 32.86113691329956
loss: 0.020231464723526365
--> Epoch 233
elapsed time: 32.8604302406311
loss: 0.020185317046877246
--> Epoch 234
elapsed time: 32.84820246696472
loss: 0.020214895750216347
--> Epoch 235
elapsed time: 32.85912489891052
loss: 0.020218833566048408
--> Epoch 236
elapsed time: 32.848562717437744
loss: 0.020212310414519492
--> Epoch 237
elapsed time: 32.865159034729004
loss: 0.02016765385803084
--> Epoch 238
elapsed time: 32.872530698776245
loss: 0.020146640844692178
--> Epoch 239
elapsed time: 32.87336254119873
loss: 0.02018585030308391
--> Epoch 240
elapsed time: 32.85731625556946
loss: 0.02018020008204405
--> Epoch 241
elapsed time: 32.84729743003845
loss: 0.020183658324574538
--> Epoch 242
elapsed time: 32.8505322933197
loss: 0.020158511067820347
--> Epoch 243
elapsed time: 32.85930323600769
loss: 0.020097405457849896
--> Epoch 244
elapsed time: 32.84991455078125
loss: 0.020089569177411965
--> Epoch 245
elapsed time: 32.83205795288086
loss: 0.02012219021459542
--> Epoch 246
elapsed time: 32.837629079818726
loss: 0.020154010278443515
--> Epoch 247
elapsed time: 32.83659768104553
loss: 0.02009182617152399
--> Epoch 248
elapsed time: 32.8480122089386
loss: 0.02009859422146433
--> Epoch 249
elapsed time: 32.8491907119751
loss: 0.020125534122604753
--> Epoch 250
elapsed time: 32.838624477386475
loss: 0.020065589719438823
--> Epoch 251
elapsed time: 32.837339878082275
loss: 0.02006167479153803
--> Epoch 252
elapsed time: 32.850504875183105
loss: 0.020053969303659415
--> Epoch 253
elapsed time: 32.834163188934326
loss: 0.020112502770647335
--> Epoch 254
elapsed time: 32.82926535606384
loss: 0.020077629766566286
--> Epoch 255
elapsed time: 32.84687924385071
loss: 0.020070991222155284
--> Epoch 256
elapsed time: 32.838749408721924
loss: 0.020026952410265732
--> Epoch 257
elapsed time: 32.8443717956543
loss: 0.020016026710311646
--> Epoch 258
elapsed time: 32.85723543167114
loss: 0.020031396777965723
--> Epoch 259
elapsed time: 32.84011149406433
loss: 0.019973608001064323
--> Epoch 260
elapsed time: 32.83680725097656
loss: 0.020005529678075357
--> Epoch 261
elapsed time: 32.856038093566895
loss: 0.020034130068665838
--> Epoch 262
elapsed time: 32.83794140815735
loss: 0.020015712866869772
--> Epoch 263
elapsed time: 32.8454053401947
loss: 0.019958020164258954
--> Epoch 264
elapsed time: 32.85370445251465
loss: 0.019989247210428947
--> Epoch 265
elapsed time: 32.85525298118591
loss: 0.019953323069956376
--> Epoch 266
elapsed time: 32.785045862197876
loss: 0.019957033069217305
--> Epoch 267
elapsed time: 32.868659019470215
loss: 0.019943647371361475
--> Epoch 268
elapsed time: 32.85290789604187
loss: 0.019949353919456507
--> Epoch 269
elapsed time: 32.86180233955383
loss: 0.01995855834780161
--> Epoch 270
elapsed time: 32.8523736000061
loss: 0.01995772725323378
--> Epoch 271
elapsed time: 32.837772607803345
loss: 0.019935141679386655
--> Epoch 272
elapsed time: 32.83770799636841
loss: 0.01986097474166333
--> Epoch 273
elapsed time: 32.846516609191895
loss: 0.019904763801400098
--> Epoch 274
elapsed time: 32.84011960029602
loss: 0.01991372563905124
--> Epoch 275
elapsed time: 32.84766411781311
loss: 0.019895692150041056
--> Epoch 276
elapsed time: 32.83376431465149
loss: 0.019881071734854552
--> Epoch 277
elapsed time: 32.833250761032104
loss: 0.019874587089089662
--> Epoch 278
elapsed time: 32.85608196258545
loss: 0.0198864767350684
--> Epoch 279
elapsed time: 32.86351227760315
loss: 0.019869386752049314
--> Epoch 280
elapsed time: 32.87372136116028
loss: 0.019875775729170243
--> Epoch 281
elapsed time: 32.88435506820679
loss: 0.019836438005844434
--> Epoch 282
elapsed time: 32.88321256637573
loss: 0.01985683417173763
--> Epoch 283
elapsed time: 32.88071370124817
loss: 0.019893990055967196
--> Epoch 284
elapsed time: 32.85148048400879
loss: 0.019807148501382106
--> Epoch 285
elapsed time: 32.87428402900696
loss: 0.01984110566755005
--> Epoch 286
elapsed time: 32.87856984138489
loss: 0.019825696116374667
--> Epoch 287
elapsed time: 32.87153887748718
loss: 0.019805620837105072
--> Epoch 288
elapsed time: 32.85673928260803
loss: 0.019804974513256315
--> Epoch 289
elapsed time: 32.86465334892273
loss: 0.019757917465384512
--> Epoch 290
elapsed time: 32.86741352081299
loss: 0.019758510398954463
--> Epoch 291
elapsed time: 32.866777181625366
loss: 0.01974045894672062
--> Epoch 292
elapsed time: 32.86024856567383
loss: 0.019718833618139392
--> Epoch 293
elapsed time: 32.86946225166321
loss: 0.01977509282431228
--> Epoch 294
elapsed time: 32.855544328689575
loss: 0.019801088098895685
--> Epoch 295
elapsed time: 32.859413385391235
loss: 0.019742072872670328
--> Epoch 296
elapsed time: 32.864238023757935
loss: 0.0197398746044481
--> Epoch 297
elapsed time: 32.44269108772278
loss: 0.019701295728538525
--> Epoch 298
elapsed time: 32.13767886161804
loss: 0.019724722669537856
--> Epoch 299
elapsed time: 32.13555836677551
loss: 0.01978698226352514
Evaluating model...
val mr: 208.55894470214844 mrr: 0.2670534551143646 hits@10: 0.45902480752780156 hits@5: 0.3604220131166239 hits@3: 0.2919589392643285 hits@1: 0.1752209865982321
--> Epoch 300
elapsed time: 32.932228088378906
loss: 0.019756296574228345
--> Epoch 301
elapsed time: 32.97342586517334
loss: 0.019695376604970682
--> Epoch 302
elapsed time: 32.98085403442383
loss: 0.01971725418617001
--> Epoch 303
elapsed time: 32.95431184768677
loss: 0.019722093166546897
--> Epoch 304
elapsed time: 32.946130990982056
loss: 0.019713700110283755
--> Epoch 305
elapsed time: 32.8908314704895
loss: 0.019711062954326956
--> Epoch 306
elapsed time: 32.88040375709534
loss: 0.01974090101391862
--> Epoch 307
elapsed time: 32.87835454940796
loss: 0.019661115720755965
--> Epoch 308
elapsed time: 32.86746335029602
loss: 0.019673923750671708
--> Epoch 309
elapsed time: 32.87753105163574
loss: 0.019696722594760043
--> Epoch 310
elapsed time: 32.88247013092041
loss: 0.019680208298758807
--> Epoch 311
elapsed time: 32.885934352874756
loss: 0.019659999942867854
--> Epoch 312
elapsed time: 32.900004386901855
loss: 0.01965448621271471
--> Epoch 313
elapsed time: 32.889841079711914
loss: 0.019637657044698973
--> Epoch 314
elapsed time: 32.883652210235596
loss: 0.019637285821973886
--> Epoch 315
elapsed time: 32.88201379776001
loss: 0.019626998679006257
--> Epoch 316
elapsed time: 32.885541677474976
loss: 0.01960321433092218
--> Epoch 317
elapsed time: 32.87640023231506
loss: 0.019613174888938805
--> Epoch 318
elapsed time: 32.87419104576111
loss: 0.019650726505535062
--> Epoch 319
elapsed time: 32.88646602630615
loss: 0.019625102293345575
--> Epoch 320
elapsed time: 32.88158845901489
loss: 0.019650225947249193
--> Epoch 321
elapsed time: 32.87668323516846
loss: 0.019597308741758034
--> Epoch 322
elapsed time: 32.873899936676025
loss: 0.019642398386023174
--> Epoch 323
elapsed time: 32.87960481643677
loss: 0.01959583239396815
--> Epoch 324
elapsed time: 32.884615898132324
loss: 0.019553871070992407
--> Epoch 325
elapsed time: 32.87361931800842
loss: 0.019523694525146025
--> Epoch 326
elapsed time: 32.885438680648804
loss: 0.019559125126859037
--> Epoch 327
elapsed time: 32.87390446662903
loss: 0.0195376879490933
--> Epoch 328
elapsed time: 32.87185025215149
loss: 0.019528248548851133
--> Epoch 329
elapsed time: 32.88619065284729
loss: 0.019523968712469652
--> Epoch 330
elapsed time: 32.87550330162048
loss: 0.019545015689732045
--> Epoch 331
elapsed time: 32.87888741493225
loss: 0.019529156018002966
--> Epoch 332
elapsed time: 32.87551546096802
loss: 0.019557957765265165
--> Epoch 333
elapsed time: 32.884766817092896
loss: 0.01949610802242471
--> Epoch 334
elapsed time: 32.89061737060547
loss: 0.019518596026433153
--> Epoch 335
elapsed time: 32.88152241706848
loss: 0.0195075341632637
--> Epoch 336
elapsed time: 32.89150261878967
loss: 0.01948045139653943
--> Epoch 337
elapsed time: 32.87743139266968
loss: 0.01949463748598256
--> Epoch 338
elapsed time: 32.88165783882141
loss: 0.019491873756892146
--> Epoch 339
elapsed time: 32.88141679763794
loss: 0.019433173290537082
--> Epoch 340
elapsed time: 32.87730669975281
loss: 0.019477715011360166
--> Epoch 341
elapsed time: 32.88298678398132
loss: 0.019489915047965854
--> Epoch 342
elapsed time: 32.88299036026001
loss: 0.019415700370104157
--> Epoch 343
elapsed time: 32.881133794784546
loss: 0.01946997899747859
--> Epoch 344
elapsed time: 32.87989330291748
loss: 0.01946222630389883
--> Epoch 345
elapsed time: 32.87627124786377
loss: 0.019425505533926576
--> Epoch 346
elapsed time: 32.838029861450195
loss: 0.019459012392925856
--> Epoch 347
elapsed time: 32.879502296447754
loss: 0.019451313052827584
--> Epoch 348
elapsed time: 32.876535177230835
loss: 0.01942498756350068
--> Epoch 349
elapsed time: 32.892260789871216
loss: 0.019405866040903393
--> Epoch 350
elapsed time: 32.87983846664429
loss: 0.019377761822709023
--> Epoch 351
elapsed time: 32.859848499298096
loss: 0.019439911942049398
--> Epoch 352
elapsed time: 32.83037853240967
loss: 0.019402312905977104
--> Epoch 353
elapsed time: 32.840418100357056
loss: 0.01937106173828959
--> Epoch 354
elapsed time: 32.82881045341492
loss: 0.019404129737590353
--> Epoch 355
elapsed time: 32.83755373954773
loss: 0.019379635729589558
--> Epoch 356
elapsed time: 32.836209297180176
loss: 0.019363980741184887
--> Epoch 357
elapsed time: 32.83906698226929
loss: 0.01937339699766682
--> Epoch 358
elapsed time: 32.836829662323
loss: 0.019369291487699225
--> Epoch 359
elapsed time: 32.844096183776855
loss: 0.01939244922478302
--> Epoch 360
elapsed time: 32.83735799789429
loss: 0.01935152740674207
--> Epoch 361
elapsed time: 32.84641718864441
loss: 0.0193644257337696
--> Epoch 362
elapsed time: 32.76893615722656
loss: 0.019371074859161536
--> Epoch 363
elapsed time: 32.825393199920654
loss: 0.019373281956987627
--> Epoch 364
elapsed time: 32.83248519897461
loss: 0.019360776419417542
--> Epoch 365
elapsed time: 32.8518500328064
loss: 0.01933117191239785
--> Epoch 366
elapsed time: 32.83243155479431
loss: 0.01931347507766167
--> Epoch 367
elapsed time: 32.83529806137085
loss: 0.019319212095687554
--> Epoch 368
elapsed time: 32.84743118286133
loss: 0.019333211903969354
--> Epoch 369
elapsed time: 32.83146834373474
loss: 0.0193353443190119
--> Epoch 370
elapsed time: 32.83887028694153
loss: 0.01934639795009583
--> Epoch 371
elapsed time: 32.82959699630737
loss: 0.019323448569935273
--> Epoch 372
elapsed time: 32.83268666267395
loss: 0.019262273095877577
--> Epoch 373
elapsed time: 32.84405708312988
loss: 0.019299382909866065
--> Epoch 374
elapsed time: 32.84196710586548
loss: 0.019304613036963028
--> Epoch 375
elapsed time: 32.84996247291565
loss: 0.019222748164448498
--> Epoch 376
elapsed time: 32.84856653213501
loss: 0.01929450416560736
--> Epoch 377
elapsed time: 32.83971381187439
loss: 0.019283166861377116
--> Epoch 378
elapsed time: 32.91220259666443
loss: 0.01926861184290834
--> Epoch 379
elapsed time: 32.850966453552246
loss: 0.019200684868065625
--> Epoch 380
elapsed time: 32.84912109375
loss: 0.019206645981752972
--> Epoch 381
elapsed time: 32.8290069103241
loss: 0.01926361171218548
--> Epoch 382
elapsed time: 32.840935468673706
loss: 0.019229949522073103
--> Epoch 383
elapsed time: 32.841155767440796
loss: 0.01921808505509669
--> Epoch 384
elapsed time: 32.83690690994263
loss: 0.01923614644611067
--> Epoch 385
elapsed time: 32.85094881057739
loss: 0.019226977473732892
--> Epoch 386
elapsed time: 32.827446937561035
loss: 0.019196727101078656
--> Epoch 387
elapsed time: 32.844499588012695
loss: 0.019202793926449174
--> Epoch 388
elapsed time: 32.83489441871643
loss: 0.019158037216424492
--> Epoch 389
elapsed time: 32.84560298919678
loss: 0.01921322972794972
--> Epoch 390
elapsed time: 32.8367395401001
loss: 0.01919527940876144
--> Epoch 391
elapsed time: 32.828673362731934
loss: 0.01915546084700725
--> Epoch 392
elapsed time: 32.835137367248535
loss: 0.019186123469642952
--> Epoch 393
elapsed time: 32.83345365524292
loss: 0.019182318332670773
--> Epoch 394
elapsed time: 32.82508206367493
loss: 0.019184406934374364
--> Epoch 395
elapsed time: 32.828652143478394
loss: 0.019201004989830704
--> Epoch 396
elapsed time: 32.20246934890747
loss: 0.01915052428452591
--> Epoch 397
elapsed time: 32.12603402137756
loss: 0.019132323882885115
--> Epoch 398
elapsed time: 32.11960172653198
loss: 0.01911082300545888
--> Epoch 399
elapsed time: 32.116294622421265
loss: 0.019170045438253253
Evaluating model...
val mr: 200.7678680419922 mrr: 0.27397486567497253 hits@10: 0.4630738522954092 hits@5: 0.366324493869404 hits@3: 0.3002281151981751 hits@1: 0.18277730253778157
--> Epoch 400
elapsed time: 32.84421682357788
loss: 0.019151387553090825
--> Epoch 401
elapsed time: 32.89934468269348
loss: 0.01913426140444187
--> Epoch 402
elapsed time: 32.88018035888672
loss: 0.01907967747323152
--> Epoch 403
elapsed time: 32.87166213989258
loss: 0.0191606581307464
--> Epoch 404
elapsed time: 32.882636308670044
loss: 0.019076811474759345
--> Epoch 405
elapsed time: 32.884400844573975
loss: 0.019139460068956535
--> Epoch 406
elapsed time: 32.892682790756226
loss: 0.019126021123630533
--> Epoch 407
elapsed time: 32.8846697807312
loss: 0.019118438003477855
--> Epoch 408
elapsed time: 32.88623571395874
loss: 0.019085222790376936
--> Epoch 409
elapsed time: 32.88676738739014
loss: 0.019084155118848117
--> Epoch 410
elapsed time: 32.889697551727295
loss: 0.019025893494669044
--> Epoch 411
elapsed time: 32.88154625892639
loss: 0.019129106797705478
--> Epoch 412
elapsed time: 32.894407510757446
loss: 0.01909782027042456
--> Epoch 413
elapsed time: 32.884639263153076
loss: 0.01906013337374855
--> Epoch 414
elapsed time: 32.88408327102661
loss: 0.019040553325038973
--> Epoch 415
elapsed time: 32.87948036193848
loss: 0.01907812509342313
--> Epoch 416
elapsed time: 32.89085292816162
loss: 0.019045018671590377
--> Epoch 417
elapsed time: 32.8873872756958
loss: 0.019034847370081653
--> Epoch 418
elapsed time: 32.88559699058533
loss: 0.019028177892268825
--> Epoch 419
elapsed time: 32.882994413375854
loss: 0.019067768693523987
--> Epoch 420
elapsed time: 32.89741563796997
loss: 0.019018922079974823
--> Epoch 421
elapsed time: 32.89656972885132
loss: 0.019003799434852902
--> Epoch 422
elapsed time: 32.88239312171936
loss: 0.018999147050166792
--> Epoch 423
elapsed time: 32.9037971496582
loss: 0.01900127852775388
--> Epoch 424
elapsed time: 32.878894090652466
loss: 0.019011898987829293
--> Epoch 425
elapsed time: 32.838024854660034
loss: 0.01906014790518432
--> Epoch 426
elapsed time: 32.85328006744385
loss: 0.019005137162768436
--> Epoch 427
elapsed time: 32.83768939971924
loss: 0.01898808957901998
--> Epoch 428
elapsed time: 32.844175577163696
loss: 0.019020927671311548
--> Epoch 429
elapsed time: 32.853081464767456
loss: 0.019031800686268738
--> Epoch 430
elapsed time: 32.83745837211609
loss: 0.01899549976580006
--> Epoch 431
elapsed time: 32.842262506484985
loss: 0.01897994033739966
--> Epoch 432
elapsed time: 32.84565234184265
loss: 0.01903030371095421
--> Epoch 433
elapsed time: 32.816051721572876
loss: 0.019008307032609535
--> Epoch 434
elapsed time: 32.83960580825806
loss: 0.018969979217785884
--> Epoch 435
elapsed time: 32.83811950683594
loss: 0.018960533427952432
--> Epoch 436
elapsed time: 32.84165811538696
loss: 0.018960567842205234
--> Epoch 437
elapsed time: 32.83621025085449
loss: 0.018943695368127844
--> Epoch 438
elapsed time: 32.8379807472229
loss: 0.018950018249382024
--> Epoch 439
elapsed time: 32.83192849159241
loss: 0.018923210616198106
--> Epoch 440
elapsed time: 32.827624797821045
loss: 0.01889922882772821
--> Epoch 441
elapsed time: 32.842007875442505
loss: 0.018921814639005646
--> Epoch 442
elapsed time: 32.796804666519165
loss: 0.018968517520584986
--> Epoch 443
elapsed time: 32.823617458343506
loss: 0.0189244828545265
--> Epoch 444
elapsed time: 32.831926345825195
loss: 0.018964656129276145
--> Epoch 445
elapsed time: 32.834880352020264
loss: 0.01895726068595447
--> Epoch 446
elapsed time: 32.82486605644226
loss: 0.018911371439492095
--> Epoch 447
elapsed time: 32.840829372406006
loss: 0.018898584450632753
--> Epoch 448
elapsed time: 32.83017373085022
loss: 0.01887451287758513
--> Epoch 449
elapsed time: 33.12046527862549
loss: 0.018927274146559713
--> Epoch 450
elapsed time: 32.84227204322815
loss: 0.018896447173963712
--> Epoch 451
elapsed time: 32.81655216217041
loss: 0.01888626204630113
--> Epoch 452
elapsed time: 32.82557535171509
loss: 0.018886061616571356
--> Epoch 453
elapsed time: 32.82862901687622
loss: 0.018910090321620623
--> Epoch 454
elapsed time: 32.81921434402466
loss: 0.018876902220257306
--> Epoch 455
elapsed time: 32.83033227920532
loss: 0.01890735348611229
--> Epoch 456
elapsed time: 32.81654119491577
loss: 0.018848093214286238
--> Epoch 457
elapsed time: 32.835543155670166
loss: 0.018819072389815734
--> Epoch 458
elapsed time: 32.830825328826904
loss: 0.018854768065383495
--> Epoch 459
elapsed time: 32.816319942474365
loss: 0.01883033593294762
--> Epoch 460
elapsed time: 32.84461283683777
loss: 0.0188584511728146
--> Epoch 461
elapsed time: 32.82937812805176
loss: 0.01884645356701184
--> Epoch 462
elapsed time: 32.84471893310547
loss: 0.018881376629462248
--> Epoch 463
elapsed time: 32.8425989151001
loss: 0.018851546041478217
--> Epoch 464
elapsed time: 32.88391447067261
loss: 0.018835587315751995
--> Epoch 465
elapsed time: 32.87536597251892
loss: 0.018829172875763724
--> Epoch 466
elapsed time: 32.748000621795654
loss: 0.018862586574469493
--> Epoch 467
elapsed time: 32.751511573791504
loss: 0.018839866477515992
--> Epoch 468
elapsed time: 32.862584829330444
loss: 0.018807408934317156
--> Epoch 469
elapsed time: 32.800785303115845
loss: 0.01875694139982352
--> Epoch 470
elapsed time: 32.87933421134949
loss: 0.018807239563275315
--> Epoch 471
elapsed time: 32.87558841705322
loss: 0.018796384586012543
--> Epoch 472
elapsed time: 32.87948966026306
loss: 0.018747639150191397
--> Epoch 473
elapsed time: 32.88484477996826
loss: 0.01878873021048358
--> Epoch 474
elapsed time: 32.87487196922302
loss: 0.018822143287139464
--> Epoch 475
elapsed time: 32.75224328041077
loss: 0.018792277224789447
--> Epoch 476
elapsed time: 32.78559923171997
loss: 0.01877428998036953
--> Epoch 477
elapsed time: 32.78872299194336
loss: 0.018799660487323018
--> Epoch 478
elapsed time: 32.76297330856323
loss: 0.018800080769633135
--> Epoch 479
elapsed time: 32.8649263381958
loss: 0.018735560030446
--> Epoch 480
elapsed time: 32.8694953918457
loss: 0.018772185071321557
--> Epoch 481
elapsed time: 32.8683717250824
loss: 0.018783919886455485
--> Epoch 482
elapsed time: 32.87762093544006
loss: 0.018783082491661284
--> Epoch 483
elapsed time: 32.87608575820923
loss: 0.018732043116345565
--> Epoch 484
elapsed time: 32.86914253234863
loss: 0.01882180789273551
--> Epoch 485
elapsed time: 32.8808650970459
loss: 0.01873800872631462
--> Epoch 486
elapsed time: 32.749507665634155
loss: 0.018740982839685224
--> Epoch 487
elapsed time: 32.69872212409973
loss: 0.0187226110317605
--> Epoch 488
elapsed time: 32.81447672843933
loss: 0.01873109748399521
--> Epoch 489
elapsed time: 32.88079500198364
loss: 0.018722089129278432
--> Epoch 490
elapsed time: 32.876195192337036
loss: 0.018749112921292953
--> Epoch 491
elapsed time: 32.8797070980072
loss: 0.01872867796226621
--> Epoch 492
elapsed time: 32.87714099884033
loss: 0.01862947323104596
--> Epoch 493
elapsed time: 32.881229877471924
loss: 0.018666425382548476
--> Epoch 494
elapsed time: 32.87666344642639
loss: 0.018718058033999643
--> Epoch 495
elapsed time: 32.88199710845947
loss: 0.0186979391262538
--> Epoch 496
elapsed time: 32.74113345146179
loss: 0.018726143900126304
--> Epoch 497
elapsed time: 32.13620328903198
loss: 0.018727692600202975
--> Epoch 498
elapsed time: 32.12010884284973
loss: 0.01873844484548914
--> Epoch 499
elapsed time: 32.08984875679016
loss: 0.018710161409466085
Evaluating model...
val mr: 202.77706909179688 mrr: 0.2761988341808319 hits@10: 0.4716566866267465 hits@5: 0.3744225834046193 hits@3: 0.3063872255489022 hits@1: 0.18163672654690619
--> Epoch 500
elapsed time: 32.929221630096436
loss: 0.01871828751696356
--> Epoch 501
elapsed time: 32.97250485420227
loss: 0.01863887171442371
--> Epoch 502
elapsed time: 32.9581184387207
loss: 0.018694993735817615
--> Epoch 503
elapsed time: 32.88113784790039
loss: 0.018672270399824078
--> Epoch 504
elapsed time: 32.8745002746582
loss: 0.018655088628525735
--> Epoch 505
elapsed time: 32.87684106826782
loss: 0.01865745275364602
--> Epoch 506
elapsed time: 32.88197207450867
loss: 0.018699788762675293
--> Epoch 507
elapsed time: 32.876505613327026
loss: 0.018630706572857873
--> Epoch 508
elapsed time: 32.88201069831848
loss: 0.01869146528312987
--> Epoch 509
elapsed time: 32.87323474884033
loss: 0.01864439913493109
--> Epoch 510
elapsed time: 32.85921096801758
loss: 0.018632288222303676
--> Epoch 511
elapsed time: 32.852673053741455
loss: 0.018608658828598256
--> Epoch 512
elapsed time: 32.855029344558716
loss: 0.01862046469059034
--> Epoch 513
elapsed time: 32.72437906265259
loss: 0.01862370760310599
--> Epoch 514
elapsed time: 32.86079668998718
loss: 0.01860282400768401
--> Epoch 515
elapsed time: 32.8573784828186
loss: 0.018611474575953222
--> Epoch 516
elapsed time: 32.846426248550415
loss: 0.018623051469267703
--> Epoch 517
elapsed time: 32.85983896255493
loss: 0.018590043174490152
--> Epoch 518
elapsed time: 32.87417912483215
loss: 0.01861511300706067
--> Epoch 519
elapsed time: 32.86326742172241
loss: 0.018623096588911422
--> Epoch 520
elapsed time: 32.85469675064087
loss: 0.018604624810561132
--> Epoch 521
elapsed time: 32.81206703186035
loss: 0.018639568166731946
--> Epoch 522
elapsed time: 32.86083149909973
loss: 0.018613660428585418
--> Epoch 523
elapsed time: 32.864760875701904
loss: 0.018615561671491962
--> Epoch 524
elapsed time: 32.86474585533142
loss: 0.01860146359159407
--> Epoch 525
elapsed time: 32.865999937057495
loss: 0.018545440167735346
--> Epoch 526
elapsed time: 32.94192910194397
loss: 0.01859175841659588
--> Epoch 527
elapsed time: 32.86096692085266
loss: 0.018621427494145908
--> Epoch 528
elapsed time: 32.869492053985596
loss: 0.01861538430053814
--> Epoch 529
elapsed time: 32.86306619644165
loss: 0.018644707248505005
--> Epoch 530
elapsed time: 32.85795760154724
loss: 0.018562742922479603
--> Epoch 531
elapsed time: 32.86199140548706
loss: 0.01856939096585519
--> Epoch 532
elapsed time: 32.846238136291504
loss: 0.018603442845689107
--> Epoch 533
elapsed time: 32.85287380218506
loss: 0.018537594658179824
--> Epoch 534
elapsed time: 32.86096668243408
loss: 0.018556306794853504
--> Epoch 535
elapsed time: 32.854389905929565
loss: 0.018574998382853935
--> Epoch 536
elapsed time: 32.8573637008667
loss: 0.018549440305956892
--> Epoch 537
elapsed time: 32.86485815048218
loss: 0.01855098070736242
--> Epoch 538
elapsed time: 32.858607053756714
loss: 0.018548762470462752
--> Epoch 539
elapsed time: 32.85993146896362
loss: 0.018543541123906566
--> Epoch 540
elapsed time: 32.85307288169861
loss: 0.018520292097059545
--> Epoch 541
elapsed time: 32.843833684921265
loss: 0.01850909694699835
--> Epoch 542
elapsed time: 32.86517930030823
loss: 0.018560235185315615
--> Epoch 543
elapsed time: 32.86493253707886
loss: 0.018537297228969782
--> Epoch 544
elapsed time: 32.861332178115845
loss: 0.018505062372620836
--> Epoch 545
elapsed time: 32.87055945396423
loss: 0.018550099582461288
--> Epoch 546
elapsed time: 32.87419557571411
loss: 0.018536298374556923
--> Epoch 547
elapsed time: 32.86874985694885
loss: 0.01853311751633602
--> Epoch 548
elapsed time: 32.8630256652832
loss: 0.018536200414841903
--> Epoch 549
elapsed time: 32.850887060165405
loss: 0.01850300171497512
--> Epoch 550
elapsed time: 32.86691355705261
loss: 0.01850757933715017
--> Epoch 551
elapsed time: 32.87058234214783
loss: 0.018492593098806808
--> Epoch 552
elapsed time: 32.85735821723938
loss: 0.018513270296324623
--> Epoch 553
elapsed time: 32.86273121833801
loss: 0.01847240159696324
--> Epoch 554
elapsed time: 32.84997916221619
loss: 0.01848222112838575
--> Epoch 555
elapsed time: 32.85755014419556
loss: 0.01851901418143079
--> Epoch 556
elapsed time: 32.8604941368103
loss: 0.018457370705075513
--> Epoch 557
elapsed time: 32.86446022987366
loss: 0.018458871362750137
--> Epoch 558
elapsed time: 32.8543758392334
loss: 0.01851688848540313
--> Epoch 559
elapsed time: 32.85588097572327
loss: 0.0184596782849851
--> Epoch 560
elapsed time: 32.86464238166809
loss: 0.01848609123364974
--> Epoch 561
elapsed time: 32.86736750602722
loss: 0.018449196883723464
--> Epoch 562
elapsed time: 32.86151480674744
loss: 0.018468607615711043
--> Epoch 563
elapsed time: 32.86039471626282
loss: 0.018430835796083803
--> Epoch 564
elapsed time: 32.85619854927063
loss: 0.018462951947792117
--> Epoch 565
elapsed time: 32.85627198219299
loss: 0.018444481888402215
--> Epoch 566
elapsed time: 32.846328020095825
loss: 0.018403579575567736
--> Epoch 567
elapsed time: 32.85597848892212
loss: 0.018448209033460686
--> Epoch 568
elapsed time: 32.857932806015015
loss: 0.018439022278341335
--> Epoch 569
elapsed time: 32.85387444496155
loss: 0.018418345723024317
--> Epoch 570
elapsed time: 32.86175203323364
loss: 0.018428637924746926
--> Epoch 571
elapsed time: 32.868430376052856
loss: 0.01845757465245358
--> Epoch 572
elapsed time: 32.86886262893677
loss: 0.018429403160002193
--> Epoch 573
elapsed time: 32.86344313621521
loss: 0.018414318257538025
--> Epoch 574
elapsed time: 32.86216735839844
loss: 0.018455236817264152
--> Epoch 575
elapsed time: 32.87368130683899
loss: 0.01843113492760783
--> Epoch 576
elapsed time: 32.864569664001465
loss: 0.01845594531280862
--> Epoch 577
elapsed time: 32.8591673374176
loss: 0.018411537508812303
--> Epoch 578
elapsed time: 32.8827383518219
loss: 0.018411553057431054
--> Epoch 579
elapsed time: 32.862346172332764
loss: 0.018387407144165386
--> Epoch 580
elapsed time: 32.87979793548584
loss: 0.018420691370634627
--> Epoch 581
elapsed time: 32.86513900756836
loss: 0.018385117728112445
--> Epoch 582
elapsed time: 32.88035321235657
loss: 0.018424253183594877
--> Epoch 583
elapsed time: 32.867271423339844
loss: 0.018408863348772474
--> Epoch 584
elapsed time: 32.86597394943237
loss: 0.018419561115630596
--> Epoch 585
elapsed time: 32.869871377944946
loss: 0.018411019947537532
--> Epoch 586
elapsed time: 32.854984521865845
loss: 0.01840422460537751
--> Epoch 587
elapsed time: 32.86567401885986
loss: 0.01841412608354919
--> Epoch 588
elapsed time: 32.869211196899414
loss: 0.018396777785992073
--> Epoch 589
elapsed time: 32.84548854827881
loss: 0.018431346286140796
--> Epoch 590
elapsed time: 32.87203621864319
loss: 0.01837871123634468
--> Epoch 591
elapsed time: 32.87500977516174
loss: 0.018347132139727964
--> Epoch 592
elapsed time: 32.872997760772705
loss: 0.01842400019327818
--> Epoch 593
elapsed time: 32.8728723526001
loss: 0.018343485282034888
--> Epoch 594
elapsed time: 32.85609269142151
loss: 0.01836006389361362
--> Epoch 595
elapsed time: 32.43614983558655
loss: 0.018375193100923764
--> Epoch 596
elapsed time: 31.901837587356567
loss: 0.018366658876133996
--> Epoch 597
elapsed time: 31.95612621307373
loss: 0.01843571815611698
--> Epoch 598
elapsed time: 32.10755920410156
loss: 0.018364464507551262
--> Epoch 599
elapsed time: 32.091023445129395
loss: 0.018346976774445932
Evaluating model...
val mr: 199.70330810546875 mrr: 0.27707988023757935 hits@10: 0.4733390362132877 hits@5: 0.3737097234103222 hits@3: 0.3050185343598517 hits@1: 0.18357570573139437
--> Epoch 600
elapsed time: 32.865135192871094
loss: 0.018372678763898104
--> Epoch 601
elapsed time: 32.88231015205383
loss: 0.018335399896025603
--> Epoch 602
elapsed time: 32.87406849861145
loss: 0.018360722116137717
--> Epoch 603
elapsed time: 32.868271589279175
loss: 0.01833352549413354
--> Epoch 604
elapsed time: 32.87287449836731
loss: 0.018359123828171675
--> Epoch 605
elapsed time: 32.87032961845398
loss: 0.01829937012885414
--> Epoch 606
elapsed time: 32.88848567008972
loss: 0.01836286434379817
--> Epoch 607
elapsed time: 32.87824988365173
loss: 0.018339311044316246
--> Epoch 608
elapsed time: 32.88377857208252
loss: 0.018330241557866025
--> Epoch 609
elapsed time: 32.87826681137085
loss: 0.018401853238194762
--> Epoch 610
elapsed time: 32.87586426734924
loss: 0.01836341486057496
--> Epoch 611
elapsed time: 32.87967538833618
loss: 0.018311705210737654
--> Epoch 612
elapsed time: 32.869245290756226
loss: 0.018344250647833016
--> Epoch 613
elapsed time: 32.86197233200073
loss: 0.01830912711622714
--> Epoch 614
elapsed time: 32.8745493888855
loss: 0.018369680069919642
--> Epoch 615
elapsed time: 32.87024521827698
loss: 0.018329371212826566
--> Epoch 616
elapsed time: 32.86302065849304
loss: 0.01831404101331337
--> Epoch 617
elapsed time: 32.868032693862915
loss: 0.018331125842955803
--> Epoch 618
elapsed time: 32.86234474182129
loss: 0.0182979533681865
--> Epoch 619
elapsed time: 32.86646819114685
loss: 0.018299969589567252
--> Epoch 620
elapsed time: 32.86484122276306
loss: 0.018321067018579842
--> Epoch 621
elapsed time: 32.861626386642456
loss: 0.018341791713548963
--> Epoch 622
elapsed time: 32.846107959747314
loss: 0.01829977107066959
--> Epoch 623
elapsed time: 32.857279539108276
loss: 0.018305696419993047
--> Epoch 624
elapsed time: 32.848068714141846
loss: 0.01831208828307499
--> Epoch 625
elapsed time: 32.85819911956787
loss: 0.01829622540209418
--> Epoch 626
elapsed time: 32.86268353462219
loss: 0.01826800209551573
--> Epoch 627
elapsed time: 32.83150672912598
loss: 0.018289632863967013
--> Epoch 628
elapsed time: 32.870826959609985
loss: 0.018291163129463918
--> Epoch 629
elapsed time: 32.85212182998657
loss: 0.018262149603127983
--> Epoch 630
elapsed time: 32.86108732223511
loss: 0.018266360172940557
--> Epoch 631
elapsed time: 32.854928731918335
loss: 0.018260351422497774
--> Epoch 632
elapsed time: 32.85600447654724
loss: 0.018255832110052387
--> Epoch 633
elapsed time: 32.853293657302856
loss: 0.018295448177922533
--> Epoch 634
elapsed time: 32.862040281295776
loss: 0.018306816904433247
--> Epoch 635
elapsed time: 32.843772172927856
loss: 0.01824970739198847
--> Epoch 636
elapsed time: 32.84714913368225
loss: 0.01824492255623539
--> Epoch 637
elapsed time: 32.86110711097717
loss: 0.0182606860353968
--> Epoch 638
elapsed time: 32.855496644973755
loss: 0.018243762446341377
--> Epoch 639
elapsed time: 32.86255645751953
loss: 0.01826697315141096
--> Epoch 640
elapsed time: 32.853339195251465
loss: 0.01826570731055899
--> Epoch 641
elapsed time: 32.86762762069702
loss: 0.01826252327375079
--> Epoch 642
elapsed time: 32.8772132396698
loss: 0.018250301672165
--> Epoch 643
elapsed time: 32.85779905319214
loss: 0.01826661739319647
--> Epoch 644
elapsed time: 32.860758543014526
loss: 0.01824156138502755
--> Epoch 645
elapsed time: 32.861212491989136
loss: 0.01824610330416757
--> Epoch 646
elapsed time: 32.853681564331055
loss: 0.0182732581585884
--> Epoch 647
elapsed time: 32.85533666610718
loss: 0.018285566775315735
--> Epoch 648
elapsed time: 32.84668946266174
loss: 0.018246352206477554
--> Epoch 649
elapsed time: 32.83802270889282
loss: 0.018225066927160895
--> Epoch 650
elapsed time: 32.85130214691162
loss: 0.018249593834591606
--> Epoch 651
elapsed time: 32.83632779121399
loss: 0.018211173216057967
--> Epoch 652
elapsed time: 32.85351800918579
loss: 0.018197398375183596
--> Epoch 653
elapsed time: 32.86091661453247
loss: 0.018211947956410703
--> Epoch 654
elapsed time: 32.8570659160614
loss: 0.018214824254627174
--> Epoch 655
elapsed time: 32.807236433029175
loss: 0.018236746725925047
--> Epoch 656
elapsed time: 32.838846921920776
loss: 0.018235196723048124
--> Epoch 657
elapsed time: 32.8389618396759
loss: 0.018201501433748966
--> Epoch 658
elapsed time: 32.851985692977905
loss: 0.018201659273212514
--> Epoch 659
elapsed time: 32.85543346405029
loss: 0.018203870919887906
--> Epoch 660
elapsed time: 32.85229778289795
loss: 0.018211983904761184
--> Epoch 661
elapsed time: 32.8447003364563
loss: 0.01821185068971182
--> Epoch 662
elapsed time: 32.85224676132202
loss: 0.01823687485067887
--> Epoch 663
elapsed time: 32.84218740463257
loss: 0.018206012667430983
--> Epoch 664
elapsed time: 32.84951853752136
loss: 0.01823553073842881
--> Epoch 665
elapsed time: 32.86312246322632
loss: 0.018214287700679992
--> Epoch 666
elapsed time: 32.855106592178345
loss: 0.01815969676396136
--> Epoch 667
elapsed time: 32.85558247566223
loss: 0.018159384088396242
--> Epoch 668
elapsed time: 32.84794735908508
loss: 0.018188266344683863
--> Epoch 669
elapsed time: 32.835922718048096
loss: 0.018174270466705986
--> Epoch 670
elapsed time: 32.84156560897827
loss: 0.01815804318890242
--> Epoch 671
elapsed time: 32.854637145996094
loss: 0.018206833802191638
--> Epoch 672
elapsed time: 32.85808086395264
loss: 0.01819046313400439
--> Epoch 673
elapsed time: 32.82459855079651
loss: 0.01818654569249639
--> Epoch 674
elapsed time: 32.85943651199341
loss: 0.018193998041116786
--> Epoch 675
elapsed time: 32.86044883728027
loss: 0.018167596568834467
--> Epoch 676
elapsed time: 32.83703684806824
loss: 0.018203678922876644
--> Epoch 677
elapsed time: 32.86383676528931
loss: 0.018211908664761123
--> Epoch 678
elapsed time: 32.84625506401062
loss: 0.018124659932091454
--> Epoch 679
elapsed time: 32.84533762931824
loss: 0.01815648101837929
--> Epoch 680
elapsed time: 32.85210871696472
loss: 0.018125675145540164
--> Epoch 681
elapsed time: 32.83473467826843
loss: 0.018192514897212877
--> Epoch 682
elapsed time: 32.84529447555542
loss: 0.018156741533747342
--> Epoch 683
elapsed time: 32.83979320526123
loss: 0.018164911724430764
--> Epoch 684
elapsed time: 32.84644293785095
loss: 0.01826589791715734
--> Epoch 685
elapsed time: 32.8462929725647
loss: 0.018120673243289327
--> Epoch 686
elapsed time: 32.85380244255066
loss: 0.018148765872081047
--> Epoch 687
elapsed time: 32.83648133277893
loss: 0.0181416258774873
--> Epoch 688
elapsed time: 32.81844902038574
loss: 0.018180182146702247
--> Epoch 689
elapsed time: 32.82393789291382
loss: 0.018083452678137473
--> Epoch 690
elapsed time: 32.82522225379944
loss: 0.018135077106264382
--> Epoch 691
elapsed time: 32.82320809364319
loss: 0.01814155228110074
--> Epoch 692
elapsed time: 32.830430030822754
loss: 0.01813384558416742
--> Epoch 693
elapsed time: 32.82864999771118
loss: 0.01811576197283064
--> Epoch 694
elapsed time: 32.450539350509644
loss: 0.018118662514346226
--> Epoch 695
elapsed time: 32.13445234298706
loss: 0.01814590171347473
--> Epoch 696
elapsed time: 32.145774126052856
loss: 0.018117377461790197
--> Epoch 697
elapsed time: 32.12911891937256
loss: 0.018134720448267874
--> Epoch 698
elapsed time: 32.13344645500183
loss: 0.018136987532729937
--> Epoch 699
elapsed time: 32.13587760925293
loss: 0.018110075067493955
Evaluating model...
val mr: 199.64376831054688 mrr: 0.2752695381641388 hits@10: 0.47125748502994014 hits@5: 0.3713430282292558 hits@3: 0.30256629597946966 hits@1: 0.18209295694325633
--> Epoch 700
elapsed time: 32.79704546928406
loss: 0.01809849268349408
--> Epoch 701
elapsed time: 32.811084270477295
loss: 0.018124891699993543
--> Epoch 702
elapsed time: 32.774943828582764
loss: 0.018118911886260067
--> Epoch 703
elapsed time: 32.79422450065613
loss: 0.018120199885229848
--> Epoch 704
elapsed time: 32.79201579093933
loss: 0.018144034306577433
--> Epoch 705
elapsed time: 32.80413246154785
loss: 0.018110653309296967
--> Epoch 706
elapsed time: 32.80816149711609
loss: 0.018094156127552715
--> Epoch 707
elapsed time: 32.80772304534912
loss: 0.018164150276670787
--> Epoch 708
elapsed time: 32.79737567901611
loss: 0.01808256683967524
--> Epoch 709
elapsed time: 32.80748391151428
loss: 0.01809476874243058
--> Epoch 710
elapsed time: 32.81260919570923
loss: 0.018106006733330206
--> Epoch 711
elapsed time: 32.81300449371338
loss: 0.01807165593662328
--> Epoch 712
elapsed time: 32.804346561431885
loss: 0.018121383854679533
--> Epoch 713
elapsed time: 32.806477069854736
loss: 0.018096469772010623
--> Epoch 714
elapsed time: 32.80474781990051
loss: 0.018158169228474935
--> Epoch 715
elapsed time: 32.80569887161255
loss: 0.018055108165576955
--> Epoch 716
elapsed time: 32.801105260849
loss: 0.01807316291905582
--> Epoch 717
elapsed time: 32.788137674331665
loss: 0.01809900811753347
--> Epoch 718
elapsed time: 32.8075737953186
loss: 0.018101474657472527
--> Epoch 719
elapsed time: 32.80372333526611
loss: 0.018067406470294225
--> Epoch 720
elapsed time: 32.79219436645508
loss: 0.01810520443266305
--> Epoch 721
elapsed time: 32.797473669052124
loss: 0.01807437159615172
--> Epoch 722
elapsed time: 32.78978610038757
loss: 0.018117926175498445
--> Epoch 723
elapsed time: 32.78138470649719
loss: 0.01809171156262101
--> Epoch 724
elapsed time: 32.7918221950531
loss: 0.018093475933525772
--> Epoch 725
elapsed time: 32.78598713874817
loss: 0.018100277190416462
--> Epoch 726
elapsed time: 32.79290199279785
loss: 0.018092458626134487
--> Epoch 727
elapsed time: 32.79803538322449
loss: 0.0181357774774869
--> Epoch 728
elapsed time: 32.799890995025635
loss: 0.018128557144712416
--> Epoch 729
elapsed time: 32.80753040313721
loss: 0.018045666445351556
--> Epoch 730
elapsed time: 32.81133484840393
loss: 0.0180798221908699
--> Epoch 731
elapsed time: 32.79749131202698
loss: 0.018030280102769778
--> Epoch 732
elapsed time: 32.79868793487549
loss: 0.0180703015237528
--> Epoch 733
elapsed time: 32.77702832221985
loss: 0.018101026537991984
--> Epoch 734
elapsed time: 32.80341029167175
loss: 0.018067929331258795
--> Epoch 735
elapsed time: 32.79440093040466
loss: 0.01801879549099383
--> Epoch 736
elapsed time: 32.80741310119629
loss: 0.018046756420435205
--> Epoch 737
elapsed time: 32.80361771583557
loss: 0.01803452667963331
--> Epoch 738
elapsed time: 32.80543375015259
loss: 0.01805788033351877
--> Epoch 739
elapsed time: 32.808939933776855
loss: 0.018053982745039495
--> Epoch 740
elapsed time: 32.79616355895996
loss: 0.01809937497013908
--> Epoch 741
elapsed time: 32.81293201446533
loss: 0.018006546028582194
--> Epoch 742
elapsed time: 32.80377149581909
loss: 0.018082658898677616
--> Epoch 743
elapsed time: 32.8056902885437
loss: 0.01806421464472056
--> Epoch 744
elapsed time: 32.802608489990234
loss: 0.018029607998895848
--> Epoch 745
elapsed time: 32.804980516433716
loss: 0.01805414018411319
--> Epoch 746
elapsed time: 32.798957109451294
loss: 0.01799976098090971
--> Epoch 747
elapsed time: 32.80737495422363
loss: 0.018023447358765248
--> Epoch 748
elapsed time: 32.80085372924805
loss: 0.01802405168198098
--> Epoch 749
elapsed time: 32.813194036483765
loss: 0.01805908931375447
--> Epoch 750
elapsed time: 32.799299001693726
loss: 0.018028763721251083
--> Epoch 751
elapsed time: 32.794395208358765
loss: 0.018020492705042534
--> Epoch 752
elapsed time: 32.80175805091858
loss: 0.018025090232813908
--> Epoch 753
elapsed time: 32.804851055145264
loss: 0.018038398106972338
--> Epoch 754
elapsed time: 32.80981492996216
loss: 0.018068029215823955
--> Epoch 755
elapsed time: 32.788917541503906
loss: 0.018064485936445777
--> Epoch 756
elapsed time: 32.80128598213196
loss: 0.018024232776472845
--> Epoch 757
elapsed time: 32.788898944854736
loss: 0.018050044340450364
--> Epoch 758
elapsed time: 32.78687524795532
loss: 0.018039740166457777
--> Epoch 759
elapsed time: 32.80689334869385
loss: 0.017986732698899895
--> Epoch 760
elapsed time: 32.79347586631775
loss: 0.01805570073204986
--> Epoch 761
elapsed time: 32.79087233543396
loss: 0.017998386787729
--> Epoch 762
elapsed time: 32.80124497413635
loss: 0.018020543372319873
--> Epoch 763
elapsed time: 32.78132891654968
loss: 0.018028766786818053
--> Epoch 764
elapsed time: 32.79685354232788
loss: 0.018005856626464697
--> Epoch 765
elapsed time: 32.79858994483948
loss: 0.018007507675650652
--> Epoch 766
elapsed time: 32.80106234550476
loss: 0.01803356589116892
--> Epoch 767
elapsed time: 32.80742931365967
loss: 0.01800836041404998
--> Epoch 768
elapsed time: 32.80022716522217
loss: 0.018016966736173697
--> Epoch 769
elapsed time: 32.7827570438385
loss: 0.018058515640075545
--> Epoch 770
elapsed time: 32.79762816429138
loss: 0.017986841729350618
--> Epoch 771
elapsed time: 32.79936075210571
loss: 0.017988434671192155
--> Epoch 772
elapsed time: 32.80895709991455
loss: 0.018020530512533654
--> Epoch 773
elapsed time: 32.80733394622803
loss: 0.01797681859311554
--> Epoch 774
elapsed time: 32.80479073524475
loss: 0.017971912384040212
--> Epoch 775
elapsed time: 32.814924478530884
loss: 0.017994979113473548
--> Epoch 776
elapsed time: 32.81561017036438
loss: 0.018021778939493343
--> Epoch 777
elapsed time: 32.78345799446106
loss: 0.018003825758875595
--> Epoch 778
elapsed time: 32.81244874000549
loss: 0.018004676637258153
--> Epoch 779
elapsed time: 32.807045698165894
loss: 0.018007721622261594
--> Epoch 780
elapsed time: 32.78632307052612
loss: 0.018041629610567416
--> Epoch 781
elapsed time: 32.79365134239197
loss: 0.01799236308618581
--> Epoch 782
elapsed time: 32.81311893463135
loss: 0.018006281985928456
--> Epoch 783
elapsed time: 32.79878854751587
loss: 0.01800445863155268
--> Epoch 784
elapsed time: 32.83488607406616
loss: 0.0180156126588597
--> Epoch 785
elapsed time: 32.898826122283936
loss: 0.017980390929232367
--> Epoch 786
elapsed time: 32.86144971847534
loss: 0.017974367183882844
--> Epoch 787
elapsed time: 32.8218994140625
loss: 0.017953533560093684
--> Epoch 788
elapsed time: 32.842795848846436
loss: 0.01800515262106905
--> Epoch 789
elapsed time: 32.834627628326416
loss: 0.017996637592213063
--> Epoch 790
elapsed time: 32.82606911659241
loss: 0.01798444020764259
--> Epoch 791
elapsed time: 32.818758964538574
loss: 0.017982448176993363
--> Epoch 792
elapsed time: 32.82985758781433
loss: 0.017933419959046654
--> Epoch 793
elapsed time: 32.837323904037476
loss: 0.017954124017729865
--> Epoch 794
elapsed time: 32.84917449951172
loss: 0.017962441160251592
--> Epoch 795
elapsed time: 32.83759570121765
loss: 0.017941667290048733
--> Epoch 796
elapsed time: 32.82776641845703
loss: 0.017953520080009836
--> Epoch 797
elapsed time: 32.756224155426025
loss: 0.018000490064553124
--> Epoch 798
elapsed time: 32.0876739025116
loss: 0.01791139358176253
--> Epoch 799
elapsed time: 32.37854981422424
loss: 0.0179828146449794
Evaluating model...
val mr: 197.90370178222656 mrr: 0.27933597564697266 hits@10: 0.47735956658112344 hits@5: 0.3769318505845452 hits@3: 0.3077274023381808 hits@1: 0.18511548331907612
--> Epoch 800
elapsed time: 32.79450035095215
loss: 0.018046117860820367
--> Epoch 801
elapsed time: 32.81349515914917
loss: 0.0179612343212693
--> Epoch 802
elapsed time: 32.816750049591064
loss: 0.017954755566579658
--> Epoch 803
elapsed time: 32.83533549308777
loss: 0.017960064808784627
--> Epoch 804
elapsed time: 32.83106589317322
loss: 0.017909294626870922
--> Epoch 805
elapsed time: 32.819958448410034
loss: 0.017969637168247187
--> Epoch 806
elapsed time: 32.82857275009155
loss: 0.01799529475560333
--> Epoch 807
elapsed time: 32.81929087638855
loss: 0.017938164620890668
--> Epoch 808
elapsed time: 32.815853118896484
loss: 0.01794315883250222
--> Epoch 809
elapsed time: 32.82669734954834
loss: 0.01795429636847827
--> Epoch 810
elapsed time: 32.82607460021973
loss: 0.01794107217755193
--> Epoch 811
elapsed time: 32.8161883354187
loss: 0.01792966951515354
--> Epoch 812
elapsed time: 32.819464445114136
loss: 0.017963792970149953
--> Epoch 813
elapsed time: 32.82398056983948
loss: 0.017935044089242857
--> Epoch 814
elapsed time: 32.80449867248535
loss: 0.017914327512462802
--> Epoch 815
elapsed time: 32.82722878456116
loss: 0.017957791170895604
--> Epoch 816
elapsed time: 32.820202350616455
loss: 0.017926043708154253
--> Epoch 817
elapsed time: 32.81334829330444
loss: 0.01789223945761837
--> Epoch 818
elapsed time: 32.828145265579224
loss: 0.017922777210310565
--> Epoch 819
elapsed time: 32.81528401374817
loss: 0.01793418081016442
--> Epoch 820
elapsed time: 32.8233802318573
loss: 0.017939455479537667
--> Epoch 821
elapsed time: 32.80286431312561
loss: 0.017917498413504908
--> Epoch 822
elapsed time: 32.82922911643982
loss: 0.01794785704649459
--> Epoch 823
elapsed time: 32.821253061294556
loss: 0.017906786737260903
--> Epoch 824
elapsed time: 32.820374488830566
loss: 0.017944298481335646
--> Epoch 825
elapsed time: 32.831459045410156
loss: 0.017936213821635308
--> Epoch 826
elapsed time: 32.83225917816162
loss: 0.01790731874148266
--> Epoch 827
elapsed time: 32.81240200996399
loss: 0.017929898648542945
--> Epoch 828
elapsed time: 32.82312631607056
loss: 0.017937498179422945
--> Epoch 829
elapsed time: 32.81973123550415
loss: 0.01796896968681719
--> Epoch 830
elapsed time: 32.82585644721985
loss: 0.017907825222384335
--> Epoch 831
elapsed time: 32.81318640708923
loss: 0.017941219896877136
--> Epoch 832
elapsed time: 32.821993350982666
loss: 0.017927870554770655
--> Epoch 833
elapsed time: 32.82889771461487
loss: 0.0179008773877614
--> Epoch 834
elapsed time: 32.82166051864624
loss: 0.01790488963054803
--> Epoch 835
elapsed time: 32.81376504898071
loss: 0.0178726855753058
--> Epoch 836
elapsed time: 32.82916283607483
loss: 0.017890281648474095
--> Epoch 837
elapsed time: 32.80916213989258
loss: 0.017927987626311304
--> Epoch 838
elapsed time: 32.804157733917236
loss: 0.01794373665201221
--> Epoch 839
elapsed time: 32.800631284713745
loss: 0.01796167757386659
--> Epoch 840
elapsed time: 32.80525231361389
loss: 0.017925503381605937
--> Epoch 841
elapsed time: 32.806620359420776
loss: 0.017925696206556832
--> Epoch 842
elapsed time: 32.80402421951294
loss: 0.01793623758481705
--> Epoch 843
elapsed time: 32.79971742630005
loss: 0.017894567537138122
--> Epoch 844
elapsed time: 32.79470944404602
loss: 0.017868091709743607
--> Epoch 845
elapsed time: 32.811779260635376
loss: 0.017857971038714907
--> Epoch 846
elapsed time: 32.803616523742676
loss: 0.017941904835129613
--> Epoch 847
elapsed time: 32.80067729949951
loss: 0.017899577826548888
--> Epoch 848
elapsed time: 32.809067487716675
loss: 0.01788814456542903
--> Epoch 849
elapsed time: 32.8149893283844
loss: 0.017865043041503947
--> Epoch 850
elapsed time: 32.800084590911865
loss: 0.017920071069021496
--> Epoch 851
elapsed time: 32.80474877357483
loss: 0.017861249148740536
--> Epoch 852
elapsed time: 32.81472635269165
loss: 0.017850142393720285
--> Epoch 853
elapsed time: 32.80091977119446
loss: 0.01787717509243781
--> Epoch 854
elapsed time: 32.80404567718506
loss: 0.017890731544739382
--> Epoch 855
elapsed time: 32.793198585510254
loss: 0.017876043393577144
--> Epoch 856
elapsed time: 32.68476629257202
loss: 0.017900480593529267
--> Epoch 857
elapsed time: 32.81157994270325
loss: 0.01786373880878441
--> Epoch 858
elapsed time: 32.82734656333923
loss: 0.01785111698555924
--> Epoch 859
elapsed time: 32.90036654472351
loss: 0.017870220541428363
--> Epoch 860
elapsed time: 32.93821382522583
loss: 0.01787652670881542
--> Epoch 861
elapsed time: 32.939292430877686
loss: 0.01784408083825126
--> Epoch 862
elapsed time: 32.94161772727966
loss: 0.01784640186933252
--> Epoch 863
elapsed time: 32.899322748184204
loss: 0.017866046990592976
--> Epoch 864
elapsed time: 32.85299849510193
loss: 0.017822105839659274
--> Epoch 865
elapsed time: 32.85769581794739
loss: 0.017811862849967726
--> Epoch 866
elapsed time: 32.85397434234619
loss: 0.01787095023047526
--> Epoch 867
elapsed time: 32.865023136138916
loss: 0.017857703488050266
--> Epoch 868
elapsed time: 32.851465940475464
loss: 0.017923351817064316
--> Epoch 869
elapsed time: 32.85756206512451
loss: 0.0178413911401062
--> Epoch 870
elapsed time: 32.84441137313843
loss: 0.01786873070391724
--> Epoch 871
elapsed time: 32.85176491737366
loss: 0.017879750588356832
--> Epoch 872
elapsed time: 32.842037200927734
loss: 0.01785823207450216
--> Epoch 873
elapsed time: 32.849947690963745
loss: 0.01786223313090438
--> Epoch 874
elapsed time: 32.8463978767395
loss: 0.01787969649542449
--> Epoch 875
elapsed time: 32.85128831863403
loss: 0.01788258289187614
--> Epoch 876
elapsed time: 32.852346897125244
loss: 0.017851803490326074
--> Epoch 877
elapsed time: 32.86626672744751
loss: 0.017859115199600317
--> Epoch 878
elapsed time: 32.83930039405823
loss: 0.017827188078338597
--> Epoch 879
elapsed time: 32.85285472869873
loss: 0.017843764318242628
--> Epoch 880
elapsed time: 32.84479379653931
loss: 0.017849425027394002
--> Epoch 881
elapsed time: 32.84070420265198
loss: 0.017875134580447108
--> Epoch 882
elapsed time: 32.83642768859863
loss: 0.01788526387518992
--> Epoch 883
elapsed time: 32.84579014778137
loss: 0.017862120721233363
--> Epoch 884
elapsed time: 32.834526777267456
loss: 0.017818698560536916
--> Epoch 885
elapsed time: 32.833125591278076
loss: 0.017810218607409316
--> Epoch 886
elapsed time: 32.84064817428589
loss: 0.017862654866708527
--> Epoch 887
elapsed time: 32.84589385986328
loss: 0.017874134842898636
--> Epoch 888
elapsed time: 32.843623876571655
loss: 0.01786465048684843
--> Epoch 889
elapsed time: 32.84664058685303
loss: 0.017820629802018206
--> Epoch 890
elapsed time: 32.84818935394287
loss: 0.017802831747499928
--> Epoch 891
elapsed time: 32.83632969856262
loss: 0.017858288661766926
--> Epoch 892
elapsed time: 32.829331398010254
loss: 0.017875195748101733
--> Epoch 893
elapsed time: 32.85265398025513
loss: 0.017878806288595034
--> Epoch 894
elapsed time: 32.85155987739563
loss: 0.01780341625185587
--> Epoch 895
elapsed time: 32.86211919784546
loss: 0.01785193744307403
--> Epoch 896
elapsed time: 32.849735736846924
loss: 0.017858909160908057
--> Epoch 897
elapsed time: 32.8485894203186
loss: 0.017841744892866905
--> Epoch 898
elapsed time: 32.353919506073
loss: 0.017802123957237376
--> Epoch 899
elapsed time: 32.11160063743591
loss: 0.017837555060970928
Evaluating model...
val mr: 201.4539794921875 mrr: 0.281379371881485 hits@10: 0.47755916737952664 hits@5: 0.37944111776447104 hits@3: 0.3122041631023667 hits@1: 0.18654120330767038
--> Epoch 900
elapsed time: 32.36560821533203
loss: 0.017826960445754055
--> Epoch 901
elapsed time: 32.36395001411438
loss: 0.017856039215485554
--> Epoch 902
elapsed time: 32.358426094055176
loss: 0.017846747111399445
--> Epoch 903
elapsed time: 32.35282850265503
loss: 0.01782938387675994
--> Epoch 904
elapsed time: 32.360312700271606
loss: 0.017829036617849587
--> Epoch 905
elapsed time: 32.35916709899902
loss: 0.01784638857761589
--> Epoch 906
elapsed time: 32.51670479774475
loss: 0.01782487139897815
--> Epoch 907
elapsed time: 32.55957007408142
loss: 0.017832911786249194
--> Epoch 908
elapsed time: 32.5561146736145
loss: 0.01781726357117926
--> Epoch 909
elapsed time: 32.54878067970276
loss: 0.017861518933528005
--> Epoch 910
elapsed time: 32.558363914489746
loss: 0.017871216147163794
--> Epoch 911
elapsed time: 32.570958852767944
loss: 0.01782274595877946
--> Epoch 912
elapsed time: 32.56267786026001
loss: 0.017838610987146564
--> Epoch 913
elapsed time: 32.552966833114624
loss: 0.01779423906053447
--> Epoch 914
elapsed time: 32.5658962726593
loss: 0.01780254497198933
--> Epoch 915
elapsed time: 32.45485997200012
loss: 0.017863939033500562
--> Epoch 916
elapsed time: 32.37987923622131
loss: 0.01778548768776717
--> Epoch 917
elapsed time: 32.373818159103394
loss: 0.017845048997568724
--> Epoch 918
elapsed time: 32.366936922073364
loss: 0.017796264603902233
--> Epoch 919
elapsed time: 32.36844754219055
loss: 0.017835643022432433
--> Epoch 920
elapsed time: 32.37470865249634
loss: 0.017794756990658543
--> Epoch 921
elapsed time: 32.3547203540802
loss: 0.017852346556522267
--> Epoch 922
elapsed time: 32.35486125946045
loss: 0.017801278509963603
--> Epoch 923
elapsed time: 32.427642583847046
loss: 0.017831803609635453
--> Epoch 924
elapsed time: 32.358779191970825
loss: 0.01788745775577014
--> Epoch 925
elapsed time: 32.34992289543152
loss: 0.017775083901684797
--> Epoch 926
elapsed time: 32.35396337509155
loss: 0.017821464992477887
--> Epoch 927
elapsed time: 32.34878444671631
loss: 0.01777910037003002
--> Epoch 928
elapsed time: 32.35996866226196
loss: 0.017799465410649664
--> Epoch 929
elapsed time: 32.34427833557129
loss: 0.017810038410947217
--> Epoch 930
elapsed time: 32.35319757461548
loss: 0.017789236877046994
--> Epoch 931
elapsed time: 32.35069417953491
loss: 0.017791541816311016
--> Epoch 932
elapsed time: 32.350961685180664
loss: 0.017764226673652794
--> Epoch 933
elapsed time: 32.34678626060486
loss: 0.017804002059012062
--> Epoch 934
elapsed time: 32.34692430496216
loss: 0.017764121812688553
--> Epoch 935
elapsed time: 32.3567955493927
loss: 0.017841372298127565
--> Epoch 936
elapsed time: 32.35486960411072
loss: 0.017802425343911264
--> Epoch 937
elapsed time: 32.35179162025452
loss: 0.01781454254887991
--> Epoch 938
elapsed time: 32.34857416152954
loss: 0.017768954109971747
--> Epoch 939
elapsed time: 32.34771513938904
loss: 0.017828266716344056
--> Epoch 940
elapsed time: 32.349597454071045
loss: 0.01779100484532757
--> Epoch 941
elapsed time: 32.350786209106445
loss: 0.01781791743935416
--> Epoch 942
elapsed time: 32.35689067840576
loss: 0.01779134413060975
--> Epoch 943
elapsed time: 32.35061287879944
loss: 0.017777542806180546
--> Epoch 944
elapsed time: 32.35270857810974
loss: 0.017787239161212266
--> Epoch 945
elapsed time: 32.34252190589905
loss: 0.01786735206527017
--> Epoch 946
elapsed time: 32.34521436691284
loss: 0.017841233788645168
--> Epoch 947
elapsed time: 32.34512281417847
loss: 0.01776786060234565
--> Epoch 948
elapsed time: 32.35282015800476
loss: 0.017780277891187933
--> Epoch 949
elapsed time: 32.35548639297485
loss: 0.01780140366026762
--> Epoch 950
elapsed time: 32.36003923416138
loss: 0.017786918111629118
--> Epoch 951
elapsed time: 32.356234550476074
loss: 0.01777849467742841
--> Epoch 952
elapsed time: 32.356900215148926
loss: 0.017789378066600657
--> Epoch 953
elapsed time: 32.34808874130249
loss: 0.017800118936259064
--> Epoch 954
elapsed time: 32.35641360282898
loss: 0.01779445685947407
--> Epoch 955
elapsed time: 32.35317325592041
loss: 0.01775117366121747
--> Epoch 956
elapsed time: 32.35367774963379
loss: 0.017786908933326868
--> Epoch 957
elapsed time: 32.34549427032471
loss: 0.01777901387267929
--> Epoch 958
elapsed time: 32.36145305633545
loss: 0.017838587030340844
--> Epoch 959
elapsed time: 32.35046458244324
loss: 0.017781451059748907
--> Epoch 960
elapsed time: 32.35382390022278
loss: 0.01778774269307181
--> Epoch 961
elapsed time: 32.3581063747406
loss: 0.017770576974165012
--> Epoch 962
elapsed time: 32.378955602645874
loss: 0.017736474529560568
--> Epoch 963
elapsed time: 32.363717555999756
loss: 0.01774291539878382
--> Epoch 964
elapsed time: 32.367486238479614
loss: 0.017745791562076795
--> Epoch 965
elapsed time: 32.35844326019287
loss: 0.017791657584175287
--> Epoch 966
elapsed time: 32.36301803588867
loss: 0.017766712869492097
--> Epoch 967
elapsed time: 32.3802444934845
loss: 0.017761483509005912
--> Epoch 968
elapsed time: 32.36442565917969
loss: 0.017744749683715047
--> Epoch 969
elapsed time: 32.369608640670776
loss: 0.01776481172996849
--> Epoch 970
elapsed time: 32.37181115150452
loss: 0.017762194617159895
--> Epoch 971
elapsed time: 32.37056374549866
loss: 0.017725760236326413
--> Epoch 972
elapsed time: 32.37478303909302
loss: 0.017850333922003813
--> Epoch 973
elapsed time: 32.37490129470825
loss: 0.0178807229671
--> Epoch 974
elapsed time: 32.37060546875
loss: 0.017762115428457254
--> Epoch 975
elapsed time: 32.367751121520996
loss: 0.0177623539802076
--> Epoch 976
elapsed time: 32.36518430709839
loss: 0.017730317237109702
--> Epoch 977
elapsed time: 32.37085175514221
loss: 0.01775589740466281
--> Epoch 978
elapsed time: 32.36693549156189
loss: 0.017730288501909514
--> Epoch 979
elapsed time: 32.37018632888794
loss: 0.017779260220204113
--> Epoch 980
elapsed time: 32.352917432785034
loss: 0.01777633712981825
--> Epoch 981
elapsed time: 32.36785435676575
loss: 0.017762802887325957
--> Epoch 982
elapsed time: 32.36762189865112
loss: 0.017711067465348618
--> Epoch 983
elapsed time: 32.36585569381714
loss: 0.017787899789580005
--> Epoch 984
elapsed time: 32.36748218536377
loss: 0.01773975325199869
--> Epoch 985
elapsed time: 32.365432024002075
loss: 0.01772181424272868
--> Epoch 986
elapsed time: 32.364240884780884
loss: 0.01788473282594616
--> Epoch 987
elapsed time: 32.378093957901
loss: 0.017690070126790934
--> Epoch 988
elapsed time: 32.36104917526245
loss: 0.017730618767468356
--> Epoch 989
elapsed time: 32.366661071777344
loss: 0.017930478565500015
--> Epoch 990
elapsed time: 32.35640215873718
loss: 0.01774512909121482
--> Epoch 991
elapsed time: 32.36090588569641
loss: 0.017727598607512093
--> Epoch 992
elapsed time: 32.374706745147705
loss: 0.01773489905593116
--> Epoch 993
elapsed time: 32.29747414588928
loss: 0.017753404944518325
--> Epoch 994
elapsed time: 32.2138397693634
loss: 0.017846985849764754
--> Epoch 995
elapsed time: 32.54427194595337
loss: 0.01771056792161735
--> Epoch 996
elapsed time: 32.44559645652771
loss: 0.017769136990885743
--> Epoch 997
elapsed time: 32.52259612083435
loss: 0.017690036507184956
--> Epoch 998
elapsed time: 32.548099756240845
loss: 0.017767832299075872
--> Epoch 999
elapsed time: 32.51050090789795
loss: 0.01775623017419147
Evaluating model...
