Using CUDA
Load processed dataset...
Model type: DistMultLit
14923 237
torch.Size([14923, 121]) torch.Size([14923, 300])
Start training...
Evaluating model...
val mr: 7393.1015625 mrr: 0.0010087804403156042 hits@10: 0.000855431993156544 hits@5: 0.0006273167949814657 hits@3: 0.0004847447961220416 hits@1: 0.000427715996578272
--> Epoch 1
elapsed time: 21.501273155212402
loss: 0.2256001141185146
--> Epoch 2
elapsed time: 21.71239423751831
loss: 0.07082740638338499
--> Epoch 3
elapsed time: 21.715174674987793
loss: 0.052882500104991646
--> Epoch 4
elapsed time: 21.737957239151
loss: 0.046557295163313625
--> Epoch 5
elapsed time: 21.73866319656372
loss: 0.04359901666304803
--> Epoch 6
elapsed time: 21.715603590011597
loss: 0.04151008940833644
--> Epoch 7
elapsed time: 21.717288970947266
loss: 0.039815758163090145
--> Epoch 8
elapsed time: 21.704737663269043
loss: 0.03973300839833011
--> Epoch 9
elapsed time: 21.727034330368042
loss: 0.037915934343329044
--> Epoch 10
elapsed time: 21.711641550064087
loss: 0.03714699093830664
--> Epoch 11
elapsed time: 21.718116283416748
loss: 0.03742268951723627
--> Epoch 12
elapsed time: 21.69472908973694
loss: 0.035938318244068554
--> Epoch 13
elapsed time: 21.676193952560425
loss: 0.03612855960100693
--> Epoch 14
elapsed time: 21.714346170425415
loss: 0.03550365597346091
--> Epoch 15
elapsed time: 21.96703577041626
loss: 0.03458228262591676
--> Epoch 16
elapsed time: 22.948545217514038
loss: 0.03424252346438388
--> Epoch 17
elapsed time: 22.941807508468628
loss: 0.03414350238331679
--> Epoch 18
elapsed time: 23.020471811294556
loss: 0.03393931258977973
--> Epoch 19
elapsed time: 22.97006058692932
loss: 0.033118572543433894
--> Epoch 20
elapsed time: 22.984783411026
loss: 0.03281692619262892
--> Epoch 21
elapsed time: 22.98509693145752
loss: 0.03284982149073064
--> Epoch 22
elapsed time: 22.963841438293457
loss: 0.032223317221942535
--> Epoch 23
elapsed time: 22.985057592391968
loss: 0.03216859452279244
--> Epoch 24
elapsed time: 22.96217656135559
loss: 0.03179596243066992
--> Epoch 25
elapsed time: 22.96386194229126
loss: 0.031885418149021474
--> Epoch 26
elapsed time: 22.963680028915405
loss: 0.03174051575481836
--> Epoch 27
elapsed time: 22.963826656341553
loss: 0.031100989073192524
--> Epoch 28
elapsed time: 22.984342575073242
loss: 0.031074177408950125
--> Epoch 29
elapsed time: 22.941500425338745
loss: 0.03078896288084513
--> Epoch 30
elapsed time: 22.984846115112305
loss: 0.03056716765097482
--> Epoch 31
elapsed time: 22.944819688796997
loss: 0.030386254795925972
--> Epoch 32
elapsed time: 22.960204362869263
loss: 0.030233926000467808
--> Epoch 33
elapsed time: 23.007487058639526
loss: 0.03002578433101904
--> Epoch 34
elapsed time: 22.98413109779358
loss: 0.029923769145124606
--> Epoch 35
elapsed time: 22.96347665786743
loss: 0.02974142699816938
--> Epoch 36
elapsed time: 22.984920978546143
loss: 0.029595793658553825
--> Epoch 37
elapsed time: 22.984551668167114
loss: 0.029559928356115255
--> Epoch 38
elapsed time: 22.96312141418457
loss: 0.029340217052937004
--> Epoch 39
elapsed time: 22.963630199432373
loss: 0.02921233576944103
--> Epoch 40
elapsed time: 22.963833332061768
loss: 0.029149610529936715
--> Epoch 41
elapsed time: 23.008100271224976
loss: 0.028983004874815272
--> Epoch 42
elapsed time: 22.961591958999634
loss: 0.02896138906534954
--> Epoch 43
elapsed time: 22.963160037994385
loss: 0.028788479752943748
--> Epoch 44
elapsed time: 22.963289260864258
loss: 0.02861409426359276
--> Epoch 45
elapsed time: 23.006565809249878
loss: 0.028506839383298906
--> Epoch 46
elapsed time: 22.942437648773193
loss: 0.02853579664478466
--> Epoch 47
elapsed time: 22.96250557899475
loss: 0.02836107699724435
--> Epoch 48
elapsed time: 22.963709354400635
loss: 0.02829205535828843
--> Epoch 49
elapsed time: 22.9841525554657
loss: 0.028154390708999822
--> Epoch 50
elapsed time: 22.966578006744385
loss: 0.028083079162483943
--> Epoch 51
elapsed time: 22.96067976951599
loss: 0.028034824352301414
--> Epoch 52
elapsed time: 23.00755548477173
loss: 0.027941934112547032
--> Epoch 53
elapsed time: 23.00536274909973
loss: 0.027897395500221123
--> Epoch 54
elapsed time: 22.963533878326416
loss: 0.027799421774183146
--> Epoch 55
elapsed time: 22.984253883361816
loss: 0.02777362687413354
--> Epoch 56
elapsed time: 22.964169025421143
loss: 0.027637745959023654
--> Epoch 57
elapsed time: 22.963901042938232
loss: 0.027580590701380768
--> Epoch 58
elapsed time: 22.98368239402771
loss: 0.027473617791919248
--> Epoch 59
elapsed time: 22.96411967277527
loss: 0.02741746544515537
--> Epoch 60
elapsed time: 23.007009506225586
loss: 0.027395330204760704
--> Epoch 61
elapsed time: 22.984166383743286
loss: 0.027320395736330428
--> Epoch 62
elapsed time: 22.96446204185486
loss: 0.027215312670492275
--> Epoch 63
elapsed time: 22.96257209777832
loss: 0.027222386259070457
--> Epoch 64
elapsed time: 22.962621927261353
loss: 0.02713454213003897
--> Epoch 65
elapsed time: 22.963578701019287
loss: 0.027072968977737404
--> Epoch 66
elapsed time: 22.96328115463257
loss: 0.026978238169471834
--> Epoch 67
elapsed time: 22.963760375976562
loss: 0.02695865916160066
--> Epoch 68
elapsed time: 22.96293044090271
loss: 0.026957732189870732
--> Epoch 69
elapsed time: 22.963083744049072
loss: 0.026911918697694732
--> Epoch 70
elapsed time: 22.985575675964355
loss: 0.026842641270073762
--> Epoch 71
elapsed time: 22.94223713874817
loss: 0.02676023128648356
--> Epoch 72
elapsed time: 22.98345685005188
loss: 0.026726124627710172
--> Epoch 73
elapsed time: 22.94306707382202
loss: 0.026748778294992694
--> Epoch 74
elapsed time: 22.96247935295105
loss: 0.026730302341023034
--> Epoch 75
elapsed time: 22.943878412246704
loss: 0.02662411671892327
--> Epoch 76
elapsed time: 22.96145486831665
loss: 0.026613644253276815
--> Epoch 77
elapsed time: 22.97224187850952
loss: 0.026567570623343324
--> Epoch 78
elapsed time: 22.954352855682373
loss: 0.026510387801005383
--> Epoch 79
elapsed time: 22.961796283721924
loss: 0.026452521890794344
--> Epoch 80
elapsed time: 22.941877841949463
loss: 0.026426665157233895
--> Epoch 81
elapsed time: 22.96301770210266
loss: 0.026364130224692632
--> Epoch 82
elapsed time: 23.071152210235596
loss: 0.026300393461984838
--> Epoch 83
elapsed time: 22.949620008468628
loss: 0.02634725431619897
--> Epoch 84
elapsed time: 22.95473313331604
loss: 0.02625579895979093
--> Epoch 85
elapsed time: 22.984360933303833
loss: 0.02620395527572589
--> Epoch 86
elapsed time: 22.94152045249939
loss: 0.02624276641367296
--> Epoch 87
elapsed time: 22.966430187225342
loss: 0.02616607584935365
--> Epoch 88
elapsed time: 22.980300664901733
loss: 0.02613772983511214
--> Epoch 89
elapsed time: 22.985535621643066
loss: 0.026159034763320033
--> Epoch 90
elapsed time: 22.985715627670288
loss: 0.026044886610063312
--> Epoch 91
elapsed time: 22.940390586853027
loss: 0.02599788849134268
--> Epoch 92
elapsed time: 22.96319341659546
loss: 0.025971983190580347
--> Epoch 93
elapsed time: 22.962509632110596
loss: 0.025988555205801917
--> Epoch 94
elapsed time: 22.94030237197876
loss: 0.025909282417787432
--> Epoch 95
elapsed time: 22.94444465637207
loss: 0.025921610873525475
--> Epoch 96
elapsed time: 22.93986225128174
loss: 0.025937630850138355
--> Epoch 97
elapsed time: 22.94089913368225
loss: 0.025891134583742575
--> Epoch 98
elapsed time: 21.602982759475708
loss: 0.025879134477474502
--> Epoch 99
elapsed time: 21.096969604492188
loss: 0.025848623897848776
Evaluating model...
val mr: 201.306640625 mrr: 0.2414529174566269 hits@10: 0.420045623039635 hits@5: 0.32204163102366695 hits@3: 0.2589392643284859 hits@1: 0.15708582834331336
--> Epoch 100
elapsed time: 23.244996309280396
loss: 0.025769556941760675
--> Epoch 101
elapsed time: 22.630210399627686
loss: 0.025787355732225296
--> Epoch 102
elapsed time: 21.556724309921265
loss: 0.025704701715836744
--> Epoch 103
elapsed time: 21.548046827316284
loss: 0.025722771406397994
--> Epoch 104
elapsed time: 21.54436421394348
loss: 0.025694681913263375
--> Epoch 105
elapsed time: 21.507078170776367
loss: 0.02570694874751321
--> Epoch 106
elapsed time: 21.504631519317627
loss: 0.025628361248201843
--> Epoch 107
elapsed time: 21.490797996520996
loss: 0.025643624395118046
--> Epoch 108
elapsed time: 21.50132942199707
loss: 0.025614878241593055
--> Epoch 109
elapsed time: 21.48429036140442
loss: 0.025559400493035535
--> Epoch 110
elapsed time: 21.48462462425232
loss: 0.025524799728648684
--> Epoch 111
elapsed time: 21.49698042869568
loss: 0.02560464074959591
--> Epoch 112
elapsed time: 21.470592260360718
loss: 0.025496677752244283
--> Epoch 113
elapsed time: 21.48213768005371
loss: 0.0254637710487265
--> Epoch 114
elapsed time: 21.463452339172363
loss: 0.025494951346533432
--> Epoch 115
elapsed time: 21.47419571876526
loss: 0.025433735459384106
--> Epoch 116
elapsed time: 21.485941171646118
loss: 0.02543283161038738
--> Epoch 117
elapsed time: 21.467788457870483
loss: 0.025371720017348387
--> Epoch 118
elapsed time: 21.480538606643677
loss: 0.02546657302249521
--> Epoch 119
elapsed time: 21.421481370925903
loss: 0.025365313443224718
--> Epoch 120
elapsed time: 21.423238039016724
loss: 0.025403082206046257
--> Epoch 121
elapsed time: 21.411404848098755
loss: 0.02532609749273489
--> Epoch 122
elapsed time: 21.413884162902832
loss: 0.025367105766948617
--> Epoch 123
elapsed time: 21.418359518051147
loss: 0.025383453856477285
--> Epoch 124
elapsed time: 21.40109157562256
loss: 0.02531675771509603
--> Epoch 125
elapsed time: 21.410629987716675
loss: 0.025295277551054842
--> Epoch 126
elapsed time: 21.414077758789062
loss: 0.02524006597151032
--> Epoch 127
elapsed time: 21.420748233795166
loss: 0.025185142401062646
--> Epoch 128
elapsed time: 21.407390832901
loss: 0.025178181897649088
--> Epoch 129
elapsed time: 21.399637699127197
loss: 0.02522092833869713
--> Epoch 130
elapsed time: 21.40229296684265
loss: 0.025220666870979465
--> Epoch 131
elapsed time: 21.39995241165161
loss: 0.025146532998273984
--> Epoch 132
elapsed time: 21.40071177482605
loss: 0.025206958974938513
--> Epoch 133
elapsed time: 21.403578996658325
loss: 0.025170712532897883
--> Epoch 134
elapsed time: 21.40727710723877
loss: 0.025141959000634675
--> Epoch 135
elapsed time: 21.418710708618164
loss: 0.025104149441854188
--> Epoch 136
elapsed time: 21.41851282119751
loss: 0.025122789886840535
--> Epoch 137
elapsed time: 21.41774606704712
loss: 0.02510545699772191
--> Epoch 138
elapsed time: 21.415684700012207
loss: 0.025085796448748178
--> Epoch 139
elapsed time: 21.416736841201782
loss: 0.02501527628636203
--> Epoch 140
elapsed time: 21.393798112869263
loss: 0.025024876741452366
--> Epoch 141
elapsed time: 21.365880250930786
loss: 0.02502074349857341
--> Epoch 142
elapsed time: 21.369287490844727
loss: 0.025069325471950496
--> Epoch 143
elapsed time: 21.364243030548096
loss: 0.024999214742798797
--> Epoch 144
elapsed time: 21.35898780822754
loss: 0.02506376604916684
--> Epoch 145
elapsed time: 21.35998845100403
loss: 0.025051850268331656
--> Epoch 146
elapsed time: 21.36610507965088
loss: 0.025015576394767213
--> Epoch 147
elapsed time: 21.357712507247925
loss: 0.024997665305899655
--> Epoch 148
elapsed time: 21.364341974258423
loss: 0.024938412567886224
--> Epoch 149
elapsed time: 21.367151975631714
loss: 0.02491470082353727
--> Epoch 150
elapsed time: 21.364649057388306
loss: 0.02491346448274401
--> Epoch 151
elapsed time: 21.363318920135498
loss: 0.02489350579489769
--> Epoch 152
elapsed time: 21.351906538009644
loss: 0.024896026577586737
--> Epoch 153
elapsed time: 21.357759714126587
loss: 0.024919983244878666
--> Epoch 154
elapsed time: 21.359904050827026
loss: 0.02485631282598145
--> Epoch 155
elapsed time: 21.35894775390625
loss: 0.02489172001934399
--> Epoch 156
elapsed time: 21.3684298992157
loss: 0.024829040506639127
--> Epoch 157
elapsed time: 21.358436107635498
loss: 0.024834390142660936
--> Epoch 158
elapsed time: 21.35151195526123
loss: 0.02481965283466361
--> Epoch 159
elapsed time: 21.35446286201477
loss: 0.024764805653694096
--> Epoch 160
elapsed time: 21.362729787826538
loss: 0.02477966821450225
--> Epoch 161
elapsed time: 21.355262756347656
loss: 0.02481732603866933
--> Epoch 162
elapsed time: 21.352855443954468
loss: 0.024796515836372535
--> Epoch 163
elapsed time: 21.33823800086975
loss: 0.02479659642074485
--> Epoch 164
elapsed time: 21.329418420791626
loss: 0.02476518899763068
--> Epoch 165
elapsed time: 21.359705209732056
loss: 0.02480199896429971
--> Epoch 166
elapsed time: 21.35823893547058
loss: 0.02468229502068021
--> Epoch 167
elapsed time: 21.355445384979248
loss: 0.024709239321728416
--> Epoch 168
elapsed time: 21.352989673614502
loss: 0.0247278422772576
--> Epoch 169
elapsed time: 21.361011266708374
loss: 0.024726397628604187
--> Epoch 170
elapsed time: 21.363741397857666
loss: 0.0247663942762315
--> Epoch 171
elapsed time: 21.36304998397827
loss: 0.024685847710534187
--> Epoch 172
elapsed time: 21.359286069869995
loss: 0.0247011831676831
--> Epoch 173
elapsed time: 21.36057758331299
loss: 0.02465694732368273
--> Epoch 174
elapsed time: 21.373971700668335
loss: 0.024641007127157943
--> Epoch 175
elapsed time: 21.367579221725464
loss: 0.024662459291945285
--> Epoch 176
elapsed time: 21.3535897731781
loss: 0.02469735928335396
--> Epoch 177
elapsed time: 21.357825756072998
loss: 0.024629390517272483
--> Epoch 178
elapsed time: 21.30734610557556
loss: 0.024620649738628014
--> Epoch 179
elapsed time: 21.356664180755615
loss: 0.02468220245965729
--> Epoch 180
elapsed time: 21.356455326080322
loss: 0.024663628102652553
--> Epoch 181
elapsed time: 21.3475444316864
loss: 0.024592214193009367
--> Epoch 182
elapsed time: 21.343536615371704
loss: 0.0245774435729265
--> Epoch 183
elapsed time: 21.349905967712402
loss: 0.02462889844777723
--> Epoch 184
elapsed time: 21.359631776809692
loss: 0.02463161795350144
--> Epoch 185
elapsed time: 21.365686178207397
loss: 0.02456480240833053
--> Epoch 186
elapsed time: 21.358111143112183
loss: 0.024542274374097783
--> Epoch 187
elapsed time: 21.360020399093628
loss: 0.024583414424760995
--> Epoch 188
elapsed time: 21.356109142303467
loss: 0.024604641460057485
--> Epoch 189
elapsed time: 21.375346422195435
loss: 0.02458567502939073
--> Epoch 190
elapsed time: 21.358972311019897
loss: 0.02454484373274998
--> Epoch 191
elapsed time: 21.353322982788086
loss: 0.024550280669530605
--> Epoch 192
elapsed time: 21.36548399925232
loss: 0.024503689359169127
--> Epoch 193
elapsed time: 21.360482454299927
loss: 0.02456096624596323
--> Epoch 194
elapsed time: 21.358308792114258
loss: 0.024510146780176087
--> Epoch 195
elapsed time: 21.37146019935608
loss: 0.024545209449019393
--> Epoch 196
elapsed time: 21.357481241226196
loss: 0.024519154656527743
--> Epoch 197
elapsed time: 21.361613035202026
loss: 0.02446244730283826
--> Epoch 198
elapsed time: 21.36556363105774
loss: 0.024508130656921517
--> Epoch 199
elapsed time: 21.36467695236206
loss: 0.024502128425736756
Evaluating model...
val mr: 195.77719116210938 mrr: 0.2484382539987564 hits@10: 0.4283147989734816 hits@5: 0.33290561733675506 hits@3: 0.27114342743085257 hits@1: 0.16127744510978043
--> Epoch 200
elapsed time: 20.950907468795776
loss: 0.024404164228451666
--> Epoch 201
elapsed time: 20.951873540878296
loss: 0.024466497399550726
--> Epoch 202
elapsed time: 20.971271276474
loss: 0.024487412453174366
--> Epoch 203
elapsed time: 21.17512845993042
loss: 0.02445842068456639
--> Epoch 204
elapsed time: 21.350016355514526
loss: 0.024395879615634428
--> Epoch 205
elapsed time: 21.362851858139038
loss: 0.024400897828734155
--> Epoch 206
elapsed time: 21.348645448684692
loss: 0.024405126485304237
--> Epoch 207
elapsed time: 21.353445768356323
loss: 0.02440592598937529
--> Epoch 208
elapsed time: 21.366606950759888
loss: 0.02440711386459735
--> Epoch 209
elapsed time: 21.36199140548706
loss: 0.02441785024585919
--> Epoch 210
elapsed time: 21.359994888305664
loss: 0.02441914378545358
--> Epoch 211
elapsed time: 21.357466220855713
loss: 0.024354500704824308
--> Epoch 212
elapsed time: 21.364089012145996
loss: 0.024378266001535493
--> Epoch 213
elapsed time: 21.35257649421692
loss: 0.024416599412179732
--> Epoch 214
elapsed time: 21.359397172927856
loss: 0.024396554525741854
--> Epoch 215
elapsed time: 21.359784603118896
loss: 0.02441433344390296
--> Epoch 216
elapsed time: 21.3656222820282
loss: 0.024386656154315088
--> Epoch 217
elapsed time: 21.36328959465027
loss: 0.02436038807230745
--> Epoch 218
elapsed time: 21.366199493408203
loss: 0.024371936566854352
--> Epoch 219
elapsed time: 21.373204708099365
loss: 0.02438236328817883
--> Epoch 220
elapsed time: 21.35904335975647
loss: 0.02439353289301678
--> Epoch 221
elapsed time: 21.358208656311035
loss: 0.024396834884501242
--> Epoch 222
elapsed time: 21.365098476409912
loss: 0.02433884315550159
--> Epoch 223
elapsed time: 21.370909214019775
loss: 0.024318973443568145
--> Epoch 224
elapsed time: 21.361581802368164
loss: 0.02432747901901813
--> Epoch 225
elapsed time: 21.365745544433594
loss: 0.024299907549753128
--> Epoch 226
elapsed time: 21.364787817001343
loss: 0.02427657638603746
--> Epoch 227
elapsed time: 21.354596614837646
loss: 0.024319794885849236
--> Epoch 228
elapsed time: 21.360249757766724
loss: 0.024309304615558035
--> Epoch 229
elapsed time: 21.362850189208984
loss: 0.024285734705591918
--> Epoch 230
elapsed time: 21.36031699180603
loss: 0.024302254076118416
--> Epoch 231
elapsed time: 21.37121319770813
loss: 0.02428836066377466
--> Epoch 232
elapsed time: 21.36720061302185
loss: 0.02426903829265908
--> Epoch 233
elapsed time: 21.36843490600586
loss: 0.024271044860876962
--> Epoch 234
elapsed time: 21.35849118232727
loss: 0.024253659977149202
--> Epoch 235
elapsed time: 21.364582061767578
loss: 0.024310609551807225
--> Epoch 236
elapsed time: 21.362850666046143
loss: 0.02429250736395817
--> Epoch 237
elapsed time: 21.356163263320923
loss: 0.024288326980211435
--> Epoch 238
elapsed time: 21.364607572555542
loss: 0.02428376711449417
--> Epoch 239
elapsed time: 21.358206748962402
loss: 0.024277304901074714
--> Epoch 240
elapsed time: 21.36845302581787
loss: 0.024215775299274125
--> Epoch 241
elapsed time: 21.36211609840393
loss: 0.024271216201451402
--> Epoch 242
elapsed time: 21.365711450576782
loss: 0.02422386303242657
--> Epoch 243
elapsed time: 21.364535808563232
loss: 0.024205066933036413
--> Epoch 244
elapsed time: 21.36755108833313
loss: 0.024229823714183505
--> Epoch 245
elapsed time: 21.359333038330078
loss: 0.024245693025057427
--> Epoch 246
elapsed time: 21.363603591918945
loss: 0.02423065346214475
--> Epoch 247
elapsed time: 21.36097288131714
loss: 0.0241670892192778
--> Epoch 248
elapsed time: 21.372065782546997
loss: 0.02422459527275412
--> Epoch 249
elapsed time: 21.362391710281372
loss: 0.024184158236587372
--> Epoch 250
elapsed time: 21.3691623210907
loss: 0.02414805019100881
--> Epoch 251
elapsed time: 21.361316442489624
loss: 0.02416054791615801
--> Epoch 252
elapsed time: 21.286648273468018
loss: 0.02416395830377754
--> Epoch 253
elapsed time: 21.36806011199951
loss: 0.02418364491050858
--> Epoch 254
elapsed time: 21.362982511520386
loss: 0.024149302755914426
--> Epoch 255
elapsed time: 21.363966464996338
loss: 0.024168427567490967
--> Epoch 256
elapsed time: 21.314369201660156
loss: 0.02422543362077406
--> Epoch 257
elapsed time: 21.363659143447876
loss: 0.024166134763456467
--> Epoch 258
elapsed time: 21.361611127853394
loss: 0.024161407284207313
--> Epoch 259
elapsed time: 21.36485505104065
loss: 0.024144120086843072
--> Epoch 260
elapsed time: 21.366652727127075
loss: 0.02414260942380269
--> Epoch 261
elapsed time: 21.367436170578003
loss: 0.024153068738788898
--> Epoch 262
elapsed time: 21.364074230194092
loss: 0.024171489114791632
--> Epoch 263
elapsed time: 21.372714519500732
loss: 0.024152397396268982
--> Epoch 264
elapsed time: 21.371010303497314
loss: 0.02414286110168174
--> Epoch 265
elapsed time: 21.376291751861572
loss: 0.024103702535731884
--> Epoch 266
elapsed time: 21.36967968940735
loss: 0.024077110399026862
--> Epoch 267
elapsed time: 21.374518156051636
loss: 0.02407278230208781
--> Epoch 268
elapsed time: 21.36862564086914
loss: 0.024092461547603163
--> Epoch 269
elapsed time: 21.368651866912842
loss: 0.024080091114887514
--> Epoch 270
elapsed time: 21.365696907043457
loss: 0.0240971008499669
--> Epoch 271
elapsed time: 21.364282846450806
loss: 0.024054903508998936
--> Epoch 272
elapsed time: 21.36342716217041
loss: 0.024073035977535504
--> Epoch 273
elapsed time: 21.36383318901062
loss: 0.024110445609055144
--> Epoch 274
elapsed time: 21.373796939849854
loss: 0.024013844715573267
--> Epoch 275
elapsed time: 21.368913173675537
loss: 0.024072594350153055
--> Epoch 276
elapsed time: 21.36318349838257
loss: 0.024094178873137945
--> Epoch 277
elapsed time: 21.368794441223145
loss: 0.0240882537778912
--> Epoch 278
elapsed time: 21.370826482772827
loss: 0.02400588334616018
--> Epoch 279
elapsed time: 21.370818614959717
loss: 0.02404124724309846
--> Epoch 280
elapsed time: 21.364079236984253
loss: 0.023993162476823
--> Epoch 281
elapsed time: 21.36902379989624
loss: 0.02405416735764225
--> Epoch 282
elapsed time: 21.372694492340088
loss: 0.024081623738917222
--> Epoch 283
elapsed time: 21.3754563331604
loss: 0.024007842973267145
--> Epoch 284
elapsed time: 21.33863377571106
loss: 0.02407086082328521
--> Epoch 285
elapsed time: 21.38259720802307
loss: 0.023982826066628337
--> Epoch 286
elapsed time: 21.361014366149902
loss: 0.02404233892487672
--> Epoch 287
elapsed time: 21.369579315185547
loss: 0.02402085038506525
--> Epoch 288
elapsed time: 21.370623111724854
loss: 0.02404130059920833
--> Epoch 289
elapsed time: 21.363364458084106
loss: 0.02406622226913359
--> Epoch 290
elapsed time: 21.37218475341797
loss: 0.024018955386312976
--> Epoch 291
elapsed time: 21.364711046218872
loss: 0.023990258760224616
--> Epoch 292
elapsed time: 21.369035005569458
loss: 0.02395077782174045
--> Epoch 293
elapsed time: 21.373467445373535
loss: 0.02408972967798039
--> Epoch 294
elapsed time: 21.365684509277344
loss: 0.024017414782522204
--> Epoch 295
elapsed time: 21.376213312149048
loss: 0.023994486340911232
--> Epoch 296
elapsed time: 21.373363971710205
loss: 0.023975725186706598
--> Epoch 297
elapsed time: 21.362724542617798
loss: 0.0239933610298896
--> Epoch 298
elapsed time: 21.323412656784058
loss: 0.024028836916834256
--> Epoch 299
elapsed time: 21.36758589744568
loss: 0.02394098234963047
Evaluating model...
val mr: 196.0560302734375 mrr: 0.26248201727867126 hits@10: 0.4433704020530368 hits@5: 0.3502994011976048 hits@3: 0.28799543769603647 hits@1: 0.17439406900484744
--> Epoch 300
elapsed time: 20.977168798446655
loss: 0.023928911177229454
--> Epoch 301
elapsed time: 20.99204921722412
loss: 0.02404318538057221
--> Epoch 302
elapsed time: 20.998657703399658
loss: 0.02398862015992151
--> Epoch 303
elapsed time: 21.001003742218018
loss: 0.02399188574484128
--> Epoch 304
elapsed time: 21.018784046173096
loss: 0.023928892904733108
--> Epoch 305
elapsed time: 21.02141785621643
loss: 0.023904806402488238
--> Epoch 306
elapsed time: 21.35038137435913
loss: 0.023955407321999796
--> Epoch 307
elapsed time: 21.410626888275146
loss: 0.023936315316107626
--> Epoch 308
elapsed time: 21.401564121246338
loss: 0.02394156110659592
--> Epoch 309
elapsed time: 21.398536920547485
loss: 0.02393489396891724
--> Epoch 310
elapsed time: 21.403393745422363
loss: 0.023902339519107554
--> Epoch 311
elapsed time: 21.393004655838013
loss: 0.023907892207982173
--> Epoch 312
elapsed time: 21.409040451049805
loss: 0.023935460288389495
--> Epoch 313
elapsed time: 21.40599751472473
loss: 0.023954086443751015
--> Epoch 314
elapsed time: 21.398167610168457
loss: 0.023934291209587486
--> Epoch 315
elapsed time: 21.409701585769653
loss: 0.02393304724824507
--> Epoch 316
elapsed time: 21.405131816864014
loss: 0.023887751779938685
--> Epoch 317
elapsed time: 21.401984453201294
loss: 0.023880975741476018
--> Epoch 318
elapsed time: 21.410982131958008
loss: 0.023875887909604487
--> Epoch 319
elapsed time: 21.355849027633667
loss: 0.02390621353364843
--> Epoch 320
elapsed time: 21.402108907699585
loss: 0.023899216800647754
--> Epoch 321
elapsed time: 21.397902727127075
loss: 0.023910554782999985
--> Epoch 322
elapsed time: 21.40242099761963
loss: 0.023887311710309334
--> Epoch 323
elapsed time: 21.40301537513733
loss: 0.02388666676373159
--> Epoch 324
elapsed time: 21.40513253211975
loss: 0.023868577083465858
--> Epoch 325
elapsed time: 21.403517484664917
loss: 0.023830620260069872
--> Epoch 326
elapsed time: 21.405473947525024
loss: 0.023861076469031125
--> Epoch 327
elapsed time: 21.391936540603638
loss: 0.02387634123327703
--> Epoch 328
elapsed time: 22.782323598861694
loss: 0.023847603877815343
--> Epoch 329
elapsed time: 22.942025899887085
loss: 0.02388972482930515
--> Epoch 330
elapsed time: 22.9637393951416
loss: 0.0238759968244065
--> Epoch 331
elapsed time: 22.94104027748108
loss: 0.023847088662807603
--> Epoch 332
elapsed time: 22.942657470703125
loss: 0.02381913259674498
--> Epoch 333
elapsed time: 22.94110679626465
loss: 0.023836744928194573
--> Epoch 334
elapsed time: 22.941789627075195
loss: 0.023854329312957914
--> Epoch 335
elapsed time: 22.942060470581055
loss: 0.02389443542909925
--> Epoch 336
elapsed time: 22.943129301071167
loss: 0.023823836250607404
--> Epoch 337
elapsed time: 22.940895557403564
loss: 0.023791265836018833
--> Epoch 338
elapsed time: 22.966325521469116
loss: 0.02383381921731405
--> Epoch 339
elapsed time: 22.95962882041931
loss: 0.02383133660921317
--> Epoch 340
elapsed time: 22.942869663238525
loss: 0.02380375235901334
--> Epoch 341
elapsed time: 22.942461252212524
loss: 0.02386051130604598
--> Epoch 342
elapsed time: 22.942162036895752
loss: 0.023817982699858728
--> Epoch 343
elapsed time: 22.965885400772095
loss: 0.02381139529320505
--> Epoch 344
elapsed time: 22.943445920944214
loss: 0.02374019186421598
--> Epoch 345
elapsed time: 22.943028688430786
loss: 0.023833918904750725
--> Epoch 346
elapsed time: 22.943373441696167
loss: 0.02379871950934265
--> Epoch 347
elapsed time: 22.964815378189087
loss: 0.023833493335016585
--> Epoch 348
elapsed time: 22.94155979156494
loss: 0.023882957858752777
--> Epoch 349
elapsed time: 22.943782091140747
loss: 0.023799007909191965
--> Epoch 350
elapsed time: 22.96468997001648
loss: 0.02377839414849667
--> Epoch 351
elapsed time: 22.941331386566162
loss: 0.02383783279181312
--> Epoch 352
elapsed time: 22.94316291809082
loss: 0.023802884844738924
--> Epoch 353
elapsed time: 22.94447636604309
loss: 0.023795639121815603
--> Epoch 354
elapsed time: 22.940311431884766
loss: 0.023829199596258233
--> Epoch 355
elapsed time: 22.9445641040802
loss: 0.023815261881696876
--> Epoch 356
elapsed time: 22.96428108215332
loss: 0.023825108693073298
--> Epoch 357
elapsed time: 22.941805601119995
loss: 0.02375882753431236
--> Epoch 358
elapsed time: 22.942800760269165
loss: 0.023739030262278367
--> Epoch 359
elapsed time: 22.94208598136902
loss: 0.023744473780522007
--> Epoch 360
elapsed time: 22.964909315109253
loss: 0.023722431467371175
--> Epoch 361
elapsed time: 22.941036224365234
loss: 0.02378925777312897
--> Epoch 362
elapsed time: 22.943548679351807
loss: 0.023762135907502972
--> Epoch 363
elapsed time: 22.942602396011353
loss: 0.023780448192262695
--> Epoch 364
elapsed time: 22.941707372665405
loss: 0.023731141835661395
--> Epoch 365
elapsed time: 22.94279193878174
loss: 0.02375480815985521
--> Epoch 366
elapsed time: 22.943300008773804
loss: 0.023716394189370205
--> Epoch 367
elapsed time: 22.94216775894165
loss: 0.023771658972578574
--> Epoch 368
elapsed time: 22.9434597492218
loss: 0.023716754932745044
--> Epoch 369
elapsed time: 22.94061779975891
loss: 0.02369054909077099
--> Epoch 370
elapsed time: 22.942580938339233
loss: 0.023731744733419154
--> Epoch 371
elapsed time: 22.941873788833618
loss: 0.02372975696512583
--> Epoch 372
elapsed time: 22.941940307617188
loss: 0.023716951947333333
--> Epoch 373
elapsed time: 22.943308115005493
loss: 0.02371532294061648
--> Epoch 374
elapsed time: 22.941405773162842
loss: 0.023701651656153847
--> Epoch 375
elapsed time: 22.942629098892212
loss: 0.023650364673443256
--> Epoch 376
elapsed time: 22.942564487457275
loss: 0.023718718512935225
--> Epoch 377
elapsed time: 22.94197654724121
loss: 0.023701277304780673
--> Epoch 378
elapsed time: 23.028435945510864
loss: 0.023724807545486646
--> Epoch 379
elapsed time: 22.942168951034546
loss: 0.02367701551939167
--> Epoch 380
elapsed time: 22.94239044189453
loss: 0.023704739708036382
--> Epoch 381
elapsed time: 22.941399812698364
loss: 0.02371742511352109
--> Epoch 382
elapsed time: 22.94275665283203
loss: 0.023726398556345157
--> Epoch 383
elapsed time: 22.963818311691284
loss: 0.023708629727657964
--> Epoch 384
elapsed time: 22.943355083465576
loss: 0.023655681703537563
--> Epoch 385
elapsed time: 22.941266536712646
loss: 0.02368853739546025
--> Epoch 386
elapsed time: 22.943095445632935
loss: 0.023722869248557852
--> Epoch 387
elapsed time: 22.94110369682312
loss: 0.023667928216907066
--> Epoch 388
elapsed time: 22.94204020500183
loss: 0.023697610303184836
--> Epoch 389
elapsed time: 22.941593647003174
loss: 0.023682442268572208
--> Epoch 390
elapsed time: 22.94360852241516
loss: 0.023647468339087596
--> Epoch 391
elapsed time: 22.94165015220642
loss: 0.023599995801318174
--> Epoch 392
elapsed time: 22.94180917739868
loss: 0.023664374614129173
--> Epoch 393
elapsed time: 22.941454887390137
loss: 0.023667060665835328
--> Epoch 394
elapsed time: 22.963080406188965
loss: 0.02370774255835943
--> Epoch 395
elapsed time: 22.942689657211304
loss: 0.02374582841943315
--> Epoch 396
elapsed time: 22.96346688270569
loss: 0.023700714796459126
--> Epoch 397
elapsed time: 22.941346406936646
loss: 0.023636553914882837
--> Epoch 398
elapsed time: 22.813007593154907
loss: 0.023696362975764027
--> Epoch 399
elapsed time: 22.941866874694824
loss: 0.023644198189548243
Evaluating model...
val mr: 194.9639892578125 mrr: 0.2545742690563202 hits@10: 0.4359281437125748 hits@5: 0.341089250071286 hits@3: 0.2757912745936698 hits@1: 0.16712289706301683
--> Epoch 400
elapsed time: 20.994045734405518
loss: 0.023648773376967473
--> Epoch 401
elapsed time: 21.02606701850891
loss: 0.0236120703765949
--> Epoch 402
elapsed time: 21.043311834335327
loss: 0.023690382582910872
--> Epoch 403
elapsed time: 21.02925181388855
loss: 0.023664000883053635
--> Epoch 404
elapsed time: 21.1124324798584
loss: 0.02362787465083913
--> Epoch 405
elapsed time: 21.43504786491394
loss: 0.02361546492384552
--> Epoch 406
elapsed time: 21.44464635848999
loss: 0.023621715037528905
--> Epoch 407
elapsed time: 21.432045459747314
loss: 0.023636526949458378
--> Epoch 408
elapsed time: 21.43090581893921
loss: 0.02360837329582067
--> Epoch 409
elapsed time: 21.43183445930481
loss: 0.023630818884788206
--> Epoch 410
elapsed time: 21.452950477600098
loss: 0.023580839550814758
--> Epoch 411
elapsed time: 21.447500944137573
loss: 0.023610319442843784
--> Epoch 412
elapsed time: 21.437427759170532
loss: 0.02360787033431954
--> Epoch 413
elapsed time: 21.44277286529541
loss: 0.02360688158339862
--> Epoch 414
elapsed time: 21.44289755821228
loss: 0.023603536959593854
--> Epoch 415
elapsed time: 21.43892550468445
loss: 0.023634325788266124
--> Epoch 416
elapsed time: 21.448870420455933
loss: 0.023555887114827857
--> Epoch 417
elapsed time: 21.44146203994751
loss: 0.023627152321255666
--> Epoch 418
elapsed time: 21.441892623901367
loss: 0.023604611390439387
--> Epoch 419
elapsed time: 21.454524517059326
loss: 0.02361074044445384
--> Epoch 420
elapsed time: 21.44984221458435
loss: 0.02356071866915569
--> Epoch 421
elapsed time: 21.440834045410156
loss: 0.023574013958631658
--> Epoch 422
elapsed time: 21.438608646392822
loss: 0.02354917000113572
--> Epoch 423
elapsed time: 21.435709714889526
loss: 0.023548188763876512
--> Epoch 424
elapsed time: 21.412961721420288
loss: 0.023548460461248345
--> Epoch 425
elapsed time: 21.412017345428467
loss: 0.023549554706573037
--> Epoch 426
elapsed time: 21.444195985794067
loss: 0.023525122171118927
--> Epoch 427
elapsed time: 21.441877841949463
loss: 0.02359603649234839
--> Epoch 428
elapsed time: 21.45246911048889
loss: 0.023511771298419273
--> Epoch 429
elapsed time: 21.446738958358765
loss: 0.02352963693208663
--> Epoch 430
elapsed time: 21.433658361434937
loss: 0.02350445885845545
--> Epoch 431
elapsed time: 21.438156366348267
loss: 0.02353560842699805
--> Epoch 432
elapsed time: 21.441433906555176
loss: 0.023520736128918876
--> Epoch 433
elapsed time: 21.442955493927002
loss: 0.023561695038655517
--> Epoch 434
elapsed time: 21.454074382781982
loss: 0.023578013742898054
--> Epoch 435
elapsed time: 21.940247774124146
loss: 0.023530735109467498
--> Epoch 436
elapsed time: 22.963047742843628
loss: 0.02354754425536207
--> Epoch 437
elapsed time: 22.965107440948486
loss: 0.023596940530588462
--> Epoch 438
elapsed time: 22.98326802253723
loss: 0.023527518636700353
--> Epoch 439
elapsed time: 22.94040560722351
loss: 0.023560063326459726
--> Epoch 440
elapsed time: 22.9420964717865
loss: 0.023573074910372693
--> Epoch 441
elapsed time: 22.962811708450317
loss: 0.023536431451563776
--> Epoch 442
elapsed time: 22.94243884086609
loss: 0.02353855568884065
--> Epoch 443
elapsed time: 22.943210124969482
loss: 0.023486593697896456
--> Epoch 444
elapsed time: 22.960439205169678
loss: 0.02349821182523319
--> Epoch 445
elapsed time: 22.963032245635986
loss: 0.023492129318072676
--> Epoch 446
elapsed time: 22.962648630142212
loss: 0.023504427677109797
--> Epoch 447
elapsed time: 22.94197988510132
loss: 0.02350805142083094
--> Epoch 448
elapsed time: 22.941854238510132
loss: 0.023522785124443436
--> Epoch 449
elapsed time: 22.984817028045654
loss: 0.023486330490191366
--> Epoch 450
elapsed time: 22.964181184768677
loss: 0.023521400853178463
--> Epoch 451
elapsed time: 22.961554765701294
loss: 0.023554871219752648
--> Epoch 452
elapsed time: 23.00772476196289
loss: 0.023502842227902932
--> Epoch 453
elapsed time: 22.962026119232178
loss: 0.023493028395683947
--> Epoch 454
elapsed time: 22.94189715385437
loss: 0.023493100751475243
--> Epoch 455
elapsed time: 22.96300458908081
loss: 0.023493386871643148
--> Epoch 456
elapsed time: 22.984036684036255
loss: 0.02349937279110289
--> Epoch 457
elapsed time: 22.963796615600586
loss: 0.023516847164153715
--> Epoch 458
elapsed time: 22.962728261947632
loss: 0.023469986090907932
--> Epoch 459
elapsed time: 22.898629903793335
loss: 0.02349981999765952
--> Epoch 460
elapsed time: 22.946600914001465
loss: 0.02349318173185678
--> Epoch 461
elapsed time: 22.958751916885376
loss: 0.023449411202197578
--> Epoch 462
elapsed time: 22.94214701652527
loss: 0.023481172380700834
--> Epoch 463
elapsed time: 23.17907214164734
loss: 0.023473961608219795
--> Epoch 464
elapsed time: 22.52041530609131
loss: 0.023492173147181914
--> Epoch 465
elapsed time: 21.40057897567749
loss: 0.023444292523660756
--> Epoch 466
elapsed time: 21.38660955429077
loss: 0.02343380560367767
--> Epoch 467
elapsed time: 21.400204181671143
loss: 0.023459999404167747
--> Epoch 468
elapsed time: 21.38770365715027
loss: 0.023443120040230782
--> Epoch 469
elapsed time: 21.398064136505127
loss: 0.023457534649774698
--> Epoch 470
elapsed time: 21.405254125595093
loss: 0.02341962393166485
--> Epoch 471
elapsed time: 21.395378351211548
loss: 0.02345333829073556
--> Epoch 472
elapsed time: 21.394521236419678
loss: 0.02342431262829398
--> Epoch 473
elapsed time: 21.389134883880615
loss: 0.023436201736330986
--> Epoch 474
elapsed time: 21.396058082580566
loss: 0.023400034242058183
--> Epoch 475
elapsed time: 21.399163484573364
loss: 0.02343865969373388
--> Epoch 476
elapsed time: 21.389677047729492
loss: 0.023413701039000378
--> Epoch 477
elapsed time: 21.4271719455719
loss: 0.023426208932474886
--> Epoch 478
elapsed time: 21.430765390396118
loss: 0.023467143703171472
--> Epoch 479
elapsed time: 21.40537667274475
loss: 0.023441968932537572
--> Epoch 480
elapsed time: 21.40907597541809
loss: 0.023419593049954494
--> Epoch 481
elapsed time: 21.40595507621765
loss: 0.023467088319704652
--> Epoch 482
elapsed time: 21.413618564605713
loss: 0.023433949232367784
--> Epoch 483
elapsed time: 21.4066264629364
loss: 0.023363684315448198
--> Epoch 484
elapsed time: 21.397833108901978
loss: 0.02341073950855999
--> Epoch 485
elapsed time: 21.396082401275635
loss: 0.023394708434927608
--> Epoch 486
elapsed time: 21.127562999725342
loss: 0.02342157778509753
--> Epoch 487
elapsed time: 20.98377799987793
loss: 0.02341437607877454
--> Epoch 488
elapsed time: 20.996881008148193
loss: 0.023415486620053973
--> Epoch 489
elapsed time: 20.986260652542114
loss: 0.023412729185057046
--> Epoch 490
elapsed time: 21.23571014404297
loss: 0.02338701904499912
--> Epoch 491
elapsed time: 22.93904972076416
loss: 0.02342666011839853
--> Epoch 492
elapsed time: 22.920754432678223
loss: 0.023448120779861623
--> Epoch 493
elapsed time: 22.942401885986328
loss: 0.023435120811635103
--> Epoch 494
elapsed time: 22.940688371658325
loss: 0.023377342209191895
--> Epoch 495
elapsed time: 22.943775177001953
loss: 0.023345381058296952
--> Epoch 496
elapsed time: 22.940126180648804
loss: 0.023353362445450568
--> Epoch 497
elapsed time: 22.94307231903076
loss: 0.023402429799972452
--> Epoch 498
elapsed time: 22.940601587295532
loss: 0.02342987376127676
--> Epoch 499
elapsed time: 22.941375494003296
loss: 0.023401565579934044
Evaluating model...
val mr: 195.85951232910156 mrr: 0.25341731309890747 hits@10: 0.44208725406330196 hits@5: 0.34342743085258054 hits@3: 0.2751069289991446 hits@1: 0.1641573994867408
--> Epoch 500
elapsed time: 21.539753437042236
loss: 0.0233504945729436
--> Epoch 501
elapsed time: 22.48011040687561
loss: 0.023375135493357003
--> Epoch 502
elapsed time: 22.48068332672119
loss: 0.023343898990276505
--> Epoch 503
elapsed time: 21.506876230239868
loss: 0.02338245990821918
--> Epoch 504
elapsed time: 20.88163709640503
loss: 0.023397636754913142
--> Epoch 505
elapsed time: 21.226057052612305
loss: 0.023344320167111878
--> Epoch 506
elapsed time: 21.368403911590576
loss: 0.023360772515705813
--> Epoch 507
elapsed time: 21.36005663871765
loss: 0.02340197136322508
--> Epoch 508
elapsed time: 21.371509790420532
loss: 0.02339941720361712
--> Epoch 509
elapsed time: 21.37254786491394
loss: 0.023375871742839872
--> Epoch 510
elapsed time: 21.33030128479004
loss: 0.02338747354618581
--> Epoch 511
elapsed time: 21.334458589553833
loss: 0.02335482653535321
--> Epoch 512
elapsed time: 21.367863655090332
loss: 0.023351571329029125
--> Epoch 513
elapsed time: 21.36469268798828
loss: 0.023422420119493498
--> Epoch 514
elapsed time: 21.362247467041016
loss: 0.023302084535907038
--> Epoch 515
elapsed time: 21.364376544952393
loss: 0.023383920274583775
--> Epoch 516
elapsed time: 21.364821195602417
loss: 0.023328932661033978
--> Epoch 517
elapsed time: 21.364734411239624
loss: 0.02329495813091297
--> Epoch 518
elapsed time: 21.359915733337402
loss: 0.023356210266924197
--> Epoch 519
elapsed time: 21.371018171310425
loss: 0.02330380334735253
--> Epoch 520
elapsed time: 21.359516143798828
loss: 0.02330699642929174
--> Epoch 521
elapsed time: 21.373186349868774
loss: 0.023332395814254052
--> Epoch 522
elapsed time: 21.365499019622803
loss: 0.023323610940157863
--> Epoch 523
elapsed time: 21.36800265312195
loss: 0.02330820606399401
--> Epoch 524
elapsed time: 21.35909342765808
loss: 0.02328518332838171
--> Epoch 525
elapsed time: 21.37048578262329
loss: 0.02328611606152015
--> Epoch 526
elapsed time: 21.444321632385254
loss: 0.02331430225274749
--> Epoch 527
elapsed time: 21.36569333076477
loss: 0.023301066361150424
--> Epoch 528
elapsed time: 21.358927488327026
loss: 0.02332621331476481
--> Epoch 529
elapsed time: 21.364303827285767
loss: 0.02330384430627103
--> Epoch 530
elapsed time: 21.375320434570312
loss: 0.023346567230328904
--> Epoch 531
elapsed time: 21.358539581298828
loss: 0.023287910633384902
--> Epoch 532
elapsed time: 21.366342306137085
loss: 0.023306338703531423
--> Epoch 533
elapsed time: 21.357383728027344
loss: 0.023313362945155052
--> Epoch 534
elapsed time: 21.368091106414795
loss: 0.023307537528583718
--> Epoch 535
elapsed time: 21.37358522415161
loss: 0.023337754796794417
--> Epoch 536
elapsed time: 21.369774103164673
loss: 0.023281695268634682
--> Epoch 537
elapsed time: 21.361432790756226
loss: 0.023290469147342056
--> Epoch 538
elapsed time: 21.36362385749817
loss: 0.023253794351236954
--> Epoch 539
elapsed time: 21.35961365699768
loss: 0.02329701734557818
--> Epoch 540
elapsed time: 21.370655298233032
loss: 0.02325151778182833
--> Epoch 541
elapsed time: 21.362573862075806
loss: 0.02327509887116985
--> Epoch 542
elapsed time: 21.360576391220093
loss: 0.02323571123315945
--> Epoch 543
elapsed time: 21.36077857017517
loss: 0.023242368158706492
--> Epoch 544
elapsed time: 21.37287950515747
loss: 0.023319321299919742
--> Epoch 545
elapsed time: 21.366657972335815
loss: 0.02328511925549128
--> Epoch 546
elapsed time: 21.364739894866943
loss: 0.023232924912268558
--> Epoch 547
elapsed time: 21.355859756469727
loss: 0.023244679461278
--> Epoch 548
elapsed time: 21.35899066925049
loss: 0.02326568631369442
--> Epoch 549
elapsed time: 21.344072818756104
loss: 0.023214237039044905
--> Epoch 550
elapsed time: 21.36915135383606
loss: 0.02326483062537683
--> Epoch 551
elapsed time: 21.358920097351074
loss: 0.023271959222439652
--> Epoch 552
elapsed time: 21.36598014831543
loss: 0.023262019129864246
--> Epoch 553
elapsed time: 21.358503818511963
loss: 0.023275980992226924
--> Epoch 554
elapsed time: 21.372658491134644
loss: 0.023251312282830058
--> Epoch 555
elapsed time: 21.367045879364014
loss: 0.023254751020154073
--> Epoch 556
elapsed time: 21.363162994384766
loss: 0.023215041659695297
--> Epoch 557
elapsed time: 21.367513179779053
loss: 0.023230943513415606
--> Epoch 558
elapsed time: 21.362905979156494
loss: 0.023252856743330115
--> Epoch 559
elapsed time: 21.366186380386353
loss: 0.023209629971130994
--> Epoch 560
elapsed time: 21.36337184906006
loss: 0.02322901843022818
--> Epoch 561
elapsed time: 21.368696451187134
loss: 0.02324905265946211
--> Epoch 562
elapsed time: 21.372631311416626
loss: 0.02322891563429433
--> Epoch 563
elapsed time: 21.3678936958313
loss: 0.023232416322530158
--> Epoch 564
elapsed time: 21.372278928756714
loss: 0.023174868491833096
--> Epoch 565
elapsed time: 21.37491011619568
loss: 0.023222529181294135
--> Epoch 566
elapsed time: 21.36704421043396
loss: 0.02319064168285785
--> Epoch 567
elapsed time: 21.365509033203125
loss: 0.023169261355194863
--> Epoch 568
elapsed time: 21.365488052368164
loss: 0.02321922264621713
--> Epoch 569
elapsed time: 21.364216804504395
loss: 0.023208800174106658
--> Epoch 570
elapsed time: 21.373684883117676
loss: 0.023209705528288882
--> Epoch 571
elapsed time: 21.373827934265137
loss: 0.023187410957263194
--> Epoch 572
elapsed time: 21.37364101409912
loss: 0.023193669157595086
--> Epoch 573
elapsed time: 21.374001502990723
loss: 0.02323245500001499
--> Epoch 574
elapsed time: 21.361050605773926
loss: 0.0232019989347385
--> Epoch 575
elapsed time: 21.36907458305359
loss: 0.023179421465938536
--> Epoch 576
elapsed time: 21.383053302764893
loss: 0.02319201000511422
--> Epoch 577
elapsed time: 21.374743938446045
loss: 0.02321086322620637
--> Epoch 578
elapsed time: 21.370914459228516
loss: 0.023215080861103837
--> Epoch 579
elapsed time: 21.369220972061157
loss: 0.023240038241949264
--> Epoch 580
elapsed time: 21.36819052696228
loss: 0.023159334264338183
--> Epoch 581
elapsed time: 21.375741958618164
loss: 0.02322215870064828
--> Epoch 582
elapsed time: 21.366048336029053
loss: 0.023210418763678253
--> Epoch 583
elapsed time: 21.373270988464355
loss: 0.023168633882086006
--> Epoch 584
elapsed time: 21.37653398513794
loss: 0.023178434342860838
--> Epoch 585
elapsed time: 21.368754863739014
loss: 0.0231703019815717
--> Epoch 586
elapsed time: 21.37430191040039
loss: 0.023190192969363473
--> Epoch 587
elapsed time: 21.36785316467285
loss: 0.02315933588342014
--> Epoch 588
elapsed time: 21.38062858581543
loss: 0.023171888384004302
--> Epoch 589
elapsed time: 21.363602876663208
loss: 0.023172749241468824
--> Epoch 590
elapsed time: 21.367778301239014
loss: 0.02319022856813944
--> Epoch 591
elapsed time: 21.362313508987427
loss: 0.023166785363602053
--> Epoch 592
elapsed time: 21.373962879180908
loss: 0.023155095367600416
--> Epoch 593
elapsed time: 21.37426781654358
loss: 0.023191156826023213
--> Epoch 594
elapsed time: 21.3668954372406
loss: 0.023171204912387753
--> Epoch 595
elapsed time: 21.3691349029541
loss: 0.023149023875103508
--> Epoch 596
elapsed time: 21.362027406692505
loss: 0.023168112513165036
--> Epoch 597
elapsed time: 21.358060836791992
loss: 0.02317547515693523
--> Epoch 598
elapsed time: 21.36811137199402
loss: 0.023217910944518343
--> Epoch 599
elapsed time: 21.37381672859192
loss: 0.023144417040239274
Evaluating model...
val mr: 192.45083618164062 mrr: 0.25460368394851685 hits@10: 0.4441117764471058 hits@5: 0.34510978043912177 hits@3: 0.27850014257199884 hits@1: 0.1639577986883376
--> Epoch 600
elapsed time: 21.795981407165527
loss: 0.023152609684295174
--> Epoch 601
elapsed time: 21.004417896270752
loss: 0.02314231261744156
--> Epoch 602
elapsed time: 21.01110816001892
loss: 0.023132944977224602
--> Epoch 603
elapsed time: 21.003665685653687
loss: 0.02317588331277709
--> Epoch 604
elapsed time: 21.010951280593872
loss: 0.02314929635398027
--> Epoch 605
elapsed time: 21.01030945777893
loss: 0.023128108884560985
--> Epoch 606
elapsed time: 21.007654428482056
loss: 0.02310091724421265
--> Epoch 607
elapsed time: 21.314963817596436
loss: 0.023132742194218785
--> Epoch 608
elapsed time: 21.39069104194641
loss: 0.023139618712136573
--> Epoch 609
elapsed time: 22.499794960021973
loss: 0.023102412643375425
--> Epoch 610
elapsed time: 22.940821409225464
loss: 0.023188954748402536
--> Epoch 611
elapsed time: 22.943120002746582
loss: 0.023166366310497555
--> Epoch 612
elapsed time: 22.94134020805359
loss: 0.023110434286794008
--> Epoch 613
elapsed time: 22.942283153533936
loss: 0.023156696886721357
--> Epoch 614
elapsed time: 22.942006587982178
loss: 0.02311169646631292
--> Epoch 615
elapsed time: 22.94208335876465
loss: 0.023113223267605253
--> Epoch 616
elapsed time: 22.94376492500305
loss: 0.023146019551135523
--> Epoch 617
elapsed time: 22.940470695495605
loss: 0.023114679934963345
--> Epoch 618
elapsed time: 22.940699100494385
loss: 0.023114696131039652
--> Epoch 619
elapsed time: 22.942934036254883
loss: 0.023080712017845905
--> Epoch 620
elapsed time: 22.942285537719727
loss: 0.02308567958557146
--> Epoch 621
elapsed time: 22.9421329498291
loss: 0.02316878040900291
--> Epoch 622
elapsed time: 22.94394302368164
loss: 0.023122388773150076
--> Epoch 623
elapsed time: 22.961469411849976
loss: 0.023074358417840914
--> Epoch 624
elapsed time: 22.941458702087402
loss: 0.023125159921280527
--> Epoch 625
elapsed time: 22.94335675239563
loss: 0.02309631897260979
--> Epoch 626
elapsed time: 22.96235179901123
loss: 0.022984645708778617
--> Epoch 627
elapsed time: 23.027750492095947
loss: 0.023088481193119247
--> Epoch 628
elapsed time: 21.923110008239746
loss: 0.023125467105284122
--> Epoch 629
elapsed time: 21.38137125968933
loss: 0.023075509276714173
--> Epoch 630
elapsed time: 21.38403630256653
loss: 0.023109031241888272
--> Epoch 631
elapsed time: 21.38241982460022
loss: 0.023070766955880433
--> Epoch 632
elapsed time: 21.377567052841187
loss: 0.023060993725120292
--> Epoch 633
elapsed time: 21.375548601150513
loss: 0.02305253332451
--> Epoch 634
elapsed time: 21.376001596450806
loss: 0.023040672806236166
--> Epoch 635
elapsed time: 21.391178131103516
loss: 0.023049464132128633
--> Epoch 636
elapsed time: 21.3828125
loss: 0.023074643635598423
--> Epoch 637
elapsed time: 21.37914514541626
loss: 0.023070441052555925
--> Epoch 638
elapsed time: 21.371411561965942
loss: 0.023076398655603993
--> Epoch 639
elapsed time: 21.37233877182007
loss: 0.023050828014175396
--> Epoch 640
elapsed time: 21.36679458618164
loss: 0.02307505024244846
--> Epoch 641
elapsed time: 21.369840383529663
loss: 0.023057510385943378
--> Epoch 642
elapsed time: 21.373282194137573
loss: 0.02308452010210796
--> Epoch 643
elapsed time: 21.3627610206604
loss: 0.023050821741108948
--> Epoch 644
elapsed time: 21.36620855331421
loss: 0.023108164798240557
--> Epoch 645
elapsed time: 21.368748903274536
loss: 0.02307503282329942
--> Epoch 646
elapsed time: 21.381502151489258
loss: 0.023025015698481255
--> Epoch 647
elapsed time: 21.37256121635437
loss: 0.023056561349841187
--> Epoch 648
elapsed time: 21.373542547225952
loss: 0.023024611246902655
--> Epoch 649
elapsed time: 21.376633644104004
loss: 0.023038346826791876
--> Epoch 650
elapsed time: 21.364487171173096
loss: 0.023059692121656684
--> Epoch 651
elapsed time: 21.365633010864258
loss: 0.02301476316689492
--> Epoch 652
elapsed time: 21.364540338516235
loss: 0.02301735083659303
--> Epoch 653
elapsed time: 21.373494386672974
loss: 0.0230580216180796
--> Epoch 654
elapsed time: 21.371734380722046
loss: 0.022977009908009674
--> Epoch 655
elapsed time: 21.372851133346558
loss: 0.023041038781839055
--> Epoch 656
elapsed time: 21.662359952926636
loss: 0.023021721860230923
--> Epoch 657
elapsed time: 21.36492943763733
loss: 0.022983267950638778
--> Epoch 658
elapsed time: 21.368794918060303
loss: 0.02297326591416058
--> Epoch 659
elapsed time: 21.372984886169434
loss: 0.023059986985568045
--> Epoch 660
elapsed time: 21.37270498275757
loss: 0.023009698692558513
--> Epoch 661
elapsed time: 21.36845088005066
loss: 0.023044099121837264
--> Epoch 662
elapsed time: 21.376126050949097
loss: 0.02297943701173826
--> Epoch 663
elapsed time: 21.37461543083191
loss: 0.023047895048966635
--> Epoch 664
elapsed time: 21.374005556106567
loss: 0.02298942534734871
--> Epoch 665
elapsed time: 21.376277685165405
loss: 0.023014899854910117
--> Epoch 666
elapsed time: 21.373488903045654
loss: 0.02300653915400227
--> Epoch 667
elapsed time: 21.368226051330566
loss: 0.022982647299051622
--> Epoch 668
elapsed time: 21.373804807662964
loss: 0.022968089584741298
--> Epoch 669
elapsed time: 21.380155324935913
loss: 0.023053385800947474
--> Epoch 670
elapsed time: 21.365501642227173
loss: 0.023002917576066078
--> Epoch 671
elapsed time: 21.363804817199707
loss: 0.023017532688934403
--> Epoch 672
elapsed time: 21.372514963150024
loss: 0.02298616248893491
--> Epoch 673
elapsed time: 21.380711555480957
loss: 0.022992422247019896
--> Epoch 674
elapsed time: 21.37332320213318
loss: 0.022988957502753916
--> Epoch 675
elapsed time: 21.376010179519653
loss: 0.022982690688345304
--> Epoch 676
elapsed time: 21.37196683883667
loss: 0.022986822865854316
--> Epoch 677
elapsed time: 21.38010287284851
loss: 0.023019148422333283
--> Epoch 678
elapsed time: 21.374794960021973
loss: 0.023015602280649507
--> Epoch 679
elapsed time: 21.371484756469727
loss: 0.02301074307050945
--> Epoch 680
elapsed time: 21.369017839431763
loss: 0.0230040001128349
--> Epoch 681
elapsed time: 21.353524923324585
loss: 0.022991000538865353
--> Epoch 682
elapsed time: 21.370927095413208
loss: 0.022988338300280155
--> Epoch 683
elapsed time: 21.367919206619263
loss: 0.022975895949836508
--> Epoch 684
elapsed time: 21.370352268218994
loss: 0.022947331592580784
--> Epoch 685
elapsed time: 21.366513967514038
loss: 0.022956790211536026
--> Epoch 686
elapsed time: 21.368884086608887
loss: 0.022996469703086792
--> Epoch 687
elapsed time: 21.383140087127686
loss: 0.02295162723603836
--> Epoch 688
elapsed time: 21.36809277534485
loss: 0.02296404656713175
--> Epoch 689
elapsed time: 21.370729446411133
loss: 0.02296886140145957
--> Epoch 690
elapsed time: 21.379462003707886
loss: 0.022924745618343803
--> Epoch 691
elapsed time: 21.389740228652954
loss: 0.022937149417464844
--> Epoch 692
elapsed time: 21.366759300231934
loss: 0.02299675814849469
--> Epoch 693
elapsed time: 21.372117280960083
loss: 0.022909692146045244
--> Epoch 694
elapsed time: 21.299919366836548
loss: 0.022962746675619514
--> Epoch 695
elapsed time: 21.376655340194702
loss: 0.022961734572420227
--> Epoch 696
elapsed time: 21.384359121322632
loss: 0.023000386964988843
--> Epoch 697
elapsed time: 21.374425888061523
loss: 0.02291863906150815
--> Epoch 698
elapsed time: 21.370035886764526
loss: 0.022921208078470975
--> Epoch 699
elapsed time: 21.369898557662964
loss: 0.022911745422324367
Evaluating model...
val mr: 192.4867706298828 mrr: 0.2582123279571533 hits@10: 0.447276874821785 hits@5: 0.3488736812090106 hits@3: 0.2822925577416595 hits@1: 0.1677502138579983
--> Epoch 700
elapsed time: 21.400450229644775
loss: 0.02296652221703518
--> Epoch 701
elapsed time: 21.049772024154663
loss: 0.022921616896664547
--> Epoch 702
elapsed time: 21.602015018463135
loss: 0.022891384657202526
--> Epoch 703
elapsed time: 22.19477081298828
loss: 0.02292610467468526
--> Epoch 704
elapsed time: 22.19328808784485
loss: 0.022928566655261495
--> Epoch 705
elapsed time: 22.18433403968811
loss: 0.022954129951244687
--> Epoch 706
elapsed time: 22.173056840896606
loss: 0.022934271197902742
--> Epoch 707
elapsed time: 22.398215293884277
loss: 0.022970535083623955
--> Epoch 708
elapsed time: 22.94159746170044
loss: 0.02293832572956805
--> Epoch 709
elapsed time: 22.943066120147705
loss: 0.022903873300423403
--> Epoch 710
elapsed time: 22.940499544143677
loss: 0.022904709545739508
--> Epoch 711
elapsed time: 22.944597482681274
loss: 0.02290184500777037
--> Epoch 712
elapsed time: 22.94331383705139
loss: 0.022918164228927607
--> Epoch 713
elapsed time: 22.941564321517944
loss: 0.02300054369702837
--> Epoch 714
elapsed time: 22.94348454475403
loss: 0.02292672868183729
--> Epoch 715
elapsed time: 22.941547632217407
loss: 0.022942333402478348
--> Epoch 716
elapsed time: 22.942347526550293
loss: 0.022926811214715157
--> Epoch 717
elapsed time: 22.94272494316101
loss: 0.02293428961408385
--> Epoch 718
elapsed time: 22.942219257354736
loss: 0.022881703819249
--> Epoch 719
elapsed time: 22.941086769104004
loss: 0.022894156451914408
--> Epoch 720
elapsed time: 22.944657802581787
loss: 0.02288281890412097
--> Epoch 721
elapsed time: 22.941327810287476
loss: 0.022900531711521177
--> Epoch 722
elapsed time: 22.940874099731445
loss: 0.02289222717558508
--> Epoch 723
elapsed time: 22.94378972053528
loss: 0.022885717994770908
--> Epoch 724
elapsed time: 22.942286729812622
loss: 0.022902403697932203
--> Epoch 725
elapsed time: 22.94268035888672
loss: 0.02289567637035618
--> Epoch 726
elapsed time: 22.94074273109436
loss: 0.022883374645240668
--> Epoch 727
elapsed time: 22.94087839126587
loss: 0.02291404251412244
--> Epoch 728
elapsed time: 22.943416118621826
loss: 0.022902767663700672
--> Epoch 729
elapsed time: 22.94379448890686
loss: 0.0229001545635519
--> Epoch 730
elapsed time: 22.941239833831787
loss: 0.022926699265010606
--> Epoch 731
elapsed time: 22.94309687614441
loss: 0.022951046011900407
--> Epoch 732
elapsed time: 22.941468000411987
loss: 0.02287318119612765
--> Epoch 733
elapsed time: 22.944497108459473
loss: 0.02292358236753593
--> Epoch 734
elapsed time: 22.94060516357422
loss: 0.022846803426574337
--> Epoch 735
elapsed time: 22.942761421203613
loss: 0.022872418534932333
--> Epoch 736
elapsed time: 22.942267894744873
loss: 0.022876230538984795
--> Epoch 737
elapsed time: 22.93968677520752
loss: 0.02286492379405032
--> Epoch 738
elapsed time: 22.941237449645996
loss: 0.022900928298987426
--> Epoch 739
elapsed time: 22.944409370422363
loss: 0.022857752508595095
--> Epoch 740
elapsed time: 22.94133496284485
loss: 0.022836760157826142
--> Epoch 741
elapsed time: 22.94138765335083
loss: 0.022889987023254666
--> Epoch 742
elapsed time: 22.943349361419678
loss: 0.022883274137749498
--> Epoch 743
elapsed time: 22.939842224121094
loss: 0.022900922693529446
--> Epoch 744
elapsed time: 22.946899890899658
loss: 0.022854086474243022
--> Epoch 745
elapsed time: 22.93730092048645
loss: 0.022866201920825585
--> Epoch 746
elapsed time: 22.94471263885498
loss: 0.02281804825595439
--> Epoch 747
elapsed time: 22.940800666809082
loss: 0.022876436178163324
--> Epoch 748
elapsed time: 22.942768573760986
loss: 0.02282810039811278
--> Epoch 749
elapsed time: 22.940598964691162
loss: 0.02289758662072029
--> Epoch 750
elapsed time: 22.940236806869507
loss: 0.02283117147767084
--> Epoch 751
elapsed time: 22.944522857666016
loss: 0.02282373864739881
--> Epoch 752
elapsed time: 22.94167137145996
loss: 0.02281436857330216
--> Epoch 753
elapsed time: 22.941275596618652
loss: 0.02283225286145706
--> Epoch 754
elapsed time: 22.94295310974121
loss: 0.022878092076710006
--> Epoch 755
elapsed time: 22.898650646209717
loss: 0.02288542380547703
--> Epoch 756
elapsed time: 22.94050693511963
loss: 0.022877813535037178
--> Epoch 757
elapsed time: 22.942198753356934
loss: 0.02283860468642956
--> Epoch 758
elapsed time: 22.94396662712097
loss: 0.022846471931809876
--> Epoch 759
elapsed time: 22.94190526008606
loss: 0.02286297531653045
--> Epoch 760
elapsed time: 22.942004680633545
loss: 0.022843239098254624
--> Epoch 761
elapsed time: 22.941535472869873
loss: 0.022801110305431756
--> Epoch 762
elapsed time: 22.944433212280273
loss: 0.022802727381056587
--> Epoch 763
elapsed time: 22.93899941444397
loss: 0.02285965499122078
--> Epoch 764
elapsed time: 22.94230580329895
loss: 0.022855638364296643
--> Epoch 765
elapsed time: 22.944478511810303
loss: 0.02279289745439198
--> Epoch 766
elapsed time: 22.94130563735962
loss: 0.022810449602953243
--> Epoch 767
elapsed time: 22.93957281112671
loss: 0.02283407686416652
--> Epoch 768
elapsed time: 22.92168378829956
loss: 0.02286382993422133
--> Epoch 769
elapsed time: 22.940932750701904
loss: 0.022832797892805214
--> Epoch 770
elapsed time: 22.943336248397827
loss: 0.022846250017703646
--> Epoch 771
elapsed time: 22.94061851501465
loss: 0.02284980324024259
--> Epoch 772
elapsed time: 22.94124484062195
loss: 0.022779825189950774
--> Epoch 773
elapsed time: 22.942208290100098
loss: 0.02281199640796808
--> Epoch 774
elapsed time: 22.942059993743896
loss: 0.02284103846974734
--> Epoch 775
elapsed time: 22.94159173965454
loss: 0.02282524192469196
--> Epoch 776
elapsed time: 22.943955898284912
loss: 0.02282943205271873
--> Epoch 777
elapsed time: 22.9371976852417
loss: 0.022799633397796976
--> Epoch 778
elapsed time: 22.94536018371582
loss: 0.0228231891740888
--> Epoch 779
elapsed time: 22.940237998962402
loss: 0.022803725143815703
--> Epoch 780
elapsed time: 22.944711923599243
loss: 0.02286466415393274
--> Epoch 781
elapsed time: 22.938101530075073
loss: 0.022758640426010425
--> Epoch 782
elapsed time: 22.9430193901062
loss: 0.02276702037541965
--> Epoch 783
elapsed time: 22.941139459609985
loss: 0.02279072931616349
--> Epoch 784
elapsed time: 22.921817779541016
loss: 0.02281180971239887
--> Epoch 785
elapsed time: 22.940467357635498
loss: 0.022781256744016036
--> Epoch 786
elapsed time: 22.940885305404663
loss: 0.022782108181367364
--> Epoch 787
elapsed time: 22.941291570663452
loss: 0.02282285343361484
--> Epoch 788
elapsed time: 22.94205331802368
loss: 0.022766372583182714
--> Epoch 789
elapsed time: 22.941935062408447
loss: 0.02281048194779502
--> Epoch 790
elapsed time: 22.94223117828369
loss: 0.02277234483857202
--> Epoch 791
elapsed time: 22.940272569656372
loss: 0.022802041421240496
--> Epoch 792
elapsed time: 22.942444562911987
loss: 0.022837940268814284
--> Epoch 793
elapsed time: 22.942634105682373
loss: 0.022745051211830816
--> Epoch 794
elapsed time: 22.92228627204895
loss: 0.02277258211117753
--> Epoch 795
elapsed time: 22.937829971313477
loss: 0.022770036763650903
--> Epoch 796
elapsed time: 22.943052768707275
loss: 0.022782294869927562
--> Epoch 797
elapsed time: 22.937604427337646
loss: 0.022750775071311312
--> Epoch 798
elapsed time: 22.944473266601562
loss: 0.02277889059591944
--> Epoch 799
elapsed time: 22.942636251449585
loss: 0.022781791310908094
Evaluating model...
val mr: 192.64157104492188 mrr: 0.2617815136909485 hits@10: 0.4482463644140291 hits@5: 0.35004277159965785 hits@3: 0.284145993726832 hits@1: 0.1731679498146564
--> Epoch 800
elapsed time: 21.636471271514893
loss: 0.02278704919720021
--> Epoch 801
elapsed time: 21.00387740135193
loss: 0.022737620345834618
--> Epoch 802
elapsed time: 20.991623163223267
loss: 0.022794907952913786
--> Epoch 803
elapsed time: 21.27116847038269
loss: 0.022779095919692394
--> Epoch 804
elapsed time: 21.394243717193604
loss: 0.02276724039884468
--> Epoch 805
elapsed time: 21.383424520492554
loss: 0.022760892493662584
--> Epoch 806
elapsed time: 21.396875143051147
loss: 0.02274998355225808
--> Epoch 807
elapsed time: 21.394601345062256
loss: 0.022750766402914742
--> Epoch 808
elapsed time: 21.381961822509766
loss: 0.02279410663000391
--> Epoch 809
elapsed time: 21.38038921356201
loss: 0.022786744192999597
--> Epoch 810
elapsed time: 21.400009393692017
loss: 0.022760124062297486
--> Epoch 811
elapsed time: 21.39213991165161
loss: 0.02270587930948187
--> Epoch 812
elapsed time: 21.393874883651733
loss: 0.0228064825350063
--> Epoch 813
elapsed time: 21.392378091812134
loss: 0.022820449778538546
--> Epoch 814
elapsed time: 21.39310646057129
loss: 0.02275452883747649
--> Epoch 815
elapsed time: 21.394886016845703
loss: 0.022741170976791087
--> Epoch 816
elapsed time: 21.391826629638672
loss: 0.0227616572102509
--> Epoch 817
elapsed time: 21.38986587524414
loss: 0.022766038346141996
--> Epoch 818
elapsed time: 21.383957147598267
loss: 0.0227580802043793
--> Epoch 819
elapsed time: 21.392763376235962
loss: 0.022722337142628314
--> Epoch 820
elapsed time: 21.383085012435913
loss: 0.022729156037699694
--> Epoch 821
elapsed time: 21.384649753570557
loss: 0.022749744264561392
--> Epoch 822
elapsed time: 21.384766817092896
loss: 0.022759263071661723
--> Epoch 823
elapsed time: 21.38698124885559
loss: 0.022753745010814796
--> Epoch 824
elapsed time: 21.388936519622803
loss: 0.022744647349009287
--> Epoch 825
elapsed time: 21.392008304595947
loss: 0.022722911182528158
--> Epoch 826
elapsed time: 21.38578510284424
loss: 0.022736132190486563
--> Epoch 827
elapsed time: 21.385980367660522
loss: 0.022742911228806707
--> Epoch 828
elapsed time: 21.397874116897583
loss: 0.022688185747078534
--> Epoch 829
elapsed time: 21.38839340209961
loss: 0.022785222001885427
--> Epoch 830
elapsed time: 21.391263961791992
loss: 0.02273802801980685
--> Epoch 831
elapsed time: 21.393571853637695
loss: 0.022715683299294645
--> Epoch 832
elapsed time: 21.401877880096436
loss: 0.022718281871512154
--> Epoch 833
elapsed time: 21.385778427124023
loss: 0.022718358154102867
--> Epoch 834
elapsed time: 21.37061834335327
loss: 0.022685589740159707
--> Epoch 835
elapsed time: 21.373072147369385
loss: 0.02270091287371188
--> Epoch 836
elapsed time: 21.36725115776062
loss: 0.02272202434790998
--> Epoch 837
elapsed time: 21.355478525161743
loss: 0.022788973533927778
--> Epoch 838
elapsed time: 21.36079430580139
loss: 0.02271920146800837
--> Epoch 839
elapsed time: 21.359265327453613
loss: 0.022686137408648922
--> Epoch 840
elapsed time: 21.366626024246216
loss: 0.0227459929848435
--> Epoch 841
elapsed time: 21.369966506958008
loss: 0.022718662771055526
--> Epoch 842
elapsed time: 21.364558219909668
loss: 0.022710404421009214
--> Epoch 843
elapsed time: 21.379995584487915
loss: 0.022699463133010682
--> Epoch 844
elapsed time: 21.366689920425415
loss: 0.022692162377071178
--> Epoch 845
elapsed time: 21.356656312942505
loss: 0.022760167772253505
--> Epoch 846
elapsed time: 21.37662386894226
loss: 0.022731971975174133
--> Epoch 847
elapsed time: 21.38053297996521
loss: 0.022714956872943202
--> Epoch 848
elapsed time: 21.394515991210938
loss: 0.022693929377231862
--> Epoch 849
elapsed time: 21.396483898162842
loss: 0.02269829937229713
--> Epoch 850
elapsed time: 21.387333393096924
loss: 0.02273401624311957
--> Epoch 851
elapsed time: 21.39000964164734
loss: 0.022680914104825915
--> Epoch 852
elapsed time: 21.38041400909424
loss: 0.022714468514720226
--> Epoch 853
elapsed time: 21.400435209274292
loss: 0.022686123317028708
--> Epoch 854
elapsed time: 21.398101329803467
loss: 0.022708567272896264
--> Epoch 855
elapsed time: 21.39622187614441
loss: 0.022685170744879562
--> Epoch 856
elapsed time: 21.394192218780518
loss: 0.022694831435425823
--> Epoch 857
elapsed time: 21.39985680580139
loss: 0.022784499146626003
--> Epoch 858
elapsed time: 21.387263536453247
loss: 0.022694904528915715
--> Epoch 859
elapsed time: 21.384554386138916
loss: 0.02270576487333003
--> Epoch 860
elapsed time: 21.387126445770264
loss: 0.022763192413597318
--> Epoch 861
elapsed time: 21.386951684951782
loss: 0.02267770167275464
--> Epoch 862
elapsed time: 21.37955093383789
loss: 0.02271735428649361
--> Epoch 863
elapsed time: 21.38376212120056
loss: 0.022669483754198617
--> Epoch 864
elapsed time: 21.3797550201416
loss: 0.022741259714397527
--> Epoch 865
elapsed time: 21.376570463180542
loss: 0.022729032079803976
--> Epoch 866
elapsed time: 21.38898229598999
loss: 0.022688775315446216
--> Epoch 867
elapsed time: 21.379804134368896
loss: 0.022667756451334127
--> Epoch 868
elapsed time: 21.380922079086304
loss: 0.02271026810622395
--> Epoch 869
elapsed time: 21.376527547836304
loss: 0.022663700291825597
--> Epoch 870
elapsed time: 21.372966527938843
loss: 0.022631107597337618
--> Epoch 871
elapsed time: 21.37291693687439
loss: 0.022641732885746717
--> Epoch 872
elapsed time: 21.3843252658844
loss: 0.02267914126966208
--> Epoch 873
elapsed time: 21.385427951812744
loss: 0.022676645556459533
--> Epoch 874
elapsed time: 21.37927007675171
loss: 0.022701872085148393
--> Epoch 875
elapsed time: 21.38500666618347
loss: 0.022679993931838397
--> Epoch 876
elapsed time: 21.397467851638794
loss: 0.02263512609041141
--> Epoch 877
elapsed time: 21.376867532730103
loss: 0.022661350055940287
--> Epoch 878
elapsed time: 21.388977766036987
loss: 0.022606697571328084
--> Epoch 879
elapsed time: 21.386741876602173
loss: 0.02270717645346109
--> Epoch 880
elapsed time: 21.379947662353516
loss: 0.022654888277079625
--> Epoch 881
elapsed time: 21.378124475479126
loss: 0.02270121726462388
--> Epoch 882
elapsed time: 21.38293695449829
loss: 0.022632778318194095
--> Epoch 883
elapsed time: 21.39152455329895
loss: 0.02270125930293035
--> Epoch 884
elapsed time: 22.045282125473022
loss: 0.022736681605972215
--> Epoch 885
elapsed time: 23.027122020721436
loss: 0.022645274716887626
--> Epoch 886
elapsed time: 22.985671997070312
loss: 0.02260761877989724
--> Epoch 887
elapsed time: 21.91146159172058
loss: 0.022669049270752455
--> Epoch 888
elapsed time: 21.444365978240967
loss: 0.022670977949563447
--> Epoch 889
elapsed time: 21.42037796974182
loss: 0.022631114212093437
--> Epoch 890
elapsed time: 21.42560052871704
loss: 0.022653118869323047
--> Epoch 891
elapsed time: 21.428438901901245
loss: 0.022620592173451762
--> Epoch 892
elapsed time: 21.436904907226562
loss: 0.022679241170873648
--> Epoch 893
elapsed time: 21.42762565612793
loss: 0.022694985891288447
--> Epoch 894
elapsed time: 21.419947147369385
loss: 0.02263260570197933
--> Epoch 895
elapsed time: 21.427693128585815
loss: 0.022710403264522103
--> Epoch 896
elapsed time: 21.42311382293701
loss: 0.022634481976153933
--> Epoch 897
elapsed time: 21.425084352493286
loss: 0.02267964643374548
--> Epoch 898
elapsed time: 21.42267107963562
loss: 0.022655060059221868
--> Epoch 899
elapsed time: 21.432854890823364
loss: 0.022632240555192206
Evaluating model...
val mr: 191.64186096191406 mrr: 0.25656598806381226 hits@10: 0.448018249215854 hits@5: 0.3479612204163102 hits@3: 0.278471628172227 hits@1: 0.1658112346735101
--> Epoch 900
elapsed time: 21.013521671295166
loss: 0.022636147074029903
--> Epoch 901
elapsed time: 21.181941270828247
loss: 0.022590434285597427
--> Epoch 902
elapsed time: 21.77557945251465
loss: 0.022619227506395567
--> Epoch 903
elapsed time: 20.96759605407715
loss: 0.022580475545543495
--> Epoch 904
elapsed time: 20.964858531951904
loss: 0.022657568204660854
--> Epoch 905
elapsed time: 21.34106206893921
loss: 0.022586133252209015
--> Epoch 906
elapsed time: 21.356408834457397
loss: 0.022668921874935966
--> Epoch 907
elapsed time: 21.358716011047363
loss: 0.02260525188534078
--> Epoch 908
elapsed time: 21.34471845626831
loss: 0.022646294451149587
--> Epoch 909
elapsed time: 21.357921361923218
loss: 0.022637523684443894
--> Epoch 910
elapsed time: 21.353027820587158
loss: 0.02264197881273077
--> Epoch 911
elapsed time: 21.36154079437256
loss: 0.022608810979680195
--> Epoch 912
elapsed time: 21.355766773223877
loss: 0.02260176975872308
--> Epoch 913
elapsed time: 21.360170364379883
loss: 0.0226200516576601
--> Epoch 914
elapsed time: 21.354575395584106
loss: 0.02260102313590128
--> Epoch 915
elapsed time: 21.353541374206543
loss: 0.02262940763838428
--> Epoch 916
elapsed time: 21.35453462600708
loss: 0.022606724065396433
--> Epoch 917
elapsed time: 21.358906984329224
loss: 0.022621740815724725
--> Epoch 918
elapsed time: 21.341572046279907
loss: 0.022613467900949834
--> Epoch 919
elapsed time: 21.355725049972534
loss: 0.022670632187953448
--> Epoch 920
elapsed time: 21.354461669921875
loss: 0.022639551908759048
--> Epoch 921
elapsed time: 21.361313581466675
loss: 0.022639145946738187
--> Epoch 922
elapsed time: 21.352640390396118
loss: 0.022605840223626716
--> Epoch 923
elapsed time: 21.441674947738647
loss: 0.02269573500055753
--> Epoch 924
elapsed time: 21.345115900039673
loss: 0.022558609915587103
--> Epoch 925
elapsed time: 21.35353374481201
loss: 0.022603370229996606
--> Epoch 926
elapsed time: 21.34779119491577
loss: 0.022573664493557428
--> Epoch 927
elapsed time: 21.35450768470764
loss: 0.022598194102086442
--> Epoch 928
elapsed time: 21.3559627532959
loss: 0.022666625717088846
--> Epoch 929
elapsed time: 21.359115839004517
loss: 0.02262721633361626
--> Epoch 930
elapsed time: 21.351348161697388
loss: 0.02260891759903052
--> Epoch 931
elapsed time: 21.353631496429443
loss: 0.022640187203926177
--> Epoch 932
elapsed time: 21.356268644332886
loss: 0.022596677698664584
--> Epoch 933
elapsed time: 21.36422824859619
loss: 0.02260224407964569
--> Epoch 934
elapsed time: 21.353769063949585
loss: 0.022612083980135502
--> Epoch 935
elapsed time: 21.360202312469482
loss: 0.022605251624255054
--> Epoch 936
elapsed time: 21.358001470565796
loss: 0.02257854895191381
--> Epoch 937
elapsed time: 21.363589763641357
loss: 0.0226087889275737
--> Epoch 938
elapsed time: 21.35548186302185
loss: 0.022582254508336758
--> Epoch 939
elapsed time: 21.353192567825317
loss: 0.022508390717425664
--> Epoch 940
elapsed time: 21.362767457962036
loss: 0.02268031792170241
--> Epoch 941
elapsed time: 21.356341123580933
loss: 0.02259387497493151
--> Epoch 942
elapsed time: 21.369178771972656
loss: 0.022587704376745985
--> Epoch 943
elapsed time: 21.34291434288025
loss: 0.022591211501007808
--> Epoch 944
elapsed time: 21.349322080612183
loss: 0.0225987498747467
--> Epoch 945
elapsed time: 21.351512908935547
loss: 0.022605468060817792
--> Epoch 946
elapsed time: 21.35323929786682
loss: 0.022558292554496935
--> Epoch 947
elapsed time: 21.354478120803833
loss: 0.022534552046911738
--> Epoch 948
elapsed time: 21.35449767112732
loss: 0.022623233136178634
--> Epoch 949
elapsed time: 21.35442852973938
loss: 0.02253965214981241
--> Epoch 950
elapsed time: 21.349538564682007
loss: 0.02260939671937464
--> Epoch 951
elapsed time: 21.3687584400177
loss: 0.02264058461319918
--> Epoch 952
elapsed time: 21.352656841278076
loss: 0.022692508303392978
--> Epoch 953
elapsed time: 21.3447368144989
loss: 0.022616729495989075
--> Epoch 954
elapsed time: 21.32890510559082
loss: 0.02257343323994165
--> Epoch 955
elapsed time: 21.369133949279785
loss: 0.022538056309744085
--> Epoch 956
elapsed time: 21.369885683059692
loss: 0.022600362538197975
--> Epoch 957
elapsed time: 21.359493017196655
loss: 0.022625524485842978
--> Epoch 958
elapsed time: 21.361791133880615
loss: 0.022551848075632094
--> Epoch 959
elapsed time: 21.352110624313354
loss: 0.02247490943080955
--> Epoch 960
elapsed time: 21.363134145736694
loss: 0.02261656553064835
--> Epoch 961
elapsed time: 21.361511945724487
loss: 0.022587085897952795
--> Epoch 962
elapsed time: 21.354758977890015
loss: 0.022521751420265756
--> Epoch 963
elapsed time: 21.357409477233887
loss: 0.022578970873456797
--> Epoch 964
elapsed time: 21.351638793945312
loss: 0.022616398197476975
--> Epoch 965
elapsed time: 21.365042209625244
loss: 0.022543919520664642
--> Epoch 966
elapsed time: 21.37895131111145
loss: 0.022530397240804932
--> Epoch 967
elapsed time: 21.356563806533813
loss: 0.02254952939432237
--> Epoch 968
elapsed time: 21.354354858398438
loss: 0.022581036231521717
--> Epoch 969
elapsed time: 21.357666015625
loss: 0.022538013190297395
--> Epoch 970
elapsed time: 21.367757558822632
loss: 0.022539092690411426
--> Epoch 971
elapsed time: 21.359702587127686
loss: 0.022548169475872338
--> Epoch 972
elapsed time: 21.357733726501465
loss: 0.022621905615137976
--> Epoch 973
elapsed time: 21.353565216064453
loss: 0.02250251834046863
--> Epoch 974
elapsed time: 21.353502988815308
loss: 0.022526392651860263
--> Epoch 975
elapsed time: 21.348870038986206
loss: 0.022568458941811566
--> Epoch 976
elapsed time: 21.3605215549469
loss: 0.022551750187759453
--> Epoch 977
elapsed time: 21.3461594581604
loss: 0.022540562150970115
--> Epoch 978
elapsed time: 21.369845390319824
loss: 0.022494401027529955
--> Epoch 979
elapsed time: 21.36553144454956
loss: 0.02258305291900182
--> Epoch 980
elapsed time: 21.356043815612793
loss: 0.022518392671547965
--> Epoch 981
elapsed time: 21.356815338134766
loss: 0.022489527142269365
--> Epoch 982
elapsed time: 21.35929012298584
loss: 0.022543350735772138
--> Epoch 983
elapsed time: 21.367908000946045
loss: 0.0225437139305492
--> Epoch 984
elapsed time: 21.361005067825317
loss: 0.022526848703791034
--> Epoch 985
elapsed time: 21.35866665840149
loss: 0.022532462421892278
--> Epoch 986
elapsed time: 21.35551404953003
loss: 0.022495445041012224
--> Epoch 987
elapsed time: 21.358598470687866
loss: 0.022520026246388904
--> Epoch 988
elapsed time: 21.359902143478394
loss: 0.02251845278609842
--> Epoch 989
elapsed time: 21.367588758468628
loss: 0.022480867007573818
--> Epoch 990
elapsed time: 21.3550705909729
loss: 0.022523378264702163
--> Epoch 991
elapsed time: 21.372140645980835
loss: 0.022535788640029454
--> Epoch 992
elapsed time: 21.357471227645874
loss: 0.022532040417993393
--> Epoch 993
elapsed time: 21.371742010116577
loss: 0.022553232360915092
--> Epoch 994
elapsed time: 21.360360383987427
loss: 0.022587194553421334
--> Epoch 995
elapsed time: 21.35833978652954
loss: 0.02255642619807543
--> Epoch 996
elapsed time: 21.355767965316772
loss: 0.02254964065188691
--> Epoch 997
elapsed time: 21.37097477912903
loss: 0.022569988879637123
--> Epoch 998
elapsed time: 21.356743335723877
loss: 0.022500973247405166
--> Epoch 999
elapsed time: 21.357097625732422
loss: 0.02248637855529561
Evaluating model...
val mr: 188.83966064453125 mrr: 0.2636881172657013 hits@10: 0.45243798118049616 hits@5: 0.354205873966353 hits@3: 0.2880239520958084 hits@1: 0.17313943541488452
--> Epoch 1000
elapsed time: 20.866968870162964
loss: 0.02250636253691684
Start testing...
test mr: 204.25315856933594 mrr: 0.25162795186042786 hits@10: 0.4432961985732434 hits@5: 0.34269031564546076 hits@3: 0.2751636861135542 hits@1: 0.1600703605980651
{'epoch': [1, 100, 200, 300, 400, 500, 600, 700, 800, 900, 1000], 'val_mrr': [0.0010087804403156042, 0.2414529174566269, 0.2484382539987564, 0.26248201727867126, 0.2545742690563202, 0.25341731309890747, 0.25460368394851685, 0.2582123279571533, 0.2617815136909485, 0.25656598806381226, 0.2636881172657013], 'val_mr': [7393.1015625, 201.306640625, 195.77719116210938, 196.0560302734375, 194.9639892578125, 195.85951232910156, 192.45083618164062, 192.4867706298828, 192.64157104492188, 191.64186096191406, 188.83966064453125], 'val_hits10': [0.000855431993156544, 0.420045623039635, 0.4283147989734816, 0.4433704020530368, 0.4359281437125748, 0.44208725406330196, 0.4441117764471058, 0.447276874821785, 0.4482463644140291, 0.448018249215854, 0.45243798118049616], 'val_hits5': [0.0006273167949814657, 0.32204163102366695, 0.33290561733675506, 0.3502994011976048, 0.341089250071286, 0.34342743085258054, 0.34510978043912177, 0.3488736812090106, 0.35004277159965785, 0.3479612204163102, 0.354205873966353], 'val_hits3': [0.0004847447961220416, 0.2589392643284859, 0.27114342743085257, 0.28799543769603647, 0.2757912745936698, 0.2751069289991446, 0.27850014257199884, 0.2822925577416595, 0.284145993726832, 0.278471628172227, 0.2880239520958084], 'val_hits1': [0.000427715996578272, 0.15708582834331336, 0.16127744510978043, 0.17439406900484744, 0.16712289706301683, 0.1641573994867408, 0.1639577986883376, 0.1677502138579983, 0.1731679498146564, 0.1658112346735101, 0.17313943541488452]}
