Using CUDA
Load processed dataset...
Model type: DistMultLitPaper
14923 237
torch.Size([14923, 121]) torch.Size([14923, 300])
Start training...
Evaluating model...
val mr: 7301.166015625 mrr: 0.0008840457885526121 hits@10: 0.000855431993156544 hits@5: 0.0005417735956658112 hits@3: 0.0004562303963501568 hits@1: 0.0001996007984031936
--> Epoch 1
elapsed time: 22.24158549308777
loss: 0.22345745325901548
--> Epoch 2
elapsed time: 22.233287811279297
loss: 0.07167859521264303
--> Epoch 3
elapsed time: 22.211992263793945
loss: 0.054140121631345316
--> Epoch 4
elapsed time: 22.19057321548462
loss: 0.04782294794594692
--> Epoch 5
elapsed time: 22.194469928741455
loss: 0.04487086170171637
--> Epoch 6
elapsed time: 22.214380979537964
loss: 0.04272719013906826
--> Epoch 7
elapsed time: 22.191020488739014
loss: 0.04122077231054472
--> Epoch 8
elapsed time: 22.211029052734375
loss: 0.040436971862559484
--> Epoch 9
elapsed time: 22.199021816253662
loss: 0.039234284164343707
--> Epoch 10
elapsed time: 22.200501203536987
loss: 0.03865163549009854
--> Epoch 11
elapsed time: 22.188435077667236
loss: 0.038766533350142685
--> Epoch 12
elapsed time: 22.217074155807495
loss: 0.03732677482888593
--> Epoch 13
elapsed time: 22.18576717376709
loss: 0.03744423045292286
--> Epoch 14
elapsed time: 22.17861270904541
loss: 0.03700309082592364
--> Epoch 15
elapsed time: 22.21137523651123
loss: 0.03597896357758193
--> Epoch 16
elapsed time: 22.212997674942017
loss: 0.035863895787527175
--> Epoch 17
elapsed time: 22.22035837173462
loss: 0.03539173762547947
--> Epoch 18
elapsed time: 22.227760314941406
loss: 0.03535380861735075
--> Epoch 19
elapsed time: 22.215848922729492
loss: 0.03446134746158785
--> Epoch 20
elapsed time: 22.224503993988037
loss: 0.034174398087168344
--> Epoch 21
elapsed time: 22.20355725288391
loss: 0.03430483575212933
--> Epoch 22
elapsed time: 22.208717823028564
loss: 0.0336291903484462
--> Epoch 23
elapsed time: 22.220101833343506
loss: 0.03370823442010754
--> Epoch 24
elapsed time: 22.195597171783447
loss: 0.03315856654691113
--> Epoch 25
elapsed time: 22.22659182548523
loss: 0.0333677065713806
--> Epoch 26
elapsed time: 22.211312532424927
loss: 0.03306702217779289
--> Epoch 27
elapsed time: 22.214250087738037
loss: 0.032427497597118646
--> Epoch 28
elapsed time: 22.188802480697632
loss: 0.03228335114947659
--> Epoch 29
elapsed time: 22.215797662734985
loss: 0.03209164236459324
--> Epoch 30
elapsed time: 22.194242238998413
loss: 0.03195205547427189
--> Epoch 31
elapsed time: 22.23273992538452
loss: 0.0317276358229449
--> Epoch 32
elapsed time: 22.246211528778076
loss: 0.031554345740662466
--> Epoch 33
elapsed time: 22.21841073036194
loss: 0.03141440103322912
--> Epoch 34
elapsed time: 22.215439081192017
loss: 0.03151861523380564
--> Epoch 35
elapsed time: 22.240824460983276
loss: 0.031232514724429776
--> Epoch 36
elapsed time: 22.23319435119629
loss: 0.03097648794393941
--> Epoch 37
elapsed time: 22.216886043548584
loss: 0.03085903746101336
--> Epoch 38
elapsed time: 22.216544151306152
loss: 0.030717817945572306
--> Epoch 39
elapsed time: 22.25496220588684
loss: 0.030691371782072176
--> Epoch 40
elapsed time: 22.221842527389526
loss: 0.030499853859616132
--> Epoch 41
elapsed time: 22.20767045021057
loss: 0.030385038313418208
--> Epoch 42
elapsed time: 22.2108154296875
loss: 0.030250560821700745
--> Epoch 43
elapsed time: 22.208675384521484
loss: 0.0302252389266316
--> Epoch 44
elapsed time: 22.22728681564331
loss: 0.030065139613674144
--> Epoch 45
elapsed time: 22.22116470336914
loss: 0.02989478679662982
--> Epoch 46
elapsed time: 22.236207962036133
loss: 0.02987391656564298
--> Epoch 47
elapsed time: 22.220582008361816
loss: 0.02975276235564632
--> Epoch 48
elapsed time: 22.22439455986023
loss: 0.029614100134594194
--> Epoch 49
elapsed time: 22.21563196182251
loss: 0.029521060070182396
--> Epoch 50
elapsed time: 22.253057956695557
loss: 0.029483243633808106
--> Epoch 51
elapsed time: 22.2288498878479
loss: 0.029444066548294203
--> Epoch 52
elapsed time: 22.228082180023193
loss: 0.029335428451591802
--> Epoch 53
elapsed time: 22.21384835243225
loss: 0.029211733187088848
--> Epoch 54
elapsed time: 22.216366052627563
loss: 0.029129303627325923
--> Epoch 55
elapsed time: 22.24090051651001
loss: 0.029126140635078623
--> Epoch 56
elapsed time: 22.230995893478394
loss: 0.02902353255503994
--> Epoch 57
elapsed time: 22.224570512771606
loss: 0.029014289862741755
--> Epoch 58
elapsed time: 22.250810384750366
loss: 0.02883020230688975
--> Epoch 59
elapsed time: 22.239778995513916
loss: 0.0287814696642692
--> Epoch 60
elapsed time: 22.216583251953125
loss: 0.02875955065016688
--> Epoch 61
elapsed time: 22.225165128707886
loss: 0.02869169663038606
--> Epoch 62
elapsed time: 22.211018562316895
loss: 0.028636137435347656
--> Epoch 63
elapsed time: 22.18050789833069
loss: 0.028553417865414724
--> Epoch 64
elapsed time: 22.22075080871582
loss: 0.02848943506182642
--> Epoch 65
elapsed time: 22.218053102493286
loss: 0.02846078204231114
--> Epoch 66
elapsed time: 22.213574409484863
loss: 0.0283834718549773
--> Epoch 67
elapsed time: 22.223344564437866
loss: 0.028338421355172474
--> Epoch 68
elapsed time: 22.188791751861572
loss: 0.02832430290971179
--> Epoch 69
elapsed time: 22.19637894630432
loss: 0.02825352765080061
--> Epoch 70
elapsed time: 22.22404432296753
loss: 0.028168888652201317
--> Epoch 71
elapsed time: 22.20117211341858
loss: 0.028156880925384088
--> Epoch 72
elapsed time: 22.218435764312744
loss: 0.02808088148301879
--> Epoch 73
elapsed time: 22.19110107421875
loss: 0.028086268930912355
--> Epoch 74
elapsed time: 22.209532737731934
loss: 0.02805314287683477
--> Epoch 75
elapsed time: 22.219205379486084
loss: 0.02798743889801141
--> Epoch 76
elapsed time: 22.20246195793152
loss: 0.027927636257385938
--> Epoch 77
elapsed time: 22.22026538848877
loss: 0.02790272848282854
--> Epoch 78
elapsed time: 22.17971634864807
loss: 0.027832725469937664
--> Epoch 79
elapsed time: 22.175320625305176
loss: 0.027811349908403372
--> Epoch 80
elapsed time: 22.225883960723877
loss: 0.02773311336963724
--> Epoch 81
elapsed time: 22.21220064163208
loss: 0.02773846987273933
--> Epoch 82
elapsed time: 22.32974076271057
loss: 0.027663857079446595
--> Epoch 83
elapsed time: 22.204762935638428
loss: 0.02768072187164597
--> Epoch 84
elapsed time: 22.225011110305786
loss: 0.027660922623070364
--> Epoch 85
elapsed time: 22.21429419517517
loss: 0.02753890861572237
--> Epoch 86
elapsed time: 22.192952394485474
loss: 0.02757984523504608
--> Epoch 87
elapsed time: 22.229767560958862
loss: 0.02752218687046505
--> Epoch 88
elapsed time: 22.220629692077637
loss: 0.02748669743159416
--> Epoch 89
elapsed time: 22.211785316467285
loss: 0.027434463739773627
--> Epoch 90
elapsed time: 22.22861957550049
loss: 0.0274241676506773
--> Epoch 91
elapsed time: 22.231848001480103
loss: 0.027409285228079148
--> Epoch 92
elapsed time: 22.195659637451172
loss: 0.027361602814182963
--> Epoch 93
elapsed time: 22.215479373931885
loss: 0.027320805483218195
--> Epoch 94
elapsed time: 22.22553539276123
loss: 0.027303071988716735
--> Epoch 95
elapsed time: 22.19245982170105
loss: 0.027270615307626474
--> Epoch 96
elapsed time: 22.212764024734497
loss: 0.027289845100196598
--> Epoch 97
elapsed time: 22.204617977142334
loss: 0.027254807304587438
--> Epoch 98
elapsed time: 22.17842125892639
loss: 0.027171848319043332
--> Epoch 99
elapsed time: 22.212049961090088
loss: 0.027199005021215156
Evaluating model...
val mr: 201.33119201660156 mrr: 0.23483222723007202 hits@10: 0.41114913031080697 hits@5: 0.3156258910749929 hits@3: 0.2530652979754776 hits@1: 0.15075563159395494
--> Epoch 100
elapsed time: 21.570794343948364
loss: 0.027172359379458742
--> Epoch 101
elapsed time: 22.16559076309204
loss: 0.027145342960925675
--> Epoch 102
elapsed time: 22.13868236541748
loss: 0.02706630498535321
--> Epoch 103
elapsed time: 22.14879584312439
loss: 0.027074244877398856
--> Epoch 104
elapsed time: 22.149957418441772
loss: 0.02709404235094197
--> Epoch 105
elapsed time: 22.139530420303345
loss: 0.027065298633048924
--> Epoch 106
elapsed time: 22.14629316329956
loss: 0.02705428865322053
--> Epoch 107
elapsed time: 22.16577649116516
loss: 0.026984660224752502
--> Epoch 108
elapsed time: 22.128785371780396
loss: 0.0270288730388891
--> Epoch 109
elapsed time: 22.152119398117065
loss: 0.026983580849048446
--> Epoch 110
elapsed time: 22.139020681381226
loss: 0.026917947876781423
--> Epoch 111
elapsed time: 22.172075271606445
loss: 0.026937677068521924
--> Epoch 112
elapsed time: 22.141565799713135
loss: 0.026885687884360354
--> Epoch 113
elapsed time: 22.142664194107056
loss: 0.026836326081211122
--> Epoch 114
elapsed time: 22.157212495803833
loss: 0.026856990659001406
--> Epoch 115
elapsed time: 22.172800540924072
loss: 0.02679460817949736
--> Epoch 116
elapsed time: 22.159282445907593
loss: 0.026842244372458697
--> Epoch 117
elapsed time: 22.15307092666626
loss: 0.02674489928477795
--> Epoch 118
elapsed time: 22.14901304244995
loss: 0.02678015773637555
--> Epoch 119
elapsed time: 22.137259483337402
loss: 0.026742836078479958
--> Epoch 120
elapsed time: 22.173798084259033
loss: 0.026788421206505705
--> Epoch 121
elapsed time: 22.180565357208252
loss: 0.026727946643364506
--> Epoch 122
elapsed time: 22.1285617351532
loss: 0.02674213288700592
--> Epoch 123
elapsed time: 22.1397967338562
loss: 0.026762709867906593
--> Epoch 124
elapsed time: 22.124262809753418
loss: 0.026663388907979483
--> Epoch 125
elapsed time: 22.118800163269043
loss: 0.026679199315109908
--> Epoch 126
elapsed time: 22.15105652809143
loss: 0.026658102687753156
--> Epoch 127
elapsed time: 22.14536952972412
loss: 0.0265701998897801
--> Epoch 128
elapsed time: 22.140810251235962
loss: 0.026593968612146288
--> Epoch 129
elapsed time: 22.13884449005127
loss: 0.02657329687114493
--> Epoch 130
elapsed time: 22.125845193862915
loss: 0.026576745174019156
--> Epoch 131
elapsed time: 22.143600463867188
loss: 0.026542373714742523
--> Epoch 132
elapsed time: 22.11888885498047
loss: 0.026607462137531023
--> Epoch 133
elapsed time: 22.14120602607727
loss: 0.02652665498900391
--> Epoch 134
elapsed time: 22.137247800827026
loss: 0.02646529583588088
--> Epoch 135
elapsed time: 22.13297176361084
loss: 0.026470600290053988
--> Epoch 136
elapsed time: 22.13705086708069
loss: 0.026539204473960323
--> Epoch 137
elapsed time: 22.13131546974182
loss: 0.026448639234140696
--> Epoch 138
elapsed time: 22.1394305229187
loss: 0.02650831863354201
--> Epoch 139
elapsed time: 22.15157699584961
loss: 0.02646280838279991
--> Epoch 140
elapsed time: 22.109012126922607
loss: 0.026431036019664494
--> Epoch 141
elapsed time: 22.14378595352173
loss: 0.02638095865763815
--> Epoch 142
elapsed time: 22.043687105178833
loss: 0.026425688451301457
--> Epoch 143
elapsed time: 22.05715322494507
loss: 0.026419818714989992
--> Epoch 144
elapsed time: 22.04403519630432
loss: 0.026376114925150587
--> Epoch 145
elapsed time: 22.004700183868408
loss: 0.026344869210475026
--> Epoch 146
elapsed time: 22.02691411972046
loss: 0.026382021215216014
--> Epoch 147
elapsed time: 22.01698398590088
loss: 0.026376363708307354
--> Epoch 148
elapsed time: 22.011903762817383
loss: 0.026322175216837412
--> Epoch 149
elapsed time: 22.015953302383423
loss: 0.02630664263120375
--> Epoch 150
elapsed time: 21.990906953811646
loss: 0.026314431386154323
--> Epoch 151
elapsed time: 21.99945640563965
loss: 0.02628827280244901
--> Epoch 152
elapsed time: 21.999149799346924
loss: 0.026309745472103272
--> Epoch 153
elapsed time: 22.018851280212402
loss: 0.026269500770256526
--> Epoch 154
elapsed time: 22.000677347183228
loss: 0.026200404984706546
--> Epoch 155
elapsed time: 22.008495092391968
loss: 0.026233183050060317
--> Epoch 156
elapsed time: 22.014390230178833
loss: 0.02623487915405662
--> Epoch 157
elapsed time: 21.990378856658936
loss: 0.02620774448296425
--> Epoch 158
elapsed time: 21.99407410621643
loss: 0.026258890665121385
--> Epoch 159
elapsed time: 21.993425369262695
loss: 0.02617722886210607
--> Epoch 160
elapsed time: 21.991276264190674
loss: 0.02617555234304376
--> Epoch 161
elapsed time: 22.0053448677063
loss: 0.026195114934054728
--> Epoch 162
elapsed time: 21.980976581573486
loss: 0.02619102619490249
--> Epoch 163
elapsed time: 21.98119068145752
loss: 0.0261728168339911
--> Epoch 164
elapsed time: 21.98162841796875
loss: 0.026156388820689574
--> Epoch 165
elapsed time: 21.994171857833862
loss: 0.02617205811186097
--> Epoch 166
elapsed time: 21.962589263916016
loss: 0.026069316464570034
--> Epoch 167
elapsed time: 21.978307485580444
loss: 0.026125843742702888
--> Epoch 168
elapsed time: 21.98295783996582
loss: 0.026109708399491723
--> Epoch 169
elapsed time: 21.95248007774353
loss: 0.026101966620697126
--> Epoch 170
elapsed time: 21.996768951416016
loss: 0.02610196121499601
--> Epoch 171
elapsed time: 21.97686743736267
loss: 0.02605429788313715
--> Epoch 172
elapsed time: 21.99975299835205
loss: 0.02609545419646229
--> Epoch 173
elapsed time: 21.897347688674927
loss: 0.026025865922628545
--> Epoch 174
elapsed time: 21.91447377204895
loss: 0.026075879122399545
--> Epoch 175
elapsed time: 21.890618324279785
loss: 0.026066184662429655
--> Epoch 176
elapsed time: 21.88784146308899
loss: 0.026010268592991475
--> Epoch 177
elapsed time: 21.840962886810303
loss: 0.026026961867638837
--> Epoch 178
elapsed time: 21.88832926750183
loss: 0.026022542869060642
--> Epoch 179
elapsed time: 21.910834789276123
loss: 0.02603217893694497
--> Epoch 180
elapsed time: 21.89845299720764
loss: 0.026028041600802545
--> Epoch 181
elapsed time: 21.89191436767578
loss: 0.025935363213716537
--> Epoch 182
elapsed time: 21.87043523788452
loss: 0.0259135301651561
--> Epoch 183
elapsed time: 21.869869470596313
loss: 0.02598694127196707
--> Epoch 184
elapsed time: 21.8928861618042
loss: 0.026045448105582514
--> Epoch 185
elapsed time: 21.878495454788208
loss: 0.025994945231646385
--> Epoch 186
elapsed time: 21.899625301361084
loss: 0.025971823711007806
--> Epoch 187
elapsed time: 21.89072823524475
loss: 0.02596518122402711
--> Epoch 188
elapsed time: 21.88637661933899
loss: 0.02599702835230197
--> Epoch 189
elapsed time: 21.904244899749756
loss: 0.025894468163095437
--> Epoch 190
elapsed time: 21.906083345413208
loss: 0.025899620132690763
--> Epoch 191
elapsed time: 21.901628494262695
loss: 0.025899939126880912
--> Epoch 192
elapsed time: 21.896196365356445
loss: 0.02591426533349875
--> Epoch 193
elapsed time: 21.890356302261353
loss: 0.025881125554021864
--> Epoch 194
elapsed time: 21.893953561782837
loss: 0.025904125007445926
--> Epoch 195
elapsed time: 21.872440576553345
loss: 0.025885654313740368
--> Epoch 196
elapsed time: 21.86426591873169
loss: 0.025928450913036194
--> Epoch 197
elapsed time: 21.869738578796387
loss: 0.025829182781790746
--> Epoch 198
elapsed time: 21.458446979522705
loss: 0.025892127932575885
--> Epoch 199
elapsed time: 21.271894454956055
loss: 0.025875172808219663
Evaluating model...
val mr: 192.70068359375 mrr: 0.2494402378797531 hits@10: 0.4358426005132592 hits@5: 0.33838038209295696 hits@3: 0.2741944682064443 hits@1: 0.15959509552323922
--> Epoch 200
elapsed time: 21.86325216293335
loss: 0.025781060771373567
--> Epoch 201
elapsed time: 21.863196849822998
loss: 0.025831892460879018
--> Epoch 202
elapsed time: 21.87759828567505
loss: 0.02584804795500196
--> Epoch 203
elapsed time: 21.89208149909973
loss: 0.025810957848605185
--> Epoch 204
elapsed time: 21.878960847854614
loss: 0.025776651301548263
--> Epoch 205
elapsed time: 21.86583685874939
loss: 0.025787477741615456
--> Epoch 206
elapsed time: 21.868919134140015
loss: 0.0257657546837405
--> Epoch 207
elapsed time: 21.883315801620483
loss: 0.025760344325136377
--> Epoch 208
elapsed time: 21.869793176651
loss: 0.025797296375008202
--> Epoch 209
elapsed time: 21.895235061645508
loss: 0.02579427216121417
--> Epoch 210
elapsed time: 21.87964653968811
loss: 0.02577093931708769
--> Epoch 211
elapsed time: 21.873433351516724
loss: 0.025802175112257898
--> Epoch 212
elapsed time: 21.887696027755737
loss: 0.025704881539068913
--> Epoch 213
elapsed time: 21.899511337280273
loss: 0.025737935901459164
--> Epoch 214
elapsed time: 21.894335985183716
loss: 0.025729601338912268
--> Epoch 215
elapsed time: 21.873875617980957
loss: 0.025742834078205833
--> Epoch 216
elapsed time: 21.87178325653076
loss: 0.025711728547290598
--> Epoch 217
elapsed time: 21.881632804870605
loss: 0.025756058043967633
--> Epoch 218
elapsed time: 21.89370584487915
loss: 0.02571619334801513
--> Epoch 219
elapsed time: 21.887270212173462
loss: 0.02569537480674537
--> Epoch 220
elapsed time: 21.88735055923462
loss: 0.025727521792853203
--> Epoch 221
elapsed time: 21.885005950927734
loss: 0.02573441883666495
--> Epoch 222
elapsed time: 21.869184255599976
loss: 0.0257146338356601
--> Epoch 223
elapsed time: 21.86161231994629
loss: 0.02562745605873142
--> Epoch 224
elapsed time: 21.8735454082489
loss: 0.025672450204321157
--> Epoch 225
elapsed time: 21.904265642166138
loss: 0.025613357902610514
--> Epoch 226
elapsed time: 21.867779970169067
loss: 0.02558409927284953
--> Epoch 227
elapsed time: 21.874323844909668
loss: 0.02567333150181923
--> Epoch 228
elapsed time: 21.861904859542847
loss: 0.025646927416927392
--> Epoch 229
elapsed time: 21.881242752075195
loss: 0.02565627191688862
--> Epoch 230
elapsed time: 21.855090379714966
loss: 0.025644893180631515
--> Epoch 231
elapsed time: 21.87288761138916
loss: 0.025677730517701954
--> Epoch 232
elapsed time: 21.88532328605652
loss: 0.02555836837910473
--> Epoch 233
elapsed time: 21.86131191253662
loss: 0.025634432172968718
--> Epoch 234
elapsed time: 21.86901330947876
loss: 0.025601778929371488
--> Epoch 235
elapsed time: 21.893876552581787
loss: 0.025577803276416164
--> Epoch 236
elapsed time: 21.87601089477539
loss: 0.025577897435493997
--> Epoch 237
elapsed time: 21.860220193862915
loss: 0.02557587604321406
--> Epoch 238
elapsed time: 21.878042459487915
loss: 0.025565898242149842
--> Epoch 239
elapsed time: 21.88061261177063
loss: 0.02552172322236247
--> Epoch 240
elapsed time: 21.881526470184326
loss: 0.02552182824015337
--> Epoch 241
elapsed time: 21.88303303718567
loss: 0.025554840504660545
--> Epoch 242
elapsed time: 21.86167287826538
loss: 0.02558809799349824
--> Epoch 243
elapsed time: 21.85956621170044
loss: 0.025560297827154875
--> Epoch 244
elapsed time: 21.874113082885742
loss: 0.02549965380886368
--> Epoch 245
elapsed time: 21.861323595046997
loss: 0.025531410668062804
--> Epoch 246
elapsed time: 21.86581301689148
loss: 0.02547197234365644
--> Epoch 247
elapsed time: 21.85476803779602
loss: 0.02551197503480503
--> Epoch 248
elapsed time: 21.872894287109375
loss: 0.02551317958797303
--> Epoch 249
elapsed time: 21.86721706390381
loss: 0.02551837067837325
--> Epoch 250
elapsed time: 21.87902331352234
loss: 0.025452655854854848
--> Epoch 251
elapsed time: 21.79743242263794
loss: 0.02547412534592181
--> Epoch 252
elapsed time: 21.90555500984192
loss: 0.02547198134673337
--> Epoch 253
elapsed time: 21.898948907852173
loss: 0.025506365881323365
--> Epoch 254
elapsed time: 21.87783169746399
loss: 0.025525730041925456
--> Epoch 255
elapsed time: 21.88809108734131
loss: 0.025465184544070308
--> Epoch 256
elapsed time: 21.86667537689209
loss: 0.025469183942841003
--> Epoch 257
elapsed time: 21.898719787597656
loss: 0.02547739803798055
--> Epoch 258
elapsed time: 21.86858558654785
loss: 0.025439585822784216
--> Epoch 259
elapsed time: 21.882039070129395
loss: 0.025475170279337007
--> Epoch 260
elapsed time: 21.887967586517334
loss: 0.025442468785695723
--> Epoch 261
elapsed time: 21.87218403816223
loss: 0.02543003116984022
--> Epoch 262
elapsed time: 21.872946739196777
loss: 0.02543409742758393
--> Epoch 263
elapsed time: 21.890556573867798
loss: 0.025450607393767512
--> Epoch 264
elapsed time: 21.894763231277466
loss: 0.025399298567468562
--> Epoch 265
elapsed time: 21.8705575466156
loss: 0.025418831708360033
--> Epoch 266
elapsed time: 21.872199535369873
loss: 0.02539992977462898
--> Epoch 267
elapsed time: 21.871971130371094
loss: 0.025445303267265757
--> Epoch 268
elapsed time: 21.867452144622803
loss: 0.02540349313920944
--> Epoch 269
elapsed time: 21.86219620704651
loss: 0.025362798458741502
--> Epoch 270
elapsed time: 21.874134063720703
loss: 0.025376580012497874
--> Epoch 271
elapsed time: 21.85849905014038
loss: 0.0253908784056007
--> Epoch 272
elapsed time: 21.872320890426636
loss: 0.025448912992961318
--> Epoch 273
elapsed time: 21.864537715911865
loss: 0.025362939241772426
--> Epoch 274
elapsed time: 21.873518228530884
loss: 0.02537997717411027
--> Epoch 275
elapsed time: 21.84886860847473
loss: 0.025389518313677605
--> Epoch 276
elapsed time: 21.881421089172363
loss: 0.0254096236756301
--> Epoch 277
elapsed time: 21.8740816116333
loss: 0.025346310979223206
--> Epoch 278
elapsed time: 21.7972412109375
loss: 0.02533318155628269
--> Epoch 279
elapsed time: 21.838497400283813
loss: 0.025364916887299024
--> Epoch 280
elapsed time: 21.863372802734375
loss: 0.025349252008301182
--> Epoch 281
elapsed time: 21.86671233177185
loss: 0.02536177813747472
--> Epoch 282
elapsed time: 21.874102354049683
loss: 0.025383915913379764
--> Epoch 283
elapsed time: 21.854623794555664
loss: 0.02535442979384287
--> Epoch 284
elapsed time: 21.86964225769043
loss: 0.025325923614897824
--> Epoch 285
elapsed time: 21.855843544006348
loss: 0.025328136008033075
--> Epoch 286
elapsed time: 21.85368776321411
loss: 0.025321322790262054
--> Epoch 287
elapsed time: 21.882609605789185
loss: 0.025307630044202254
--> Epoch 288
elapsed time: 21.882169008255005
loss: 0.025349627966490536
--> Epoch 289
elapsed time: 21.869613885879517
loss: 0.025333180031822406
--> Epoch 290
elapsed time: 21.864121437072754
loss: 0.025287887030688527
--> Epoch 291
elapsed time: 21.86563205718994
loss: 0.025244022639834534
--> Epoch 292
elapsed time: 21.782341480255127
loss: 0.025315644447310624
--> Epoch 293
elapsed time: 21.880022764205933
loss: 0.02534820869572019
--> Epoch 294
elapsed time: 21.498805046081543
loss: 0.025323237706876427
--> Epoch 295
elapsed time: 21.479239463806152
loss: 0.025272220010437274
--> Epoch 296
elapsed time: 21.461564540863037
loss: 0.025230381476604367
--> Epoch 297
elapsed time: 21.412508249282837
loss: 0.025266106803800738
--> Epoch 298
elapsed time: 21.362738847732544
loss: 0.025267109930206894
--> Epoch 299
elapsed time: 21.272987604141235
loss: 0.02525189651574095
Evaluating model...
val mr: 193.6846923828125 mrr: 0.2512621581554413 hits@10: 0.434416880524665 hits@5: 0.3380667236954662 hits@3: 0.27436555460507556 hits@1: 0.16250356429997148
--> Epoch 300
elapsed time: 21.876933336257935
loss: 0.025220158340817672
--> Epoch 301
elapsed time: 21.88019371032715
loss: 0.025297375907551985
--> Epoch 302
elapsed time: 21.90038776397705
loss: 0.025242299617724607
--> Epoch 303
elapsed time: 21.913322687149048
loss: 0.025273540315699262
--> Epoch 304
elapsed time: 21.88352918624878
loss: 0.025279750060973476
--> Epoch 305
elapsed time: 21.891596794128418
loss: 0.02517648252394832
--> Epoch 306
elapsed time: 21.88530731201172
loss: 0.025289623883332942
--> Epoch 307
elapsed time: 21.885749340057373
loss: 0.02520134256187185
--> Epoch 308
elapsed time: 21.887086629867554
loss: 0.025253902155264636
--> Epoch 309
elapsed time: 21.887068033218384
loss: 0.025257859631377576
--> Epoch 310
elapsed time: 21.8814754486084
loss: 0.02521823643271304
--> Epoch 311
elapsed time: 21.897789239883423
loss: 0.02523329822295753
--> Epoch 312
elapsed time: 21.90394926071167
loss: 0.0251440980882574
--> Epoch 313
elapsed time: 21.8183650970459
loss: 0.025199507097674222
--> Epoch 314
elapsed time: 21.908045768737793
loss: 0.025182044888765097
--> Epoch 315
elapsed time: 21.912107706069946
loss: 0.025207572303859557
--> Epoch 316
elapsed time: 21.8909113407135
loss: 0.025159802986966028
--> Epoch 317
elapsed time: 21.916913747787476
loss: 0.02519649876980768
--> Epoch 318
elapsed time: 21.90353751182556
loss: 0.02518256637333478
--> Epoch 319
elapsed time: 21.888242721557617
loss: 0.025147393964378203
--> Epoch 320
elapsed time: 21.890547513961792
loss: 0.025188590569013375
--> Epoch 321
elapsed time: 21.919480800628662
loss: 0.025178034193218034
--> Epoch 322
elapsed time: 21.914795398712158
loss: 0.025175442941914386
--> Epoch 323
elapsed time: 21.921932220458984
loss: 0.025168426101808264
--> Epoch 324
elapsed time: 21.940555095672607
loss: 0.025136612290875708
--> Epoch 325
elapsed time: 21.921720027923584
loss: 0.025138316683029634
--> Epoch 326
elapsed time: 21.942946195602417
loss: 0.02516334840496923
--> Epoch 327
elapsed time: 21.944655895233154
loss: 0.0251603226299176
--> Epoch 328
elapsed time: 21.929941415786743
loss: 0.025126924410616577
--> Epoch 329
elapsed time: 21.923585176467896
loss: 0.025158658208411365
--> Epoch 330
elapsed time: 21.943949937820435
loss: 0.025112256502359404
--> Epoch 331
elapsed time: 21.947922945022583
loss: 0.025164758390549883
--> Epoch 332
elapsed time: 21.932523727416992
loss: 0.02510485407017585
--> Epoch 333
elapsed time: 21.903664588928223
loss: 0.025095836382958536
--> Epoch 334
elapsed time: 21.89815354347229
loss: 0.02510395761743987
--> Epoch 335
elapsed time: 21.939257860183716
loss: 0.0251118436942853
--> Epoch 336
elapsed time: 21.94431233406067
loss: 0.02510184987061784
--> Epoch 337
elapsed time: 21.915944576263428
loss: 0.02508692922787294
--> Epoch 338
elapsed time: 21.94332218170166
loss: 0.02514180074588712
--> Epoch 339
elapsed time: 21.928457498550415
loss: 0.02507301618678886
--> Epoch 340
elapsed time: 21.93946647644043
loss: 0.025161185423621904
--> Epoch 341
elapsed time: 21.92763328552246
loss: 0.02513118218788255
--> Epoch 342
elapsed time: 21.93490171432495
loss: 0.025078763338971116
--> Epoch 343
elapsed time: 21.947580814361572
loss: 0.02505319687491414
--> Epoch 344
elapsed time: 21.9344322681427
loss: 0.02502673694045613
--> Epoch 345
elapsed time: 21.939375162124634
loss: 0.025005811406606116
--> Epoch 346
elapsed time: 21.943063974380493
loss: 0.025066747825140675
--> Epoch 347
elapsed time: 21.929140329360962
loss: 0.025057040225024058
--> Epoch 348
elapsed time: 21.930867910385132
loss: 0.02506660579100097
--> Epoch 349
elapsed time: 21.9406578540802
loss: 0.025054536416411737
--> Epoch 350
elapsed time: 21.928117036819458
loss: 0.025071156743006223
--> Epoch 351
elapsed time: 21.917409658432007
loss: 0.02500553557742124
--> Epoch 352
elapsed time: 21.91534924507141
loss: 0.025021597299714305
--> Epoch 353
elapsed time: 21.930517435073853
loss: 0.025061155386402263
--> Epoch 354
elapsed time: 21.931612014770508
loss: 0.025076229035896392
--> Epoch 355
elapsed time: 21.954221963882446
loss: 0.025050977711072533
--> Epoch 356
elapsed time: 21.919636964797974
loss: 0.02506544482688352
--> Epoch 357
elapsed time: 21.924633026123047
loss: 0.025037640209817035
--> Epoch 358
elapsed time: 21.925244569778442
loss: 0.025008324442583777
--> Epoch 359
elapsed time: 21.935837745666504
loss: 0.025008412996203634
--> Epoch 360
elapsed time: 21.92588520050049
loss: 0.024984106652768064
--> Epoch 361
elapsed time: 21.93928837776184
loss: 0.025082963135931027
--> Epoch 362
elapsed time: 21.919148683547974
loss: 0.025022094503311425
--> Epoch 363
elapsed time: 21.92934775352478
loss: 0.024971325409546958
--> Epoch 364
elapsed time: 21.92865538597107
loss: 0.024950825981620562
--> Epoch 365
elapsed time: 21.958150386810303
loss: 0.02500358238634027
--> Epoch 366
elapsed time: 21.93082594871521
loss: 0.024962833969523517
--> Epoch 367
elapsed time: 21.936504364013672
loss: 0.025003294261594707
--> Epoch 368
elapsed time: 21.925352334976196
loss: 0.02492509294837461
--> Epoch 369
elapsed time: 21.942801237106323
loss: 0.024954170167362028
--> Epoch 370
elapsed time: 21.97988200187683
loss: 0.024983774940724207
--> Epoch 371
elapsed time: 22.023679733276367
loss: 0.02498273067141297
--> Epoch 372
elapsed time: 22.02859592437744
loss: 0.024952035041583786
--> Epoch 373
elapsed time: 22.0327787399292
loss: 0.024958100261014245
--> Epoch 374
elapsed time: 22.050145626068115
loss: 0.024953308687847623
--> Epoch 375
elapsed time: 22.004692792892456
loss: 0.024923583084361687
--> Epoch 376
elapsed time: 22.047324419021606
loss: 0.02497210971807828
--> Epoch 377
elapsed time: 22.032065868377686
loss: 0.02494714864348311
--> Epoch 378
elapsed time: 22.117374181747437
loss: 0.024943062431079986
--> Epoch 379
elapsed time: 22.003410577774048
loss: 0.02493572048317231
--> Epoch 380
elapsed time: 22.003249645233154
loss: 0.024940978516653698
--> Epoch 381
elapsed time: 21.989762783050537
loss: 0.024956624138388898
--> Epoch 382
elapsed time: 21.968698978424072
loss: 0.024951689996645345
--> Epoch 383
elapsed time: 22.002556324005127
loss: 0.02494803350681644
--> Epoch 384
elapsed time: 22.00898814201355
loss: 0.02490040391809741
--> Epoch 385
elapsed time: 22.032062292099
loss: 0.024895188127936112
--> Epoch 386
elapsed time: 22.010754585266113
loss: 0.024925842343260965
--> Epoch 387
elapsed time: 21.992967128753662
loss: 0.02488296559590387
--> Epoch 388
elapsed time: 22.00693988800049
loss: 0.024927597522721577
--> Epoch 389
elapsed time: 22.009926080703735
loss: 0.024906427901753365
--> Epoch 390
elapsed time: 22.012970685958862
loss: 0.02491130685277795
--> Epoch 391
elapsed time: 22.018150329589844
loss: 0.024944330855629294
--> Epoch 392
elapsed time: 22.033535718917847
loss: 0.02486752248382299
--> Epoch 393
elapsed time: 22.000948905944824
loss: 0.02489745690507476
--> Epoch 394
elapsed time: 22.014212369918823
loss: 0.024931546170982907
--> Epoch 395
elapsed time: 21.862403869628906
loss: 0.024898448722438776
--> Epoch 396
elapsed time: 21.847304821014404
loss: 0.02490938227774395
--> Epoch 397
elapsed time: 21.67124342918396
loss: 0.02487108385959607
--> Epoch 398
elapsed time: 21.68249273300171
loss: 0.0248921423368962
--> Epoch 399
elapsed time: 21.425065517425537
loss: 0.024885208697276416
Evaluating model...
val mr: 189.76255798339844 mrr: 0.24561373889446259 hits@10: 0.4338180781294554 hits@5: 0.3352437981180496 hits@3: 0.26909039064727686 hits@1: 0.1553464499572284
--> Epoch 400
elapsed time: 21.834622383117676
loss: 0.024841848540059375
--> Epoch 401
elapsed time: 21.86549711227417
loss: 0.02487174079333794
--> Epoch 402
elapsed time: 21.846020698547363
loss: 0.024880745277327407
--> Epoch 403
elapsed time: 21.864644765853882
loss: 0.02489314763083956
--> Epoch 404
elapsed time: 21.88517737388611
loss: 0.02486098831938273
--> Epoch 405
elapsed time: 21.866466283798218
loss: 0.02484298508652851
--> Epoch 406
elapsed time: 21.885088682174683
loss: 0.0249512569465423
--> Epoch 407
elapsed time: 21.86761736869812
loss: 0.024867966536323866
--> Epoch 408
elapsed time: 21.87853479385376
loss: 0.024801792457755847
--> Epoch 409
elapsed time: 21.89588189125061
loss: 0.024841732144888457
--> Epoch 410
elapsed time: 21.891629457473755
loss: 0.024856895401106617
--> Epoch 411
elapsed time: 21.89379382133484
loss: 0.02483988147814209
--> Epoch 412
elapsed time: 21.91376566886902
loss: 0.024808869988903727
--> Epoch 413
elapsed time: 21.901466846466064
loss: 0.024797647802451816
--> Epoch 414
elapsed time: 21.925499439239502
loss: 0.024834655064069653
--> Epoch 415
elapsed time: 21.896196842193604
loss: 0.02482454795898521
--> Epoch 416
elapsed time: 21.894498825073242
loss: 0.024820693857049672
--> Epoch 417
elapsed time: 21.8922061920166
loss: 0.024850874023051164
--> Epoch 418
elapsed time: 21.90024971961975
loss: 0.024820782535079505
--> Epoch 419
elapsed time: 21.8789005279541
loss: 0.024800951716158037
--> Epoch 420
elapsed time: 21.922980785369873
loss: 0.024837625078920025
--> Epoch 421
elapsed time: 21.899294137954712
loss: 0.024849124631282863
--> Epoch 422
elapsed time: 21.902311325073242
loss: 0.024809658816496046
--> Epoch 423
elapsed time: 21.911344051361084
loss: 0.024777020488078037
--> Epoch 424
elapsed time: 21.90649676322937
loss: 0.024781306653598068
--> Epoch 425
elapsed time: 21.914632558822632
loss: 0.02481808952342365
--> Epoch 426
elapsed time: 21.873497009277344
loss: 0.02479161650313876
--> Epoch 427
elapsed time: 21.902368307113647
loss: 0.02477670321460053
--> Epoch 428
elapsed time: 21.915196657180786
loss: 0.02473747879196649
--> Epoch 429
elapsed time: 21.91168475151062
loss: 0.024764739893383837
--> Epoch 430
elapsed time: 21.903395652770996
loss: 0.024735874032929386
--> Epoch 431
elapsed time: 21.902149200439453
loss: 0.024783932864105265
--> Epoch 432
elapsed time: 21.93356680870056
loss: 0.024774706991685526
--> Epoch 433
elapsed time: 21.949854612350464
loss: 0.024782102707482573
--> Epoch 434
elapsed time: 21.946190357208252
loss: 0.02475683587346566
--> Epoch 435
elapsed time: 21.953938007354736
loss: 0.024745839592752766
--> Epoch 436
elapsed time: 21.93277406692505
loss: 0.024713729955921842
--> Epoch 437
elapsed time: 21.92333984375
loss: 0.024780534332230868
--> Epoch 438
elapsed time: 21.920357942581177
loss: 0.024730409799548443
--> Epoch 439
elapsed time: 21.928706407546997
loss: 0.024731365024608928
--> Epoch 440
elapsed time: 21.918335676193237
loss: 0.024772922067726882
--> Epoch 441
elapsed time: 21.921875
loss: 0.024805574915314887
--> Epoch 442
elapsed time: 21.90371084213257
loss: 0.024762150229621582
--> Epoch 443
elapsed time: 21.917744398117065
loss: 0.024689724267594453
--> Epoch 444
elapsed time: 21.92429232597351
loss: 0.02474546588620877
--> Epoch 445
elapsed time: 21.929003953933716
loss: 0.024753167273814904
--> Epoch 446
elapsed time: 21.92666268348694
loss: 0.02473625472570688
--> Epoch 447
elapsed time: 21.935128927230835
loss: 0.0247043998331981
--> Epoch 448
elapsed time: 21.912235260009766
loss: 0.024694571297822532
--> Epoch 449
elapsed time: 21.929949283599854
loss: 0.0247186124832952
--> Epoch 450
elapsed time: 21.918309926986694
loss: 0.024729262042163344
--> Epoch 451
elapsed time: 21.918128728866577
loss: 0.02476815456175793
--> Epoch 452
elapsed time: 21.913320302963257
loss: 0.024709898827777983
--> Epoch 453
elapsed time: 21.945626974105835
loss: 0.02468722053432902
--> Epoch 454
elapsed time: 21.932271242141724
loss: 0.02473968218202481
--> Epoch 455
elapsed time: 21.870539903640747
loss: 0.024715900867967145
--> Epoch 456
elapsed time: 21.92249369621277
loss: 0.024748708877575812
--> Epoch 457
elapsed time: 21.93692421913147
loss: 0.024675557116503887
--> Epoch 458
elapsed time: 21.92347526550293
loss: 0.024700079539042536
--> Epoch 459
elapsed time: 21.8875675201416
loss: 0.024682879440928
--> Epoch 460
elapsed time: 21.919658184051514
loss: 0.024715074829525917
--> Epoch 461
elapsed time: 21.888784170150757
loss: 0.024676612771956402
--> Epoch 462
elapsed time: 21.881450176239014
loss: 0.024672659720282788
--> Epoch 463
elapsed time: 21.909849405288696
loss: 0.02468705653569548
--> Epoch 464
elapsed time: 21.906177282333374
loss: 0.024655215598131167
--> Epoch 465
elapsed time: 21.899559020996094
loss: 0.02468967511864451
--> Epoch 466
elapsed time: 21.899699926376343
loss: 0.024683315618803
--> Epoch 467
elapsed time: 21.896491527557373
loss: 0.024668650354695905
--> Epoch 468
elapsed time: 21.907246589660645
loss: 0.024666116859409906
--> Epoch 469
elapsed time: 21.90653133392334
loss: 0.024702680921874175
--> Epoch 470
elapsed time: 21.898507595062256
loss: 0.024624275001552683
--> Epoch 471
elapsed time: 21.907745361328125
loss: 0.02464214212813976
--> Epoch 472
elapsed time: 21.933268785476685
loss: 0.024659467559668777
--> Epoch 473
elapsed time: 22.051645755767822
loss: 0.02466973510806502
--> Epoch 474
elapsed time: 21.96641182899475
loss: 0.024627323480548996
--> Epoch 475
elapsed time: 21.97062587738037
loss: 0.024657315191719067
--> Epoch 476
elapsed time: 21.973418712615967
loss: 0.024649010235242203
--> Epoch 477
elapsed time: 21.967149257659912
loss: 0.02464988331642503
--> Epoch 478
elapsed time: 21.98023247718811
loss: 0.024660430280868444
--> Epoch 479
elapsed time: 21.954904794692993
loss: 0.024645041539452038
--> Epoch 480
elapsed time: 21.91716957092285
loss: 0.02464697651060426
--> Epoch 481
elapsed time: 21.763186931610107
loss: 0.024635056093307114
--> Epoch 482
elapsed time: 21.276918411254883
loss: 0.024624571810465092
--> Epoch 483
elapsed time: 21.28301453590393
loss: 0.024620992582736437
--> Epoch 484
elapsed time: 21.280728101730347
loss: 0.024618649107043967
--> Epoch 485
elapsed time: 21.277876377105713
loss: 0.02459889479675387
--> Epoch 486
elapsed time: 21.738410711288452
loss: 0.02459434084839565
--> Epoch 487
elapsed time: 21.88491725921631
loss: 0.024659761631561694
--> Epoch 488
elapsed time: 21.900235414505005
loss: 0.024591866850866985
--> Epoch 489
elapsed time: 21.95036292076111
loss: 0.02464950998486322
--> Epoch 490
elapsed time: 21.92333483695984
loss: 0.02461916684354406
--> Epoch 491
elapsed time: 21.937013387680054
loss: 0.02460708654015163
--> Epoch 492
elapsed time: 21.917957067489624
loss: 0.02466471740837548
--> Epoch 493
elapsed time: 21.93284296989441
loss: 0.024626716403667363
--> Epoch 494
elapsed time: 21.942415237426758
loss: 0.02459360595690901
--> Epoch 495
elapsed time: 21.808095693588257
loss: 0.02457183918907804
--> Epoch 496
elapsed time: 21.337424516677856
loss: 0.024584929443902826
--> Epoch 497
elapsed time: 21.32580065727234
loss: 0.02460108771359483
--> Epoch 498
elapsed time: 21.419816493988037
loss: 0.02463745722513881
--> Epoch 499
elapsed time: 21.309485912322998
loss: 0.02462304653363304
Evaluating model...
val mr: 191.79991149902344 mrr: 0.2592863440513611 hits@10: 0.44479612204163105 hits@5: 0.34699173082406615 hits@3: 0.28306244653550044 hits@1: 0.17028799543769604
--> Epoch 500
elapsed time: 21.80703639984131
loss: 0.02458528958099806
--> Epoch 501
elapsed time: 21.910027742385864
loss: 0.024560177388582606
--> Epoch 502
elapsed time: 21.897682428359985
loss: 0.02455953503358734
--> Epoch 503
elapsed time: 21.881251096725464
loss: 0.02459426844529352
--> Epoch 504
elapsed time: 21.891875505447388
loss: 0.024594354505457074
--> Epoch 505
elapsed time: 21.89656639099121
loss: 0.024612875425748297
--> Epoch 506
elapsed time: 21.889071702957153
loss: 0.024560250420743637
--> Epoch 507
elapsed time: 21.893007278442383
loss: 0.024551083516900763
--> Epoch 508
elapsed time: 21.87580180168152
loss: 0.024566419950054708
--> Epoch 509
elapsed time: 21.860435962677002
loss: 0.024534088209874207
--> Epoch 510
elapsed time: 21.819836616516113
loss: 0.024561926468449836
--> Epoch 511
elapsed time: 21.836535215377808
loss: 0.024536917077224992
--> Epoch 512
elapsed time: 21.83882212638855
loss: 0.024575107267454113
--> Epoch 513
elapsed time: 21.85231328010559
loss: 0.024555055999310085
--> Epoch 514
elapsed time: 21.84316635131836
loss: 0.024547046181848334
--> Epoch 515
elapsed time: 21.847474575042725
loss: 0.02453691624315247
--> Epoch 516
elapsed time: 21.855528116226196
loss: 0.02456769560965747
--> Epoch 517
elapsed time: 21.854199409484863
loss: 0.02451386839424734
--> Epoch 518
elapsed time: 21.849833726882935
loss: 0.024532413169713593
--> Epoch 519
elapsed time: 21.8564875125885
loss: 0.024493127660028573
--> Epoch 520
elapsed time: 21.857388019561768
loss: 0.024514081445456897
--> Epoch 521
elapsed time: 21.82919454574585
loss: 0.024502606536783034
--> Epoch 522
elapsed time: 21.84696102142334
loss: 0.024535526228001515
--> Epoch 523
elapsed time: 21.84023380279541
loss: 0.024508840091673697
--> Epoch 524
elapsed time: 21.84709858894348
loss: 0.02446471066551453
--> Epoch 525
elapsed time: 21.846451997756958
loss: 0.024500722848825148
--> Epoch 526
elapsed time: 21.926772832870483
loss: 0.024538841384164255
--> Epoch 527
elapsed time: 21.837899684906006
loss: 0.0245090379631138
--> Epoch 528
elapsed time: 21.853471755981445
loss: 0.0245433434553143
--> Epoch 529
elapsed time: 21.839322328567505
loss: 0.02449757503985181
--> Epoch 530
elapsed time: 21.837231874465942
loss: 0.024490233207592846
--> Epoch 531
elapsed time: 21.860880613327026
loss: 0.02446812675146146
--> Epoch 532
elapsed time: 21.860523223876953
loss: 0.024465856444605767
--> Epoch 533
elapsed time: 21.848721265792847
loss: 0.02448555550284803
--> Epoch 534
elapsed time: 21.84911608695984
loss: 0.024466793249980637
--> Epoch 535
elapsed time: 21.842835187911987
loss: 0.024514874665947983
--> Epoch 536
elapsed time: 21.850548028945923
loss: 0.024429106426023136
--> Epoch 537
elapsed time: 21.865442514419556
loss: 0.02444773160888413
--> Epoch 538
elapsed time: 21.844624996185303
loss: 0.024445873535363493
--> Epoch 539
elapsed time: 21.83480191230774
loss: 0.024486816052771466
--> Epoch 540
elapsed time: 21.838361978530884
loss: 0.024433287342454844
--> Epoch 541
elapsed time: 21.829728841781616
loss: 0.024466414381298724
--> Epoch 542
elapsed time: 21.841674089431763
loss: 0.024442187442969065
--> Epoch 543
elapsed time: 21.8177273273468
loss: 0.024472678863458327
--> Epoch 544
elapsed time: 21.84481167793274
loss: 0.02450961155093232
--> Epoch 545
elapsed time: 21.84913396835327
loss: 0.024432827710670787
--> Epoch 546
elapsed time: 21.847490072250366
loss: 0.024425845955930447
--> Epoch 547
elapsed time: 21.818806648254395
loss: 0.02446829278270871
--> Epoch 548
elapsed time: 21.838859796524048
loss: 0.024469140675251817
--> Epoch 549
elapsed time: 21.85373544692993
loss: 0.024449334992402472
--> Epoch 550
elapsed time: 21.844661951065063
loss: 0.024450142036419036
--> Epoch 551
elapsed time: 21.85139799118042
loss: 0.02436719467181814
--> Epoch 552
elapsed time: 21.84886622428894
loss: 0.024458508458433573
--> Epoch 553
elapsed time: 21.850327491760254
loss: 0.024430656222134185
--> Epoch 554
elapsed time: 21.842657327651978
loss: 0.02446351610544652
--> Epoch 555
elapsed time: 21.854968070983887
loss: 0.024425396893737683
--> Epoch 556
elapsed time: 21.859627723693848
loss: 0.02440240502932222
--> Epoch 557
elapsed time: 21.84842872619629
loss: 0.0244554626060648
--> Epoch 558
elapsed time: 21.84153962135315
loss: 0.024433291886047384
--> Epoch 559
elapsed time: 21.858261823654175
loss: 0.024427758775097744
--> Epoch 560
elapsed time: 21.83899736404419
loss: 0.024431327135352066
--> Epoch 561
elapsed time: 21.848973751068115
loss: 0.024429946531553035
--> Epoch 562
elapsed time: 21.855887174606323
loss: 0.024453930418346138
--> Epoch 563
elapsed time: 21.842883586883545
loss: 0.02443626954247395
--> Epoch 564
elapsed time: 21.841930627822876
loss: 0.024401204329359005
--> Epoch 565
elapsed time: 21.860212802886963
loss: 0.024386571052634032
--> Epoch 566
elapsed time: 21.848395347595215
loss: 0.024372916242855962
--> Epoch 567
elapsed time: 21.85371232032776
loss: 0.02440809515442415
--> Epoch 568
elapsed time: 21.850725173950195
loss: 0.02439343530127493
--> Epoch 569
elapsed time: 21.844413995742798
loss: 0.024433964760036595
--> Epoch 570
elapsed time: 21.84646511077881
loss: 0.02436289566228217
--> Epoch 571
elapsed time: 21.863699674606323
loss: 0.024388376612878584
--> Epoch 572
elapsed time: 21.839508295059204
loss: 0.02435417469110785
--> Epoch 573
elapsed time: 21.8534038066864
loss: 0.02437682926956203
--> Epoch 574
elapsed time: 21.84097719192505
loss: 0.0243603132773797
--> Epoch 575
elapsed time: 21.842817544937134
loss: 0.024391627799533834
--> Epoch 576
elapsed time: 21.857353925704956
loss: 0.02438554752123939
--> Epoch 577
elapsed time: 21.860685110092163
loss: 0.02436249720165725
--> Epoch 578
elapsed time: 21.86836290359497
loss: 0.02438718353521678
--> Epoch 579
elapsed time: 21.85643982887268
loss: 0.02442702567967063
--> Epoch 580
elapsed time: 21.836945295333862
loss: 0.024361714892446828
--> Epoch 581
elapsed time: 21.855214834213257
loss: 0.024396671197768775
--> Epoch 582
elapsed time: 21.84231400489807
loss: 0.024375501617102384
--> Epoch 583
elapsed time: 21.83383059501648
loss: 0.024335816134597933
--> Epoch 584
elapsed time: 21.838207006454468
loss: 0.024356353111558104
--> Epoch 585
elapsed time: 21.83033323287964
loss: 0.02436118256668661
--> Epoch 586
elapsed time: 21.833057403564453
loss: 0.024386041078397605
--> Epoch 587
elapsed time: 21.825493574142456
loss: 0.024358198337558295
--> Epoch 588
elapsed time: 21.838491439819336
loss: 0.02438695191187558
--> Epoch 589
elapsed time: 21.83443307876587
loss: 0.024351150074295582
--> Epoch 590
elapsed time: 21.8330020904541
loss: 0.024321045600375474
--> Epoch 591
elapsed time: 21.842677116394043
loss: 0.024376423880527968
--> Epoch 592
elapsed time: 21.60163688659668
loss: 0.024324876875708605
--> Epoch 593
elapsed time: 21.299790382385254
loss: 0.024378553006591263
--> Epoch 594
elapsed time: 21.292810201644897
loss: 0.02437195558931507
--> Epoch 595
elapsed time: 21.278536558151245
loss: 0.024323419931494505
--> Epoch 596
elapsed time: 21.270336866378784
loss: 0.024338998314017746
--> Epoch 597
elapsed time: 21.278943300247192
loss: 0.024319635632317354
--> Epoch 598
elapsed time: 21.269973754882812
loss: 0.024321815656079285
--> Epoch 599
elapsed time: 21.538649797439575
loss: 0.0243407943385004
Evaluating model...
val mr: 190.63966369628906 mrr: 0.2563956081867218 hits@10: 0.44736241802110066 hits@5: 0.34930139720558884 hits@3: 0.282178500142572 hits@1: 0.16441402908468777
--> Epoch 600
elapsed time: 21.82887864112854
loss: 0.024349677279199056
--> Epoch 601
elapsed time: 21.873689651489258
loss: 0.02430120914971223
--> Epoch 602
elapsed time: 21.88235831260681
loss: 0.024322890574051206
--> Epoch 603
elapsed time: 21.871137857437134
loss: 0.02437481072294129
--> Epoch 604
elapsed time: 21.869447231292725
loss: 0.02432289525081499
--> Epoch 605
elapsed time: 21.833168268203735
loss: 0.024318256360230755
--> Epoch 606
elapsed time: 21.85131549835205
loss: 0.024325669812334673
--> Epoch 607
elapsed time: 21.860481023788452
loss: 0.024361887028544214
--> Epoch 608
elapsed time: 21.85341501235962
loss: 0.02433530872062143
--> Epoch 609
elapsed time: 21.87191915512085
loss: 0.024311842384589583
--> Epoch 610
elapsed time: 21.855375289916992
loss: 0.024318802616403894
--> Epoch 611
elapsed time: 21.846485137939453
loss: 0.024315783018044785
--> Epoch 612
elapsed time: 21.876258373260498
loss: 0.024299969393777487
--> Epoch 613
elapsed time: 21.852504014968872
loss: 0.02429736168706406
--> Epoch 614
elapsed time: 21.85792636871338
loss: 0.02426185145946123
--> Epoch 615
elapsed time: 21.861191272735596
loss: 0.02430829360401249
--> Epoch 616
elapsed time: 21.84897208213806
loss: 0.02429870034542604
--> Epoch 617
elapsed time: 21.845993757247925
loss: 0.024327718278678766
--> Epoch 618
elapsed time: 21.862332105636597
loss: 0.024259788209356908
--> Epoch 619
elapsed time: 21.847794771194458
loss: 0.02426998297616433
--> Epoch 620
elapsed time: 21.880969047546387
loss: 0.024246010771643296
--> Epoch 621
elapsed time: 21.858285903930664
loss: 0.024307652659581052
--> Epoch 622
elapsed time: 21.839086771011353
loss: 0.024229115316765217
--> Epoch 623
elapsed time: 21.84200429916382
loss: 0.024275914500428052
--> Epoch 624
elapsed time: 21.83622932434082
loss: 0.024315045259871913
--> Epoch 625
elapsed time: 21.826208114624023
loss: 0.02428229226400464
--> Epoch 626
elapsed time: 21.840192317962646
loss: 0.024178942649687448
--> Epoch 627
elapsed time: 21.909144639968872
loss: 0.02424596306304548
--> Epoch 628
elapsed time: 21.830164909362793
loss: 0.024291318850915945
--> Epoch 629
elapsed time: 21.828495502471924
loss: 0.024292865366809007
--> Epoch 630
elapsed time: 21.842506170272827
loss: 0.024242497444405157
--> Epoch 631
elapsed time: 21.835215091705322
loss: 0.02423001720148611
--> Epoch 632
elapsed time: 21.836488962173462
loss: 0.024245671554698995
--> Epoch 633
elapsed time: 21.82163643836975
loss: 0.024248036642682408
--> Epoch 634
elapsed time: 21.852906942367554
loss: 0.024216329023550393
--> Epoch 635
elapsed time: 21.855231523513794
loss: 0.024221862626883185
--> Epoch 636
elapsed time: 21.821850538253784
loss: 0.024284803682652602
--> Epoch 637
elapsed time: 21.84793210029602
loss: 0.024239395208032987
--> Epoch 638
elapsed time: 21.846161603927612
loss: 0.024241870150026126
--> Epoch 639
elapsed time: 21.851760149002075
loss: 0.02419131105154164
--> Epoch 640
elapsed time: 21.839423656463623
loss: 0.024248145154466185
--> Epoch 641
elapsed time: 21.84572196006775
loss: 0.024221210087792332
--> Epoch 642
elapsed time: 21.839450359344482
loss: 0.024265225056772623
--> Epoch 643
elapsed time: 21.852681875228882
loss: 0.024248822030601698
--> Epoch 644
elapsed time: 21.85562801361084
loss: 0.024251977207799733
--> Epoch 645
elapsed time: 21.83918833732605
loss: 0.024250995366013172
--> Epoch 646
elapsed time: 21.863080739974976
loss: 0.02424023781578045
--> Epoch 647
elapsed time: 21.864664316177368
loss: 0.02426892608537331
--> Epoch 648
elapsed time: 21.845183849334717
loss: 0.024205107269905025
--> Epoch 649
elapsed time: 22.17486000061035
loss: 0.02419930851211384
--> Epoch 650
elapsed time: 21.845462322235107
loss: 0.024241894369669826
--> Epoch 651
elapsed time: 21.849814891815186
loss: 0.024206901319598323
--> Epoch 652
elapsed time: 21.83980631828308
loss: 0.02419696172291057
--> Epoch 653
elapsed time: 21.847305297851562
loss: 0.024260848354082116
--> Epoch 654
elapsed time: 21.83218765258789
loss: 0.024190111879543213
--> Epoch 655
elapsed time: 21.84124183654785
loss: 0.024211881242461174
--> Epoch 656
elapsed time: 21.84691095352173
loss: 0.024190109026875007
--> Epoch 657
elapsed time: 21.820974826812744
loss: 0.02416860524421297
--> Epoch 658
elapsed time: 21.844650983810425
loss: 0.024145650863997913
--> Epoch 659
elapsed time: 21.837501049041748
loss: 0.02420927148911601
--> Epoch 660
elapsed time: 21.843814849853516
loss: 0.02417258634946028
--> Epoch 661
elapsed time: 21.857131242752075
loss: 0.02419807272678485
--> Epoch 662
elapsed time: 21.84323263168335
loss: 0.0241624030599113
--> Epoch 663
elapsed time: 21.82977843284607
loss: 0.024182095499893235
--> Epoch 664
elapsed time: 21.837336540222168
loss: 0.024179964442846917
--> Epoch 665
elapsed time: 21.85468316078186
loss: 0.02423028258373742
--> Epoch 666
elapsed time: 21.85358762741089
loss: 0.024191962854686146
--> Epoch 667
elapsed time: 21.869806051254272
loss: 0.02417298087277226
--> Epoch 668
elapsed time: 21.835458993911743
loss: 0.024173207232344857
--> Epoch 669
elapsed time: 21.835932970046997
loss: 0.02417555345907485
--> Epoch 670
elapsed time: 21.84058380126953
loss: 0.024169546968162564
--> Epoch 671
elapsed time: 21.830575704574585
loss: 0.024160878526034605
--> Epoch 672
elapsed time: 21.842610836029053
loss: 0.024148012054970212
--> Epoch 673
elapsed time: 21.84750723838806
loss: 0.024149219127878308
--> Epoch 674
elapsed time: 21.808619499206543
loss: 0.024188962976184523
--> Epoch 675
elapsed time: 21.84099578857422
loss: 0.02415873126765522
--> Epoch 676
elapsed time: 21.841398239135742
loss: 0.02410467413384625
--> Epoch 677
elapsed time: 21.837685585021973
loss: 0.024166334297784857
--> Epoch 678
elapsed time: 21.84794545173645
loss: 0.024187794275869205
--> Epoch 679
elapsed time: 21.839548110961914
loss: 0.024163583922616066
--> Epoch 680
elapsed time: 21.837632417678833
loss: 0.02416367745613951
--> Epoch 681
elapsed time: 21.831122159957886
loss: 0.024183769891720164
--> Epoch 682
elapsed time: 21.839226961135864
loss: 0.024174714886766497
--> Epoch 683
elapsed time: 21.83647322654724
loss: 0.02413592251019442
--> Epoch 684
elapsed time: 21.841849088668823
loss: 0.02417519044127536
--> Epoch 685
elapsed time: 21.843613147735596
loss: 0.024144976779201743
--> Epoch 686
elapsed time: 21.838585138320923
loss: 0.024122832537482396
--> Epoch 687
elapsed time: 21.84127688407898
loss: 0.0241269685191331
--> Epoch 688
elapsed time: 21.846160173416138
loss: 0.024171362397097128
--> Epoch 689
elapsed time: 21.83640193939209
loss: 0.02414567560931757
--> Epoch 690
elapsed time: 21.83002209663391
loss: 0.024105234698919002
--> Epoch 691
elapsed time: 21.83600902557373
loss: 0.024125011240045416
--> Epoch 692
elapsed time: 21.355515480041504
loss: 0.024136349797136695
--> Epoch 693
elapsed time: 21.285362243652344
loss: 0.02411018653141084
--> Epoch 694
elapsed time: 21.28932523727417
loss: 0.02412120015417363
--> Epoch 695
elapsed time: 21.29081702232361
loss: 0.024128247961850518
--> Epoch 696
elapsed time: 21.288529634475708
loss: 0.024142153653984685
--> Epoch 697
elapsed time: 21.275352478027344
loss: 0.024146226913732173
--> Epoch 698
elapsed time: 21.308790922164917
loss: 0.024146581506698288
--> Epoch 699
elapsed time: 21.859381914138794
loss: 0.024122210480588175
Evaluating model...
val mr: 186.679931640625 mrr: 0.2622150778770447 hits@10: 0.4501568291987454 hits@5: 0.3523239235814086 hits@3: 0.28659823210721413 hits@1: 0.1723980610208155
--> Epoch 700
elapsed time: 21.856826066970825
loss: 0.024139925220723658
--> Epoch 701
elapsed time: 21.876394033432007
loss: 0.024097483252943516
--> Epoch 702
elapsed time: 21.903878927230835
loss: 0.024094568204523704
--> Epoch 703
elapsed time: 21.867552280426025
loss: 0.024106681916375598
--> Epoch 704
elapsed time: 21.857019424438477
loss: 0.024127556860923542
--> Epoch 705
elapsed time: 21.897270441055298
loss: 0.024118842674473603
--> Epoch 706
elapsed time: 21.89754629135132
loss: 0.02412209116090667
--> Epoch 707
elapsed time: 21.927587509155273
loss: 0.024131262331486086
--> Epoch 708
elapsed time: 21.887161016464233
loss: 0.024084825478739483
--> Epoch 709
elapsed time: 21.911182403564453
loss: 0.024056693943793887
--> Epoch 710
elapsed time: 21.892746448516846
loss: 0.024063167976161162
--> Epoch 711
elapsed time: 21.883830785751343
loss: 0.024126173970434088
--> Epoch 712
elapsed time: 21.901728868484497
loss: 0.024103493977299526
--> Epoch 713
elapsed time: 21.873717308044434
loss: 0.024112856071635113
--> Epoch 714
elapsed time: 21.93534755706787
loss: 0.024067440670358608
--> Epoch 715
elapsed time: 21.85663366317749
loss: 0.024094832328657216
--> Epoch 716
elapsed time: 21.899887323379517
loss: 0.024081642288269575
--> Epoch 717
elapsed time: 21.891640663146973
loss: 0.024063822616203597
--> Epoch 718
elapsed time: 21.871950387954712
loss: 0.024060316804379422
--> Epoch 719
elapsed time: 21.865951538085938
loss: 0.02411158308597073
--> Epoch 720
elapsed time: 21.857845067977905
loss: 0.02409074383306817
--> Epoch 721
elapsed time: 21.89673614501953
loss: 0.02407050920914953
--> Epoch 722
elapsed time: 21.88425850868225
loss: 0.02407601104763635
--> Epoch 723
elapsed time: 21.90176510810852
loss: 0.024036998665161773
--> Epoch 724
elapsed time: 21.89904236793518
loss: 0.0240893675065192
--> Epoch 725
elapsed time: 21.882365703582764
loss: 0.02405600275174975
--> Epoch 726
elapsed time: 21.884040594100952
loss: 0.0240839970274456
--> Epoch 727
elapsed time: 21.887024641036987
loss: 0.024079144030795384
--> Epoch 728
elapsed time: 21.898757696151733
loss: 0.024058129873235384
--> Epoch 729
elapsed time: 21.86896300315857
loss: 0.024073226799660993
--> Epoch 730
elapsed time: 21.87508749961853
loss: 0.024062829523199252
--> Epoch 731
elapsed time: 21.856848001480103
loss: 0.024115611063991082
--> Epoch 732
elapsed time: 21.892887830734253
loss: 0.024041991595000114
--> Epoch 733
elapsed time: 21.856079578399658
loss: 0.024071851145977246
--> Epoch 734
elapsed time: 21.850879192352295
loss: 0.024024600888534975
--> Epoch 735
elapsed time: 21.849151372909546
loss: 0.02407996436915696
--> Epoch 736
elapsed time: 21.891084671020508
loss: 0.02405567152683228
--> Epoch 737
elapsed time: 21.85223650932312
loss: 0.024049861044714953
--> Epoch 738
elapsed time: 21.862064123153687
loss: 0.024046377444452312
--> Epoch 739
elapsed time: 21.89845299720764
loss: 0.024020867690317832
--> Epoch 740
elapsed time: 21.8617422580719
loss: 0.02399531199385676
--> Epoch 741
elapsed time: 21.858752012252808
loss: 0.02406448941513097
--> Epoch 742
elapsed time: 21.893314123153687
loss: 0.024039205437068768
--> Epoch 743
elapsed time: 21.89173936843872
loss: 0.024055579312755496
--> Epoch 744
elapsed time: 21.895632028579712
loss: 0.024067253727721696
--> Epoch 745
elapsed time: 21.887186527252197
loss: 0.02403918574349508
--> Epoch 746
elapsed time: 21.865779876708984
loss: 0.023973535791894568
--> Epoch 747
elapsed time: 21.851585388183594
loss: 0.024039629293099284
--> Epoch 748
elapsed time: 21.884571075439453
loss: 0.024017092445032952
--> Epoch 749
elapsed time: 21.895817756652832
loss: 0.024016499545631943
--> Epoch 750
elapsed time: 21.867356061935425
loss: 0.024033987113149347
--> Epoch 751
elapsed time: 21.874413013458252
loss: 0.02399028602703663
--> Epoch 752
elapsed time: 21.904638528823853
loss: 0.02402423440477866
--> Epoch 753
elapsed time: 21.871724367141724
loss: 0.02397082668579309
--> Epoch 754
elapsed time: 21.900543451309204
loss: 0.024041251548384567
--> Epoch 755
elapsed time: 21.869447708129883
loss: 0.02403564879413158
--> Epoch 756
elapsed time: 21.86828112602234
loss: 0.024028289332453195
--> Epoch 757
elapsed time: 21.8999342918396
loss: 0.02399791933610152
--> Epoch 758
elapsed time: 21.914272785186768
loss: 0.02398998266469726
--> Epoch 759
elapsed time: 21.896892547607422
loss: 0.023996996228089897
--> Epoch 760
elapsed time: 21.888757944107056
loss: 0.024006421897676006
--> Epoch 761
elapsed time: 21.8914897441864
loss: 0.02402033461108874
--> Epoch 762
elapsed time: 21.893288135528564
loss: 0.023929956729190033
--> Epoch 763
elapsed time: 21.905126333236694
loss: 0.02398850774762211
--> Epoch 764
elapsed time: 21.893486976623535
loss: 0.023968681835009595
--> Epoch 765
elapsed time: 21.91811752319336
loss: 0.02393057094299894
--> Epoch 766
elapsed time: 21.919074773788452
loss: 0.02396134081930062
--> Epoch 767
elapsed time: 21.900692224502563
loss: 0.023974814835098255
--> Epoch 768
elapsed time: 21.894896984100342
loss: 0.023987925459866465
--> Epoch 769
elapsed time: 21.883792877197266
loss: 0.024023529832529103
--> Epoch 770
elapsed time: 21.8822979927063
loss: 0.023976750678872567
--> Epoch 771
elapsed time: 21.895830392837524
loss: 0.023973187419427305
--> Epoch 772
elapsed time: 21.879494428634644
loss: 0.023973215194392744
--> Epoch 773
elapsed time: 21.891905069351196
loss: 0.0240329393323227
--> Epoch 774
elapsed time: 21.88868498802185
loss: 0.023985644150612943
--> Epoch 775
elapsed time: 21.89095187187195
loss: 0.023960654671993438
--> Epoch 776
elapsed time: 21.905014991760254
loss: 0.023974435948893806
--> Epoch 777
elapsed time: 21.885886669158936
loss: 0.02394792549522385
--> Epoch 778
elapsed time: 21.89712119102478
loss: 0.023967367841363624
--> Epoch 779
elapsed time: 21.87802767753601
loss: 0.023974055667895813
--> Epoch 780
elapsed time: 21.86687183380127
loss: 0.02399567764354055
--> Epoch 781
elapsed time: 21.884683847427368
loss: 0.023905785300489427
--> Epoch 782
elapsed time: 21.871530055999756
loss: 0.023927357690873174
--> Epoch 783
elapsed time: 21.89931344985962
loss: 0.023964034771916446
--> Epoch 784
elapsed time: 21.894631147384644
loss: 0.023954364720833603
--> Epoch 785
elapsed time: 21.868884563446045
loss: 0.023932018771991904
--> Epoch 786
elapsed time: 21.87314772605896
loss: 0.023944508671578324
--> Epoch 787
elapsed time: 21.894693613052368
loss: 0.023995221780853122
--> Epoch 788
elapsed time: 21.89833664894104
loss: 0.023938092451300803
--> Epoch 789
elapsed time: 21.88785409927368
loss: 0.02397783996532071
--> Epoch 790
elapsed time: 21.877204656600952
loss: 0.023979038862215384
--> Epoch 791
elapsed time: 21.899426698684692
loss: 0.023970578107649947
--> Epoch 792
elapsed time: 21.89942955970764
loss: 0.023928242238800926
--> Epoch 793
elapsed time: 21.901073694229126
loss: 0.023919155230694857
--> Epoch 794
elapsed time: 21.902272939682007
loss: 0.023923883452899367
--> Epoch 795
elapsed time: 21.880853414535522
loss: 0.023954417910479423
--> Epoch 796
elapsed time: 21.745341539382935
loss: 0.023915760807854212
--> Epoch 797
elapsed time: 21.256458044052124
loss: 0.0239097037521714
--> Epoch 798
elapsed time: 21.27894878387451
loss: 0.023919572237167622
--> Epoch 799
elapsed time: 21.29215908050537
loss: 0.023941202714744876
Evaluating model...
val mr: 188.36241149902344 mrr: 0.2640702426433563 hits@10: 0.452466495580268 hits@5: 0.3551183347590533 hits@3: 0.2904761904761905 hits@1: 0.17351012261191903
--> Epoch 800
elapsed time: 21.847432136535645
loss: 0.023990668167175263
--> Epoch 801
elapsed time: 21.88190531730652
loss: 0.02390853441403592
--> Epoch 802
elapsed time: 21.886516094207764
loss: 0.023897732177842145
--> Epoch 803
elapsed time: 21.905102014541626
loss: 0.023937776881013405
--> Epoch 804
elapsed time: 21.887019157409668
loss: 0.023911244944719245
--> Epoch 805
elapsed time: 21.89184308052063
loss: 0.02392852822579759
--> Epoch 806
elapsed time: 21.899466037750244
loss: 0.023944167297610335
--> Epoch 807
elapsed time: 21.948598623275757
loss: 0.02390965250226987
--> Epoch 808
elapsed time: 21.984487295150757
loss: 0.023935815224797236
--> Epoch 809
elapsed time: 21.968116521835327
loss: 0.023930060755205627
--> Epoch 810
elapsed time: 21.996841430664062
loss: 0.02386785686709975
--> Epoch 811
elapsed time: 21.97219228744507
loss: 0.02385597979528996
--> Epoch 812
elapsed time: 21.955663442611694
loss: 0.023926419271673105
--> Epoch 813
elapsed time: 21.997251510620117
loss: 0.023918281336466545
--> Epoch 814
elapsed time: 21.972519159317017
loss: 0.023891023124514722
--> Epoch 815
elapsed time: 21.969978094100952
loss: 0.02389124397500326
--> Epoch 816
elapsed time: 21.91309380531311
loss: 0.023920171442927893
--> Epoch 817
elapsed time: 21.972865343093872
loss: 0.023957703688365046
--> Epoch 818
elapsed time: 21.95322847366333
loss: 0.023919200352966952
--> Epoch 819
elapsed time: 21.971690893173218
loss: 0.02387414092367983
--> Epoch 820
elapsed time: 21.972936868667603
loss: 0.023910489921595616
--> Epoch 821
elapsed time: 21.988420248031616
loss: 0.02387435506654313
--> Epoch 822
elapsed time: 21.975443601608276
loss: 0.02391155110891148
--> Epoch 823
elapsed time: 21.96329689025879
loss: 0.02393285927002652
--> Epoch 824
elapsed time: 21.988442182540894
loss: 0.02388834383124915
--> Epoch 825
elapsed time: 21.930335760116577
loss: 0.023896471589369136
--> Epoch 826
elapsed time: 21.909680604934692
loss: 0.023894161539658666
--> Epoch 827
elapsed time: 21.909575700759888
loss: 0.02386709475786419
--> Epoch 828
elapsed time: 21.919250965118408
loss: 0.023857306969384484
--> Epoch 829
elapsed time: 21.713002681732178
loss: 0.02389534575267154
--> Epoch 830
elapsed time: 21.25674295425415
loss: 0.02389826288452041
--> Epoch 831
elapsed time: 21.254837036132812
loss: 0.02390624357953401
--> Epoch 832
elapsed time: 21.262795448303223
loss: 0.02383111585159405
--> Epoch 833
elapsed time: 21.26221799850464
loss: 0.023867452753706015
--> Epoch 834
elapsed time: 21.25462579727173
loss: 0.023844926354325502
--> Epoch 835
elapsed time: 21.25483512878418
loss: 0.023831586557618314
--> Epoch 836
elapsed time: 21.26137137413025
loss: 0.023878861973912
--> Epoch 837
elapsed time: 21.265380144119263
loss: 0.02385499720353903
--> Epoch 838
elapsed time: 21.26231861114502
loss: 0.023854890869805977
--> Epoch 839
elapsed time: 21.279038190841675
loss: 0.0238538380319766
--> Epoch 840
elapsed time: 21.261425733566284
loss: 0.023888569845627865
--> Epoch 841
elapsed time: 21.261055946350098
loss: 0.023858239565847175
--> Epoch 842
elapsed time: 21.694554328918457
loss: 0.023869277094600343
--> Epoch 843
elapsed time: 21.932152032852173
loss: 0.0238420804375511
--> Epoch 844
elapsed time: 21.929455757141113
loss: 0.02392286767697738
--> Epoch 845
elapsed time: 21.93912434577942
loss: 0.023877097351558907
--> Epoch 846
elapsed time: 21.927263736724854
loss: 0.023858170024174515
--> Epoch 847
elapsed time: 21.91639280319214
loss: 0.023827114048731966
--> Epoch 848
elapsed time: 21.906718015670776
loss: 0.023859275538239518
--> Epoch 849
elapsed time: 21.925673961639404
loss: 0.023855261667609665
--> Epoch 850
elapsed time: 21.927117824554443
loss: 0.023885325482246568
--> Epoch 851
elapsed time: 21.913825511932373
loss: 0.023826723893787205
--> Epoch 852
elapsed time: 21.90471625328064
loss: 0.023851168468973036
--> Epoch 853
elapsed time: 21.926888704299927
loss: 0.023857126520597925
--> Epoch 854
elapsed time: 21.93676257133484
loss: 0.023880171094541828
--> Epoch 855
elapsed time: 21.923669576644897
loss: 0.02382980693422559
--> Epoch 856
elapsed time: 21.92062020301819
loss: 0.023840728998254294
--> Epoch 857
elapsed time: 21.905545711517334
loss: 0.023943835548769162
--> Epoch 858
elapsed time: 21.915271043777466
loss: 0.02384025726716191
--> Epoch 859
elapsed time: 21.92449951171875
loss: 0.02382816025953975
--> Epoch 860
elapsed time: 21.900301694869995
loss: 0.023829708259591267
--> Epoch 861
elapsed time: 21.936147212982178
loss: 0.023792122151643065
--> Epoch 862
elapsed time: 21.921737670898438
loss: 0.023822332952287213
--> Epoch 863
elapsed time: 21.918269872665405
loss: 0.02384577205304761
--> Epoch 864
elapsed time: 21.910078048706055
loss: 0.023840113421192397
--> Epoch 865
elapsed time: 21.940431118011475
loss: 0.023834790841712215
--> Epoch 866
elapsed time: 21.931617736816406
loss: 0.023771572067828976
--> Epoch 867
elapsed time: 21.94050884246826
loss: 0.02378542636287235
--> Epoch 868
elapsed time: 21.919899225234985
loss: 0.023848374196357134
--> Epoch 869
elapsed time: 21.909164428710938
loss: 0.023813940050222353
--> Epoch 870
elapsed time: 21.904579401016235
loss: 0.023784652371607855
--> Epoch 871
elapsed time: 21.931568384170532
loss: 0.023833891329542153
--> Epoch 872
elapsed time: 21.927239179611206
loss: 0.023826983384963262
--> Epoch 873
elapsed time: 21.926132440567017
loss: 0.02382683596089272
--> Epoch 874
elapsed time: 21.929585695266724
loss: 0.023819767056087335
--> Epoch 875
elapsed time: 21.934903621673584
loss: 0.023789299298025254
--> Epoch 876
elapsed time: 21.90826153755188
loss: 0.023817468997045496
--> Epoch 877
elapsed time: 21.905657052993774
loss: 0.02385596944998708
--> Epoch 878
elapsed time: 21.89328908920288
loss: 0.023772667203298292
--> Epoch 879
elapsed time: 21.915769338607788
loss: 0.023785711699783073
--> Epoch 880
elapsed time: 21.939770460128784
loss: 0.023761852815228593
--> Epoch 881
elapsed time: 21.929733514785767
loss: 0.023799461658662036
--> Epoch 882
elapsed time: 21.934430599212646
loss: 0.02378285812215769
--> Epoch 883
elapsed time: 21.933037996292114
loss: 0.023802670312875415
--> Epoch 884
elapsed time: 21.912248134613037
loss: 0.023860226878554665
--> Epoch 885
elapsed time: 21.890547513961792
loss: 0.02376340014591939
--> Epoch 886
elapsed time: 21.888280868530273
loss: 0.023801004396697203
--> Epoch 887
elapsed time: 21.90314030647278
loss: 0.023775929861955227
--> Epoch 888
elapsed time: 21.919749975204468
loss: 0.02379006291244631
--> Epoch 889
elapsed time: 21.892744541168213
loss: 0.023761033475651342
--> Epoch 890
elapsed time: 21.891825914382935
loss: 0.023804148743218224
--> Epoch 891
elapsed time: 21.884939908981323
loss: 0.02374706707845739
--> Epoch 892
elapsed time: 21.917922496795654
loss: 0.02379412358575908
--> Epoch 893
elapsed time: 21.92961025238037
loss: 0.023772993765470003
--> Epoch 894
elapsed time: 21.907538175582886
loss: 0.023756072508663583
--> Epoch 895
elapsed time: 21.276727199554443
loss: 0.023836290964949613
--> Epoch 896
elapsed time: 21.30416512489319
loss: 0.023774936961698735
--> Epoch 897
elapsed time: 21.314289093017578
loss: 0.023778735415577217
--> Epoch 898
elapsed time: 21.29393196105957
loss: 0.023766768761574943
--> Epoch 899
elapsed time: 21.297523260116577
loss: 0.02375469265482892
Evaluating model...
val mr: 189.40887451171875 mrr: 0.2610817849636078 hits@10: 0.4520672939834616 hits@5: 0.353464499572284 hits@3: 0.2838038209295694 hits@1: 0.17023096663815226
--> Epoch 900
elapsed time: 21.930750370025635
loss: 0.023773125156423783
--> Epoch 901
elapsed time: 21.928921937942505
loss: 0.023747753884611776
--> Epoch 902
elapsed time: 21.878392696380615
loss: 0.023756589807100378
--> Epoch 903
elapsed time: 21.841519355773926
loss: 0.02375765811382098
--> Epoch 904
elapsed time: 21.853782176971436
loss: 0.02376921463193528
--> Epoch 905
elapsed time: 21.857250690460205
loss: 0.023737679150652908
--> Epoch 906
elapsed time: 21.85366916656494
loss: 0.023778819982821046
--> Epoch 907
elapsed time: 21.847808599472046
loss: 0.02369062691884902
--> Epoch 908
elapsed time: 21.856657028198242
loss: 0.023762871955476723
--> Epoch 909
elapsed time: 21.851975679397583
loss: 0.02373422615524462
--> Epoch 910
elapsed time: 21.850911617279053
loss: 0.023757008933799513
--> Epoch 911
elapsed time: 21.828978776931763
loss: 0.02373863631195318
--> Epoch 912
elapsed time: 21.84754729270935
loss: 0.023753403248799824
--> Epoch 913
elapsed time: 21.83855438232422
loss: 0.023767956957459337
--> Epoch 914
elapsed time: 21.850804567337036
loss: 0.02375505098710336
--> Epoch 915
elapsed time: 21.852943181991577
loss: 0.02373741743411529
--> Epoch 916
elapsed time: 21.846651792526245
loss: 0.023716880427366815
--> Epoch 917
elapsed time: 21.825613975524902
loss: 0.023726050034936375
--> Epoch 918
elapsed time: 21.846108198165894
loss: 0.02372070577657963
--> Epoch 919
elapsed time: 21.84835648536682
loss: 0.02374313916460815
--> Epoch 920
elapsed time: 21.848570823669434
loss: 0.02371864929718166
--> Epoch 921
elapsed time: 21.832621812820435
loss: 0.02375128896957787
--> Epoch 922
elapsed time: 21.822178602218628
loss: 0.02371285279278809
--> Epoch 923
elapsed time: 21.93876361846924
loss: 0.023738846563062126
--> Epoch 924
elapsed time: 21.825489282608032
loss: 0.023733487606805558
--> Epoch 925
elapsed time: 21.84354877471924
loss: 0.023804353779621652
--> Epoch 926
elapsed time: 21.840370893478394
loss: 0.02371199637903768
--> Epoch 927
elapsed time: 21.83960485458374
loss: 0.023721345277154436
--> Epoch 928
elapsed time: 21.846368312835693
loss: 0.023693849955556647
--> Epoch 929
elapsed time: 21.837071895599365
loss: 0.023726345894127553
--> Epoch 930
elapsed time: 21.846499919891357
loss: 0.023774266122075487
--> Epoch 931
elapsed time: 21.844262838363647
loss: 0.02370964547379165
--> Epoch 932
elapsed time: 21.84394359588623
loss: 0.02369711968455523
--> Epoch 933
elapsed time: 21.827993631362915
loss: 0.023744649570067312
--> Epoch 934
elapsed time: 21.850534439086914
loss: 0.023754376280257304
--> Epoch 935
elapsed time: 21.849000692367554
loss: 0.023718698141239548
--> Epoch 936
elapsed time: 21.854514598846436
loss: 0.02372414922746475
--> Epoch 937
elapsed time: 21.84800148010254
loss: 0.023716015692165967
--> Epoch 938
elapsed time: 21.85911989212036
loss: 0.02364540531151943
--> Epoch 939
elapsed time: 21.842169761657715
loss: 0.02363800741416715
--> Epoch 940
elapsed time: 21.82963752746582
loss: 0.023737164648812217
--> Epoch 941
elapsed time: 21.850414991378784
loss: 0.023684687362256637
--> Epoch 942
elapsed time: 21.856439352035522
loss: 0.023703012017923936
--> Epoch 943
elapsed time: 21.87132692337036
loss: 0.02372332524266427
--> Epoch 944
elapsed time: 21.849037885665894
loss: 0.023683142977103465
--> Epoch 945
elapsed time: 21.859662532806396
loss: 0.023696077027316936
--> Epoch 946
elapsed time: 21.859325170516968
loss: 0.023667217588870457
--> Epoch 947
elapsed time: 21.836833715438843
loss: 0.023655188842023864
--> Epoch 948
elapsed time: 21.84290909767151
loss: 0.02373015245568158
--> Epoch 949
elapsed time: 21.85521697998047
loss: 0.02368542249029746
--> Epoch 950
elapsed time: 21.861116409301758
loss: 0.023733894388880912
--> Epoch 951
elapsed time: 21.855040550231934
loss: 0.023658100550649083
--> Epoch 952
elapsed time: 21.868090867996216
loss: 0.023725103515069772
--> Epoch 953
elapsed time: 21.85865092277527
loss: 0.02370343458079159
--> Epoch 954
elapsed time: 21.849207878112793
loss: 0.023678865227655544
--> Epoch 955
elapsed time: 21.846391677856445
loss: 0.02371839844636612
--> Epoch 956
elapsed time: 21.85535216331482
loss: 0.023696032728603843
--> Epoch 957
elapsed time: 21.876918077468872
loss: 0.02366444613234344
--> Epoch 958
elapsed time: 21.838096618652344
loss: 0.023630501299409627
--> Epoch 959
elapsed time: 21.847246170043945
loss: 0.023614608362905843
--> Epoch 960
elapsed time: 21.84778666496277
loss: 0.02371447407031609
--> Epoch 961
elapsed time: 21.864892721176147
loss: 0.023652284897632568
--> Epoch 962
elapsed time: 21.8434476852417
loss: 0.023668609485941346
--> Epoch 963
elapsed time: 21.855786323547363
loss: 0.023658944257059302
--> Epoch 964
elapsed time: 21.84347176551819
loss: 0.023701432005958745
--> Epoch 965
elapsed time: 21.843782901763916
loss: 0.023696943430662826
--> Epoch 966
elapsed time: 21.854523181915283
loss: 0.023675156119415362
--> Epoch 967
elapsed time: 21.85140609741211
loss: 0.023688819341761036
--> Epoch 968
elapsed time: 21.859150648117065
loss: 0.023712357294133332
--> Epoch 969
elapsed time: 21.842170476913452
loss: 0.023701248637918358
--> Epoch 970
elapsed time: 21.860839366912842
loss: 0.023656317058281303
--> Epoch 971
elapsed time: 21.8461856842041
loss: 0.023637536932431296
--> Epoch 972
elapsed time: 21.837687492370605
loss: 0.023661621438859772
--> Epoch 973
elapsed time: 21.84022068977356
loss: 0.0237101640093192
--> Epoch 974
elapsed time: 21.85007333755493
loss: 0.023652823596337663
--> Epoch 975
elapsed time: 21.833808422088623
loss: 0.023648230301133888
--> Epoch 976
elapsed time: 21.84398365020752
loss: 0.023618549220649453
--> Epoch 977
elapsed time: 21.847769737243652
loss: 0.023579916442803134
--> Epoch 978
elapsed time: 21.849690437316895
loss: 0.023688049818742198
--> Epoch 979
elapsed time: 21.848000049591064
loss: 0.02372154933580058
--> Epoch 980
elapsed time: 21.833921909332275
loss: 0.02363033647371258
--> Epoch 981
elapsed time: 21.831772327423096
loss: 0.0236179043792069
--> Epoch 982
elapsed time: 21.842937707901
loss: 0.023682740866535133
--> Epoch 983
elapsed time: 21.823790550231934
loss: 0.023661147845122237
--> Epoch 984
elapsed time: 21.854223489761353
loss: 0.023731796127005444
--> Epoch 985
elapsed time: 21.835918188095093
loss: 0.0236533276845376
--> Epoch 986
elapsed time: 21.83705997467041
loss: 0.023645963351595325
--> Epoch 987
elapsed time: 21.849107265472412
loss: 0.02364070095850798
--> Epoch 988
elapsed time: 21.832640171051025
loss: 0.02365396535225556
--> Epoch 989
elapsed time: 21.830670595169067
loss: 0.023611478006374354
--> Epoch 990
elapsed time: 21.832662105560303
loss: 0.023637269140831838
--> Epoch 991
elapsed time: 21.83385467529297
loss: 0.023619857556269847
--> Epoch 992
elapsed time: 21.75385880470276
loss: 0.023605532565715733
--> Epoch 993
elapsed time: 21.277662754058838
loss: 0.023641910323363255
--> Epoch 994
elapsed time: 21.337029218673706
loss: 0.02362867256386428
--> Epoch 995
elapsed time: 21.338589429855347
loss: 0.02362438611272698
--> Epoch 996
elapsed time: 21.332155227661133
loss: 0.02365197564772245
--> Epoch 997
elapsed time: 21.339148998260498
loss: 0.023607999152965627
--> Epoch 998
elapsed time: 21.345273971557617
loss: 0.023652794025312698
--> Epoch 999
elapsed time: 21.471853971481323
loss: 0.02362539600458273
Evaluating model...
val mr: 188.45526123046875 mrr: 0.26403939723968506 hits@10: 0.4568862275449102 hits@5: 0.3588822355289421 hits@3: 0.2893356144853151 hits@1: 0.17208440262332478
--> Epoch 1000
elapsed time: 21.321351051330566
loss: 0.02363978991300737
Start testing...
test mr: 200.6693572998047 mrr: 0.2611713409423828 hits@10: 0.4552672725495944 hits@5: 0.3550034203068504 hits@3: 0.285302452848627 hits@1: 0.16925632756767323
{'epoch': [1, 100, 200, 300, 400, 500, 600, 700, 800, 900, 1000], 'val_mrr': [0.0008840457885526121, 0.23483222723007202, 0.2494402378797531, 0.2512621581554413, 0.24561373889446259, 0.2592863440513611, 0.2563956081867218, 0.2622150778770447, 0.2640702426433563, 0.2610817849636078, 0.26403939723968506], 'val_mr': [7301.166015625, 201.33119201660156, 192.70068359375, 193.6846923828125, 189.76255798339844, 191.79991149902344, 190.63966369628906, 186.679931640625, 188.36241149902344, 189.40887451171875, 188.45526123046875], 'val_hits10': [0.000855431993156544, 0.41114913031080697, 0.4358426005132592, 0.434416880524665, 0.4338180781294554, 0.44479612204163105, 0.44736241802110066, 0.4501568291987454, 0.452466495580268, 0.4520672939834616, 0.4568862275449102], 'val_hits5': [0.0005417735956658112, 0.3156258910749929, 0.33838038209295696, 0.3380667236954662, 0.3352437981180496, 0.34699173082406615, 0.34930139720558884, 0.3523239235814086, 0.3551183347590533, 0.353464499572284, 0.3588822355289421], 'val_hits3': [0.0004562303963501568, 0.2530652979754776, 0.2741944682064443, 0.27436555460507556, 0.26909039064727686, 0.28306244653550044, 0.282178500142572, 0.28659823210721413, 0.2904761904761905, 0.2838038209295694, 0.2893356144853151], 'val_hits1': [0.0001996007984031936, 0.15075563159395494, 0.15959509552323922, 0.16250356429997148, 0.1553464499572284, 0.17028799543769604, 0.16441402908468777, 0.1723980610208155, 0.17351012261191903, 0.17023096663815226, 0.17208440262332478]}
