Using CUDA
Load processed dataset...
Model type: DistMultLitPaper
14923 237
torch.Size([14923, 121]) torch.Size([14923, 300])
Start training...
Evaluating model...
val mr: 7301.166015625 mrr: 0.0008840457885526121 hits@10: 0.000855431993156544 hits@5: 0.0005417735956658112 hits@3: 0.0004562303963501568 hits@1: 0.0001996007984031936
--> Epoch 1
elapsed time: 22.885788917541504
loss: 0.2245444484398484
--> Epoch 2
elapsed time: 22.943208694458008
loss: 0.07178478595482664
--> Epoch 3
elapsed time: 22.942603826522827
loss: 0.0541038373599104
--> Epoch 4
elapsed time: 22.943042755126953
loss: 0.04781595761567943
--> Epoch 5
elapsed time: 22.94169545173645
loss: 0.044883877508559544
--> Epoch 6
elapsed time: 22.35036826133728
loss: 0.04355071612256154
--> Epoch 7
elapsed time: 21.54753017425537
loss: 0.04161696243235668
--> Epoch 8
elapsed time: 21.643879652023315
loss: 0.04119132726907954
--> Epoch 9
elapsed time: 22.205766677856445
loss: 0.03944066509968923
--> Epoch 10
elapsed time: 22.22048568725586
loss: 0.03895732358462499
--> Epoch 11
elapsed time: 22.20358633995056
loss: 0.038717082357305685
--> Epoch 12
elapsed time: 22.19365644454956
loss: 0.037470162538627574
--> Epoch 13
elapsed time: 22.217707872390747
loss: 0.0370934303299728
--> Epoch 14
elapsed time: 22.19997811317444
loss: 0.03637321130394487
--> Epoch 15
elapsed time: 22.21103286743164
loss: 0.03590825622724343
--> Epoch 16
elapsed time: 22.21897292137146
loss: 0.03552030100857774
--> Epoch 17
elapsed time: 22.221052646636963
loss: 0.03512388022891609
--> Epoch 18
elapsed time: 22.207363843917847
loss: 0.03541084893244062
--> Epoch 19
elapsed time: 22.20917248725891
loss: 0.034466458445980876
--> Epoch 20
elapsed time: 22.199121952056885
loss: 0.03416329165981944
--> Epoch 21
elapsed time: 22.208497047424316
loss: 0.033904922631966095
--> Epoch 22
elapsed time: 22.19616198539734
loss: 0.033474646272139516
--> Epoch 23
elapsed time: 22.196982383728027
loss: 0.03325226224664518
--> Epoch 24
elapsed time: 22.21604037284851
loss: 0.03308295919573038
--> Epoch 25
elapsed time: 22.210142612457275
loss: 0.03288504143481196
--> Epoch 26
elapsed time: 22.20364475250244
loss: 0.03257203634271113
--> Epoch 27
elapsed time: 22.203755378723145
loss: 0.03246147485199338
--> Epoch 28
elapsed time: 22.201515197753906
loss: 0.03214747572242373
--> Epoch 29
elapsed time: 22.212334394454956
loss: 0.032034384848958236
--> Epoch 30
elapsed time: 22.213314056396484
loss: 0.03185022696992864
--> Epoch 31
elapsed time: 22.205469369888306
loss: 0.031629812221199635
--> Epoch 32
elapsed time: 22.201367139816284
loss: 0.03147621029288782
--> Epoch 33
elapsed time: 22.220848560333252
loss: 0.03132281274563674
--> Epoch 34
elapsed time: 21.819905757904053
loss: 0.03113009326110891
--> Epoch 35
elapsed time: 21.821138858795166
loss: 0.03105379562730343
--> Epoch 36
elapsed time: 21.92892074584961
loss: 0.030896081675898884
--> Epoch 37
elapsed time: 22.133209466934204
loss: 0.03082543304006053
--> Epoch 38
elapsed time: 22.143402814865112
loss: 0.030663964632103045
--> Epoch 39
elapsed time: 22.148706436157227
loss: 0.03047413462361186
--> Epoch 40
elapsed time: 22.149587392807007
loss: 0.03033200367542224
--> Epoch 41
elapsed time: 22.15515685081482
loss: 0.030293638184526454
--> Epoch 42
elapsed time: 22.137821912765503
loss: 0.03018740656578025
--> Epoch 43
elapsed time: 22.14333415031433
loss: 0.030010616398037097
--> Epoch 44
elapsed time: 22.13539743423462
loss: 0.02989173409119879
--> Epoch 45
elapsed time: 22.160226583480835
loss: 0.02983067117400138
--> Epoch 46
elapsed time: 22.142635107040405
loss: 0.029754967275421686
--> Epoch 47
elapsed time: 22.154363870620728
loss: 0.029689379602404326
--> Epoch 48
elapsed time: 22.142650604248047
loss: 0.029569075855506218
--> Epoch 49
elapsed time: 22.13488745689392
loss: 0.029526953775565353
--> Epoch 50
elapsed time: 22.143249988555908
loss: 0.02942298588045958
--> Epoch 51
elapsed time: 22.151564836502075
loss: 0.029273480383691538
--> Epoch 52
elapsed time: 22.146258115768433
loss: 0.02927269633098918
--> Epoch 53
elapsed time: 22.141201734542847
loss: 0.029171642666000974
--> Epoch 54
elapsed time: 22.145161390304565
loss: 0.029116182434718675
--> Epoch 55
elapsed time: 22.146961450576782
loss: 0.029049035025057877
--> Epoch 56
elapsed time: 22.150718212127686
loss: 0.028958423914754044
--> Epoch 57
elapsed time: 22.137571334838867
loss: 0.02887605696825463
--> Epoch 58
elapsed time: 22.1519455909729
loss: 0.028825224521775796
--> Epoch 59
elapsed time: 22.139423847198486
loss: 0.028765271416920486
--> Epoch 60
elapsed time: 22.147587537765503
loss: 0.028692605103578975
--> Epoch 61
elapsed time: 22.018412590026855
loss: 0.028650174963507916
--> Epoch 62
elapsed time: 21.76512098312378
loss: 0.028630430245051828
--> Epoch 63
elapsed time: 21.770068883895874
loss: 0.028631459501057666
--> Epoch 64
elapsed time: 22.079279899597168
loss: 0.028523140556248203
--> Epoch 65
elapsed time: 22.92650032043457
loss: 0.02844365575786256
--> Epoch 66
elapsed time: 22.910008907318115
loss: 0.028358630793955904
--> Epoch 67
elapsed time: 22.912045001983643
loss: 0.028318803643532665
--> Epoch 68
elapsed time: 22.86930274963379
loss: 0.028291460874850526
--> Epoch 69
elapsed time: 22.73629403114319
loss: 0.02819804613840322
--> Epoch 70
elapsed time: 22.749663591384888
loss: 0.028263345725224584
--> Epoch 71
elapsed time: 22.764432191848755
loss: 0.028202671986966906
--> Epoch 72
elapsed time: 22.66135334968567
loss: 0.02815710401700447
--> Epoch 73
elapsed time: 22.734375715255737
loss: 0.028085720903211233
--> Epoch 74
elapsed time: 22.71947169303894
loss: 0.028014751548965586
--> Epoch 75
elapsed time: 22.694218397140503
loss: 0.028040892667963273
--> Epoch 76
elapsed time: 22.722028255462646
loss: 0.027991961381158958
--> Epoch 77
elapsed time: 22.73012685775757
loss: 0.02798704791074638
--> Epoch 78
elapsed time: 22.704252004623413
loss: 0.027882412869767097
--> Epoch 79
elapsed time: 22.68080163002014
loss: 0.02783335504575036
--> Epoch 80
elapsed time: 22.714470863342285
loss: 0.027744774672492763
--> Epoch 81
elapsed time: 22.685535430908203
loss: 0.027748178468135765
--> Epoch 82
elapsed time: 22.818968772888184
loss: 0.02776550717637826
--> Epoch 83
elapsed time: 22.707507371902466
loss: 0.027757021236677608
--> Epoch 84
elapsed time: 22.765137672424316
loss: 0.027613472459822024
--> Epoch 85
elapsed time: 22.72709608078003
loss: 0.02769048906589384
--> Epoch 86
elapsed time: 22.744511127471924
loss: 0.027605278561152833
--> Epoch 87
elapsed time: 22.77068853378296
loss: 0.027591077810607198
--> Epoch 88
elapsed time: 22.68087339401245
loss: 0.027556769597157485
--> Epoch 89
elapsed time: 21.932859897613525
loss: 0.02752560023866727
--> Epoch 90
elapsed time: 21.949560403823853
loss: 0.027521859638932618
--> Epoch 91
elapsed time: 22.253263235092163
loss: 0.027453859444437786
--> Epoch 92
elapsed time: 22.749321460723877
loss: 0.02745730460201752
--> Epoch 93
elapsed time: 22.72953462600708
loss: 0.027385546646220216
--> Epoch 94
elapsed time: 22.676364421844482
loss: 0.02737695746901791
--> Epoch 95
elapsed time: 22.732347011566162
loss: 0.02730621893032474
--> Epoch 96
elapsed time: 22.792494773864746
loss: 0.0273441575740938
--> Epoch 97
elapsed time: 22.72665572166443
loss: 0.027336887461558223
--> Epoch 98
elapsed time: 22.71096181869507
loss: 0.02728359958617786
--> Epoch 99
elapsed time: 22.758564472198486
loss: 0.027316503167180442
Evaluating model...
val mr: 204.0688934326172 mrr: 0.24368490278720856 hits@10: 0.41793555745651556 hits@5: 0.32586256059309954 hits@3: 0.26521243227830055 hits@1: 0.15831194753350442
--> Epoch 100
elapsed time: 22.572160482406616
loss: 0.02719624300407612
--> Epoch 101
elapsed time: 22.65849256515503
loss: 0.027214698204358904
--> Epoch 102
elapsed time: 22.68007254600525
loss: 0.0271546861694763
--> Epoch 103
elapsed time: 22.6625554561615
loss: 0.027146056974315463
--> Epoch 104
elapsed time: 22.731230974197388
loss: 0.02712518050530724
--> Epoch 105
elapsed time: 22.660573482513428
loss: 0.027096377629593982
--> Epoch 106
elapsed time: 22.685980558395386
loss: 0.027096576279034508
--> Epoch 107
elapsed time: 22.716551065444946
loss: 0.02703511594029832
--> Epoch 108
elapsed time: 22.00813388824463
loss: 0.027086466363335934
--> Epoch 109
elapsed time: 21.899473428726196
loss: 0.02705403956692396
--> Epoch 110
elapsed time: 22.053540468215942
loss: 0.027033035179927792
--> Epoch 111
elapsed time: 22.615044355392456
loss: 0.027028573766308694
--> Epoch 112
elapsed time: 22.54064631462097
loss: 0.026996168694331864
--> Epoch 113
elapsed time: 22.584980249404907
loss: 0.026991084013011583
--> Epoch 114
elapsed time: 22.52368140220642
loss: 0.02695962763369532
--> Epoch 115
elapsed time: 22.627548456192017
loss: 0.026962284626034443
--> Epoch 116
elapsed time: 22.5929172039032
loss: 0.026898751820342112
--> Epoch 117
elapsed time: 22.584086179733276
loss: 0.026863756462553148
--> Epoch 118
elapsed time: 22.548205375671387
loss: 0.02684908559298807
--> Epoch 119
elapsed time: 22.5531747341156
loss: 0.02684286492942418
--> Epoch 120
elapsed time: 22.59782838821411
loss: 0.02688121172202609
--> Epoch 121
elapsed time: 22.566529273986816
loss: 0.026845585824685173
--> Epoch 122
elapsed time: 22.575159072875977
loss: 0.026856364897843925
--> Epoch 123
elapsed time: 22.582343339920044
loss: 0.026798181994515887
--> Epoch 124
elapsed time: 22.626103162765503
loss: 0.02675770439894437
--> Epoch 125
elapsed time: 22.573318243026733
loss: 0.026768301661815826
--> Epoch 126
elapsed time: 22.573802709579468
loss: 0.026746294477837107
--> Epoch 127
elapsed time: 22.6397066116333
loss: 0.026734080470516675
--> Epoch 128
elapsed time: 22.48298668861389
loss: 0.026717241576619564
--> Epoch 129
elapsed time: 22.59029459953308
loss: 0.026696830392164212
--> Epoch 130
elapsed time: 22.58976149559021
loss: 0.02664359345653656
--> Epoch 131
elapsed time: 22.6250958442688
loss: 0.026715235157343205
--> Epoch 132
elapsed time: 22.59500241279602
loss: 0.026618552303970252
--> Epoch 133
elapsed time: 22.617311716079712
loss: 0.026637331841063185
--> Epoch 134
elapsed time: 22.639920234680176
loss: 0.02657261571600711
--> Epoch 135
elapsed time: 22.195995092391968
loss: 0.026571553253050918
--> Epoch 136
elapsed time: 21.924742937088013
loss: 0.026587593597854967
--> Epoch 137
elapsed time: 21.905178785324097
loss: 0.026579408556825692
--> Epoch 138
elapsed time: 22.423831701278687
loss: 0.026582208506741953
--> Epoch 139
elapsed time: 22.599634170532227
loss: 0.026542799878490498
--> Epoch 140
elapsed time: 22.661673307418823
loss: 0.026530834738434986
--> Epoch 141
elapsed time: 22.51459765434265
loss: 0.026510676241156522
--> Epoch 142
elapsed time: 22.595969915390015
loss: 0.026458829112161696
--> Epoch 143
elapsed time: 22.549041986465454
loss: 0.026497816849195048
--> Epoch 144
elapsed time: 22.558868646621704
loss: 0.026427877854874757
--> Epoch 145
elapsed time: 22.617259740829468
loss: 0.026462009350084966
--> Epoch 146
elapsed time: 22.693583965301514
loss: 0.02647218074183473
--> Epoch 147
elapsed time: 22.65354633331299
loss: 0.026461862598879653
--> Epoch 148
elapsed time: 22.68524694442749
loss: 0.026454475505920592
--> Epoch 149
elapsed time: 22.680522680282593
loss: 0.02647161764650836
--> Epoch 150
elapsed time: 22.68738603591919
loss: 0.026454218080651053
--> Epoch 151
elapsed time: 22.700149297714233
loss: 0.02642861412538466
--> Epoch 152
elapsed time: 22.666481256484985
loss: 0.02632922476800623
--> Epoch 153
elapsed time: 22.655988693237305
loss: 0.026319237776373988
--> Epoch 154
elapsed time: 22.665133953094482
loss: 0.02634458021310737
--> Epoch 155
elapsed time: 22.649337768554688
loss: 0.02630189363078082
--> Epoch 156
elapsed time: 22.671945095062256
loss: 0.02638262547272225
--> Epoch 157
elapsed time: 22.66741943359375
loss: 0.026313526993959106
--> Epoch 158
elapsed time: 22.673731565475464
loss: 0.026359076197289794
--> Epoch 159
elapsed time: 22.668749809265137
loss: 0.026259797654155842
--> Epoch 160
elapsed time: 22.726577758789062
loss: 0.026301133979956495
--> Epoch 161
elapsed time: 22.661803245544434
loss: 0.02633281426218637
--> Epoch 162
elapsed time: 22.498340368270874
loss: 0.02625205755927657
--> Epoch 163
elapsed time: 21.935977697372437
loss: 0.026257933694816712
--> Epoch 164
elapsed time: 21.84683346748352
loss: 0.026244574169490772
--> Epoch 165
elapsed time: 21.897947788238525
loss: 0.026246705235298356
--> Epoch 166
elapsed time: 22.054887294769287
loss: 0.02622571592994546
--> Epoch 167
elapsed time: 22.0502610206604
loss: 0.026193321555474405
--> Epoch 168
elapsed time: 22.05235242843628
loss: 0.026201614431917722
--> Epoch 169
elapsed time: 22.057364463806152
loss: 0.02616320216812733
--> Epoch 170
elapsed time: 22.04867672920227
loss: 0.02622603918911989
--> Epoch 171
elapsed time: 22.042518615722656
loss: 0.026181835635641443
--> Epoch 172
elapsed time: 22.04121494293213
loss: 0.026191208746392886
--> Epoch 173
elapsed time: 22.04124689102173
loss: 0.026175206683064448
--> Epoch 174
elapsed time: 22.0549578666687
loss: 0.026179981352244475
--> Epoch 175
elapsed time: 22.048561096191406
loss: 0.026171950525266878
--> Epoch 176
elapsed time: 22.052507400512695
loss: 0.026147745272822796
--> Epoch 177
elapsed time: 22.047128200531006
loss: 0.026084678333431397
--> Epoch 178
elapsed time: 22.056092977523804
loss: 0.026156872407527097
--> Epoch 179
elapsed time: 22.05074954032898
loss: 0.026044606242542657
--> Epoch 180
elapsed time: 22.0435574054718
loss: 0.026085836791826775
--> Epoch 181
elapsed time: 22.047540426254272
loss: 0.026147277076025113
--> Epoch 182
elapsed time: 22.05258083343506
loss: 0.026086727314937934
--> Epoch 183
elapsed time: 22.051952362060547
loss: 0.026070628684935766
--> Epoch 184
elapsed time: 22.0610773563385
loss: 0.02609444995387085
--> Epoch 185
elapsed time: 22.056283712387085
loss: 0.026109404821625208
--> Epoch 186
elapsed time: 22.054312467575073
loss: 0.02603159522811198
--> Epoch 187
elapsed time: 22.0494487285614
loss: 0.02605032144238785
--> Epoch 188
elapsed time: 22.049322605133057
loss: 0.025936488824373466
--> Epoch 189
elapsed time: 22.044250965118408
loss: 0.0260360025707019
--> Epoch 190
elapsed time: 21.907757997512817
loss: 0.026036957129906172
--> Epoch 191
elapsed time: 21.71281862258911
loss: 0.02600391753375362
--> Epoch 192
elapsed time: 21.712993383407593
loss: 0.026007915010302557
--> Epoch 193
elapsed time: 21.94916796684265
loss: 0.025997870038364256
--> Epoch 194
elapsed time: 22.048292875289917
loss: 0.026034349551107228
--> Epoch 195
elapsed time: 22.056147575378418
loss: 0.026011400015872262
--> Epoch 196
elapsed time: 22.04953122138977
loss: 0.025997444869896094
--> Epoch 197
elapsed time: 22.050582885742188
loss: 0.025922669581403063
--> Epoch 198
elapsed time: 22.058656215667725
loss: 0.025970576371321226
--> Epoch 199
elapsed time: 22.04277229309082
loss: 0.02599705336746862
Evaluating model...
val mr: 195.90838623046875 mrr: 0.25068429112434387 hits@10: 0.43384659252922725 hits@5: 0.3397205588822355 hits@3: 0.27530652979754777 hits@1: 0.1619332763045338
--> Epoch 200
elapsed time: 22.58751893043518
loss: 0.02593524389228278
--> Epoch 201
elapsed time: 22.684079885482788
loss: 0.02599372534976741
--> Epoch 202
elapsed time: 22.6608464717865
loss: 0.02588872139991339
--> Epoch 203
elapsed time: 22.66706347465515
loss: 0.02595120638973401
--> Epoch 204
elapsed time: 22.65228271484375
loss: 0.025938656780367626
--> Epoch 205
elapsed time: 22.645028114318848
loss: 0.0259083055506477
--> Epoch 206
elapsed time: 22.68592882156372
loss: 0.02590916557929646
--> Epoch 207
elapsed time: 22.639988660812378
loss: 0.025928698131430856
--> Epoch 208
elapsed time: 22.66916799545288
loss: 0.025867551857796572
--> Epoch 209
elapsed time: 22.577218055725098
loss: 0.02588921341508879
--> Epoch 210
elapsed time: 21.935951948165894
loss: 0.025870088295115688
--> Epoch 211
elapsed time: 21.948426723480225
loss: 0.02587493984090026
--> Epoch 212
elapsed time: 22.300806045532227
loss: 0.02589178526719729
--> Epoch 213
elapsed time: 22.677372455596924
loss: 0.025814776807350587
--> Epoch 214
elapsed time: 22.650192499160767
loss: 0.025798998299989627
--> Epoch 215
elapsed time: 22.61529779434204
loss: 0.025862118427274594
--> Epoch 216
elapsed time: 22.619921922683716
loss: 0.02582393394062963
--> Epoch 217
elapsed time: 22.60022258758545
loss: 0.025814937625644574
--> Epoch 218
elapsed time: 22.613414764404297
loss: 0.025872001836211304
--> Epoch 219
elapsed time: 22.581878662109375
loss: 0.025797829596169806
--> Epoch 220
elapsed time: 22.637466192245483
loss: 0.025806890604342925
--> Epoch 221
elapsed time: 22.63194441795349
loss: 0.025834131349834876
--> Epoch 222
elapsed time: 22.603770971298218
loss: 0.02577810120345676
--> Epoch 223
elapsed time: 22.610273361206055
loss: 0.02576763171839299
--> Epoch 224
elapsed time: 22.611001014709473
loss: 0.025720385082858076
--> Epoch 225
elapsed time: 22.622278451919556
loss: 0.025763504972868893
--> Epoch 226
elapsed time: 22.615705490112305
loss: 0.02579740367423277
--> Epoch 227
elapsed time: 22.64115858078003
loss: 0.025732432655913025
--> Epoch 228
elapsed time: 22.635133266448975
loss: 0.025769489322309772
--> Epoch 229
elapsed time: 22.601908683776855
loss: 0.02575957227887293
--> Epoch 230
elapsed time: 22.643998384475708
loss: 0.025775664402758976
--> Epoch 231
elapsed time: 22.614771842956543
loss: 0.025780321877740625
--> Epoch 232
elapsed time: 22.654205560684204
loss: 0.025769373649067173
--> Epoch 233
elapsed time: 22.578511953353882
loss: 0.025744850818253527
--> Epoch 234
elapsed time: 22.604581832885742
loss: 0.025785609674994832
--> Epoch 235
elapsed time: 22.599517345428467
loss: 0.025768366539789502
--> Epoch 236
elapsed time: 22.470470428466797
loss: 0.025727076785374337
--> Epoch 237
elapsed time: 21.948654651641846
loss: 0.025699131409808475
--> Epoch 238
elapsed time: 21.938673973083496
loss: 0.025716034968857594
--> Epoch 239
elapsed time: 21.962299585342407
loss: 0.025713408504273682
--> Epoch 240
elapsed time: 21.94088387489319
loss: 0.025643016060118616
--> Epoch 241
elapsed time: 22.026555061340332
loss: 0.02571233243857592
--> Epoch 242
elapsed time: 22.47318172454834
loss: 0.025695034394764383
--> Epoch 243
elapsed time: 22.438834190368652
loss: 0.025690427502075792
--> Epoch 244
elapsed time: 22.467912197113037
loss: 0.025606119246524343
--> Epoch 245
elapsed time: 22.488455533981323
loss: 0.025648635800714102
--> Epoch 246
elapsed time: 22.463667154312134
loss: 0.025622498578727525
--> Epoch 247
elapsed time: 22.44274592399597
loss: 0.025685787377905306
--> Epoch 248
elapsed time: 22.45889687538147
loss: 0.025625411647101224
--> Epoch 249
elapsed time: 22.49435043334961
loss: 0.025636660359162042
--> Epoch 250
elapsed time: 22.46077799797058
loss: 0.025662412420125468
--> Epoch 251
elapsed time: 22.49391222000122
loss: 0.025583716403773566
--> Epoch 252
elapsed time: 22.417484998703003
loss: 0.02566936280252456
--> Epoch 253
elapsed time: 22.498558044433594
loss: 0.02560746355239838
--> Epoch 254
elapsed time: 22.519495010375977
loss: 0.025604627984431368
--> Epoch 255
elapsed time: 22.437792778015137
loss: 0.025641105429515566
--> Epoch 256
elapsed time: 22.5066397190094
loss: 0.02557929187157977
--> Epoch 257
elapsed time: 22.51728653907776
loss: 0.0256376972707621
--> Epoch 258
elapsed time: 22.571717023849487
loss: 0.02558105179438979
--> Epoch 259
elapsed time: 22.482245445251465
loss: 0.02555284367371368
--> Epoch 260
elapsed time: 22.4948673248291
loss: 0.025563502242667766
--> Epoch 261
elapsed time: 22.54233741760254
loss: 0.02556797059696178
--> Epoch 262
elapsed time: 22.54404330253601
loss: 0.025566340882334636
--> Epoch 263
elapsed time: 22.48659086227417
loss: 0.02557803161603487
--> Epoch 264
elapsed time: 22.54226589202881
loss: 0.025550820599270673
--> Epoch 265
elapsed time: 22.55338168144226
loss: 0.02551011177636718
--> Epoch 266
elapsed time: 22.510319471359253
loss: 0.025557600788821168
--> Epoch 267
elapsed time: 22.54629397392273
loss: 0.025533070085133905
--> Epoch 268
elapsed time: 22.574851512908936
loss: 0.025535130088313054
--> Epoch 269
elapsed time: 22.56806778907776
loss: 0.025534428538700263
--> Epoch 270
elapsed time: 22.553294897079468
loss: 0.02552934278324877
--> Epoch 271
elapsed time: 22.581716060638428
loss: 0.02547099601445844
--> Epoch 272
elapsed time: 22.603655338287354
loss: 0.025543312143502882
--> Epoch 273
elapsed time: 22.516767978668213
loss: 0.02548523027509423
--> Epoch 274
elapsed time: 22.581360578536987
loss: 0.025474036678405493
--> Epoch 275
elapsed time: 22.52387237548828
loss: 0.025563035468699678
--> Epoch 276
elapsed time: 22.524733543395996
loss: 0.025505165013143843
--> Epoch 277
elapsed time: 22.549885272979736
loss: 0.025509687881787094
--> Epoch 278
elapsed time: 22.502076864242554
loss: 0.025475147892550152
--> Epoch 279
elapsed time: 22.493653535842896
loss: 0.02546313287110286
--> Epoch 280
elapsed time: 22.52378797531128
loss: 0.02549304016221837
--> Epoch 281
elapsed time: 22.597862482070923
loss: 0.025520537823074174
--> Epoch 282
elapsed time: 22.579142332077026
loss: 0.025453666904949962
--> Epoch 283
elapsed time: 22.58765745162964
loss: 0.025481733921932814
--> Epoch 284
elapsed time: 22.512301206588745
loss: 0.025461887320466794
--> Epoch 285
elapsed time: 22.58162546157837
loss: 0.025464581933682076
--> Epoch 286
elapsed time: 22.58841562271118
loss: 0.025487540782142784
--> Epoch 287
elapsed time: 22.526472330093384
loss: 0.02545717974330946
--> Epoch 288
elapsed time: 22.56025218963623
loss: 0.025438454836214475
--> Epoch 289
elapsed time: 22.51762580871582
loss: 0.02542463007890326
--> Epoch 290
elapsed time: 22.585756540298462
loss: 0.025415883346102425
--> Epoch 291
elapsed time: 22.579726934432983
loss: 0.02543332674807798
--> Epoch 292
elapsed time: 22.57699942588806
loss: 0.025418031217770427
--> Epoch 293
elapsed time: 22.525607109069824
loss: 0.025446421877671162
--> Epoch 294
elapsed time: 22.569064617156982
loss: 0.025372836751090616
--> Epoch 295
elapsed time: 22.519169092178345
loss: 0.025362735565117474
--> Epoch 296
elapsed time: 22.59966254234314
loss: 0.025387883971349764
--> Epoch 297
elapsed time: 22.562315702438354
loss: 0.025428374973410498
--> Epoch 298
elapsed time: 22.551927089691162
loss: 0.025390379651259502
--> Epoch 299
elapsed time: 22.581827402114868
loss: 0.02541824474208835
Evaluating model...
val mr: 195.19215393066406 mrr: 0.2525999844074249 hits@10: 0.4372968349016253 hits@5: 0.3422868548617052 hits@3: 0.2772455089820359 hits@1: 0.16250356429997148
--> Epoch 300
elapsed time: 22.541990995407104
loss: 0.025389388271958784
--> Epoch 301
elapsed time: 22.661240339279175
loss: 0.025400129184547395
--> Epoch 302
elapsed time: 22.582998752593994
loss: 0.025359758734002164
--> Epoch 303
elapsed time: 22.6105215549469
loss: 0.025380874578319734
--> Epoch 304
elapsed time: 22.588199138641357
loss: 0.02544151428957257
--> Epoch 305
elapsed time: 22.52896213531494
loss: 0.025366367218509555
--> Epoch 306
elapsed time: 22.52275586128235
loss: 0.025390896779727733
--> Epoch 307
elapsed time: 22.533584117889404
loss: 0.02539823489370541
--> Epoch 308
elapsed time: 22.51793909072876
loss: 0.02536891615465073
--> Epoch 309
elapsed time: 22.591441869735718
loss: 0.025369931150820046
--> Epoch 310
elapsed time: 22.57114005088806
loss: 0.025363301301089415
--> Epoch 311
elapsed time: 22.582677602767944
loss: 0.025369496467617023
--> Epoch 312
elapsed time: 22.630890130996704
loss: 0.02532157696334966
--> Epoch 313
elapsed time: 22.584806442260742
loss: 0.025375155059170408
--> Epoch 314
elapsed time: 22.617950677871704
loss: 0.025309112930524943
--> Epoch 315
elapsed time: 22.543283224105835
loss: 0.02531625731714133
--> Epoch 316
elapsed time: 22.608298778533936
loss: 0.02531380344599289
--> Epoch 317
elapsed time: 22.53857445716858
loss: 0.0253301109533375
--> Epoch 318
elapsed time: 22.58951497077942
loss: 0.025274733700005377
--> Epoch 319
elapsed time: 22.512044191360474
loss: 0.025362956455907838
--> Epoch 320
elapsed time: 22.537458896636963
loss: 0.0253354670516691
--> Epoch 321
elapsed time: 22.5818088054657
loss: 0.025273337718432282
--> Epoch 322
elapsed time: 22.578372716903687
loss: 0.02531274759078351
--> Epoch 323
elapsed time: 22.5654776096344
loss: 0.025301509623539303
--> Epoch 324
elapsed time: 22.616199016571045
loss: 0.025303866524995774
--> Epoch 325
elapsed time: 22.571245670318604
loss: 0.025281823992813295
--> Epoch 326
elapsed time: 22.544110536575317
loss: 0.025265540598224945
--> Epoch 327
elapsed time: 22.59922218322754
loss: 0.025294474593292735
--> Epoch 328
elapsed time: 22.577112674713135
loss: 0.025312689811986568
--> Epoch 329
elapsed time: 22.584495067596436
loss: 0.025288856154621377
--> Epoch 330
elapsed time: 22.52363657951355
loss: 0.025289999359652666
--> Epoch 331
elapsed time: 22.600600957870483
loss: 0.025282484641331943
--> Epoch 332
elapsed time: 22.660906553268433
loss: 0.02525751471260137
--> Epoch 333
elapsed time: 22.575417280197144
loss: 0.025286305313780975
--> Epoch 334
elapsed time: 22.572404384613037
loss: 0.025271425226936334
--> Epoch 335
elapsed time: 22.66399574279785
loss: 0.02523111421106732
--> Epoch 336
elapsed time: 22.576338052749634
loss: 0.025290028518898132
--> Epoch 337
elapsed time: 22.582175970077515
loss: 0.025246042139681017
--> Epoch 338
elapsed time: 22.61380434036255
loss: 0.025251179921282202
--> Epoch 339
elapsed time: 22.55524444580078
loss: 0.02526275367806346
--> Epoch 340
elapsed time: 22.596189737319946
loss: 0.025283245692206573
--> Epoch 341
elapsed time: 22.71955943107605
loss: 0.025227893182441858
--> Epoch 342
elapsed time: 22.663983583450317
loss: 0.025263151649809735
--> Epoch 343
elapsed time: 22.599257946014404
loss: 0.02519097587799869
--> Epoch 344
elapsed time: 22.634443998336792
loss: 0.025218674594138662
--> Epoch 345
elapsed time: 24.439653873443604
loss: 0.025303591272302202
--> Epoch 346
elapsed time: 22.856728076934814
loss: 0.02523221415997617
--> Epoch 347
elapsed time: 22.70342779159546
loss: 0.025179888897155774
--> Epoch 348
elapsed time: 22.865826845169067
loss: 0.02523388612493242
--> Epoch 349
elapsed time: 22.76284909248352
loss: 0.025224762351049753
--> Epoch 350
elapsed time: 22.766430377960205
loss: 0.025211200393168633
--> Epoch 351
elapsed time: 22.829001903533936
loss: 0.025161634456026365
--> Epoch 352
elapsed time: 22.86577010154724
loss: 0.025219448375132774
--> Epoch 353
elapsed time: 22.899688720703125
loss: 0.025232715575989977
--> Epoch 354
elapsed time: 22.87150740623474
loss: 0.02523982995001359
--> Epoch 355
elapsed time: 22.797539710998535
loss: 0.02516281344206795
--> Epoch 356
elapsed time: 22.890225887298584
loss: 0.025144714054319506
--> Epoch 357
elapsed time: 22.797987461090088
loss: 0.025172415037875116
--> Epoch 358
elapsed time: 22.789950609207153
loss: 0.0252226237663237
--> Epoch 359
elapsed time: 22.838119983673096
loss: 0.025183280183463195
--> Epoch 360
elapsed time: 22.814130067825317
loss: 0.025188878271465917
--> Epoch 361
elapsed time: 22.834338903427124
loss: 0.025151946603803283
--> Epoch 362
elapsed time: 22.85068964958191
loss: 0.025152850384462137
--> Epoch 363
elapsed time: 22.87834596633911
loss: 0.025146273692836767
--> Epoch 364
elapsed time: 22.795067310333252
loss: 0.02516922612805077
--> Epoch 365
elapsed time: 22.815731048583984
loss: 0.025204218268702866
--> Epoch 366
elapsed time: 22.856533527374268
loss: 0.025135904172065678
--> Epoch 367
elapsed time: 22.87497305870056
loss: 0.02517430707181498
--> Epoch 368
elapsed time: 22.901005744934082
loss: 0.02511076169020145
--> Epoch 369
elapsed time: 22.84039568901062
loss: 0.025098146161069763
--> Epoch 370
elapsed time: 22.810059785842896
loss: 0.025176424075790654
--> Epoch 371
elapsed time: 22.81386661529541
loss: 0.025158986545615564
--> Epoch 372
elapsed time: 22.855796575546265
loss: 0.025093829413474673
--> Epoch 373
elapsed time: 22.769136905670166
loss: 0.02516545621312012
--> Epoch 374
elapsed time: 22.788671016693115
loss: 0.025145954849340395
--> Epoch 375
elapsed time: 22.88025999069214
loss: 0.025107656036935544
--> Epoch 376
elapsed time: 22.85714101791382
loss: 0.02511224207255432
--> Epoch 377
elapsed time: 22.804558277130127
loss: 0.02516013249467536
--> Epoch 378
elapsed time: 22.938976526260376
loss: 0.02511819825277279
--> Epoch 379
elapsed time: 22.865952491760254
loss: 0.025138302270747082
--> Epoch 380
elapsed time: 22.880407333374023
loss: 0.02510952132273034
--> Epoch 381
elapsed time: 22.78586983680725
loss: 0.025140140832928363
--> Epoch 382
elapsed time: 22.807496309280396
loss: 0.025068581186634464
--> Epoch 383
elapsed time: 22.781664848327637
loss: 0.025081920741530712
--> Epoch 384
elapsed time: 22.814293146133423
loss: 0.025116378297768218
--> Epoch 385
elapsed time: 22.874722242355347
loss: 0.02509498911596982
--> Epoch 386
elapsed time: 22.815277099609375
loss: 0.02504960059075286
--> Epoch 387
elapsed time: 22.78953790664673
loss: 0.025085769924891522
--> Epoch 388
elapsed time: 22.793182373046875
loss: 0.025102266069301882
--> Epoch 389
elapsed time: 22.89939594268799
loss: 0.02509967863090119
--> Epoch 390
elapsed time: 22.808967351913452
loss: 0.025116690841914344
--> Epoch 391
elapsed time: 22.882530689239502
loss: 0.025128445117572288
--> Epoch 392
elapsed time: 22.87041687965393
loss: 0.025063478811061392
--> Epoch 393
elapsed time: 22.862480878829956
loss: 0.0250647360001632
--> Epoch 394
elapsed time: 22.831122636795044
loss: 0.025052225977701056
--> Epoch 395
elapsed time: 22.819175720214844
loss: 0.025099967403980437
--> Epoch 396
elapsed time: 22.808016538619995
loss: 0.025077854755386247
--> Epoch 397
elapsed time: 22.88317894935608
loss: 0.02504631941253188
--> Epoch 398
elapsed time: 22.8072452545166
loss: 0.025097774814810826
--> Epoch 399
elapsed time: 22.81913471221924
loss: 0.025072952169970533
Evaluating model...
val mr: 192.02899169921875 mrr: 0.24372312426567078 hits@10: 0.4305674365554605 hits@5: 0.32897063016823497 hits@3: 0.26427145708582833 hits@1: 0.1555460507556316
--> Epoch 400
elapsed time: 22.56888771057129
loss: 0.02509417276398427
--> Epoch 401
elapsed time: 22.566717863082886
loss: 0.02503647337039461
--> Epoch 402
elapsed time: 22.53951096534729
loss: 0.02506356121602478
--> Epoch 403
elapsed time: 22.515453100204468
loss: 0.025043364379446348
--> Epoch 404
elapsed time: 22.566113710403442
loss: 0.02501553611747521
--> Epoch 405
elapsed time: 22.51381278038025
loss: 0.02499950349835551
--> Epoch 406
elapsed time: 22.705472469329834
loss: 0.025007765948674304
--> Epoch 407
elapsed time: 22.722695112228394
loss: 0.025002969307991434
--> Epoch 408
elapsed time: 22.613038539886475
loss: 0.025012472509524784
--> Epoch 409
elapsed time: 22.646885633468628
loss: 0.025028861456341263
--> Epoch 410
elapsed time: 22.637935638427734
loss: 0.02501195861221145
--> Epoch 411
elapsed time: 22.56444787979126
loss: 0.025009206801947285
--> Epoch 412
elapsed time: 22.628363370895386
loss: 0.024996281758315253
--> Epoch 413
elapsed time: 22.563643217086792
loss: 0.02502123464638348
--> Epoch 414
elapsed time: 22.42130732536316
loss: 0.024982659982014464
--> Epoch 415
elapsed time: 22.968289375305176
loss: 0.02498718488502368
--> Epoch 416
elapsed time: 23.726150512695312
loss: 0.025005158312051003
--> Epoch 417
elapsed time: 23.73587441444397
loss: 0.02499566931252982
--> Epoch 418
elapsed time: 23.770329236984253
loss: 0.025029316080185677
--> Epoch 419
elapsed time: 22.95475697517395
loss: 0.025006674480670933
--> Epoch 420
elapsed time: 22.663212060928345
loss: 0.02500997562406485
--> Epoch 421
elapsed time: 22.768940925598145
loss: 0.025023974662231368
--> Epoch 422
elapsed time: 22.77302122116089
loss: 0.025000893583596594
--> Epoch 423
elapsed time: 22.72640824317932
loss: 0.025003151340814884
--> Epoch 424
elapsed time: 22.598201990127563
loss: 0.024956277979017425
--> Epoch 425
elapsed time: 22.723100662231445
loss: 0.02501341577720945
--> Epoch 426
elapsed time: 22.724278688430786
loss: 0.024946901186782014
--> Epoch 427
elapsed time: 22.755924224853516
loss: 0.025009785397705445
--> Epoch 428
elapsed time: 22.703421115875244
loss: 0.024976909057231076
--> Epoch 429
elapsed time: 22.6867036819458
loss: 0.025020392000086444
--> Epoch 430
elapsed time: 22.80035972595215
loss: 0.024964998417506774
--> Epoch 431
elapsed time: 22.802329540252686
loss: 0.0249414018715398
--> Epoch 432
elapsed time: 22.712791204452515
loss: 0.02498172489384773
--> Epoch 433
elapsed time: 22.6982364654541
loss: 0.024974729180658413
--> Epoch 434
elapsed time: 22.69444489479065
loss: 0.024931826825873086
--> Epoch 435
elapsed time: 22.727766036987305
loss: 0.02489048263070332
--> Epoch 436
elapsed time: 22.757646322250366
loss: 0.024965168182805586
--> Epoch 437
elapsed time: 22.690452814102173
loss: 0.02495328120025171
--> Epoch 438
elapsed time: 22.65613627433777
loss: 0.02493822744058363
--> Epoch 439
elapsed time: 22.645742893218994
loss: 0.02496172183369368
--> Epoch 440
elapsed time: 22.665941953659058
loss: 0.02494053450971141
--> Epoch 441
elapsed time: 22.681776762008667
loss: 0.024886017836987805
--> Epoch 442
elapsed time: 22.703073501586914
loss: 0.024947312235593908
--> Epoch 443
elapsed time: 22.723137378692627
loss: 0.02497611172244948
--> Epoch 444
elapsed time: 22.721957445144653
loss: 0.024899919749511824
--> Epoch 445
elapsed time: 22.653738498687744
loss: 0.024937177967080393
--> Epoch 446
elapsed time: 22.683469772338867
loss: 0.024896998724156353
--> Epoch 447
elapsed time: 22.705110788345337
loss: 0.024971344815751122
--> Epoch 448
elapsed time: 22.723644495010376
loss: 0.024875218190624257
--> Epoch 449
elapsed time: 22.736451148986816
loss: 0.024842830844440777
--> Epoch 450
elapsed time: 22.724833250045776
loss: 0.024892572883029422
--> Epoch 451
elapsed time: 22.810165882110596
loss: 0.024901414482818386
--> Epoch 452
elapsed time: 22.751097679138184
loss: 0.024914611577777402
--> Epoch 453
elapsed time: 22.680344581604004
loss: 0.024875870069115652
--> Epoch 454
elapsed time: 22.7005877494812
loss: 0.02486663367266321
--> Epoch 455
elapsed time: 22.66962504386902
loss: 0.024860443482534682
--> Epoch 456
elapsed time: 22.706534385681152
loss: 0.02492157752368939
--> Epoch 457
elapsed time: 22.640668869018555
loss: 0.024916286398906362
--> Epoch 458
elapsed time: 22.68219494819641
loss: 0.02491352510194339
--> Epoch 459
elapsed time: 22.81205129623413
loss: 0.0248932023134051
--> Epoch 460
elapsed time: 22.729514837265015
loss: 0.024932952510124652
--> Epoch 461
elapsed time: 22.6721293926239
loss: 0.024886813009488952
--> Epoch 462
elapsed time: 22.823959589004517
loss: 0.024871558315442174
--> Epoch 463
elapsed time: 22.704957485198975
loss: 0.024863046957556638
--> Epoch 464
elapsed time: 22.71427345275879
loss: 0.024853179422281647
--> Epoch 465
elapsed time: 22.682573080062866
loss: 0.024878474350174082
--> Epoch 466
elapsed time: 22.699610471725464
loss: 0.024922287694387917
--> Epoch 467
elapsed time: 22.749940156936646
loss: 0.02489049410445726
--> Epoch 468
elapsed time: 22.640727996826172
loss: 0.024834377675379434
--> Epoch 469
elapsed time: 22.716660499572754
loss: 0.024831189203618386
--> Epoch 470
elapsed time: 22.790971755981445
loss: 0.02488261897744206
--> Epoch 471
elapsed time: 22.738286018371582
loss: 0.02484135260684582
--> Epoch 472
elapsed time: 22.65652585029602
loss: 0.024842989745769765
--> Epoch 473
elapsed time: 22.69112515449524
loss: 0.02484431466296217
--> Epoch 474
elapsed time: 22.78685188293457
loss: 0.024817958603825976
--> Epoch 475
elapsed time: 22.79487705230713
loss: 0.024860604553153125
--> Epoch 476
elapsed time: 22.74713897705078
loss: 0.024818277995777602
--> Epoch 477
elapsed time: 22.7717924118042
loss: 0.024846697071968443
--> Epoch 478
elapsed time: 22.738208532333374
loss: 0.02483306580020758
--> Epoch 479
elapsed time: 22.711190700531006
loss: 0.02483828936862082
--> Epoch 480
elapsed time: 22.80614423751831
loss: 0.024821972654937914
--> Epoch 481
elapsed time: 22.723175048828125
loss: 0.024761941101706937
--> Epoch 482
elapsed time: 22.676564693450928
loss: 0.0248664803207201
--> Epoch 483
elapsed time: 22.706076622009277
loss: 0.02480385932801528
--> Epoch 484
elapsed time: 22.85583186149597
loss: 0.024842325147672407
--> Epoch 485
elapsed time: 22.748626947402954
loss: 0.02483444693143482
--> Epoch 486
elapsed time: 22.69639229774475
loss: 0.024826762020265507
--> Epoch 487
elapsed time: 22.713555335998535
loss: 0.024823563012205983
--> Epoch 488
elapsed time: 22.695460319519043
loss: 0.024815320994911728
--> Epoch 489
elapsed time: 22.627728700637817
loss: 0.02478823266741193
--> Epoch 490
elapsed time: 22.714720487594604
loss: 0.024806571880798798
--> Epoch 491
elapsed time: 22.76966428756714
loss: 0.024752743601770974
--> Epoch 492
elapsed time: 22.70300316810608
loss: 0.024821548883015552
--> Epoch 493
elapsed time: 22.765696048736572
loss: 0.024776838251993213
--> Epoch 494
elapsed time: 22.770283937454224
loss: 0.024798245324296763
--> Epoch 495
elapsed time: 22.70730185508728
loss: 0.024839242785356007
--> Epoch 496
elapsed time: 22.71600365638733
loss: 0.02479506279968307
--> Epoch 497
elapsed time: 22.64023447036743
loss: 0.02477874197346191
--> Epoch 498
elapsed time: 22.725913763046265
loss: 0.024750742589947982
--> Epoch 499
elapsed time: 22.718947649002075
loss: 0.02478904115528513
Evaluating model...
val mr: 191.37310791015625 mrr: 0.25728511810302734 hits@10: 0.44365554605075563 hits@5: 0.3452238380382093 hits@3: 0.2806387225548902 hits@1: 0.1677502138579983
--> Epoch 500
elapsed time: 22.74436330795288
loss: 0.024781149322287945
--> Epoch 501
elapsed time: 22.813847541809082
loss: 0.024803465512613587
--> Epoch 502
elapsed time: 22.778927087783813
loss: 0.024784719792255116
--> Epoch 503
elapsed time: 22.900675058364868
loss: 0.02473016349933446
--> Epoch 504
elapsed time: 22.881546020507812
loss: 0.024770073746861094
--> Epoch 505
elapsed time: 22.722204446792603
loss: 0.02476039520786376
--> Epoch 506
elapsed time: 22.85917615890503
loss: 0.024787099299530095
--> Epoch 507
elapsed time: 22.831602334976196
loss: 0.024790180577201767
--> Epoch 508
elapsed time: 22.78870940208435
loss: 0.02475164958949596
--> Epoch 509
elapsed time: 22.857539892196655
loss: 0.02476260735743582
--> Epoch 510
elapsed time: 22.79914116859436
loss: 0.02480126036679756
--> Epoch 511
elapsed time: 22.831448316574097
loss: 0.02473622779357523
--> Epoch 512
elapsed time: 22.772987842559814
loss: 0.024764744934616285
--> Epoch 513
elapsed time: 22.739733695983887
loss: 0.0247421226028777
--> Epoch 514
elapsed time: 22.808794260025024
loss: 0.024738733885373468
--> Epoch 515
elapsed time: 22.700252771377563
loss: 0.024726155202622023
--> Epoch 516
elapsed time: 22.76215147972107
loss: 0.024680975551243
--> Epoch 517
elapsed time: 22.77510094642639
loss: 0.02477046181136779
--> Epoch 518
elapsed time: 22.814239501953125
loss: 0.02469755349083263
--> Epoch 519
elapsed time: 22.744452238082886
loss: 0.02470371006398356
--> Epoch 520
elapsed time: 22.706891298294067
loss: 0.02473997587718329
--> Epoch 521
elapsed time: 22.766872882843018
loss: 0.024699691152121252
--> Epoch 522
elapsed time: 22.88215136528015
loss: 0.024696965121006137
--> Epoch 523
elapsed time: 22.851861000061035
loss: 0.02469878223736053
--> Epoch 524
elapsed time: 22.81662368774414
loss: 0.02469807897404411
--> Epoch 525
elapsed time: 22.856756925582886
loss: 0.024722731825549536
--> Epoch 526
elapsed time: 22.83263111114502
loss: 0.024767902349441654
--> Epoch 527
elapsed time: 22.78737497329712
loss: 0.024652235844257523
--> Epoch 528
elapsed time: 22.8858060836792
loss: 0.024714665140462506
--> Epoch 529
elapsed time: 22.894261837005615
loss: 0.02469194661352787
--> Epoch 530
elapsed time: 22.83925151824951
loss: 0.024679297216846377
--> Epoch 531
elapsed time: 22.828914403915405
loss: 0.024714082220143454
--> Epoch 532
elapsed time: 22.758652448654175
loss: 0.02468911213896685
--> Epoch 533
elapsed time: 22.87583613395691
loss: 0.02472442698157686
--> Epoch 534
elapsed time: 22.85704207420349
loss: 0.024657388332519795
--> Epoch 535
elapsed time: 22.770535230636597
loss: 0.024690586970181592
--> Epoch 536
elapsed time: 22.73578143119812
loss: 0.024634895716580937
--> Epoch 537
elapsed time: 22.719544649124146
loss: 0.024684746627917517
--> Epoch 538
elapsed time: 22.80480194091797
loss: 0.024676342297657302
--> Epoch 539
elapsed time: 22.778920650482178
loss: 0.024714996892808185
--> Epoch 540
elapsed time: 22.80383014678955
loss: 0.02467697326300678
--> Epoch 541
elapsed time: 22.862284898757935
loss: 0.02465947353835669
--> Epoch 542
elapsed time: 22.790031671524048
loss: 0.024699698518593695
--> Epoch 543
elapsed time: 22.789564609527588
loss: 0.02465465113955181
--> Epoch 544
elapsed time: 22.814033031463623
loss: 0.02465127233103941
--> Epoch 545
elapsed time: 22.886041402816772
loss: 0.024664610678633205
--> Epoch 546
elapsed time: 22.780659437179565
loss: 0.02468794412728704
--> Epoch 547
elapsed time: 22.79987668991089
loss: 0.024650818858425346
--> Epoch 548
elapsed time: 22.82624912261963
loss: 0.024621955195296405
--> Epoch 549
elapsed time: 22.77458119392395
loss: 0.02463056433416714
--> Epoch 550
elapsed time: 22.837376594543457
loss: 0.02467897157110309
--> Epoch 551
elapsed time: 22.794827461242676
loss: 0.024636468204370897
--> Epoch 552
elapsed time: 22.79364824295044
loss: 0.024664588919152994
--> Epoch 553
elapsed time: 22.829206228256226
loss: 0.02462960833110623
--> Epoch 554
elapsed time: 22.77112865447998
loss: 0.024636757126391663
--> Epoch 555
elapsed time: 22.789628982543945
loss: 0.024603628089979138
--> Epoch 556
elapsed time: 22.81564426422119
loss: 0.02465350793977728
--> Epoch 557
elapsed time: 22.751874208450317
loss: 0.02459787170342253
--> Epoch 558
elapsed time: 22.7707736492157
loss: 0.024628547765840256
--> Epoch 559
elapsed time: 22.791661977767944
loss: 0.024655816677050107
--> Epoch 560
elapsed time: 22.83579444885254
loss: 0.024658201467368475
--> Epoch 561
elapsed time: 22.85338258743286
loss: 0.024588931495584863
--> Epoch 562
elapsed time: 22.890896320343018
loss: 0.024682469163107512
--> Epoch 563
elapsed time: 22.75915026664734
loss: 0.0246407169575329
--> Epoch 564
elapsed time: 22.807575225830078
loss: 0.024587372894401497
--> Epoch 565
elapsed time: 22.88390326499939
loss: 0.024639927376471703
--> Epoch 566
elapsed time: 22.7885000705719
loss: 0.024533993882580065
--> Epoch 567
elapsed time: 22.858070135116577
loss: 0.024625175412628635
--> Epoch 568
elapsed time: 22.83422589302063
loss: 0.024581243991080814
--> Epoch 569
elapsed time: 22.85902500152588
loss: 0.024616821054877364
--> Epoch 570
elapsed time: 22.76756000518799
loss: 0.024577537572549293
--> Epoch 571
elapsed time: 22.724220514297485
loss: 0.024608706237147244
--> Epoch 572
elapsed time: 22.751895666122437
loss: 0.024610268873769724
--> Epoch 573
elapsed time: 22.72975993156433
loss: 0.02459681544869942
--> Epoch 574
elapsed time: 22.723159790039062
loss: 0.024626922826103074
--> Epoch 575
elapsed time: 22.75394034385681
loss: 0.024580156227340704
--> Epoch 576
elapsed time: 22.791476488113403
loss: 0.02457136887555849
--> Epoch 577
elapsed time: 22.728798627853394
loss: 0.024646960933073333
--> Epoch 578
elapsed time: 22.806554079055786
loss: 0.024612761257691195
--> Epoch 579
elapsed time: 22.75322461128235
loss: 0.024585766859724065
--> Epoch 580
elapsed time: 22.77314281463623
loss: 0.024573646706589413
--> Epoch 581
elapsed time: 22.7271671295166
loss: 0.02457922155796248
--> Epoch 582
elapsed time: 22.706076622009277
loss: 0.02460794803894082
--> Epoch 583
elapsed time: 22.79643940925598
loss: 0.02460223497859678
--> Epoch 584
elapsed time: 22.768166542053223
loss: 0.024581453350292885
--> Epoch 585
elapsed time: 22.765081882476807
loss: 0.02455966848343863
--> Epoch 586
elapsed time: 22.729389905929565
loss: 0.024583841084396627
--> Epoch 587
elapsed time: 22.63753843307495
loss: 0.024540155871945624
--> Epoch 588
elapsed time: 22.857550859451294
loss: 0.024607204908359645
--> Epoch 589
elapsed time: 22.79784655570984
loss: 0.024552291937291568
--> Epoch 590
elapsed time: 22.872504949569702
loss: 0.024574540967256645
--> Epoch 591
elapsed time: 22.751333951950073
loss: 0.02457282913153113
--> Epoch 592
elapsed time: 22.729742288589478
loss: 0.02453232722519875
--> Epoch 593
elapsed time: 22.739830017089844
loss: 0.02457199318935483
--> Epoch 594
elapsed time: 22.716020822525024
loss: 0.02456801029680926
--> Epoch 595
elapsed time: 22.74765396118164
loss: 0.024556240964039584
--> Epoch 596
elapsed time: 22.702182054519653
loss: 0.024573561378867695
--> Epoch 597
elapsed time: 22.771525144577026
loss: 0.0245740170365415
--> Epoch 598
elapsed time: 22.747321367263794
loss: 0.024569239332458935
--> Epoch 599
elapsed time: 22.749745845794678
loss: 0.02453860677848811
Evaluating model...
val mr: 193.77935791015625 mrr: 0.26257339119911194 hits@10: 0.44530938123752495 hits@5: 0.35041345879669233 hits@3: 0.28477331052181354 hits@1: 0.1744796122041631
--> Epoch 600
elapsed time: 22.752531051635742
loss: 0.024511460952551883
--> Epoch 601
elapsed time: 22.747743844985962
loss: 0.024516434343014815
--> Epoch 602
elapsed time: 22.795002937316895
loss: 0.024525843043780953
--> Epoch 603
elapsed time: 22.726813077926636
loss: 0.02452601975851595
--> Epoch 604
elapsed time: 22.7954523563385
loss: 0.02453110502158429
--> Epoch 605
elapsed time: 22.807456731796265
loss: 0.024498720296771595
--> Epoch 606
elapsed time: 22.8357994556427
loss: 0.02454513817962508
--> Epoch 607
elapsed time: 22.857069492340088
loss: 0.024554264150833255
--> Epoch 608
elapsed time: 22.829031705856323
loss: 0.024529784414934752
--> Epoch 609
elapsed time: 22.840669631958008
loss: 0.0245415086079098
--> Epoch 610
elapsed time: 22.814996004104614
loss: 0.024546219740388873
--> Epoch 611
elapsed time: 22.768284559249878
loss: 0.02448712865474195
--> Epoch 612
elapsed time: 22.751417875289917
loss: 0.02451673520488887
--> Epoch 613
elapsed time: 22.849575757980347
loss: 0.024513365415223677
--> Epoch 614
elapsed time: 22.786292791366577
loss: 0.024474640798282758
--> Epoch 615
elapsed time: 22.825141429901123
loss: 0.024514496890672064
--> Epoch 616
elapsed time: 22.741326332092285
loss: 0.024480820602806583
--> Epoch 617
elapsed time: 22.799772262573242
loss: 0.02447271537866272
--> Epoch 618
elapsed time: 22.735427618026733
loss: 0.024466929582288438
--> Epoch 619
elapsed time: 22.82329535484314
loss: 0.024473891427927944
--> Epoch 620
elapsed time: 22.679498195648193
loss: 0.024508323818305026
--> Epoch 621
elapsed time: 22.758260488510132
loss: 0.024478292024343058
--> Epoch 622
elapsed time: 22.798147201538086
loss: 0.02452173358598691
--> Epoch 623
elapsed time: 22.727795362472534
loss: 0.02447062207040704
--> Epoch 624
elapsed time: 22.804382801055908
loss: 0.024502130887652497
--> Epoch 625
elapsed time: 22.778501749038696
loss: 0.02447359440874515
--> Epoch 626
elapsed time: 22.742383003234863
loss: 0.02447607257137967
--> Epoch 627
elapsed time: 22.836159706115723
loss: 0.024456996267428404
--> Epoch 628
elapsed time: 22.747573614120483
loss: 0.024461240897538632
--> Epoch 629
elapsed time: 22.74758243560791
loss: 0.024489913719267297
--> Epoch 630
elapsed time: 22.830497980117798
loss: 0.024472798661504952
--> Epoch 631
elapsed time: 22.71269679069519
loss: 0.024416774618224724
--> Epoch 632
elapsed time: 22.764662504196167
loss: 0.024465562639055336
--> Epoch 633
elapsed time: 22.711060047149658
loss: 0.024425630824796343
--> Epoch 634
elapsed time: 22.76169443130493
loss: 0.024420887449106178
--> Epoch 635
elapsed time: 22.77636218070984
loss: 0.024477529880062434
--> Epoch 636
elapsed time: 22.689685106277466
loss: 0.024472241949636982
--> Epoch 637
elapsed time: 22.739922523498535
loss: 0.024468988921363625
--> Epoch 638
elapsed time: 22.71817898750305
loss: 0.024467481370324923
--> Epoch 639
elapsed time: 22.805821895599365
loss: 0.024450783452206585
--> Epoch 640
elapsed time: 22.83524489402771
loss: 0.02447020237247336
--> Epoch 641
elapsed time: 22.844908475875854
loss: 0.024470730350893394
--> Epoch 642
elapsed time: 22.743425369262695
loss: 0.024453958442131527
--> Epoch 643
elapsed time: 22.804548978805542
loss: 0.02444792127277026
--> Epoch 644
elapsed time: 22.638458251953125
loss: 0.024403150166233307
--> Epoch 645
elapsed time: 22.60447645187378
loss: 0.024445281827494655
--> Epoch 646
elapsed time: 22.55410933494568
loss: 0.02445571732410315
--> Epoch 647
elapsed time: 22.58658194541931
loss: 0.02447305625674305
--> Epoch 648
elapsed time: 22.573983669281006
loss: 0.02442858821641468
--> Epoch 649
elapsed time: 22.54176902770996
loss: 0.024451853234324382
--> Epoch 650
elapsed time: 22.626684427261353
loss: 0.024435933865081107
--> Epoch 651
elapsed time: 22.637552976608276
loss: 0.024393681836290843
--> Epoch 652
elapsed time: 22.578624725341797
loss: 0.02444955069652337
--> Epoch 653
elapsed time: 22.589563131332397
loss: 0.024467662928287757
--> Epoch 654
elapsed time: 22.58226227760315
loss: 0.024452949605132203
--> Epoch 655
elapsed time: 22.56962299346924
loss: 0.024413187041009584
--> Epoch 656
elapsed time: 22.625924110412598
loss: 0.024386976758825923
--> Epoch 657
elapsed time: 22.450058937072754
loss: 0.024411862661758908
--> Epoch 658
elapsed time: 22.541444301605225
loss: 0.024430446906728444
--> Epoch 659
elapsed time: 22.495647430419922
loss: 0.024428653794490607
--> Epoch 660
elapsed time: 22.494254112243652
loss: 0.024448427255155898
--> Epoch 661
elapsed time: 22.452760696411133
loss: 0.024424413827126137
--> Epoch 662
elapsed time: 22.590921640396118
loss: 0.024416032680927978
--> Epoch 663
elapsed time: 22.684457540512085
loss: 0.024392374562535887
--> Epoch 664
elapsed time: 22.612337589263916
loss: 0.024458155782432458
--> Epoch 665
elapsed time: 22.629241943359375
loss: 0.024418701182066106
--> Epoch 666
elapsed time: 22.654849767684937
loss: 0.024387117431464895
--> Epoch 667
elapsed time: 22.55513334274292
loss: 0.024392586085780658
--> Epoch 668
elapsed time: 22.67046046257019
loss: 0.02439628440189339
--> Epoch 669
elapsed time: 22.643383264541626
loss: 0.024406818285766685
--> Epoch 670
elapsed time: 22.578741550445557
loss: 0.02437849004988612
--> Epoch 671
elapsed time: 22.599565505981445
loss: 0.024371705604112608
--> Epoch 672
elapsed time: 22.589266538619995
loss: 0.02440464865987523
--> Epoch 673
elapsed time: 22.552775859832764
loss: 0.024401081582270247
--> Epoch 674
elapsed time: 22.585458040237427
loss: 0.024380338482509666
--> Epoch 675
elapsed time: 22.62055730819702
loss: 0.024356284195439837
--> Epoch 676
elapsed time: 22.575313329696655
loss: 0.0243738896352776
--> Epoch 677
elapsed time: 22.57457423210144
loss: 0.02438596632377168
--> Epoch 678
elapsed time: 22.6395263671875
loss: 0.02437241536828839
--> Epoch 679
elapsed time: 22.587322235107422
loss: 0.024339873219296156
--> Epoch 680
elapsed time: 22.603665590286255
loss: 0.024390415897415925
--> Epoch 681
elapsed time: 22.58628821372986
loss: 0.0243844333580526
--> Epoch 682
elapsed time: 22.52803683280945
loss: 0.02433351327788684
--> Epoch 683
elapsed time: 22.513538122177124
loss: 0.02436176706052903
--> Epoch 684
elapsed time: 22.574456930160522
loss: 0.02434942747798318
--> Epoch 685
elapsed time: 22.54606318473816
loss: 0.024393618678076583
--> Epoch 686
elapsed time: 22.586601972579956
loss: 0.024376127590282504
--> Epoch 687
elapsed time: 22.495314836502075
loss: 0.024357577673705368
--> Epoch 688
elapsed time: 22.554016828536987
loss: 0.0243173433995174
--> Epoch 689
elapsed time: 22.57369875907898
loss: 0.024342619362773474
--> Epoch 690
elapsed time: 22.541634798049927
loss: 0.024363817021545102
--> Epoch 691
elapsed time: 22.500924348831177
loss: 0.024351022839686383
--> Epoch 692
elapsed time: 22.53342056274414
loss: 0.024375776573665166
--> Epoch 693
elapsed time: 22.535711526870728
loss: 0.024369901158301087
--> Epoch 694
elapsed time: 22.595956325531006
loss: 0.024322042944346076
--> Epoch 695
elapsed time: 22.587841272354126
loss: 0.02437711731896071
--> Epoch 696
elapsed time: 22.544427156448364
loss: 0.024356416702578904
--> Epoch 697
elapsed time: 22.555342197418213
loss: 0.024319915442621496
--> Epoch 698
elapsed time: 22.620657920837402
loss: 0.024344925627617038
--> Epoch 699
elapsed time: 22.499708652496338
loss: 0.024345647191465855
Evaluating model...
val mr: 192.35397338867188 mrr: 0.25872769951820374 hits@10: 0.4439406900484745 hits@5: 0.3454234388366125 hits@3: 0.2809238665526091 hits@1: 0.1696321642429427
--> Epoch 700
elapsed time: 22.371827125549316
loss: 0.02428957641033608
--> Epoch 701
elapsed time: 22.62109899520874
loss: 0.02431495443883642
--> Epoch 702
elapsed time: 22.532875061035156
loss: 0.024318113034680445
--> Epoch 703
elapsed time: 22.474318742752075
loss: 0.02433011909860939
--> Epoch 704
elapsed time: 22.63680386543274
loss: 0.02433524839580059
--> Epoch 705
elapsed time: 22.576261043548584
loss: 0.024282936329199027
--> Epoch 706
elapsed time: 22.56588840484619
loss: 0.024288569951144347
--> Epoch 707
elapsed time: 22.58707880973816
loss: 0.0243277657770062
--> Epoch 708
elapsed time: 22.556002378463745
loss: 0.024324252901849384
--> Epoch 709
elapsed time: 22.568930864334106
loss: 0.024295967652244267
--> Epoch 710
elapsed time: 22.607835292816162
loss: 0.024358594637655023
--> Epoch 711
elapsed time: 22.573002338409424
loss: 0.024289864237198602
--> Epoch 712
elapsed time: 22.61547613143921
loss: 0.02432897292000442
--> Epoch 713
elapsed time: 22.512987852096558
loss: 0.02433626068649097
--> Epoch 714
elapsed time: 22.624567985534668
loss: 0.024308457805907402
--> Epoch 715
elapsed time: 22.57633900642395
loss: 0.024305135900065344
--> Epoch 716
elapsed time: 22.57621145248413
loss: 0.024366116578763426
--> Epoch 717
elapsed time: 22.549108028411865
loss: 0.024292076286892228
--> Epoch 718
elapsed time: 22.547999620437622
loss: 0.024271851437041924
--> Epoch 719
elapsed time: 22.515649795532227
loss: 0.02428305100190505
--> Epoch 720
elapsed time: 22.580740213394165
loss: 0.024251849144374775
--> Epoch 721
elapsed time: 22.575595140457153
loss: 0.024303103025270202
--> Epoch 722
elapsed time: 22.594234704971313
loss: 0.024313930106662066
--> Epoch 723
elapsed time: 22.553082704544067
loss: 0.024303829593554153
--> Epoch 724
elapsed time: 22.473928213119507
loss: 0.024261181531009646
--> Epoch 725
elapsed time: 22.580121278762817
loss: 0.02430481034894373
--> Epoch 726
elapsed time: 22.451247930526733
loss: 0.024338591057081773
--> Epoch 727
elapsed time: 22.50457739830017
loss: 0.0242498130173977
--> Epoch 728
elapsed time: 22.48235273361206
loss: 0.024341346359586558
--> Epoch 729
elapsed time: 22.629101514816284
loss: 0.024240562534581796
--> Epoch 730
elapsed time: 22.5673725605011
loss: 0.02427782630504075
--> Epoch 731
elapsed time: 22.53938865661621
loss: 0.024235590463565524
--> Epoch 732
elapsed time: 22.536592483520508
loss: 0.024267134930402293
--> Epoch 733
elapsed time: 22.59607481956482
loss: 0.02426461995818485
--> Epoch 734
elapsed time: 22.548996686935425
loss: 0.024235155915285998
--> Epoch 735
elapsed time: 22.483025312423706
loss: 0.024254461650509714
--> Epoch 736
elapsed time: 22.059609413146973
loss: 0.02428935482565345
--> Epoch 737
elapsed time: 22.51988434791565
loss: 0.02428623360186563
--> Epoch 738
elapsed time: 22.577538013458252
loss: 0.024246517651182575
--> Epoch 739
elapsed time: 22.549614667892456
loss: 0.024259467271917964
--> Epoch 740
elapsed time: 22.521702766418457
loss: 0.02424162317519466
--> Epoch 741
elapsed time: 22.435905694961548
loss: 0.02426598794751311
--> Epoch 742
elapsed time: 22.543012857437134
loss: 0.024256487027413422
--> Epoch 743
elapsed time: 22.50680899620056
loss: 0.024242578387989374
--> Epoch 744
elapsed time: 22.555141925811768
loss: 0.024234964439570062
--> Epoch 745
elapsed time: 22.58002781867981
loss: 0.024200493214005362
--> Epoch 746
elapsed time: 22.510180234909058
loss: 0.024274226572445174
--> Epoch 747
elapsed time: 22.58094620704651
loss: 0.02425224542694897
--> Epoch 748
elapsed time: 22.5435471534729
loss: 0.024238335091343828
--> Epoch 749
elapsed time: 22.508228540420532
loss: 0.02424341612972971
--> Epoch 750
elapsed time: 22.572499752044678
loss: 0.02425055363174328
--> Epoch 751
elapsed time: 22.544110536575317
loss: 0.02424357433716643
--> Epoch 752
elapsed time: 22.498947858810425
loss: 0.024223659488942863
--> Epoch 753
elapsed time: 22.532942533493042
loss: 0.024202630346113516
--> Epoch 754
elapsed time: 22.53799796104431
loss: 0.02425210521340034
--> Epoch 755
elapsed time: 22.461549758911133
loss: 0.024223053149759824
--> Epoch 756
elapsed time: 22.57404589653015
loss: 0.024268412047879717
--> Epoch 757
elapsed time: 22.53381061553955
loss: 0.024197666505430513
--> Epoch 758
elapsed time: 22.526869297027588
loss: 0.02421542359402128
--> Epoch 759
elapsed time: 22.64532995223999
loss: 0.0242223267864895
--> Epoch 760
elapsed time: 22.546361207962036
loss: 0.02418547632174456
--> Epoch 761
elapsed time: 22.573222160339355
loss: 0.02421120689307477
--> Epoch 762
elapsed time: 22.574186325073242
loss: 0.02422877183483663
--> Epoch 763
elapsed time: 22.574316263198853
loss: 0.024184070382116542
--> Epoch 764
elapsed time: 22.561131715774536
loss: 0.024200681362192472
--> Epoch 765
elapsed time: 22.60525918006897
loss: 0.02421048602837498
--> Epoch 766
elapsed time: 22.525290489196777
loss: 0.024171363909291636
--> Epoch 767
elapsed time: 22.566803216934204
loss: 0.024276764064620714
--> Epoch 768
elapsed time: 22.606983423233032
loss: 0.02425954288865246
--> Epoch 769
elapsed time: 22.516766786575317
loss: 0.024189522905189366
--> Epoch 770
elapsed time: 22.5710871219635
loss: 0.024225042235747556
--> Epoch 771
elapsed time: 22.55250573158264
loss: 0.024215590757224095
--> Epoch 772
elapsed time: 22.602644443511963
loss: 0.024174720334521692
--> Epoch 773
elapsed time: 22.53174352645874
loss: 0.024155419253282465
--> Epoch 774
elapsed time: 22.616471529006958
loss: 0.024203620849287632
--> Epoch 775
elapsed time: 22.6143217086792
loss: 0.024170451390146088
--> Epoch 776
elapsed time: 22.640605926513672
loss: 0.024211962077405693
--> Epoch 777
elapsed time: 22.583610773086548
loss: 0.024219968709271133
--> Epoch 778
elapsed time: 22.504836320877075
loss: 0.02416334945712018
--> Epoch 779
elapsed time: 22.558671712875366
loss: 0.024183058026592798
--> Epoch 780
elapsed time: 22.502662658691406
loss: 0.0241865896894084
--> Epoch 781
elapsed time: 22.559478521347046
loss: 0.02417912014767962
--> Epoch 782
elapsed time: 22.55272388458252
loss: 0.024176950094238387
--> Epoch 783
elapsed time: 22.576449394226074
loss: 0.024161333829753263
--> Epoch 784
elapsed time: 22.55153465270996
loss: 0.02419689505668541
--> Epoch 785
elapsed time: 22.604702949523926
loss: 0.02417924530586878
--> Epoch 786
elapsed time: 22.54827046394348
loss: 0.0241903274119433
--> Epoch 787
elapsed time: 22.523847818374634
loss: 0.02416408081080761
--> Epoch 788
elapsed time: 22.547915935516357
loss: 0.024187863377726312
--> Epoch 789
elapsed time: 22.55746841430664
loss: 0.024130263142392867
--> Epoch 790
elapsed time: 22.553343057632446
loss: 0.02416077193822484
--> Epoch 791
elapsed time: 22.550323963165283
loss: 0.024175802371898352
--> Epoch 792
elapsed time: 22.540539741516113
loss: 0.02410243235542487
--> Epoch 793
elapsed time: 22.545361280441284
loss: 0.024183740608064722
--> Epoch 794
elapsed time: 22.54015803337097
loss: 0.024151361415115372
--> Epoch 795
elapsed time: 22.54867935180664
loss: 0.02418209850500747
--> Epoch 796
elapsed time: 22.533048152923584
loss: 0.02416882025969836
--> Epoch 797
elapsed time: 22.61258101463318
loss: 0.02412685166136734
--> Epoch 798
elapsed time: 22.623203992843628
loss: 0.024148297884264088
--> Epoch 799
elapsed time: 22.664413452148438
loss: 0.024143459080864772
Evaluating model...
val mr: 195.8704071044922 mrr: 0.25077736377716064 hits@10: 0.43826632449386943 hits@5: 0.3412603364699173 hits@3: 0.27553464499572283 hits@1: 0.1600228115198175
--> Epoch 800
elapsed time: 22.504095554351807
loss: 0.02412992037187908
--> Epoch 801
elapsed time: 22.59142255783081
loss: 0.024149855421829763
--> Epoch 802
elapsed time: 22.633215188980103
loss: 0.02411743729556661
--> Epoch 803
elapsed time: 22.575161933898926
loss: 0.02411664669118955
--> Epoch 804
elapsed time: 22.592296600341797
loss: 0.024104046814935675
--> Epoch 805
elapsed time: 22.518269538879395
loss: 0.024113883668257174
--> Epoch 806
elapsed time: 22.611491203308105
loss: 0.02414617902640453
--> Epoch 807
elapsed time: 22.596152782440186
loss: 0.024185183154014293
--> Epoch 808
elapsed time: 22.551562070846558
loss: 0.024189708461793996
--> Epoch 809
elapsed time: 22.580819606781006
loss: 0.024121245406112466
--> Epoch 810
elapsed time: 22.640065670013428
loss: 0.024106769111999226
--> Epoch 811
elapsed time: 22.643853187561035
loss: 0.024121384308975705
--> Epoch 812
elapsed time: 22.639061450958252
loss: 0.024158813013771402
--> Epoch 813
elapsed time: 22.643360137939453
loss: 0.024099873848476727
--> Epoch 814
elapsed time: 22.64426016807556
loss: 0.02416476293844596
--> Epoch 815
elapsed time: 22.65610098838806
loss: 0.024121472774982902
--> Epoch 816
elapsed time: 22.604466676712036
loss: 0.024106516770016215
--> Epoch 817
elapsed time: 22.728505611419678
loss: 0.02411321590909505
--> Epoch 818
elapsed time: 22.589306116104126
loss: 0.024110717979292207
--> Epoch 819
elapsed time: 22.756296396255493
loss: 0.02409695321387372
--> Epoch 820
elapsed time: 22.634546041488647
loss: 0.02414803439444623
--> Epoch 821
elapsed time: 22.640137672424316
loss: 0.0241036809549815
--> Epoch 822
elapsed time: 22.705005168914795
loss: 0.0241473030705471
--> Epoch 823
elapsed time: 22.628292322158813
loss: 0.024135674780141825
--> Epoch 824
elapsed time: 22.60438561439514
loss: 0.0241033631383055
--> Epoch 825
elapsed time: 22.651514053344727
loss: 0.024051026517379878
--> Epoch 826
elapsed time: 22.688361167907715
loss: 0.024100046865957476
--> Epoch 827
elapsed time: 22.790461778640747
loss: 0.024068912181053538
--> Epoch 828
elapsed time: 22.86042356491089
loss: 0.024076572418745574
--> Epoch 829
elapsed time: 22.81269145011902
loss: 0.02413410214691485
--> Epoch 830
elapsed time: 22.764630794525146
loss: 0.024088901761123736
--> Epoch 831
elapsed time: 22.845823764801025
loss: 0.024103279427913484
--> Epoch 832
elapsed time: 22.886879920959473
loss: 0.02407078071727802
--> Epoch 833
elapsed time: 22.784377574920654
loss: 0.02410067995854234
--> Epoch 834
elapsed time: 22.793561458587646
loss: 0.02408483872226915
--> Epoch 835
elapsed time: 22.831665992736816
loss: 0.02407136328714643
--> Epoch 836
elapsed time: 22.818957090377808
loss: 0.024073321358252558
--> Epoch 837
elapsed time: 22.835302352905273
loss: 0.0240877371050088
--> Epoch 838
elapsed time: 22.877528190612793
loss: 0.024066113158079216
--> Epoch 839
elapsed time: 22.86665916442871
loss: 0.024092264315735475
--> Epoch 840
elapsed time: 22.847219228744507
loss: 0.024080361906344445
--> Epoch 841
elapsed time: 22.838361501693726
loss: 0.024084745689890122
--> Epoch 842
elapsed time: 22.766897916793823
loss: 0.024089175838055414
--> Epoch 843
elapsed time: 22.86142086982727
loss: 0.024068822257171683
--> Epoch 844
elapsed time: 22.82152819633484
loss: 0.024081284989824522
--> Epoch 845
elapsed time: 22.891330242156982
loss: 0.024060757501315422
--> Epoch 846
elapsed time: 22.855430603027344
loss: 0.024083127915116267
--> Epoch 847
elapsed time: 22.836116313934326
loss: 0.024058155347492373
--> Epoch 848
elapsed time: 22.79455852508545
loss: 0.024047269325559697
--> Epoch 849
elapsed time: 22.923197507858276
loss: 0.024077102664581247
--> Epoch 850
elapsed time: 22.877532482147217
loss: 0.024003642389545547
--> Epoch 851
elapsed time: 22.92190933227539
loss: 0.024025125181966533
--> Epoch 852
elapsed time: 22.919320583343506
loss: 0.02401498807129833
--> Epoch 853
elapsed time: 22.784902095794678
loss: 0.024048846716154103
--> Epoch 854
elapsed time: 22.790525436401367
loss: 0.02407613652999235
--> Epoch 855
elapsed time: 22.739463567733765
loss: 0.02405760091881032
--> Epoch 856
elapsed time: 22.792086839675903
loss: 0.024096530085028284
--> Epoch 857
elapsed time: 22.72811269760132
loss: 0.02400010465166811
--> Epoch 858
elapsed time: 22.790875911712646
loss: 0.024125679486333932
--> Epoch 859
elapsed time: 22.81702947616577
loss: 0.02407708408018383
--> Epoch 860
elapsed time: 22.76863694190979
loss: 0.02402450415539719
--> Epoch 861
elapsed time: 22.85832405090332
loss: 0.024037791717436554
--> Epoch 862
elapsed time: 22.811238288879395
loss: 0.02404180633978303
--> Epoch 863
elapsed time: 22.81196928024292
loss: 0.024050021363616773
--> Epoch 864
elapsed time: 22.794509649276733
loss: 0.024070017370951702
--> Epoch 865
elapsed time: 22.770732164382935
loss: 0.02407886565208211
--> Epoch 866
elapsed time: 22.5754976272583
loss: 0.024024594922112834
--> Epoch 867
elapsed time: 22.559236764907837
loss: 0.02401772564450526
--> Epoch 868
elapsed time: 22.648101329803467
loss: 0.024013652947231047
--> Epoch 869
elapsed time: 22.6553738117218
loss: 0.02406322525381369
--> Epoch 870
elapsed time: 22.64286732673645
loss: 0.02405580199785313
--> Epoch 871
elapsed time: 22.62772822380066
loss: 0.024087611019877702
--> Epoch 872
elapsed time: 22.644532918930054
loss: 0.023994936776870507
--> Epoch 873
elapsed time: 22.641740560531616
loss: 0.02401902262902944
--> Epoch 874
elapsed time: 22.580430507659912
loss: 0.02401142005799014
--> Epoch 875
elapsed time: 22.565722465515137
loss: 0.0239960156531824
--> Epoch 876
elapsed time: 22.608686923980713
loss: 0.024038037157294218
--> Epoch 877
elapsed time: 22.601558446884155
loss: 0.024032105815264826
--> Epoch 878
elapsed time: 22.594282865524292
loss: 0.02400503997618257
--> Epoch 879
elapsed time: 22.64240598678589
loss: 0.024026201060173204
--> Epoch 880
elapsed time: 22.603313446044922
loss: 0.024055316532600183
--> Epoch 881
elapsed time: 22.586568355560303
loss: 0.02404274408611787
--> Epoch 882
elapsed time: 22.57319688796997
loss: 0.024012793659785394
--> Epoch 883
elapsed time: 22.58150625228882
loss: 0.02402287716201926
--> Epoch 884
elapsed time: 22.578248262405396
loss: 0.024033142670792783
--> Epoch 885
elapsed time: 22.640982627868652
loss: 0.023979287384286424
--> Epoch 886
elapsed time: 22.599058389663696
loss: 0.023993915246549015
--> Epoch 887
elapsed time: 22.583146572113037
loss: 0.024037154976660535
--> Epoch 888
elapsed time: 22.609143257141113
loss: 0.024006504244815038
--> Epoch 889
elapsed time: 22.55471181869507
loss: 0.02404266756872523
--> Epoch 890
elapsed time: 22.55831265449524
loss: 0.023999990268083866
--> Epoch 891
elapsed time: 22.539846658706665
loss: 0.023996772945473917
--> Epoch 892
elapsed time: 22.606955528259277
loss: 0.024057734568418473
--> Epoch 893
elapsed time: 22.558058738708496
loss: 0.023988413225827863
--> Epoch 894
elapsed time: 22.572705030441284
loss: 0.023975307554679443
--> Epoch 895
elapsed time: 22.600110054016113
loss: 0.024018318338892647
--> Epoch 896
elapsed time: 22.6017849445343
loss: 0.02398952404571555
--> Epoch 897
elapsed time: 22.56898522377014
loss: 0.02399923013363766
--> Epoch 898
elapsed time: 22.572373628616333
loss: 0.024013079590709953
--> Epoch 899
elapsed time: 22.624171257019043
loss: 0.023998138500922486
Evaluating model...
val mr: 198.03817749023438 mrr: 0.2572105824947357 hits@10: 0.4451953236384374 hits@5: 0.34653550042771597 hits@3: 0.28175078414599375 hits@1: 0.1662104362703165
--> Epoch 900
elapsed time: 22.602287530899048
loss: 0.024021121551504362
--> Epoch 901
elapsed time: 22.620614290237427
loss: 0.023991367827859107
--> Epoch 902
elapsed time: 22.59753441810608
loss: 0.024003022344237998
--> Epoch 903
elapsed time: 22.666178464889526
loss: 0.024068250943777816
--> Epoch 904
elapsed time: 22.7462956905365
loss: 0.023986940521848504
--> Epoch 905
elapsed time: 22.85484480857849
loss: 0.023976899119249964
--> Epoch 906
elapsed time: 22.771545886993408
loss: 0.02397478035075532
--> Epoch 907
elapsed time: 22.748093843460083
loss: 0.023940100748992593
--> Epoch 908
elapsed time: 22.718343257904053
loss: 0.023997121989054154
--> Epoch 909
elapsed time: 22.688877820968628
loss: 0.023988184917749712
--> Epoch 910
elapsed time: 22.69809341430664
loss: 0.023970998031624287
--> Epoch 911
elapsed time: 22.774317026138306
loss: 0.023984213814363654
--> Epoch 912
elapsed time: 22.8552143573761
loss: 0.024028961440707756
--> Epoch 913
elapsed time: 22.767151832580566
loss: 0.023990178443947043
--> Epoch 914
elapsed time: 23.2649085521698
loss: 0.023987988213310236
--> Epoch 915
elapsed time: 22.702340364456177
loss: 0.02396178175103855
--> Epoch 916
elapsed time: 22.658653497695923
loss: 0.023965836300226393
--> Epoch 917
elapsed time: 22.831685304641724
loss: 0.02401099222609712
--> Epoch 918
elapsed time: 22.6700119972229
loss: 0.023997991355460203
--> Epoch 919
elapsed time: 22.682740926742554
loss: 0.023966694928824847
--> Epoch 920
elapsed time: 22.785828113555908
loss: 0.02396878775345864
--> Epoch 921
elapsed time: 22.772092580795288
loss: 0.023968494428025587
--> Epoch 922
elapsed time: 22.822388172149658
loss: 0.023971146508798998
--> Epoch 923
elapsed time: 22.866095542907715
loss: 0.023915029632896604
--> Epoch 924
elapsed time: 22.75028371810913
loss: 0.02399322481848727
--> Epoch 925
elapsed time: 22.72179365158081
loss: 0.023986351542237896
--> Epoch 926
elapsed time: 22.782870769500732
loss: 0.023949265381915323
--> Epoch 927
elapsed time: 22.741350412368774
loss: 0.02400290895067681
--> Epoch 928
elapsed time: 22.700883626937866
loss: 0.023925058033776418
--> Epoch 929
elapsed time: 22.642317533493042
loss: 0.024021510730444097
--> Epoch 930
elapsed time: 22.704607009887695
loss: 0.023968886103926126
--> Epoch 931
elapsed time: 22.72340416908264
loss: 0.02391829076358875
--> Epoch 932
elapsed time: 22.747623205184937
loss: 0.023957065838412755
--> Epoch 933
elapsed time: 22.81258201599121
loss: 0.02394761744210267
--> Epoch 934
elapsed time: 22.749313831329346
loss: 0.023904770153626336
--> Epoch 935
elapsed time: 22.74470806121826
loss: 0.023945720848799985
--> Epoch 936
elapsed time: 22.639477729797363
loss: 0.02397236916799929
--> Epoch 937
elapsed time: 22.73380470275879
loss: 0.0239039101092073
--> Epoch 938
elapsed time: 22.72134041786194
loss: 0.02396350554764439
--> Epoch 939
elapsed time: 22.770601272583008
loss: 0.023968943919520386
--> Epoch 940
elapsed time: 22.660675048828125
loss: 0.023905135389778374
--> Epoch 941
elapsed time: 22.790406465530396
loss: 0.023925108369001778
--> Epoch 942
elapsed time: 22.765511512756348
loss: 0.023970114741814326
--> Epoch 943
elapsed time: 22.78957223892212
loss: 0.02397139968485453
--> Epoch 944
elapsed time: 22.713703632354736
loss: 0.0239514739253503
--> Epoch 945
elapsed time: 22.839375019073486
loss: 0.023856860200891155
--> Epoch 946
elapsed time: 22.76741862297058
loss: 0.02394195256346481
--> Epoch 947
elapsed time: 22.76303720474243
loss: 0.023913420146280374
--> Epoch 948
elapsed time: 22.753393411636353
loss: 0.02391639334672706
--> Epoch 949
elapsed time: 22.777979373931885
loss: 0.02398666923450392
--> Epoch 950
elapsed time: 22.744770050048828
loss: 0.023915391480190958
--> Epoch 951
elapsed time: 22.734069347381592
loss: 0.02389236527161282
--> Epoch 952
elapsed time: 22.804458141326904
loss: 0.023927156793291795
--> Epoch 953
elapsed time: 22.721608638763428
loss: 0.02388718283559114
--> Epoch 954
elapsed time: 22.7842013835907
loss: 0.02390632395363594
--> Epoch 955
elapsed time: 22.76197361946106
loss: 0.023918763985848607
--> Epoch 956
elapsed time: 22.705502033233643
loss: 0.02389836862423963
--> Epoch 957
elapsed time: 22.76931881904602
loss: 0.023967047010812127
--> Epoch 958
elapsed time: 22.79245352745056
loss: 0.0239031272375236
--> Epoch 959
elapsed time: 22.703201293945312
loss: 0.023926860790415855
--> Epoch 960
elapsed time: 22.679131269454956
loss: 0.02389659957219045
--> Epoch 961
elapsed time: 22.711623191833496
loss: 0.023934296042301805
--> Epoch 962
elapsed time: 22.73664617538452
loss: 0.02392728102453901
--> Epoch 963
elapsed time: 22.69865107536316
loss: 0.023873412659214784
--> Epoch 964
elapsed time: 22.670592546463013
loss: 0.0238879282844033
--> Epoch 965
elapsed time: 22.696889638900757
loss: 0.023951002353712957
--> Epoch 966
elapsed time: 22.683115243911743
loss: 0.023914761131634606
--> Epoch 967
elapsed time: 22.795697450637817
loss: 0.02390994956350674
--> Epoch 968
elapsed time: 22.750340223312378
loss: 0.023918753952446796
--> Epoch 969
elapsed time: 22.748070001602173
loss: 0.023939589196194037
--> Epoch 970
elapsed time: 22.76931118965149
loss: 0.023888619392339282
--> Epoch 971
elapsed time: 22.780011892318726
loss: 0.02389324391094279
--> Epoch 972
elapsed time: 22.904802799224854
loss: 0.023938355916587117
--> Epoch 973
elapsed time: 22.643285274505615
loss: 0.02393684662205648
--> Epoch 974
elapsed time: 22.4395170211792
loss: 0.023884547266299613
--> Epoch 975
elapsed time: 22.443914651870728
loss: 0.02389737441680225
--> Epoch 976
elapsed time: 22.446903705596924
loss: 0.023930612462638463
--> Epoch 977
elapsed time: 22.432350397109985
loss: 0.023881115198051268
--> Epoch 978
elapsed time: 22.395999670028687
loss: 0.023890975163592443
--> Epoch 979
elapsed time: 22.532602310180664
loss: 0.02392233796207443
--> Epoch 980
elapsed time: 23.058350801467896
loss: 0.023897249528460087
--> Epoch 981
elapsed time: 23.674322843551636
loss: 0.023919022034920284
--> Epoch 982
elapsed time: 22.794291257858276
loss: 0.023927409799378768
--> Epoch 983
elapsed time: 22.823787927627563
loss: 0.02386287687940353
--> Epoch 984
elapsed time: 22.83938217163086
loss: 0.023909175877134304
--> Epoch 985
elapsed time: 22.732057571411133
loss: 0.0238497546827552
--> Epoch 986
elapsed time: 22.779998064041138
loss: 0.02387276556087011
--> Epoch 987
elapsed time: 22.772603750228882
loss: 0.023888230758350296
--> Epoch 988
elapsed time: 22.821565628051758
loss: 0.02388715844597888
--> Epoch 989
elapsed time: 22.892606258392334
loss: 0.02388294328351068
--> Epoch 990
elapsed time: 22.818572759628296
loss: 0.023894555605632566
--> Epoch 991
elapsed time: 22.85853910446167
loss: 0.0238670731736093
--> Epoch 992
elapsed time: 22.770857334136963
loss: 0.023916416802388367
--> Epoch 993
elapsed time: 22.80803608894348
loss: 0.02385480932344666
--> Epoch 994
elapsed time: 22.817415237426758
loss: 0.023894271476024295
--> Epoch 995
elapsed time: 22.832451105117798
loss: 0.023859852898659172
--> Epoch 996
elapsed time: 22.769709825515747
loss: 0.023860702047567826
--> Epoch 997
elapsed time: 22.817229986190796
loss: 0.02385153702214038
--> Epoch 998
elapsed time: 22.868053674697876
loss: 0.023846932605385555
--> Epoch 999
elapsed time: 22.76287531852722
loss: 0.023888559691320584
Evaluating model...
val mr: 190.402587890625 mrr: 0.25718021392822266 hits@10: 0.4481893356144853 hits@5: 0.3457656116338751 hits@3: 0.2802680353578557 hits@1: 0.16692329626461364
--> Epoch 1000
elapsed time: 22.766199111938477
loss: 0.023864407428765454
Start testing...
test mr: 205.98118591308594 mrr: 0.2514205276966095 hits@10: 0.44307632170429007 hits@5: 0.3424704387765074 hits@3: 0.27474836313886447 hits@1: 0.1604856835727548
{'epoch': [1, 100, 200, 300, 400, 500, 600, 700, 800, 900, 1000], 'val_mrr': [0.0008840457885526121, 0.24368490278720856, 0.25068429112434387, 0.2525999844074249, 0.24372312426567078, 0.25728511810302734, 0.26257339119911194, 0.25872769951820374, 0.25077736377716064, 0.2572105824947357, 0.25718021392822266], 'val_mr': [7301.166015625, 204.0688934326172, 195.90838623046875, 195.19215393066406, 192.02899169921875, 191.37310791015625, 193.77935791015625, 192.35397338867188, 195.8704071044922, 198.03817749023438, 190.402587890625], 'val_hits10': [0.000855431993156544, 0.41793555745651556, 0.43384659252922725, 0.4372968349016253, 0.4305674365554605, 0.44365554605075563, 0.44530938123752495, 0.4439406900484745, 0.43826632449386943, 0.4451953236384374, 0.4481893356144853], 'val_hits5': [0.0005417735956658112, 0.32586256059309954, 0.3397205588822355, 0.3422868548617052, 0.32897063016823497, 0.3452238380382093, 0.35041345879669233, 0.3454234388366125, 0.3412603364699173, 0.34653550042771597, 0.3457656116338751], 'val_hits3': [0.0004562303963501568, 0.26521243227830055, 0.27530652979754777, 0.2772455089820359, 0.26427145708582833, 0.2806387225548902, 0.28477331052181354, 0.2809238665526091, 0.27553464499572283, 0.28175078414599375, 0.2802680353578557], 'val_hits1': [0.0001996007984031936, 0.15831194753350442, 0.1619332763045338, 0.16250356429997148, 0.1555460507556316, 0.1677502138579983, 0.1744796122041631, 0.1696321642429427, 0.1600228115198175, 0.1662104362703165, 0.16692329626461364]}
