Using CUDA
Load processed dataset...
Model type: DistMult
14923 237
torch.Size([14923, 121]) torch.Size([14923, 300])
Start training...
Evaluating model...
val mr: 7296.3623046875 mrr: 0.10947464406490326 hits@10: 0.10932420872540632 hits@5: 0.10932420872540632 hits@3: 0.10932420872540632 hits@1: 0.10932420872540632
--> Epoch 1
elapsed time: 7.667100191116333
loss: 18.343558190346663
--> Epoch 2
elapsed time: 7.66170334815979
loss: 10.623683831653613
--> Epoch 3
elapsed time: 7.775677680969238
loss: 5.37751080848536
--> Epoch 4
elapsed time: 7.693087577819824
loss: 3.0324098424651322
--> Epoch 5
elapsed time: 7.7034831047058105
loss: 1.9485276243312115
--> Epoch 6
elapsed time: 7.889968395233154
loss: 1.4042583873893222
--> Epoch 7
elapsed time: 7.656861782073975
loss: 1.1109053786363898
--> Epoch 8
elapsed time: 7.649228096008301
loss: 0.9405501826350013
--> Epoch 9
elapsed time: 7.89691162109375
loss: 0.8182991398244339
--> Epoch 10
elapsed time: 7.708805561065674
loss: 0.6701650266813313
--> Epoch 11
elapsed time: 7.724622011184692
loss: 0.4437411758042907
--> Epoch 12
elapsed time: 7.647900104522705
loss: 0.2391730319578919
--> Epoch 13
elapsed time: 7.737732410430908
loss: 0.1347684423918446
--> Epoch 14
elapsed time: 7.704446792602539
loss: 0.09303676260605469
--> Epoch 15
elapsed time: 7.724301815032959
loss: 0.07546360442381587
--> Epoch 16
elapsed time: 7.737685680389404
loss: 0.06714497907534031
--> Epoch 17
elapsed time: 7.773674726486206
loss: 0.06254699203139302
--> Epoch 18
elapsed time: 7.7124645709991455
loss: 0.05970392925340616
--> Epoch 19
elapsed time: 7.75166654586792
loss: 0.057595608452806354
--> Epoch 20
elapsed time: 7.606066942214966
loss: 0.05582551131776673
--> Epoch 21
elapsed time: 7.745676517486572
loss: 0.05422667665923976
--> Epoch 22
elapsed time: 7.632369756698608
loss: 0.05267819065534048
--> Epoch 23
elapsed time: 7.712644815444946
loss: 0.05124922124064429
--> Epoch 24
elapsed time: 7.705642223358154
loss: 0.049775399800358465
--> Epoch 25
elapsed time: 7.712137699127197
loss: 0.048359205194609636
--> Epoch 26
elapsed time: 7.710796117782593
loss: 0.04694987632691692
--> Epoch 27
elapsed time: 7.753540992736816
loss: 0.04558555566314135
--> Epoch 28
elapsed time: 7.688830614089966
loss: 0.04416976589446683
--> Epoch 29
elapsed time: 7.734890460968018
loss: 0.04278400697353754
--> Epoch 30
elapsed time: 7.718450307846069
loss: 0.041512381737510325
--> Epoch 31
elapsed time: 7.711696147918701
loss: 0.040269804545454785
--> Epoch 32
elapsed time: 7.793102502822876
loss: 0.0390502945051256
--> Epoch 33
elapsed time: 7.736199378967285
loss: 0.03793915406374133
--> Epoch 34
elapsed time: 7.744325876235962
loss: 0.036890242697350396
--> Epoch 35
elapsed time: 7.7368175983428955
loss: 0.03583773201014338
--> Epoch 36
elapsed time: 7.740394115447998
loss: 0.03491337915228878
--> Epoch 37
elapsed time: 7.7655322551727295
loss: 0.034018806044296176
--> Epoch 38
elapsed time: 7.761059761047363
loss: 0.033188074245446154
--> Epoch 39
elapsed time: 7.812382459640503
loss: 0.03235495260628404
--> Epoch 40
elapsed time: 7.776422739028931
loss: 0.03165485377327967
--> Epoch 41
elapsed time: 7.691806793212891
loss: 0.030970445919084526
--> Epoch 42
elapsed time: 7.84092116355896
loss: 0.03023971501397896
--> Epoch 43
elapsed time: 7.723100185394287
loss: 0.02962531837847641
--> Epoch 44
elapsed time: 7.699899911880493
loss: 0.02904752436376975
--> Epoch 45
elapsed time: 7.737171411514282
loss: 0.02848837782584152
--> Epoch 46
elapsed time: 7.735518455505371
loss: 0.02798368951247923
--> Epoch 47
elapsed time: 7.742556810379028
loss: 0.027505355875725356
--> Epoch 48
elapsed time: 7.778036832809448
loss: 0.02708230338296796
--> Epoch 49
elapsed time: 7.786290407180786
loss: 0.026616739547221817
--> Epoch 50
elapsed time: 7.738924980163574
loss: 0.02623066614160309
--> Epoch 51
elapsed time: 7.849628925323486
loss: 0.02578259097028485
--> Epoch 52
elapsed time: 7.821320056915283
loss: 0.025428599347680218
--> Epoch 53
elapsed time: 7.743516445159912
loss: 0.025090885074390404
--> Epoch 54
elapsed time: 7.770477533340454
loss: 0.02478245987801314
--> Epoch 55
elapsed time: 7.765439748764038
loss: 0.024426715027957957
--> Epoch 56
elapsed time: 7.800173759460449
loss: 0.024131011054873017
--> Epoch 57
elapsed time: 7.743948936462402
loss: 0.02378993887044244
--> Epoch 58
elapsed time: 7.793606758117676
loss: 0.02352019499282958
--> Epoch 59
elapsed time: 7.766342878341675
loss: 0.023337499379607045
--> Epoch 60
elapsed time: 7.835146427154541
loss: 0.023051563776531874
--> Epoch 61
elapsed time: 7.712353706359863
loss: 0.022844922433581872
--> Epoch 62
elapsed time: 7.817676782608032
loss: 0.022549052029735953
--> Epoch 63
elapsed time: 7.802167177200317
loss: 0.022392837022302405
--> Epoch 64
elapsed time: 7.735524892807007
loss: 0.022124776306543727
--> Epoch 65
elapsed time: 7.719420671463013
loss: 0.02197940238626185
--> Epoch 66
elapsed time: 7.784325361251831
loss: 0.021807776599323425
--> Epoch 67
elapsed time: 7.7406487464904785
loss: 0.021581035340423868
--> Epoch 68
elapsed time: 7.833614349365234
loss: 0.0214274091381485
--> Epoch 69
elapsed time: 7.738515615463257
loss: 0.021225336017411268
--> Epoch 70
elapsed time: 7.7355499267578125
loss: 0.021097047028402507
--> Epoch 71
elapsed time: 7.683197021484375
loss: 0.020926351248096546
--> Epoch 72
elapsed time: 7.688770294189453
loss: 0.020841186447375693
--> Epoch 73
elapsed time: 7.708495616912842
loss: 0.020655579493501112
--> Epoch 74
elapsed time: 7.710050582885742
loss: 0.020493673689852655
--> Epoch 75
elapsed time: 7.874021053314209
loss: 0.02041736800444373
--> Epoch 76
elapsed time: 7.72056245803833
loss: 0.02026413820564803
--> Epoch 77
elapsed time: 7.7318196296691895
loss: 0.02011725979901829
--> Epoch 78
elapsed time: 7.708637237548828
loss: 0.020053131768684958
--> Epoch 79
elapsed time: 7.713256120681763
loss: 0.01992988687706016
--> Epoch 80
elapsed time: 7.735250234603882
loss: 0.019771692633054106
--> Epoch 81
elapsed time: 7.701562881469727
loss: 0.01971489255888666
--> Epoch 82
elapsed time: 7.958606004714966
loss: 0.019565142274099147
--> Epoch 83
elapsed time: 7.797777891159058
loss: 0.01950463785957247
--> Epoch 84
elapsed time: 7.70333456993103
loss: 0.019393333322381703
--> Epoch 85
elapsed time: 7.715698003768921
loss: 0.019300096415102427
--> Epoch 86
elapsed time: 7.805513620376587
loss: 0.019192769341976824
--> Epoch 87
elapsed time: 7.787797451019287
loss: 0.019131260650689774
--> Epoch 88
elapsed time: 7.73385214805603
loss: 0.019020432124469824
--> Epoch 89
elapsed time: 7.7599945068359375
loss: 0.018994167000265582
--> Epoch 90
elapsed time: 7.735595703125
loss: 0.018865675850300887
--> Epoch 91
elapsed time: 7.68932032585144
loss: 0.018791901376115916
--> Epoch 92
elapsed time: 7.699234485626221
loss: 0.01871794177988511
--> Epoch 93
elapsed time: 7.794280767440796
loss: 0.018652520393943967
--> Epoch 94
elapsed time: 7.665971517562866
loss: 0.01859631224142025
--> Epoch 95
elapsed time: 7.833281993865967
loss: 0.01857945107200436
--> Epoch 96
elapsed time: 7.721824884414673
loss: 0.018491520594563667
--> Epoch 97
elapsed time: 7.693931579589844
loss: 0.01844679878416593
--> Epoch 98
elapsed time: 7.703186988830566
loss: 0.018355204667703285
--> Epoch 99
elapsed time: 7.689044713973999
loss: 0.018279269927287314
Evaluating model...
val mr: 388.948486328125 mrr: 0.2484501451253891 hits@10: 0.4264328485885372 hits@5: 0.3360422013116624 hits@3: 0.2743940690048475 hits@1: 0.16258910749928715
--> Epoch 100
elapsed time: 7.408796548843384
loss: 0.018228012764421646
--> Epoch 101
elapsed time: 7.619068145751953
loss: 0.018200661867036925
--> Epoch 102
elapsed time: 7.796111583709717
loss: 0.0181129579392883
--> Epoch 103
elapsed time: 7.795647859573364
loss: 0.018067043779289957
--> Epoch 104
elapsed time: 7.721255779266357
loss: 0.018038768804021468
--> Epoch 105
elapsed time: 7.795833349227905
loss: 0.017977675485231073
--> Epoch 106
elapsed time: 7.694653749465942
loss: 0.017912592836116858
--> Epoch 107
elapsed time: 7.7501380443573
loss: 0.017905543732648736
--> Epoch 108
elapsed time: 7.726680755615234
loss: 0.017859016883301767
--> Epoch 109
elapsed time: 7.691389083862305
loss: 0.01780699079230722
--> Epoch 110
elapsed time: 7.789897680282593
loss: 0.0177240213580773
--> Epoch 111
elapsed time: 7.767168760299683
loss: 0.017662717350114657
--> Epoch 112
elapsed time: 7.707921981811523
loss: 0.017686249603283428
--> Epoch 113
elapsed time: 7.7291834354400635
loss: 0.01758210678074092
--> Epoch 114
elapsed time: 7.695600509643555
loss: 0.017608377015391613
--> Epoch 115
elapsed time: 7.704145431518555
loss: 0.017531463858844083
--> Epoch 116
elapsed time: 7.702610492706299
loss: 0.01755271504457027
--> Epoch 117
elapsed time: 7.761057615280151
loss: 0.017507568178724703
--> Epoch 118
elapsed time: 7.707728862762451
loss: 0.017432770966039665
--> Epoch 119
elapsed time: 7.749567031860352
loss: 0.017416261426529734
--> Epoch 120
elapsed time: 7.73314642906189
loss: 0.017392478328678313
--> Epoch 121
elapsed time: 7.757856369018555
loss: 0.017332817693280368
--> Epoch 122
elapsed time: 7.461763143539429
loss: 0.017328637816810932
--> Epoch 123
elapsed time: 7.700562238693237
loss: 0.017348119187381675
--> Epoch 124
elapsed time: 7.715396404266357
loss: 0.017249584371471113
--> Epoch 125
elapsed time: 7.750203847885132
loss: 0.017229831021415773
--> Epoch 126
elapsed time: 7.623578310012817
loss: 0.01720950895568193
--> Epoch 127
elapsed time: 7.769784212112427
loss: 0.017167854942872013
--> Epoch 128
elapsed time: 7.582431077957153
loss: 0.01716057428527669
--> Epoch 129
elapsed time: 7.772756338119507
loss: 0.017145039840502384
--> Epoch 130
elapsed time: 7.813701152801514
loss: 0.017152689986092127
--> Epoch 131
elapsed time: 7.692686319351196
loss: 0.01706407495589466
--> Epoch 132
elapsed time: 7.706038475036621
loss: 0.017053674849544006
--> Epoch 133
elapsed time: 7.7473695278167725
loss: 0.017019407366343747
--> Epoch 134
elapsed time: 7.7060558795928955
loss: 0.017005650704220176
--> Epoch 135
elapsed time: 7.720763444900513
loss: 0.016966875347283406
--> Epoch 136
elapsed time: 7.7898101806640625
loss: 0.016956949865871294
--> Epoch 137
elapsed time: 7.684077978134155
loss: 0.016927922589604516
--> Epoch 138
elapsed time: 7.8793113231658936
loss: 0.016947119531807817
--> Epoch 139
elapsed time: 7.7866737842559814
loss: 0.016872984307238995
--> Epoch 140
elapsed time: 7.706367254257202
loss: 0.016895024542217533
--> Epoch 141
elapsed time: 7.76370906829834
loss: 0.0168370304257729
--> Epoch 142
elapsed time: 7.804208755493164
loss: 0.01686076548385065
--> Epoch 143
elapsed time: 7.785987854003906
loss: 0.01683193481126879
--> Epoch 144
elapsed time: 7.794261693954468
loss: 0.016761377636914477
--> Epoch 145
elapsed time: 7.743912935256958
loss: 0.016804761488099257
--> Epoch 146
elapsed time: 7.868016004562378
loss: 0.016781612753216265
--> Epoch 147
elapsed time: 7.832889080047607
loss: 0.016766131936151077
--> Epoch 148
elapsed time: 7.814533948898315
loss: 0.016780240771379094
--> Epoch 149
elapsed time: 7.711169958114624
loss: 0.016742797179440227
--> Epoch 150
elapsed time: 7.730029106140137
loss: 0.016714441319288002
--> Epoch 151
elapsed time: 7.68303108215332
loss: 0.01664259632206535
--> Epoch 152
elapsed time: 7.679714202880859
loss: 0.016655308258415727
--> Epoch 153
elapsed time: 7.793748617172241
loss: 0.01664426877677637
--> Epoch 154
elapsed time: 7.687015056610107
loss: 0.01662539878048823
--> Epoch 155
elapsed time: 7.724869251251221
loss: 0.016606066258569877
--> Epoch 156
elapsed time: 7.84036111831665
loss: 0.016609837855663594
--> Epoch 157
elapsed time: 7.711483716964722
loss: 0.01660929742573234
--> Epoch 158
elapsed time: 7.799490690231323
loss: 0.016610750444899274
--> Epoch 159
elapsed time: 7.675414800643921
loss: 0.016575413247919092
--> Epoch 160
elapsed time: 7.679005861282349
loss: 0.016564806689344423
--> Epoch 161
elapsed time: 7.676545143127441
loss: 0.01654978187076628
--> Epoch 162
elapsed time: 7.677836179733276
loss: 0.016519373833873814
--> Epoch 163
elapsed time: 7.682080984115601
loss: 0.016488821629473373
--> Epoch 164
elapsed time: 7.696693420410156
loss: 0.01650927874837018
--> Epoch 165
elapsed time: 7.779411315917969
loss: 0.01648298645022335
--> Epoch 166
elapsed time: 7.703697204589844
loss: 0.016479940264926468
--> Epoch 167
elapsed time: 7.778405427932739
loss: 0.016445364021570864
--> Epoch 168
elapsed time: 7.682777166366577
loss: 0.016435038967729177
--> Epoch 169
elapsed time: 7.808964252471924
loss: 0.016410177140755128
--> Epoch 170
elapsed time: 7.713786840438843
loss: 0.016434386034381358
--> Epoch 171
elapsed time: 7.737900733947754
loss: 0.016410879067102358
--> Epoch 172
elapsed time: 7.734370231628418
loss: 0.01640290443488482
--> Epoch 173
elapsed time: 7.747386932373047
loss: 0.01642230822882586
--> Epoch 174
elapsed time: 7.710089206695557
loss: 0.016382781644145892
--> Epoch 175
elapsed time: 7.764275074005127
loss: 0.01636955260035432
--> Epoch 176
elapsed time: 7.626879930496216
loss: 0.016366555391410444
--> Epoch 177
elapsed time: 7.791732549667358
loss: 0.016387312722095374
--> Epoch 178
elapsed time: 7.712240219116211
loss: 0.016338294286978267
--> Epoch 179
elapsed time: 7.721900939941406
loss: 0.016354662912038284
--> Epoch 180
elapsed time: 7.718273162841797
loss: 0.01631519286731225
--> Epoch 181
elapsed time: 7.6965484619140625
loss: 0.016310058765442777
--> Epoch 182
elapsed time: 7.813204050064087
loss: 0.016325635263417706
--> Epoch 183
elapsed time: 7.699368715286255
loss: 0.016308274619484555
--> Epoch 184
elapsed time: 7.836510419845581
loss: 0.01630729792494176
--> Epoch 185
elapsed time: 7.702301979064941
loss: 0.016339970784137414
--> Epoch 186
elapsed time: 7.701089382171631
loss: 0.01627577227117145
--> Epoch 187
elapsed time: 7.742818355560303
loss: 0.01628019385169473
--> Epoch 188
elapsed time: 7.735345125198364
loss: 0.016281696244976145
--> Epoch 189
elapsed time: 7.754572629928589
loss: 0.01621108302217492
--> Epoch 190
elapsed time: 7.821155548095703
loss: 0.01620769037787127
--> Epoch 191
elapsed time: 7.6738996505737305
loss: 0.016217278317493138
--> Epoch 192
elapsed time: 7.7111146450042725
loss: 0.01624271448049782
--> Epoch 193
elapsed time: 7.705827474594116
loss: 0.0162299532304857
--> Epoch 194
elapsed time: 7.805448055267334
loss: 0.016174083397752646
--> Epoch 195
elapsed time: 7.821554660797119
loss: 0.016234221530032126
--> Epoch 196
elapsed time: 7.689503908157349
loss: 0.016210529379378426
--> Epoch 197
elapsed time: 7.8132123947143555
loss: 0.01614298704601579
--> Epoch 198
elapsed time: 7.734836101531982
loss: 0.01617053003590957
--> Epoch 199
elapsed time: 7.770109415054321
loss: 0.016152839616172344
Evaluating model...
val mr: 320.07232666015625 mrr: 0.2705642879009247 hits@10: 0.4597661819218705 hits@5: 0.36549757627601936 hits@3: 0.2996293128029655 hits@1: 0.18003992015968065
--> Epoch 200
elapsed time: 7.527859926223755
loss: 0.016182275042148097
--> Epoch 201
elapsed time: 7.818422317504883
loss: 0.016121749924749892
--> Epoch 202
elapsed time: 7.712772369384766
loss: 0.016186765840177197
--> Epoch 203
elapsed time: 7.694394111633301
loss: 0.016131021522216828
--> Epoch 204
elapsed time: 7.791551351547241
loss: 0.01612959192191388
--> Epoch 205
elapsed time: 7.684494256973267
loss: 0.016116292411259964
--> Epoch 206
elapsed time: 7.667579650878906
loss: 0.01607182697039921
--> Epoch 207
elapsed time: 7.722947835922241
loss: 0.01609581249905356
--> Epoch 208
elapsed time: 7.688063144683838
loss: 0.016137785796927654
--> Epoch 209
elapsed time: 7.736584663391113
loss: 0.016109917967327057
--> Epoch 210
elapsed time: 7.727816343307495
loss: 0.016139314595788632
--> Epoch 211
elapsed time: 7.698864221572876
loss: 0.016068567958181183
--> Epoch 212
elapsed time: 7.711890697479248
loss: 0.016046832474202674
--> Epoch 213
elapsed time: 7.710468292236328
loss: 0.016055364512180453
--> Epoch 214
elapsed time: 7.8193840980529785
loss: 0.016044378597797476
--> Epoch 215
elapsed time: 7.670145273208618
loss: 0.016065240091173747
--> Epoch 216
elapsed time: 7.703608989715576
loss: 0.016074550649990534
--> Epoch 217
elapsed time: 7.784751653671265
loss: 0.016015979678651295
--> Epoch 218
elapsed time: 7.794729709625244
loss: 0.01604014374613622
--> Epoch 219
elapsed time: 7.756688117980957
loss: 0.0160134416511624
--> Epoch 220
elapsed time: 7.741014719009399
loss: 0.016004595570862014
--> Epoch 221
elapsed time: 7.707669496536255
loss: 0.016018290773580798
--> Epoch 222
elapsed time: 7.701098442077637
loss: 0.01603288710317097
--> Epoch 223
elapsed time: 7.707580804824829
loss: 0.01600065960278095
--> Epoch 224
elapsed time: 7.77673864364624
loss: 0.01599263710601506
--> Epoch 225
elapsed time: 7.6957175731658936
loss: 0.01598976939296313
--> Epoch 226
elapsed time: 7.690907716751099
loss: 0.015963007702105805
--> Epoch 227
elapsed time: 7.787611722946167
loss: 0.01602531733518766
--> Epoch 228
elapsed time: 7.779525518417358
loss: 0.015972187917816225
--> Epoch 229
elapsed time: 7.684506416320801
loss: 0.015958398788193152
--> Epoch 230
elapsed time: 7.702434539794922
loss: 0.015990098696534966
--> Epoch 231
elapsed time: 7.69292950630188
loss: 0.0160074463028282
--> Epoch 232
elapsed time: 7.632286071777344
loss: 0.015971803326275364
--> Epoch 233
elapsed time: 7.739647150039673
loss: 0.015972683851029776
--> Epoch 234
elapsed time: 7.766637802124023
loss: 0.015980633710767734
--> Epoch 235
elapsed time: 7.727051019668579
loss: 0.015987707619132124
--> Epoch 236
elapsed time: 7.797202825546265
loss: 0.015931818251404297
--> Epoch 237
elapsed time: 7.718351364135742
loss: 0.015903906621606644
--> Epoch 238
elapsed time: 7.783582925796509
loss: 0.015890984505989702
--> Epoch 239
elapsed time: 7.695028781890869
loss: 0.015932287417198
--> Epoch 240
elapsed time: 7.812388181686401
loss: 0.01593691271818256
--> Epoch 241
elapsed time: 7.731328964233398
loss: 0.015944978305482964
--> Epoch 242
elapsed time: 7.674907445907593
loss: 0.015936785544902226
--> Epoch 243
elapsed time: 7.7443647384643555
loss: 0.015964946404681213
--> Epoch 244
elapsed time: 7.670259714126587
loss: 0.015940629977904616
--> Epoch 245
elapsed time: 7.728220701217651
loss: 0.015924113583580177
--> Epoch 246
elapsed time: 7.731107234954834
loss: 0.01594681449686567
--> Epoch 247
elapsed time: 7.760615587234497
loss: 0.015911368920396827
--> Epoch 248
elapsed time: 7.873277902603149
loss: 0.015920910241322368
--> Epoch 249
elapsed time: 7.782686710357666
loss: 0.0159232798588803
--> Epoch 250
elapsed time: 7.709241151809692
loss: 0.015870685205529405
--> Epoch 251
elapsed time: 7.708781003952026
loss: 0.015914931336132178
--> Epoch 252
elapsed time: 7.7123801708221436
loss: 0.015912802564900155
--> Epoch 253
elapsed time: 7.708215236663818
loss: 0.01591372309885183
--> Epoch 254
elapsed time: 7.739182949066162
loss: 0.01590850611452998
--> Epoch 255
elapsed time: 7.853837251663208
loss: 0.01589566015271314
--> Epoch 256
elapsed time: 7.703974008560181
loss: 0.015887804763954086
--> Epoch 257
elapsed time: 7.733073711395264
loss: 0.015886037347633268
--> Epoch 258
elapsed time: 7.744708776473999
loss: 0.01584545408856555
--> Epoch 259
elapsed time: 7.709664344787598
loss: 0.015893931862453976
--> Epoch 260
elapsed time: 7.7239251136779785
loss: 0.015901342087783626
--> Epoch 261
elapsed time: 7.733537197113037
loss: 0.01590298054089747
--> Epoch 262
elapsed time: 7.758413791656494
loss: 0.015859637942133596
--> Epoch 263
elapsed time: 7.7146570682525635
loss: 0.015850212051763585
--> Epoch 264
elapsed time: 7.687587261199951
loss: 0.01585562094898854
--> Epoch 265
elapsed time: 7.686196327209473
loss: 0.015860646105391566
--> Epoch 266
elapsed time: 7.662975549697876
loss: 0.01586932333244093
--> Epoch 267
elapsed time: 7.672088861465454
loss: 0.01581963171581418
--> Epoch 268
elapsed time: 7.716097354888916
loss: 0.015860945982499326
--> Epoch 269
elapsed time: 7.706466913223267
loss: 0.015852033148361117
--> Epoch 270
elapsed time: 7.682857036590576
loss: 0.01581668469578252
--> Epoch 271
elapsed time: 7.687453985214233
loss: 0.015855945858785483
--> Epoch 272
elapsed time: 7.793501853942871
loss: 0.01587315255238106
--> Epoch 273
elapsed time: 7.778352737426758
loss: 0.01585266458594283
--> Epoch 274
elapsed time: 7.665426969528198
loss: 0.015841894734892663
--> Epoch 275
elapsed time: 7.693801403045654
loss: 0.015848419890999232
--> Epoch 276
elapsed time: 7.718236923217773
loss: 0.01583371478853956
--> Epoch 277
elapsed time: 7.72683310508728
loss: 0.01586348002974508
--> Epoch 278
elapsed time: 7.672112703323364
loss: 0.015793178184089353
--> Epoch 279
elapsed time: 7.750040054321289
loss: 0.015860860658282114
--> Epoch 280
elapsed time: 7.679478168487549
loss: 0.01582795220952015
--> Epoch 281
elapsed time: 7.654205799102783
loss: 0.015788708117843962
--> Epoch 282
elapsed time: 7.70167088508606
loss: 0.015793875438929558
--> Epoch 283
elapsed time: 7.740140438079834
loss: 0.015815962425775664
--> Epoch 284
elapsed time: 7.717242956161499
loss: 0.015816341507356346
--> Epoch 285
elapsed time: 7.730355262756348
loss: 0.01585270036169637
--> Epoch 286
elapsed time: 7.846140623092651
loss: 0.015795498228652064
--> Epoch 287
elapsed time: 7.7356438636779785
loss: 0.01586574283608096
--> Epoch 288
elapsed time: 7.657080173492432
loss: 0.015819414724663305
--> Epoch 289
elapsed time: 7.892308473587036
loss: 0.01581449821671981
--> Epoch 290
elapsed time: 7.674983263015747
loss: 0.015797737926272773
--> Epoch 291
elapsed time: 7.686761140823364
loss: 0.015775480266460695
--> Epoch 292
elapsed time: 7.730489253997803
loss: 0.015829581495721386
--> Epoch 293
elapsed time: 7.7785022258758545
loss: 0.015807482455125532
--> Epoch 294
elapsed time: 7.692352533340454
loss: 0.01580022794114792
--> Epoch 295
elapsed time: 7.730379104614258
loss: 0.015796270048874846
--> Epoch 296
elapsed time: 7.6905951499938965
loss: 0.015796179896323946
--> Epoch 297
elapsed time: 7.726783037185669
loss: 0.0158068284870722
--> Epoch 298
elapsed time: 7.784026145935059
loss: 0.015816264817366765
--> Epoch 299
elapsed time: 7.786180257797241
loss: 0.015815816649699256
Evaluating model...
val mr: 312.77606201171875 mrr: 0.2697838544845581 hits@10: 0.46370116909039066 hits@5: 0.36726546906187624 hits@3: 0.2986313088109495 hits@1: 0.17764471057884232
--> Epoch 300
elapsed time: 7.4423604011535645
loss: 0.015780644087420526
--> Epoch 301
elapsed time: 7.628985643386841
loss: 0.015747496852106288
--> Epoch 302
elapsed time: 7.794398784637451
loss: 0.015759023802700126
--> Epoch 303
elapsed time: 7.679215669631958
loss: 0.015771676992133665
--> Epoch 304
elapsed time: 7.766237020492554
loss: 0.01577779086112191
--> Epoch 305
elapsed time: 7.613954305648804
loss: 0.015790996225839894
--> Epoch 306
elapsed time: 7.791016578674316
loss: 0.015732237071268477
--> Epoch 307
elapsed time: 7.7632737159729
loss: 0.0157476687814378
--> Epoch 308
elapsed time: 7.7249016761779785
loss: 0.015769258072303637
--> Epoch 309
elapsed time: 7.690427780151367
loss: 0.015767054197747307
--> Epoch 310
elapsed time: 7.697584390640259
loss: 0.01576466536498081
--> Epoch 311
elapsed time: 7.865649938583374
loss: 0.015771912904990696
--> Epoch 312
elapsed time: 7.691309213638306
loss: 0.01576284283328791
--> Epoch 313
elapsed time: 7.7440996170043945
loss: 0.015761123299037973
--> Epoch 314
elapsed time: 7.703608274459839
loss: 0.015738229112224767
--> Epoch 315
elapsed time: 7.732783555984497
loss: 0.01576045119341179
--> Epoch 316
elapsed time: 7.739619016647339
loss: 0.015721711306460377
--> Epoch 317
elapsed time: 7.6741039752960205
loss: 0.015754492914870116
--> Epoch 318
elapsed time: 7.764282464981079
loss: 0.015759093024586578
--> Epoch 319
elapsed time: 7.757449388504028
loss: 0.015773713587838474
--> Epoch 320
elapsed time: 7.739875078201294
loss: 0.015701859261619797
--> Epoch 321
elapsed time: 7.689298152923584
loss: 0.01574360932418875
--> Epoch 322
elapsed time: 7.680843353271484
loss: 0.015770537293361024
--> Epoch 323
elapsed time: 7.726195335388184
loss: 0.015693202129410104
--> Epoch 324
elapsed time: 7.865283727645874
loss: 0.015712558884990183
--> Epoch 325
elapsed time: 7.692497730255127
loss: 0.015701043262713266
--> Epoch 326
elapsed time: 7.6880810260772705
loss: 0.01578563831655461
--> Epoch 327
elapsed time: 7.6268699169158936
loss: 0.01575470714359382
--> Epoch 328
elapsed time: 7.733294248580933
loss: 0.015714012661130497
--> Epoch 329
elapsed time: 7.704102277755737
loss: 0.01577234712735113
--> Epoch 330
elapsed time: 7.718741178512573
loss: 0.01573944223128252
--> Epoch 331
elapsed time: 7.680006504058838
loss: 0.015740039084642873
--> Epoch 332
elapsed time: 7.6951024532318115
loss: 0.015774138084317532
--> Epoch 333
elapsed time: 7.6807355880737305
loss: 0.0157363077201587
--> Epoch 334
elapsed time: 7.703386068344116
loss: 0.01571591943502426
--> Epoch 335
elapsed time: 7.686529159545898
loss: 0.01577535115869283
--> Epoch 336
elapsed time: 7.756651878356934
loss: 0.015685263503367398
--> Epoch 337
elapsed time: 7.639328718185425
loss: 0.015722745568653603
--> Epoch 338
elapsed time: 7.5450119972229
loss: 0.015714467964849155
--> Epoch 339
elapsed time: 7.624476671218872
loss: 0.015754065389621402
--> Epoch 340
elapsed time: 7.6638031005859375
loss: 0.015697871753639302
--> Epoch 341
elapsed time: 7.496333122253418
loss: 0.0157195760939456
--> Epoch 342
elapsed time: 7.712300062179565
loss: 0.015724762948273716
--> Epoch 343
elapsed time: 7.562686204910278
loss: 0.01567655943267517
--> Epoch 344
elapsed time: 7.757977724075317
loss: 0.015725532620234076
--> Epoch 345
elapsed time: 7.702172756195068
loss: 0.015756683325989
--> Epoch 346
elapsed time: 7.725398063659668
loss: 0.015738810553642117
--> Epoch 347
elapsed time: 7.728875160217285
loss: 0.01570147324286871
--> Epoch 348
elapsed time: 7.6948840618133545
loss: 0.015725921800049936
--> Epoch 349
elapsed time: 7.717387914657593
loss: 0.015724585240011156
--> Epoch 350
elapsed time: 7.67811131477356
loss: 0.015688105269053974
--> Epoch 351
elapsed time: 7.667168855667114
loss: 0.015712271193927284
--> Epoch 352
elapsed time: 7.714934587478638
loss: 0.015730414447582285
--> Epoch 353
elapsed time: 7.69763445854187
loss: 0.015725224346328993
--> Epoch 354
elapsed time: 7.70584511756897
loss: 0.015773708224191434
--> Epoch 355
elapsed time: 7.702423572540283
loss: 0.015739822747082445
--> Epoch 356
elapsed time: 7.679689645767212
loss: 0.01570673436206798
--> Epoch 357
elapsed time: 7.684163808822632
loss: 0.01574249090302669
--> Epoch 358
elapsed time: 7.684252500534058
loss: 0.01567655546820231
--> Epoch 359
elapsed time: 7.687259674072266
loss: 0.015680077026649846
--> Epoch 360
elapsed time: 7.684938669204712
loss: 0.015757305409167022
--> Epoch 361
elapsed time: 7.675091505050659
loss: 0.015689345669817892
--> Epoch 362
elapsed time: 7.680896282196045
loss: 0.015716362649071978
--> Epoch 363
elapsed time: 7.387593030929565
loss: 0.015710542029293773
--> Epoch 364
elapsed time: 7.006196975708008
loss: 0.015682687267997528
--> Epoch 365
elapsed time: 7.828361511230469
loss: 0.015667120117417284
--> Epoch 366
elapsed time: 7.5819411277771
loss: 0.015694572279266558
--> Epoch 367
elapsed time: 7.705252408981323
loss: 0.015700155911180395
--> Epoch 368
elapsed time: 7.717236757278442
loss: 0.01567593951791048
--> Epoch 369
elapsed time: 7.480776786804199
loss: 0.01572829974694344
--> Epoch 370
elapsed time: 7.680461168289185
loss: 0.015683661763462555
--> Epoch 371
elapsed time: 7.734696626663208
loss: 0.015680698931974168
--> Epoch 372
elapsed time: 7.672187805175781
loss: 0.015702137346830663
--> Epoch 373
elapsed time: 7.733902215957642
loss: 0.0156839280428675
--> Epoch 374
elapsed time: 7.694028377532959
loss: 0.01567956482726986
--> Epoch 375
elapsed time: 7.756078004837036
loss: 0.01571051839753102
--> Epoch 376
elapsed time: 7.772122621536255
loss: 0.01572071978084652
--> Epoch 377
elapsed time: 7.75311541557312
loss: 0.015673577542804875
--> Epoch 378
elapsed time: 7.86659049987793
loss: 0.01578826826111337
--> Epoch 379
elapsed time: 7.70720648765564
loss: 0.015677638831158518
--> Epoch 380
elapsed time: 7.72180962562561
loss: 0.015752239696863735
--> Epoch 381
elapsed time: 7.679302215576172
loss: 0.01569187726916593
--> Epoch 382
elapsed time: 7.722120046615601
loss: 0.01569285877101537
--> Epoch 383
elapsed time: 7.716540098190308
loss: 0.015637985178333404
--> Epoch 384
elapsed time: 7.721601247787476
loss: 0.015676517784245038
--> Epoch 385
elapsed time: 7.76075291633606
loss: 0.015685893243891892
--> Epoch 386
elapsed time: 7.668330669403076
loss: 0.015676708142023432
--> Epoch 387
elapsed time: 7.749170303344727
loss: 0.01570449550728106
--> Epoch 388
elapsed time: 7.737396717071533
loss: 0.01567479284604624
--> Epoch 389
elapsed time: 7.752581357955933
loss: 0.015674318779200343
--> Epoch 390
elapsed time: 7.799336671829224
loss: 0.015643661950389843
--> Epoch 391
elapsed time: 7.817354440689087
loss: 0.015690628376106887
--> Epoch 392
elapsed time: 7.809898376464844
loss: 0.01570828517974264
--> Epoch 393
elapsed time: 7.783297777175903
loss: 0.015725450464966772
--> Epoch 394
elapsed time: 7.726685285568237
loss: 0.015667320209838315
--> Epoch 395
elapsed time: 7.76239275932312
loss: 0.015721008977094914
--> Epoch 396
elapsed time: 7.814957141876221
loss: 0.01567804529432379
--> Epoch 397
elapsed time: 7.714247226715088
loss: 0.0157385635639165
--> Epoch 398
elapsed time: 7.790062427520752
loss: 0.015681993251321233
--> Epoch 399
elapsed time: 7.760309934616089
loss: 0.01568858688898728
Evaluating model...
val mr: 307.3628234863281 mrr: 0.26866284012794495 hits@10: 0.4652979754776162 hits@5: 0.3680923866552609 hits@3: 0.30062731679498145 hits@1: 0.17485029940119762
--> Epoch 400
elapsed time: 7.422640323638916
loss: 0.01572920529474964
--> Epoch 401
elapsed time: 7.803902864456177
loss: 0.01566411248256688
--> Epoch 402
elapsed time: 7.684114933013916
loss: 0.01571401157385739
--> Epoch 403
elapsed time: 7.6495771408081055
loss: 0.01565330783527271
--> Epoch 404
elapsed time: 7.820510625839233
loss: 0.015655139200950106
--> Epoch 405
elapsed time: 7.725016355514526
loss: 0.015672344860716295
--> Epoch 406
elapsed time: 7.690819501876831
loss: 0.015646559645370112
--> Epoch 407
elapsed time: 7.655456781387329
loss: 0.01569434379245858
--> Epoch 408
elapsed time: 7.756621360778809
loss: 0.015658358497473282
--> Epoch 409
elapsed time: 7.687027215957642
loss: 0.015714528947641068
--> Epoch 410
elapsed time: 7.727303504943848
loss: 0.01566752870781794
--> Epoch 411
elapsed time: 7.718026161193848
loss: 0.015689027643747636
--> Epoch 412
elapsed time: 7.680689096450806
loss: 0.01567484463213725
--> Epoch 413
elapsed time: 7.727981090545654
loss: 0.01566355907807682
--> Epoch 414
elapsed time: 7.701354026794434
loss: 0.015647425883128077
--> Epoch 415
elapsed time: 7.691045761108398
loss: 0.01572394916771973
--> Epoch 416
elapsed time: 7.669489145278931
loss: 0.015711479323547287
--> Epoch 417
elapsed time: 7.706517696380615
loss: 0.015686512785426647
--> Epoch 418
elapsed time: 7.738389253616333
loss: 0.015724237123372863
--> Epoch 419
elapsed time: 7.693238258361816
loss: 0.015706626524901682
--> Epoch 420
elapsed time: 7.689588308334351
loss: 0.015617832473127884
--> Epoch 421
elapsed time: 7.6845362186431885
loss: 0.015655285502702475
--> Epoch 422
elapsed time: 7.674647569656372
loss: 0.015708639202350338
--> Epoch 423
elapsed time: 7.659081220626831
loss: 0.015722764851323918
--> Epoch 424
elapsed time: 7.696513652801514
loss: 0.015648683147576767
--> Epoch 425
elapsed time: 7.833760023117065
loss: 0.015699587000125664
--> Epoch 426
elapsed time: 7.69332480430603
loss: 0.015665688569484908
--> Epoch 427
elapsed time: 7.78675103187561
loss: 0.015679440671369532
--> Epoch 428
elapsed time: 7.759654521942139
loss: 0.015718519385388912
--> Epoch 429
elapsed time: 7.715829133987427
loss: 0.01570621765063601
--> Epoch 430
elapsed time: 7.66409707069397
loss: 0.015670349402659812
--> Epoch 431
elapsed time: 7.667500734329224
loss: 0.015683077366870187
--> Epoch 432
elapsed time: 7.679364919662476
loss: 0.01573006183816679
--> Epoch 433
elapsed time: 7.85229754447937
loss: 0.015672422777283115
--> Epoch 434
elapsed time: 7.755560874938965
loss: 0.015680018284113646
--> Epoch 435
elapsed time: 7.697502136230469
loss: 0.015670063695147535
--> Epoch 436
elapsed time: 7.811623573303223
loss: 0.01565501175782278
--> Epoch 437
elapsed time: 7.786924123764038
loss: 0.015667233985839087
--> Epoch 438
elapsed time: 7.683036804199219
loss: 0.015670091639205408
--> Epoch 439
elapsed time: 7.672304153442383
loss: 0.015658032872757032
--> Epoch 440
elapsed time: 7.710470676422119
loss: 0.015698607300468636
--> Epoch 441
elapsed time: 7.771116018295288
loss: 0.01564736807191445
--> Epoch 442
elapsed time: 7.648000001907349
loss: 0.015618573005117566
--> Epoch 443
elapsed time: 7.714756488800049
loss: 0.015639606964014827
--> Epoch 444
elapsed time: 7.795953750610352
loss: 0.015693704001885873
--> Epoch 445
elapsed time: 7.760462045669556
loss: 0.01572426524878894
--> Epoch 446
elapsed time: 7.840340852737427
loss: 0.01569401994627933
--> Epoch 447
elapsed time: 7.6976399421691895
loss: 0.015681555194154675
--> Epoch 448
elapsed time: 7.686994552612305
loss: 0.015715212634784762
--> Epoch 449
elapsed time: 7.754254341125488
loss: 0.015695925129127188
--> Epoch 450
elapsed time: 7.689690351486206
loss: 0.0156983920957399
--> Epoch 451
elapsed time: 7.680111646652222
loss: 0.01574630281158135
--> Epoch 452
elapsed time: 7.745212554931641
loss: 0.015678548555460217
--> Epoch 453
elapsed time: 7.7989184856414795
loss: 0.015662885907080693
--> Epoch 454
elapsed time: 7.7110819816589355
loss: 0.015668715124289214
--> Epoch 455
elapsed time: 7.725931406021118
loss: 0.015696982070733553
--> Epoch 456
elapsed time: 7.789511442184448
loss: 0.015665072460614167
--> Epoch 457
elapsed time: 7.688377618789673
loss: 0.015724256957126807
--> Epoch 458
elapsed time: 7.663744211196899
loss: 0.01568423637284469
--> Epoch 459
elapsed time: 7.766256093978882
loss: 0.015661469757073294
--> Epoch 460
elapsed time: 7.746218681335449
loss: 0.01568506640379483
--> Epoch 461
elapsed time: 7.689486265182495
loss: 0.015697268599176452
--> Epoch 462
elapsed time: 7.661228179931641
loss: 0.01570045515572475
--> Epoch 463
elapsed time: 7.6545305252075195
loss: 0.0157499381893876
--> Epoch 464
elapsed time: 7.628111362457275
loss: 0.015706222517519262
--> Epoch 465
elapsed time: 7.834908485412598
loss: 0.0156645085881635
--> Epoch 466
elapsed time: 7.666089057922363
loss: 0.01571168450363548
--> Epoch 467
elapsed time: 7.626121282577515
loss: 0.015673397290270674
--> Epoch 468
elapsed time: 7.769470691680908
loss: 0.015738736133696554
--> Epoch 469
elapsed time: 7.724627256393433
loss: 0.015676941783960317
--> Epoch 470
elapsed time: 7.679841995239258
loss: 0.015657096249616493
--> Epoch 471
elapsed time: 7.587461948394775
loss: 0.015730140573911977
--> Epoch 472
elapsed time: 7.617772102355957
loss: 0.01563386804829873
--> Epoch 473
elapsed time: 7.692846775054932
loss: 0.01571913861414647
--> Epoch 474
elapsed time: 7.744060277938843
loss: 0.015685591724922884
--> Epoch 475
elapsed time: 7.7023279666900635
loss: 0.01578237495173964
--> Epoch 476
elapsed time: 7.705609083175659
loss: 0.015668897058110358
--> Epoch 477
elapsed time: 7.665467023849487
loss: 0.015670682465690883
--> Epoch 478
elapsed time: 7.694143056869507
loss: 0.015715462972190116
--> Epoch 479
elapsed time: 7.686692476272583
loss: 0.015748579253951615
--> Epoch 480
elapsed time: 7.6905739307403564
loss: 0.01568631289101023
--> Epoch 481
elapsed time: 7.714760780334473
loss: 0.015677323653375833
--> Epoch 482
elapsed time: 7.719274997711182
loss: 0.01569145673715973
--> Epoch 483
elapsed time: 7.706515312194824
loss: 0.01569053801416173
--> Epoch 484
elapsed time: 7.618032217025757
loss: 0.01571976215519915
--> Epoch 485
elapsed time: 7.751560688018799
loss: 0.01568632098904838
--> Epoch 486
elapsed time: 7.684572458267212
loss: 0.015649931322211996
--> Epoch 487
elapsed time: 7.813367605209351
loss: 0.015660533331937367
--> Epoch 488
elapsed time: 7.726797342300415
loss: 0.01573687147258002
--> Epoch 489
elapsed time: 7.685070037841797
loss: 0.015664132424960526
--> Epoch 490
elapsed time: 7.6869590282440186
loss: 0.015719571277877684
--> Epoch 491
elapsed time: 7.681891441345215
loss: 0.015695982252581436
--> Epoch 492
elapsed time: 7.686991214752197
loss: 0.01570609666806622
--> Epoch 493
elapsed time: 7.703083753585815
loss: 0.01570264739794823
--> Epoch 494
elapsed time: 7.695533752441406
loss: 0.015695813316974512
--> Epoch 495
elapsed time: 7.774539470672607
loss: 0.015754546679254983
--> Epoch 496
elapsed time: 7.457612037658691
loss: 0.015694542692471312
--> Epoch 497
elapsed time: 7.687262535095215
loss: 0.015732441129914624
--> Epoch 498
elapsed time: 7.503052473068237
loss: 0.015675274801536035
--> Epoch 499
elapsed time: 7.659666538238525
loss: 0.015626018695175815
Evaluating model...
val mr: 310.2110290527344 mrr: 0.2685143053531647 hits@10: 0.46179070430567437 hits@5: 0.3678357570573139 hits@3: 0.2985457656116339 hits@1: 0.17533504419731966
--> Epoch 500
elapsed time: 7.479239225387573
loss: 0.015709119059516927
--> Epoch 501
elapsed time: 7.696561574935913
loss: 0.015728282774618966
--> Epoch 502
elapsed time: 7.707716941833496
loss: 0.01567819305395082
--> Epoch 503
elapsed time: 7.630176782608032
loss: 0.01566214370606984
--> Epoch 504
elapsed time: 7.690096139907837
loss: 0.015667682401450424
--> Epoch 505
elapsed time: 7.833088636398315
loss: 0.015666700698091864
--> Epoch 506
elapsed time: 7.761938571929932
loss: 0.015683068684455594
--> Epoch 507
elapsed time: 7.707528829574585
loss: 0.015742356122339096
--> Epoch 508
elapsed time: 7.6666107177734375
loss: 0.01567475380234049
--> Epoch 509
elapsed time: 7.745707750320435
loss: 0.015678263589151042
--> Epoch 510
elapsed time: 7.747660875320435
loss: 0.015712931971236545
--> Epoch 511
elapsed time: 7.721792936325073
loss: 0.015656734965671545
--> Epoch 512
elapsed time: 7.699899196624756
loss: 0.015676279436632194
--> Epoch 513
elapsed time: 7.689002513885498
loss: 0.015716646018202364
--> Epoch 514
elapsed time: 7.813139915466309
loss: 0.015719096410252077
--> Epoch 515
elapsed time: 7.700032472610474
loss: 0.01570786134561529
--> Epoch 516
elapsed time: 7.7490479946136475
loss: 0.015713210060828042
--> Epoch 517
elapsed time: 7.7849280834198
loss: 0.015766503717767832
--> Epoch 518
elapsed time: 7.6718361377716064
loss: 0.015713680481235035
--> Epoch 519
elapsed time: 7.750056028366089
loss: 0.015733593183824564
--> Epoch 520
elapsed time: 7.770782232284546
loss: 0.01575638503554651
--> Epoch 521
elapsed time: 7.655472040176392
loss: 0.01566649289400451
--> Epoch 522
elapsed time: 7.648314714431763
loss: 0.015703884263541322
--> Epoch 523
elapsed time: 7.721753120422363
loss: 0.015727592059187695
--> Epoch 524
elapsed time: 7.652206182479858
loss: 0.015752705063772503
--> Epoch 525
elapsed time: 7.521362066268921
loss: 0.015693994787427914
--> Epoch 526
elapsed time: 7.75338077545166
loss: 0.0157150278150026
--> Epoch 527
elapsed time: 7.751802444458008
loss: 0.015762362263830394
--> Epoch 528
elapsed time: 7.653339624404907
loss: 0.015722691100739077
--> Epoch 529
elapsed time: 7.523437261581421
loss: 0.015708953116758465
--> Epoch 530
elapsed time: 7.563881158828735
loss: 0.015735261408596362
--> Epoch 531
elapsed time: 7.646073818206787
loss: 0.015727739080240003
--> Epoch 532
elapsed time: 7.6213908195495605
loss: 0.015696575641737216
--> Epoch 533
elapsed time: 7.619917392730713
loss: 0.01569433618855583
--> Epoch 534
elapsed time: 7.668799161911011
loss: 0.015726661641651856
--> Epoch 535
elapsed time: 7.740535736083984
loss: 0.015674514129148095
--> Epoch 536
elapsed time: 7.731816053390503
loss: 0.01571658250515683
--> Epoch 537
elapsed time: 7.654120206832886
loss: 0.0157666577303104
--> Epoch 538
elapsed time: 7.640535354614258
loss: 0.015764707040570865
--> Epoch 539
elapsed time: 7.678409576416016
loss: 0.015705176615984175
--> Epoch 540
elapsed time: 7.5894670486450195
loss: 0.01571822743284624
--> Epoch 541
elapsed time: 7.552442789077759
loss: 0.015697370922001935
--> Epoch 542
elapsed time: 7.570399284362793
loss: 0.015701076671172737
--> Epoch 543
elapsed time: 7.570749044418335
loss: 0.01563755900582416
--> Epoch 544
elapsed time: 7.707284450531006
loss: 0.015711163054110862
--> Epoch 545
elapsed time: 7.738667011260986
loss: 0.015761251414154402
--> Epoch 546
elapsed time: 7.732170581817627
loss: 0.015751910320573388
--> Epoch 547
elapsed time: 7.726922035217285
loss: 0.01570243980062675
--> Epoch 548
elapsed time: 7.664020299911499
loss: 0.01579507135086091
--> Epoch 549
elapsed time: 7.727384328842163
loss: 0.01565154563803804
--> Epoch 550
elapsed time: 7.446069240570068
loss: 0.015714471457089776
--> Epoch 551
elapsed time: 7.591229200363159
loss: 0.01574368649692409
--> Epoch 552
elapsed time: 7.5757155418396
loss: 0.01573522985051627
--> Epoch 553
elapsed time: 7.5537145137786865
loss: 0.01571976670930521
--> Epoch 554
elapsed time: 7.599466562271118
loss: 0.015772670650239667
--> Epoch 555
elapsed time: 7.537174224853516
loss: 0.015699466358369125
--> Epoch 556
elapsed time: 7.623748302459717
loss: 0.015670314484634212
--> Epoch 557
elapsed time: 7.636270999908447
loss: 0.015748806149713687
--> Epoch 558
elapsed time: 7.557076930999756
loss: 0.015761106366139196
--> Epoch 559
elapsed time: 7.5458948612213135
loss: 0.01575607902292418
--> Epoch 560
elapsed time: 7.64006781578064
loss: 0.01571341394687725
--> Epoch 561
elapsed time: 7.587062835693359
loss: 0.01572846355983814
--> Epoch 562
elapsed time: 7.678005218505859
loss: 0.015717823789932486
--> Epoch 563
elapsed time: 7.644284248352051
loss: 0.01579392697181998
--> Epoch 564
elapsed time: 7.651478290557861
loss: 0.01570593517865926
--> Epoch 565
elapsed time: 7.697700262069702
loss: 0.015768013800812407
--> Epoch 566
elapsed time: 7.744334936141968
loss: 0.01576714402963587
--> Epoch 567
elapsed time: 7.702816486358643
loss: 0.015778253434939084
--> Epoch 568
elapsed time: 7.634944438934326
loss: 0.015786182675037536
--> Epoch 569
elapsed time: 7.664737224578857
loss: 0.015732283156403706
--> Epoch 570
elapsed time: 7.652451753616333
loss: 0.01574176408767504
--> Epoch 571
elapsed time: 7.6369547843933105
loss: 0.01573727139195573
--> Epoch 572
elapsed time: 7.692326784133911
loss: 0.015752920669767224
--> Epoch 573
elapsed time: 7.674523591995239
loss: 0.015743619491637932
--> Epoch 574
elapsed time: 7.649266719818115
loss: 0.015796011457480805
--> Epoch 575
elapsed time: 7.818139314651489
loss: 0.015790169373477055
--> Epoch 576
elapsed time: 7.640923023223877
loss: 0.01574406376930334
--> Epoch 577
elapsed time: 7.624257802963257
loss: 0.015772857820669492
--> Epoch 578
elapsed time: 7.655067205429077
loss: 0.015691918677537373
--> Epoch 579
elapsed time: 7.758127450942993
loss: 0.01579160326329583
--> Epoch 580
elapsed time: 7.596094846725464
loss: 0.015785882061983433
--> Epoch 581
elapsed time: 7.626565933227539
loss: 0.015782491905003197
--> Epoch 582
elapsed time: 7.551697015762329
loss: 0.015728127692325823
--> Epoch 583
elapsed time: 7.533848524093628
loss: 0.015724329258598253
--> Epoch 584
elapsed time: 7.679153680801392
loss: 0.015774221393443567
--> Epoch 585
elapsed time: 7.566346645355225
loss: 0.015788210327242022
--> Epoch 586
elapsed time: 7.495724678039551
loss: 0.015712817964386738
--> Epoch 587
elapsed time: 7.64520788192749
loss: 0.01582957235509258
--> Epoch 588
elapsed time: 7.643679857254028
loss: 0.01577376143749267
--> Epoch 589
elapsed time: 7.764894008636475
loss: 0.015728579650116998
--> Epoch 590
elapsed time: 7.643052339553833
loss: 0.015713082906822495
--> Epoch 591
elapsed time: 7.689728260040283
loss: 0.015768542722820786
--> Epoch 592
elapsed time: 7.790369272232056
loss: 0.01576671523137521
--> Epoch 593
elapsed time: 7.6519811153411865
loss: 0.015745629868378137
--> Epoch 594
elapsed time: 7.766969203948975
loss: 0.015784798670991175
--> Epoch 595
elapsed time: 7.7396910190582275
loss: 0.01579198685079561
--> Epoch 596
elapsed time: 7.656233787536621
loss: 0.015758278086669356
--> Epoch 597
elapsed time: 7.629029989242554
loss: 0.01577112808918207
--> Epoch 598
elapsed time: 7.618537902832031
loss: 0.01575295262298041
--> Epoch 599
elapsed time: 7.63846492767334
loss: 0.015823268686418587
Evaluating model...
val mr: 315.6621398925781 mrr: 0.2678048610687256 hits@10: 0.4603649843170801 hits@5: 0.36837753065297973 hits@3: 0.30028514399771883 hits@1: 0.1738808098089535
--> Epoch 600
elapsed time: 7.3304290771484375
loss: 0.015767897047305714
--> Epoch 601
elapsed time: 7.405844211578369
loss: 0.015784918517224765
--> Epoch 602
elapsed time: 7.488404750823975
loss: 0.015725408511644584
--> Epoch 603
elapsed time: 7.727151155471802
loss: 0.015752734239664373
--> Epoch 604
elapsed time: 7.565760374069214
loss: 0.015784975747566456
--> Epoch 605
elapsed time: 7.653700828552246
loss: 0.015746480307821272
--> Epoch 606
elapsed time: 7.606168746948242
loss: 0.01577301200318062
--> Epoch 607
elapsed time: 7.717217206954956
loss: 0.015772389771937203
--> Epoch 608
elapsed time: 7.747679710388184
loss: 0.015791707831633785
--> Epoch 609
elapsed time: 7.598389387130737
loss: 0.01581978434933348
--> Epoch 610
elapsed time: 7.632097482681274
loss: 0.01579245343026359
--> Epoch 611
elapsed time: 7.624450445175171
loss: 0.015823625241908282
--> Epoch 612
elapsed time: 7.657349348068237
loss: 0.015828002577162194
--> Epoch 613
elapsed time: 7.698843955993652
loss: 0.015840332987538678
--> Epoch 614
elapsed time: 7.657712459564209
loss: 0.015755171651898527
--> Epoch 615
elapsed time: 7.715396165847778
loss: 0.015828020132110855
--> Epoch 616
elapsed time: 7.673727750778198
loss: 0.015733209663786534
--> Epoch 617
elapsed time: 7.704176187515259
loss: 0.01578362113669136
--> Epoch 618
elapsed time: 7.701347827911377
loss: 0.01574895494404623
--> Epoch 619
elapsed time: 7.691018581390381
loss: 0.015832962450743955
--> Epoch 620
elapsed time: 7.759366750717163
loss: 0.015836661216309635
--> Epoch 621
elapsed time: 7.642934083938599
loss: 0.015819566913986418
--> Epoch 622
elapsed time: 7.837700128555298
loss: 0.015801656732786017
--> Epoch 623
elapsed time: 7.667605400085449
loss: 0.01580654996730254
--> Epoch 624
elapsed time: 7.617721796035767
loss: 0.015801613912098497
--> Epoch 625
elapsed time: 7.720844984054565
loss: 0.01572832613324822
--> Epoch 626
elapsed time: 7.7214415073394775
loss: 0.015786334548078946
--> Epoch 627
elapsed time: 7.874284982681274
loss: 0.015752264251187795
--> Epoch 628
elapsed time: 7.621313095092773
loss: 0.015818559081028177
--> Epoch 629
elapsed time: 7.322723627090454
loss: 0.015777381017860217
--> Epoch 630
elapsed time: 7.60408353805542
loss: 0.01582647292670616
--> Epoch 631
elapsed time: 7.624897718429565
loss: 0.015835222406163883
--> Epoch 632
elapsed time: 7.654182195663452
loss: 0.015775493707994977
--> Epoch 633
elapsed time: 7.6265740394592285
loss: 0.015784717522393334
--> Epoch 634
elapsed time: 7.432350158691406
loss: 0.015794906553199914
--> Epoch 635
elapsed time: 7.543207883834839
loss: 0.015787287255151588
--> Epoch 636
elapsed time: 7.6726438999176025
loss: 0.015807637923790505
--> Epoch 637
elapsed time: 7.622376203536987
loss: 0.015824295683770053
--> Epoch 638
elapsed time: 7.631126403808594
loss: 0.015828947342147216
--> Epoch 639
elapsed time: 7.597462177276611
loss: 0.015783822734297893
--> Epoch 640
elapsed time: 7.625877618789673
loss: 0.01575941386389934
--> Epoch 641
elapsed time: 7.624603748321533
loss: 0.015788053329736134
--> Epoch 642
elapsed time: 7.663711786270142
loss: 0.015774107549553308
--> Epoch 643
elapsed time: 7.533311605453491
loss: 0.015772392910222678
--> Epoch 644
elapsed time: 7.687281608581543
loss: 0.01582468031736499
--> Epoch 645
elapsed time: 7.720072984695435
loss: 0.01580291054529591
--> Epoch 646
elapsed time: 7.549087285995483
loss: 0.01580249465500843
--> Epoch 647
elapsed time: 7.697336673736572
loss: 0.015824021432489184
--> Epoch 648
elapsed time: 7.670774459838867
loss: 0.01582259454204581
--> Epoch 649
elapsed time: 7.54549765586853
loss: 0.015783756881994338
--> Epoch 650
elapsed time: 7.5110859870910645
loss: 0.01578568687149072
--> Epoch 651
elapsed time: 7.843625545501709
loss: 0.01583899824108196
--> Epoch 652
elapsed time: 7.746061325073242
loss: 0.01582997754962654
--> Epoch 653
elapsed time: 7.618372440338135
loss: 0.015885087076192572
--> Epoch 654
elapsed time: 7.6698901653289795
loss: 0.015835863015038833
--> Epoch 655
elapsed time: 7.6615893840789795
loss: 0.01586036772142153
--> Epoch 656
elapsed time: 7.655041933059692
loss: 0.015881130965084873
--> Epoch 657
elapsed time: 7.751415729522705
loss: 0.015856163565731787
--> Epoch 658
elapsed time: 7.676598072052002
loss: 0.015887832286595065
--> Epoch 659
elapsed time: 7.695740461349487
loss: 0.015799798982556092
--> Epoch 660
elapsed time: 7.7340545654296875
loss: 0.015882465584503236
--> Epoch 661
elapsed time: 7.6732611656188965
loss: 0.015787874166227296
--> Epoch 662
elapsed time: 7.7048022747039795
loss: 0.015772592138782886
--> Epoch 663
elapsed time: 7.734351396560669
loss: 0.01590136759971406
--> Epoch 664
elapsed time: 7.445945978164673
loss: 0.015852677294159147
--> Epoch 665
elapsed time: 7.5727033615112305
loss: 0.015900310905175397
--> Epoch 666
elapsed time: 7.65897274017334
loss: 0.015862193627077963
--> Epoch 667
elapsed time: 7.657676458358765
loss: 0.015816566321441617
--> Epoch 668
elapsed time: 7.606784343719482
loss: 0.015883977828076004
--> Epoch 669
elapsed time: 7.516748428344727
loss: 0.01583834423623131
--> Epoch 670
elapsed time: 7.70419979095459
loss: 0.015768838984154075
--> Epoch 671
elapsed time: 7.632756948471069
loss: 0.01583393947471035
--> Epoch 672
elapsed time: 7.673805236816406
loss: 0.015789431115912023
--> Epoch 673
elapsed time: 7.685958385467529
loss: 0.015818383046167422
--> Epoch 674
elapsed time: 7.632540941238403
loss: 0.015865797881362918
--> Epoch 675
elapsed time: 7.700794458389282
loss: 0.01592149736266846
--> Epoch 676
elapsed time: 7.746370315551758
loss: 0.01583686300403564
--> Epoch 677
elapsed time: 7.708533048629761
loss: 0.015898920494891347
--> Epoch 678
elapsed time: 7.71120023727417
loss: 0.015836275950151295
--> Epoch 679
elapsed time: 7.681881666183472
loss: 0.015902580093217423
--> Epoch 680
elapsed time: 7.57855224609375
loss: 0.015865891025010022
--> Epoch 681
elapsed time: 7.540111541748047
loss: 0.015862684140572375
--> Epoch 682
elapsed time: 7.65125298500061
loss: 0.015838774746443345
--> Epoch 683
elapsed time: 7.7241387367248535
loss: 0.015796664635267948
--> Epoch 684
elapsed time: 7.740116357803345
loss: 0.015940689427474983
--> Epoch 685
elapsed time: 7.552098751068115
loss: 0.015817848678156103
--> Epoch 686
elapsed time: 7.581947088241577
loss: 0.01580165206653575
--> Epoch 687
elapsed time: 7.7574944496154785
loss: 0.01585644007303865
--> Epoch 688
elapsed time: 7.645989656448364
loss: 0.01585212339728594
--> Epoch 689
elapsed time: 7.66238260269165
loss: 0.01586209236524179
--> Epoch 690
elapsed time: 7.41817831993103
loss: 0.015887967150514683
--> Epoch 691
elapsed time: 7.643683195114136
loss: 0.015911631754871987
--> Epoch 692
elapsed time: 7.626931667327881
loss: 0.01587506239797468
--> Epoch 693
elapsed time: 7.70335841178894
loss: 0.01584523703433356
--> Epoch 694
elapsed time: 7.553755760192871
loss: 0.015964011644185823
--> Epoch 695
elapsed time: 7.687846660614014
loss: 0.01588854308109573
--> Epoch 696
elapsed time: 7.682765245437622
loss: 0.0158391368968775
--> Epoch 697
elapsed time: 7.563496112823486
loss: 0.015882214223782016
--> Epoch 698
elapsed time: 7.612645626068115
loss: 0.01590159551616362
--> Epoch 699
elapsed time: 7.760655641555786
loss: 0.015774949430115696
Evaluating model...
val mr: 319.7645568847656 mrr: 0.2666972875595093 hits@10: 0.458169375534645 hits@5: 0.3653264898773881 hits@3: 0.297034502423724 hits@1: 0.1743085258055318
--> Epoch 700
elapsed time: 7.339047908782959
loss: 0.015951027638109808
--> Epoch 701
elapsed time: 7.512211322784424
loss: 0.015942874481955846
--> Epoch 702
elapsed time: 7.501941680908203
loss: 0.015860703772044304
--> Epoch 703
elapsed time: 7.505523681640625
loss: 0.015866852608997364
--> Epoch 704
elapsed time: 7.505156993865967
loss: 0.01581274039924201
--> Epoch 705
elapsed time: 7.50481104850769
loss: 0.015898241397774904
--> Epoch 706
elapsed time: 7.503985643386841
loss: 0.015931098219024775
--> Epoch 707
elapsed time: 7.511305093765259
loss: 0.015855079913653806
--> Epoch 708
elapsed time: 7.508791208267212
loss: 0.015825206522504787
--> Epoch 709
elapsed time: 7.502164840698242
loss: 0.01591379056498058
--> Epoch 710
elapsed time: 7.50954532623291
loss: 0.015900162734644993
--> Epoch 711
elapsed time: 7.50903058052063
loss: 0.01592786709829702
--> Epoch 712
elapsed time: 7.499114751815796
loss: 0.015929578386443412
--> Epoch 713
elapsed time: 7.506417274475098
loss: 0.01583890772055789
--> Epoch 714
elapsed time: 7.512567520141602
loss: 0.015884105962467216
--> Epoch 715
elapsed time: 7.503108263015747
loss: 0.01586214836988237
--> Epoch 716
elapsed time: 7.509105205535889
loss: 0.015884610049791026
--> Epoch 717
elapsed time: 7.504294395446777
loss: 0.015908954532769696
--> Epoch 718
elapsed time: 7.515868186950684
loss: 0.015882913774073908
--> Epoch 719
elapsed time: 7.506871700286865
loss: 0.01592482864656963
--> Epoch 720
elapsed time: 7.5132341384887695
loss: 0.01588923306671354
--> Epoch 721
elapsed time: 7.513081312179565
loss: 0.015922247734435974
--> Epoch 722
elapsed time: 7.5143303871154785
loss: 0.015896482181122926
--> Epoch 723
elapsed time: 7.500672340393066
loss: 0.015854577171184325
--> Epoch 724
elapsed time: 7.509264230728149
loss: 0.01584853707906472
--> Epoch 725
elapsed time: 7.50403094291687
loss: 0.01594434313472581
--> Epoch 726
elapsed time: 7.50066065788269
loss: 0.015936380497557537
--> Epoch 727
elapsed time: 7.501021385192871
loss: 0.015903521642817827
--> Epoch 728
elapsed time: 7.505871057510376
loss: 0.01596964769300182
--> Epoch 729
elapsed time: 7.5117504596710205
loss: 0.015822891432437994
--> Epoch 730
elapsed time: 7.50689697265625
loss: 0.01589644599446601
--> Epoch 731
elapsed time: 7.501497507095337
loss: 0.015916928410642236
--> Epoch 732
elapsed time: 7.510913610458374
loss: 0.015837293402103467
--> Epoch 733
elapsed time: 7.508187294006348
loss: 0.015924377656898348
--> Epoch 734
elapsed time: 7.4989612102508545
loss: 0.015885235172252217
--> Epoch 735
elapsed time: 7.504096269607544
loss: 0.01589947934976498
--> Epoch 736
elapsed time: 7.515239238739014
loss: 0.015915592463015948
--> Epoch 737
elapsed time: 7.561094760894775
loss: 0.01593945724039793
--> Epoch 738
elapsed time: 7.53428053855896
loss: 0.015950818611825845
--> Epoch 739
elapsed time: 7.4687230587005615
loss: 0.015948868820116077
--> Epoch 740
elapsed time: 7.456629753112793
loss: 0.015964848987288557
--> Epoch 741
elapsed time: 7.585456609725952
loss: 0.015866734947823515
--> Epoch 742
elapsed time: 7.5712807178497314
loss: 0.01597281705731787
--> Epoch 743
elapsed time: 7.652989149093628
loss: 0.01590370598598712
--> Epoch 744
elapsed time: 7.685894012451172
loss: 0.015972533400817963
--> Epoch 745
elapsed time: 7.7456581592559814
loss: 0.015892592517208738
--> Epoch 746
elapsed time: 7.739280939102173
loss: 0.01593672205901662
--> Epoch 747
elapsed time: 7.72563624382019
loss: 0.01589423830262609
--> Epoch 748
elapsed time: 7.652384519577026
loss: 0.015879825784396364
--> Epoch 749
elapsed time: 7.709507465362549
loss: 0.01587695501979549
--> Epoch 750
elapsed time: 7.755847930908203
loss: 0.015940526976957147
--> Epoch 751
elapsed time: 7.6319310665130615
loss: 0.015938956241420384
--> Epoch 752
elapsed time: 7.637792348861694
loss: 0.015952551622655128
--> Epoch 753
elapsed time: 7.681105136871338
loss: 0.015939584249842594
--> Epoch 754
elapsed time: 7.741851568222046
loss: 0.01584577285759116
--> Epoch 755
elapsed time: 7.678415536880493
loss: 0.015978705788930125
--> Epoch 756
elapsed time: 7.670300722122192
loss: 0.015917534533422
--> Epoch 757
elapsed time: 7.67697811126709
loss: 0.01594894922926307
--> Epoch 758
elapsed time: 7.572576999664307
loss: 0.015943099459000666
--> Epoch 759
elapsed time: 7.807943105697632
loss: 0.015926380556774162
--> Epoch 760
elapsed time: 7.727775812149048
loss: 0.01597891561862218
--> Epoch 761
elapsed time: 7.704897403717041
loss: 0.01590614497437302
--> Epoch 762
elapsed time: 7.661606788635254
loss: 0.01601486447024547
--> Epoch 763
elapsed time: 7.7001683712005615
loss: 0.015962574762394714
--> Epoch 764
elapsed time: 7.73213005065918
loss: 0.015961982848636126
--> Epoch 765
elapsed time: 7.704837083816528
loss: 0.01594436314020057
--> Epoch 766
elapsed time: 7.639284133911133
loss: 0.015938438012537144
--> Epoch 767
elapsed time: 7.714638710021973
loss: 0.01587668021743099
--> Epoch 768
elapsed time: 7.614683628082275
loss: 0.015882292949889812
--> Epoch 769
elapsed time: 7.5827836990356445
loss: 0.015962265425748065
--> Epoch 770
elapsed time: 7.587851524353027
loss: 0.015934526479626926
--> Epoch 771
elapsed time: 7.634021520614624
loss: 0.01592334743189649
--> Epoch 772
elapsed time: 7.621556997299194
loss: 0.015994999178370717
--> Epoch 773
elapsed time: 7.6198906898498535
loss: 0.0158894059396334
--> Epoch 774
elapsed time: 7.71067214012146
loss: 0.015981390249590378
--> Epoch 775
elapsed time: 7.661683082580566
loss: 0.01595369120227455
--> Epoch 776
elapsed time: 7.619103670120239
loss: 0.016010564710745134
--> Epoch 777
elapsed time: 7.756783723831177
loss: 0.015998185890869553
--> Epoch 778
elapsed time: 7.631580829620361
loss: 0.015939813897518314
--> Epoch 779
elapsed time: 7.57729959487915
loss: 0.01593138531607384
--> Epoch 780
elapsed time: 7.642899990081787
loss: 0.015906198361147324
--> Epoch 781
elapsed time: 7.61822247505188
loss: 0.016000308341724293
--> Epoch 782
elapsed time: 7.712851524353027
loss: 0.015971080519202905
--> Epoch 783
elapsed time: 7.6000494956970215
loss: 0.015995422632259126
--> Epoch 784
elapsed time: 7.567350387573242
loss: 0.01591238140383506
--> Epoch 785
elapsed time: 7.453356742858887
loss: 0.01599671261565565
--> Epoch 786
elapsed time: 7.564778089523315
loss: 0.01599644820502874
--> Epoch 787
elapsed time: 7.593771457672119
loss: 0.015983574843228647
--> Epoch 788
elapsed time: 7.61429238319397
loss: 0.016013060914578575
--> Epoch 789
elapsed time: 7.473153352737427
loss: 0.015956104399245635
--> Epoch 790
elapsed time: 7.6293089389801025
loss: 0.016010502831675707
--> Epoch 791
elapsed time: 7.619667053222656
loss: 0.01602279437882852
--> Epoch 792
elapsed time: 7.649040937423706
loss: 0.015947161506079943
--> Epoch 793
elapsed time: 7.665232419967651
loss: 0.01598227275001027
--> Epoch 794
elapsed time: 7.715636730194092
loss: 0.015986583786136065
--> Epoch 795
elapsed time: 7.400674819946289
loss: 0.015912308387444306
--> Epoch 796
elapsed time: 7.484126567840576
loss: 0.015944304818205135
--> Epoch 797
elapsed time: 7.654767751693726
loss: 0.015983738077879794
--> Epoch 798
elapsed time: 7.729287624359131
loss: 0.015936033257921967
--> Epoch 799
elapsed time: 7.621963024139404
loss: 0.01599603833635938
Evaluating model...
val mr: 318.8567199707031 mrr: 0.264608770608902 hits@10: 0.4578557171371543 hits@5: 0.36438551468491587 hits@3: 0.2964357000285144 hits@1: 0.17105788423153692
--> Epoch 800
elapsed time: 7.250046491622925
loss: 0.016028847891455367
--> Epoch 801
elapsed time: 7.683901309967041
loss: 0.016000056471973518
--> Epoch 802
elapsed time: 7.668967962265015
loss: 0.015952873747245612
--> Epoch 803
elapsed time: 7.736337184906006
loss: 0.015954544840455897
--> Epoch 804
elapsed time: 7.7991228103637695
loss: 0.015985436513248973
--> Epoch 805
elapsed time: 7.6645119190216064
loss: 0.016007764398988586
--> Epoch 806
elapsed time: 7.749617099761963
loss: 0.016023413230851644
--> Epoch 807
elapsed time: 7.648714303970337
loss: 0.0159723489367432
--> Epoch 808
elapsed time: 7.651172399520874
loss: 0.015979904690205434
--> Epoch 809
elapsed time: 7.7477076053619385
loss: 0.016048438130393413
--> Epoch 810
elapsed time: 7.708467245101929
loss: 0.015926068187853356
--> Epoch 811
elapsed time: 7.718713760375977
loss: 0.016021203943585183
--> Epoch 812
elapsed time: 7.6472249031066895
loss: 0.015926785110859577
--> Epoch 813
elapsed time: 7.689594507217407
loss: 0.015953233607484837
--> Epoch 814
elapsed time: 7.676931142807007
loss: 0.016047675686477494
--> Epoch 815
elapsed time: 7.711621522903442
loss: 0.01603280281365927
--> Epoch 816
elapsed time: 7.610404968261719
loss: 0.016038649651525946
--> Epoch 817
elapsed time: 7.58646035194397
loss: 0.015938728897081495
--> Epoch 818
elapsed time: 7.708250999450684
loss: 0.01608527927928423
--> Epoch 819
elapsed time: 7.690314531326294
loss: 0.016016738387639524
--> Epoch 820
elapsed time: 7.725670099258423
loss: 0.016038665818690075
--> Epoch 821
elapsed time: 7.731211185455322
loss: 0.01605507950732171
--> Epoch 822
elapsed time: 7.716903209686279
loss: 0.016048996205514372
--> Epoch 823
elapsed time: 7.662657260894775
loss: 0.01604837663769582
--> Epoch 824
elapsed time: 7.706660985946655
loss: 0.01599056514458396
--> Epoch 825
elapsed time: 7.713599443435669
loss: 0.016031922696303727
--> Epoch 826
elapsed time: 7.627144813537598
loss: 0.016071254162333366
--> Epoch 827
elapsed time: 7.639476537704468
loss: 0.016019824974638386
--> Epoch 828
elapsed time: 7.719825029373169
loss: 0.016041588268627397
--> Epoch 829
elapsed time: 7.737156867980957
loss: 0.01601659948565241
--> Epoch 830
elapsed time: 7.6974992752075195
loss: 0.016008933880808828
--> Epoch 831
elapsed time: 7.670935392379761
loss: 0.01603149188032351
--> Epoch 832
elapsed time: 7.704833507537842
loss: 0.016060256647158096
--> Epoch 833
elapsed time: 7.640229940414429
loss: 0.01602852782488626
--> Epoch 834
elapsed time: 7.723692178726196
loss: 0.015957982833072305
--> Epoch 835
elapsed time: 7.6497437953948975
loss: 0.016025414179593522
--> Epoch 836
elapsed time: 7.698938369750977
loss: 0.016021885094342374
--> Epoch 837
elapsed time: 7.738094329833984
loss: 0.016006530619989502
--> Epoch 838
elapsed time: 7.693187713623047
loss: 0.016004894586737328
--> Epoch 839
elapsed time: 7.679356813430786
loss: 0.015995699752854607
--> Epoch 840
elapsed time: 7.65402364730835
loss: 0.016109117165712512
--> Epoch 841
elapsed time: 7.758426666259766
loss: 0.016073173989637327
--> Epoch 842
elapsed time: 7.7599217891693115
loss: 0.01602666152453686
--> Epoch 843
elapsed time: 7.633179664611816
loss: 0.016005189505844664
--> Epoch 844
elapsed time: 7.621531009674072
loss: 0.016096262694078017
--> Epoch 845
elapsed time: 7.753505706787109
loss: 0.01602996381302824
--> Epoch 846
elapsed time: 7.6435465812683105
loss: 0.01600793396803504
--> Epoch 847
elapsed time: 7.717462778091431
loss: 0.016038990375408
--> Epoch 848
elapsed time: 7.643611907958984
loss: 0.015976591756775876
--> Epoch 849
elapsed time: 7.625169038772583
loss: 0.016004710599275433
--> Epoch 850
elapsed time: 7.646071910858154
loss: 0.015978765832514327
--> Epoch 851
elapsed time: 7.734449863433838
loss: 0.01599963022411739
--> Epoch 852
elapsed time: 7.65775728225708
loss: 0.016103133400648076
--> Epoch 853
elapsed time: 7.656372547149658
loss: 0.016057739613414765
--> Epoch 854
elapsed time: 7.762967109680176
loss: 0.015960489648551113
--> Epoch 855
elapsed time: 7.7302069664001465
loss: 0.016024684219823507
--> Epoch 856
elapsed time: 7.63609766960144
loss: 0.01607360952618766
--> Epoch 857
elapsed time: 7.643245697021484
loss: 0.01610526579028295
--> Epoch 858
elapsed time: 7.710099697113037
loss: 0.016048043816475687
--> Epoch 859
elapsed time: 7.75580906867981
loss: 0.01603129335879747
--> Epoch 860
elapsed time: 7.783076047897339
loss: 0.016022241853969565
--> Epoch 861
elapsed time: 7.6626763343811035
loss: 0.016081472541628755
--> Epoch 862
elapsed time: 7.576531171798706
loss: 0.01616822338644643
--> Epoch 863
elapsed time: 7.463713884353638
loss: 0.016080192559217353
--> Epoch 864
elapsed time: 7.605875253677368
loss: 0.016157127010021866
--> Epoch 865
elapsed time: 7.6274254322052
loss: 0.01608555619311383
--> Epoch 866
elapsed time: 7.712734937667847
loss: 0.0160896832373971
--> Epoch 867
elapsed time: 7.702340602874756
loss: 0.016072069113392484
--> Epoch 868
elapsed time: 7.622873306274414
loss: 0.015997192601612854
--> Epoch 869
elapsed time: 7.578216075897217
loss: 0.016011153032384665
--> Epoch 870
elapsed time: 7.473925828933716
loss: 0.016151142520400733
--> Epoch 871
elapsed time: 7.482072353363037
loss: 0.0159997459867249
--> Epoch 872
elapsed time: 7.5768513679504395
loss: 0.016171405385384162
--> Epoch 873
elapsed time: 7.589751958847046
loss: 0.016034715543461652
--> Epoch 874
elapsed time: 7.4984705448150635
loss: 0.016038779896506136
--> Epoch 875
elapsed time: 7.530034065246582
loss: 0.016071884046542622
--> Epoch 876
elapsed time: 7.666883945465088
loss: 0.01605472376137299
--> Epoch 877
elapsed time: 7.5790839195251465
loss: 0.016019801360398166
--> Epoch 878
elapsed time: 7.735544919967651
loss: 0.01622433113398579
--> Epoch 879
elapsed time: 7.66008186340332
loss: 0.01612101014973359
--> Epoch 880
elapsed time: 7.694430112838745
loss: 0.016129612788621087
--> Epoch 881
elapsed time: 7.630955457687378
loss: 0.01610392941685914
--> Epoch 882
elapsed time: 7.696120262145996
loss: 0.016147437614939846
--> Epoch 883
elapsed time: 7.699263095855713
loss: 0.01612717922871559
--> Epoch 884
elapsed time: 7.654060363769531
loss: 0.016120796369586705
--> Epoch 885
elapsed time: 7.654600620269775
loss: 0.016087729359432874
--> Epoch 886
elapsed time: 7.624521017074585
loss: 0.016127114184200764
--> Epoch 887
elapsed time: 7.732012748718262
loss: 0.016050942605738076
--> Epoch 888
elapsed time: 7.618321657180786
loss: 0.0160734788738086
--> Epoch 889
elapsed time: 7.664322137832642
loss: 0.0161103078646906
--> Epoch 890
elapsed time: 7.587608337402344
loss: 0.016158034122590176
--> Epoch 891
elapsed time: 7.6283934116363525
loss: 0.01607671710255145
--> Epoch 892
elapsed time: 7.724374771118164
loss: 0.01611253128212685
--> Epoch 893
elapsed time: 7.690660238265991
loss: 0.01605293905732212
--> Epoch 894
elapsed time: 7.710737228393555
loss: 0.016054952716908696
--> Epoch 895
elapsed time: 7.596986293792725
loss: 0.01608829342463139
--> Epoch 896
elapsed time: 7.621065616607666
loss: 0.01618261974101653
--> Epoch 897
elapsed time: 7.807259559631348
loss: 0.016075891338337846
--> Epoch 898
elapsed time: 7.65950345993042
loss: 0.01606257890131209
--> Epoch 899
elapsed time: 7.682123422622681
loss: 0.01611482900999283
Evaluating model...
val mr: 323.7684020996094 mrr: 0.26580706238746643 hits@10: 0.4568006843455945 hits@5: 0.3630453378956373 hits@3: 0.2948959224408326 hits@1: 0.17465069860279442
--> Epoch 900
elapsed time: 7.437154054641724
loss: 0.016131558866430203
--> Epoch 901
elapsed time: 7.693965196609497
loss: 0.016111086427583687
--> Epoch 902
elapsed time: 7.695636749267578
loss: 0.016186012240759294
--> Epoch 903
elapsed time: 7.612660884857178
loss: 0.016145966841067387
--> Epoch 904
elapsed time: 7.631808757781982
loss: 0.016109668949368362
--> Epoch 905
elapsed time: 7.721684455871582
loss: 0.01609863491723645
--> Epoch 906
elapsed time: 7.602827787399292
loss: 0.016132190227788907
--> Epoch 907
elapsed time: 7.6393537521362305
loss: 0.016123737928721273
--> Epoch 908
elapsed time: 7.564699172973633
loss: 0.01610644739419082
--> Epoch 909
elapsed time: 7.671002149581909
loss: 0.016129839291002316
--> Epoch 910
elapsed time: 7.637099266052246
loss: 0.016120115469401723
--> Epoch 911
elapsed time: 7.7134082317352295
loss: 0.01609758986554416
--> Epoch 912
elapsed time: 7.788984537124634
loss: 0.01608014478491004
--> Epoch 913
elapsed time: 7.584975242614746
loss: 0.016107800731177836
--> Epoch 914
elapsed time: 7.656598091125488
loss: 0.016169608213175667
--> Epoch 915
elapsed time: 7.637908697128296
loss: 0.016196505240184848
--> Epoch 916
elapsed time: 7.661370754241943
loss: 0.016130242543163607
--> Epoch 917
elapsed time: 7.658766984939575
loss: 0.016045282425767166
--> Epoch 918
elapsed time: 7.724553823471069
loss: 0.016073490513150466
--> Epoch 919
elapsed time: 7.708205699920654
loss: 0.016069180372426058
--> Epoch 920
elapsed time: 7.736088275909424
loss: 0.016145214824810246
--> Epoch 921
elapsed time: 7.636902809143066
loss: 0.016168142824853408
--> Epoch 922
elapsed time: 7.62783670425415
loss: 0.01619065393056801
--> Epoch 923
elapsed time: 7.5864503383636475
loss: 0.01619904567965027
--> Epoch 924
elapsed time: 7.505366802215576
loss: 0.016111257868912685
--> Epoch 925
elapsed time: 7.502748727798462
loss: 0.016159853795481984
--> Epoch 926
elapsed time: 7.504144191741943
loss: 0.01615083752583751
--> Epoch 927
elapsed time: 7.4998087882995605
loss: 0.016220371549912252
--> Epoch 928
elapsed time: 7.506035804748535
loss: 0.016148099763387234
--> Epoch 929
elapsed time: 7.513312339782715
loss: 0.016153283539006483
--> Epoch 930
elapsed time: 7.438833236694336
loss: 0.016067424150374793
--> Epoch 931
elapsed time: 7.085693359375
loss: 0.016096468285069585
--> Epoch 932
elapsed time: 7.707808971405029
loss: 0.01623483219465218
--> Epoch 933
elapsed time: 7.573514699935913
loss: 0.016183331792758864
--> Epoch 934
elapsed time: 7.703461647033691
loss: 0.016171347695076006
--> Epoch 935
elapsed time: 7.554200649261475
loss: 0.01623029461409108
--> Epoch 936
elapsed time: 7.580602169036865
loss: 0.01616662728967301
--> Epoch 937
elapsed time: 7.5787975788116455
loss: 0.01606262705410609
--> Epoch 938
elapsed time: 7.690551042556763
loss: 0.016131883052546578
--> Epoch 939
elapsed time: 7.723504304885864
loss: 0.01620731957305857
--> Epoch 940
elapsed time: 7.731055498123169
loss: 0.016149076552551697
--> Epoch 941
elapsed time: 7.748559951782227
loss: 0.016160309239380895
--> Epoch 942
elapsed time: 7.683229446411133
loss: 0.016149718784013112
--> Epoch 943
elapsed time: 7.646536111831665
loss: 0.01617143662017354
--> Epoch 944
elapsed time: 7.631991386413574
loss: 0.01611369625890412
--> Epoch 945
elapsed time: 7.644060134887695
loss: 0.01623812409491048
--> Epoch 946
elapsed time: 7.656214475631714
loss: 0.016259804902456328
--> Epoch 947
elapsed time: 7.584670305252075
loss: 0.0161667497677909
--> Epoch 948
elapsed time: 7.6039063930511475
loss: 0.016136702301676333
--> Epoch 949
elapsed time: 7.760214805603027
loss: 0.016261455318202753
--> Epoch 950
elapsed time: 7.65125298500061
loss: 0.016157953795799082
--> Epoch 951
elapsed time: 7.698309421539307
loss: 0.01624585450683858
--> Epoch 952
elapsed time: 7.631001949310303
loss: 0.01625113741180186
--> Epoch 953
elapsed time: 7.717507362365723
loss: 0.01616487676244464
--> Epoch 954
elapsed time: 7.765761375427246
loss: 0.016144150241627686
--> Epoch 955
elapsed time: 7.730353116989136
loss: 0.01616637090524187
--> Epoch 956
elapsed time: 7.644127368927002
loss: 0.016220552175676386
--> Epoch 957
elapsed time: 7.621946573257446
loss: 0.016064103743585346
--> Epoch 958
elapsed time: 7.725339889526367
loss: 0.016234167041966688
--> Epoch 959
elapsed time: 7.736535310745239
loss: 0.01613848582821305
--> Epoch 960
elapsed time: 7.631494760513306
loss: 0.01614138546556599
--> Epoch 961
elapsed time: 7.694248914718628
loss: 0.016219220400164963
--> Epoch 962
elapsed time: 7.651716470718384
loss: 0.016172960870185216
--> Epoch 963
elapsed time: 7.620358228683472
loss: 0.01625768988378353
--> Epoch 964
elapsed time: 7.591143608093262
loss: 0.01613949359458567
--> Epoch 965
elapsed time: 7.649109363555908
loss: 0.016152316520405847
--> Epoch 966
elapsed time: 7.55510401725769
loss: 0.01618090363943061
--> Epoch 967
elapsed time: 7.538822650909424
loss: 0.016214624799872106
--> Epoch 968
elapsed time: 7.3436009883880615
loss: 0.01623829510430906
--> Epoch 969
elapsed time: 7.634663343429565
loss: 0.01619482917407999
--> Epoch 970
elapsed time: 7.623223781585693
loss: 0.01624676875983867
--> Epoch 971
elapsed time: 7.618062257766724
loss: 0.01621455376265134
--> Epoch 972
elapsed time: 7.39568567276001
loss: 0.016298558237951035
--> Epoch 973
elapsed time: 7.609901428222656
loss: 0.016233869493603427
--> Epoch 974
elapsed time: 7.676557779312134
loss: 0.016138522658823016
--> Epoch 975
elapsed time: 7.645811319351196
loss: 0.016229520807689298
--> Epoch 976
elapsed time: 7.626326560974121
loss: 0.016220749849988007
--> Epoch 977
elapsed time: 7.57643985748291
loss: 0.016211888499677127
--> Epoch 978
elapsed time: 7.64673376083374
loss: 0.01630828769567404
--> Epoch 979
elapsed time: 7.604003667831421
loss: 0.016261610064939407
--> Epoch 980
elapsed time: 7.592064380645752
loss: 0.01627168015805568
--> Epoch 981
elapsed time: 7.732100009918213
loss: 0.016172334186466426
--> Epoch 982
elapsed time: 7.655313491821289
loss: 0.01619610479776156
--> Epoch 983
elapsed time: 7.629207134246826
loss: 0.016184028598146123
--> Epoch 984
elapsed time: 7.723013162612915
loss: 0.01622241504949466
--> Epoch 985
elapsed time: 7.718574047088623
loss: 0.01620927051074193
--> Epoch 986
elapsed time: 7.633883237838745
loss: 0.01613277742272963
--> Epoch 987
elapsed time: 7.674749374389648
loss: 0.016205231218422683
--> Epoch 988
elapsed time: 7.639671325683594
loss: 0.01627987612087914
--> Epoch 989
elapsed time: 7.637253999710083
loss: 0.016229529556689517
--> Epoch 990
elapsed time: 7.758904933929443
loss: 0.016245638131604706
--> Epoch 991
elapsed time: 7.743663549423218
loss: 0.016174792460151025
--> Epoch 992
elapsed time: 7.642040729522705
loss: 0.016270340507042264
--> Epoch 993
elapsed time: 7.7236669063568115
loss: 0.016171028410887953
--> Epoch 994
elapsed time: 7.656747817993164
loss: 0.01623065474592955
--> Epoch 995
elapsed time: 7.645191669464111
loss: 0.01627723648197956
--> Epoch 996
elapsed time: 7.539613246917725
loss: 0.016238138997823927
--> Epoch 997
elapsed time: 7.6687493324279785
loss: 0.01632665960522945
--> Epoch 998
elapsed time: 7.661828279495239
loss: 0.016292569780352536
--> Epoch 999
elapsed time: 7.703634023666382
loss: 0.016143905161858055
Evaluating model...
val mr: 328.7142333984375 mrr: 0.26475197076797485 hits@10: 0.4568577131451383 hits@5: 0.36418591388651267 hits@3: 0.29455374964357 hits@1: 0.17268320501853435
--> Epoch 1000
elapsed time: 7.24193549156189
loss: 0.01633920038937261
Start testing...
test mr: 352.98004150390625 mrr: 0.2554869055747986 hits@10: 0.44893970487638035 hits@5: 0.3529512361966188 hits@3: 0.28632854490374277 hits@1: 0.16312420600019545
{'epoch': [1, 100, 200, 300, 400, 500, 600, 700, 800, 900, 1000], 'val_mrr': [0.10947464406490326, 0.2484501451253891, 0.2705642879009247, 0.2697838544845581, 0.26866284012794495, 0.2685143053531647, 0.2678048610687256, 0.2666972875595093, 0.264608770608902, 0.26580706238746643, 0.26475197076797485], 'val_mr': [7296.3623046875, 388.948486328125, 320.07232666015625, 312.77606201171875, 307.3628234863281, 310.2110290527344, 315.6621398925781, 319.7645568847656, 318.8567199707031, 323.7684020996094, 328.7142333984375], 'val_hits10': [0.10932420872540632, 0.4264328485885372, 0.4597661819218705, 0.46370116909039066, 0.4652979754776162, 0.46179070430567437, 0.4603649843170801, 0.458169375534645, 0.4578557171371543, 0.4568006843455945, 0.4568577131451383], 'val_hits5': [0.10932420872540632, 0.3360422013116624, 0.36549757627601936, 0.36726546906187624, 0.3680923866552609, 0.3678357570573139, 0.36837753065297973, 0.3653264898773881, 0.36438551468491587, 0.3630453378956373, 0.36418591388651267], 'val_hits3': [0.10932420872540632, 0.2743940690048475, 0.2996293128029655, 0.2986313088109495, 0.30062731679498145, 0.2985457656116339, 0.30028514399771883, 0.297034502423724, 0.2964357000285144, 0.2948959224408326, 0.29455374964357], 'val_hits1': [0.10932420872540632, 0.16258910749928715, 0.18003992015968065, 0.17764471057884232, 0.17485029940119762, 0.17533504419731966, 0.1738808098089535, 0.1743085258055318, 0.17105788423153692, 0.17465069860279442, 0.17268320501853435]}
