Using CUDA
Load processed dataset...
Model type: DistMultLitPaper
14923 237
torch.Size([14923, 121]) torch.Size([14923, 300])
Start training...
Evaluating model...
val mr: 7397.47314453125 mrr: 0.004750709980726242 hits@10: 0.004448246364414029 hits@5: 0.00433418876532649 hits@3: 0.00433418876532649 hits@1: 0.00433418876532649
--> Epoch 1
elapsed time: 34.06932020187378
loss: 0.21920886777362392
--> Epoch 2
elapsed time: 33.592185974121094
loss: 0.06726967351667071
--> Epoch 3
elapsed time: 33.595311880111694
loss: 0.05179938636124414
--> Epoch 4
elapsed time: 33.581799030303955
loss: 0.04633572939450407
--> Epoch 5
elapsed time: 33.591413736343384
loss: 0.0437610443131271
--> Epoch 6
elapsed time: 33.58642339706421
loss: 0.04175481407684979
--> Epoch 7
elapsed time: 33.58948731422424
loss: 0.04019437134195809
--> Epoch 8
elapsed time: 33.57876682281494
loss: 0.03911520597136817
--> Epoch 9
elapsed time: 33.55892825126648
loss: 0.0386053917444156
--> Epoch 10
elapsed time: 33.55638766288757
loss: 0.03726233068857121
--> Epoch 11
elapsed time: 33.57270574569702
loss: 0.03702459622766763
--> Epoch 12
elapsed time: 33.565959215164185
loss: 0.035956097729959696
--> Epoch 13
elapsed time: 33.592278480529785
loss: 0.03563916722272268
--> Epoch 14
elapsed time: 33.569069623947144
loss: 0.034625356347560324
--> Epoch 15
elapsed time: 33.57063627243042
loss: 0.03426486743317947
--> Epoch 16
elapsed time: 33.5886926651001
loss: 0.0338105633556983
--> Epoch 17
elapsed time: 33.583446979522705
loss: 0.033301305630343316
--> Epoch 18
elapsed time: 33.59596848487854
loss: 0.0329955708663052
--> Epoch 19
elapsed time: 33.58241844177246
loss: 0.032461592272232415
--> Epoch 20
elapsed time: 33.60039949417114
loss: 0.032009895621104165
--> Epoch 21
elapsed time: 33.59569716453552
loss: 0.031747787500453914
--> Epoch 22
elapsed time: 33.58744144439697
loss: 0.03136636836319349
--> Epoch 23
elapsed time: 33.58394742012024
loss: 0.031025549328534647
--> Epoch 24
elapsed time: 33.58821702003479
loss: 0.030626852743446772
--> Epoch 25
elapsed time: 33.597185134887695
loss: 0.03039994529209267
--> Epoch 26
elapsed time: 33.586058139801025
loss: 0.03005198485665689
--> Epoch 27
elapsed time: 33.58912181854248
loss: 0.029862553128308544
--> Epoch 28
elapsed time: 33.59119987487793
loss: 0.0296553921862133
--> Epoch 29
elapsed time: 33.59329676628113
loss: 0.0293202198277861
--> Epoch 30
elapsed time: 33.60245990753174
loss: 0.029089470049637953
--> Epoch 31
elapsed time: 33.59185528755188
loss: 0.028933377491410117
--> Epoch 32
elapsed time: 33.59787058830261
loss: 0.028667995921727744
--> Epoch 33
elapsed time: 33.595672607421875
loss: 0.028440503605053544
--> Epoch 34
elapsed time: 33.591307401657104
loss: 0.028261684279044283
--> Epoch 35
elapsed time: 33.60174751281738
loss: 0.028089238814343737
--> Epoch 36
elapsed time: 33.584413051605225
loss: 0.027904379592467228
--> Epoch 37
elapsed time: 33.58899259567261
loss: 0.02768724251219605
--> Epoch 38
elapsed time: 33.594929695129395
loss: 0.027518469523130334
--> Epoch 39
elapsed time: 33.61519384384155
loss: 0.02738387537515623
--> Epoch 40
elapsed time: 33.57775378227234
loss: 0.027191131168088033
--> Epoch 41
elapsed time: 33.72490882873535
loss: 0.027012847024011702
--> Epoch 42
elapsed time: 33.603271484375
loss: 0.026878021974624716
--> Epoch 43
elapsed time: 33.59896755218506
loss: 0.02668558191315307
--> Epoch 44
elapsed time: 33.56584906578064
loss: 0.02655790159031959
--> Epoch 45
elapsed time: 33.57362747192383
loss: 0.02649528562307694
--> Epoch 46
elapsed time: 33.58214282989502
loss: 0.02625709408166996
--> Epoch 47
elapsed time: 33.6181378364563
loss: 0.026158277274776154
--> Epoch 48
elapsed time: 33.58711123466492
loss: 0.02605277083828162
--> Epoch 49
elapsed time: 33.57525062561035
loss: 0.025888096339657187
--> Epoch 50
elapsed time: 33.59653329849243
loss: 0.025784732942116338
--> Epoch 51
elapsed time: 33.59399628639221
loss: 0.025637260232530778
--> Epoch 52
elapsed time: 33.595701932907104
loss: 0.025549758104773928
--> Epoch 53
elapsed time: 33.60654163360596
loss: 0.025493515007064687
--> Epoch 54
elapsed time: 33.60278296470642
loss: 0.025275349857063083
--> Epoch 55
elapsed time: 33.59919023513794
loss: 0.025195470656270928
--> Epoch 56
elapsed time: 33.597009897232056
loss: 0.025130645895021095
--> Epoch 57
elapsed time: 33.589115142822266
loss: 0.025112566901747617
--> Epoch 58
elapsed time: 33.60101127624512
loss: 0.0249115398183451
--> Epoch 59
elapsed time: 33.58889031410217
loss: 0.024834671023591777
--> Epoch 60
elapsed time: 33.58701419830322
loss: 0.024816526066746673
--> Epoch 61
elapsed time: 33.586031436920166
loss: 0.024705448737219048
--> Epoch 62
elapsed time: 33.586266040802
loss: 0.0245806643229437
--> Epoch 63
elapsed time: 33.5799822807312
loss: 0.024458820129957606
--> Epoch 64
elapsed time: 33.59197664260864
loss: 0.024401040309698425
--> Epoch 65
elapsed time: 33.59867477416992
loss: 0.02434013016094381
--> Epoch 66
elapsed time: 33.59079146385193
loss: 0.024233491132815605
--> Epoch 67
elapsed time: 33.559781312942505
loss: 0.024149425425904043
--> Epoch 68
elapsed time: 33.590956687927246
loss: 0.024136842297686235
--> Epoch 69
elapsed time: 33.60048484802246
loss: 0.0240210268842731
--> Epoch 70
elapsed time: 33.579286336898804
loss: 0.023920565396757586
--> Epoch 71
elapsed time: 33.573325872421265
loss: 0.02394856437725328
--> Epoch 72
elapsed time: 33.59067893028259
loss: 0.02378247247751266
--> Epoch 73
elapsed time: 33.58372735977173
loss: 0.023794100738129632
--> Epoch 74
elapsed time: 33.593477725982666
loss: 0.023687640276868056
--> Epoch 75
elapsed time: 33.569053411483765
loss: 0.023635737457762096
--> Epoch 76
elapsed time: 33.59660601615906
loss: 0.023524318740248455
--> Epoch 77
elapsed time: 33.5968542098999
loss: 0.02353764331337986
--> Epoch 78
elapsed time: 33.58794903755188
loss: 0.023445462974477017
--> Epoch 79
elapsed time: 33.602842569351196
loss: 0.023417146680201995
--> Epoch 80
elapsed time: 33.596665382385254
loss: 0.023367262414725795
--> Epoch 81
elapsed time: 33.55660152435303
loss: 0.023283312719241694
--> Epoch 82
elapsed time: 33.63067269325256
loss: 0.02324586451362016
--> Epoch 83
elapsed time: 33.5173020362854
loss: 0.0231747655329397
--> Epoch 84
elapsed time: 33.515381813049316
loss: 0.023151103873243897
--> Epoch 85
elapsed time: 33.52543783187866
loss: 0.023066657887086596
--> Epoch 86
elapsed time: 33.52000141143799
loss: 0.023058812211943145
--> Epoch 87
elapsed time: 33.503923416137695
loss: 0.02300023840545823
--> Epoch 88
elapsed time: 33.507429122924805
loss: 0.022948867547643824
--> Epoch 89
elapsed time: 33.504565477371216
loss: 0.022813425349423825
--> Epoch 90
elapsed time: 33.498713970184326
loss: 0.02284922104185186
--> Epoch 91
elapsed time: 33.50048565864563
loss: 0.022812768766132595
--> Epoch 92
elapsed time: 33.506221771240234
loss: 0.02275419123961414
--> Epoch 93
elapsed time: 33.49241518974304
loss: 0.022729927868435994
--> Epoch 94
elapsed time: 33.50420331954956
loss: 0.02273521013032235
--> Epoch 95
elapsed time: 33.50833821296692
loss: 0.022623233381494082
--> Epoch 96
elapsed time: 33.47990083694458
loss: 0.022596096027702066
--> Epoch 97
elapsed time: 33.48580265045166
loss: 0.02254870450535924
--> Epoch 98
elapsed time: 33.499809980392456
loss: 0.022492580261232152
--> Epoch 99
elapsed time: 33.47739291191101
loss: 0.02249742600530638
Evaluating model...
val mr: 195.6431121826172 mrr: 0.2516223192214966 hits@10: 0.44003421727972625 hits@5: 0.342828628457371 hits@3: 0.27422298260621614 hits@1: 0.16187624750499002
--> Epoch 100
elapsed time: 33.448094606399536
loss: 0.02245635960009282
--> Epoch 101
elapsed time: 33.46443033218384
loss: 0.022336325116686852
--> Epoch 102
elapsed time: 33.44521450996399
loss: 0.022366488730904636
--> Epoch 103
elapsed time: 33.47795629501343
loss: 0.0223588315631602
--> Epoch 104
elapsed time: 33.44246697425842
loss: 0.02228913100844605
--> Epoch 105
elapsed time: 33.45213532447815
loss: 0.02224853791135275
--> Epoch 106
elapsed time: 33.435471296310425
loss: 0.02221196046868306
--> Epoch 107
elapsed time: 33.46321773529053
loss: 0.022240517548831253
--> Epoch 108
elapsed time: 33.44605112075806
loss: 0.0222027837101682
--> Epoch 109
elapsed time: 33.45156955718994
loss: 0.022138873567263247
--> Epoch 110
elapsed time: 33.467121601104736
loss: 0.022076840259253924
--> Epoch 111
elapsed time: 33.45061254501343
loss: 0.02208604940116013
--> Epoch 112
elapsed time: 33.45545196533203
loss: 0.022015602919268698
--> Epoch 113
elapsed time: 33.4463996887207
loss: 0.02201089680874729
--> Epoch 114
elapsed time: 33.457096099853516
loss: 0.021975543637350832
--> Epoch 115
elapsed time: 33.458441972732544
loss: 0.021905811995912697
--> Epoch 116
elapsed time: 33.46380567550659
loss: 0.021912481004997795
--> Epoch 117
elapsed time: 33.453935861587524
loss: 0.021834312839151437
--> Epoch 118
elapsed time: 33.468754529953
loss: 0.02190052727736736
--> Epoch 119
elapsed time: 33.47277307510376
loss: 0.021862408742028255
--> Epoch 120
elapsed time: 33.46470761299133
loss: 0.02186421662050379
--> Epoch 121
elapsed time: 33.46705150604248
loss: 0.021803388419374473
--> Epoch 122
elapsed time: 33.47371196746826
loss: 0.0217804161924606
--> Epoch 123
elapsed time: 33.46098184585571
loss: 0.02178809636203276
--> Epoch 124
elapsed time: 33.46329712867737
loss: 0.021770120369706755
--> Epoch 125
elapsed time: 33.460660457611084
loss: 0.02168717422817859
--> Epoch 126
elapsed time: 33.4675612449646
loss: 0.02173150065841253
--> Epoch 127
elapsed time: 33.46338391304016
loss: 0.021632399101612822
--> Epoch 128
elapsed time: 33.45688724517822
loss: 0.02162926726267513
--> Epoch 129
elapsed time: 33.455055236816406
loss: 0.021600006864890667
--> Epoch 130
elapsed time: 33.45862150192261
loss: 0.021561906880656168
--> Epoch 131
elapsed time: 33.45596122741699
loss: 0.021577631944294594
--> Epoch 132
elapsed time: 33.4534330368042
loss: 0.021528758469580033
--> Epoch 133
elapsed time: 33.460118770599365
loss: 0.0214875139110316
--> Epoch 134
elapsed time: 33.46314811706543
loss: 0.021495230948011042
--> Epoch 135
elapsed time: 33.45724940299988
loss: 0.021470107457066973
--> Epoch 136
elapsed time: 33.45751619338989
loss: 0.021430901539978953
--> Epoch 137
elapsed time: 33.45220756530762
loss: 0.021458804188602843
--> Epoch 138
elapsed time: 33.47297763824463
loss: 0.021443803800814912
--> Epoch 139
elapsed time: 33.46430683135986
loss: 0.021419358407326835
--> Epoch 140
elapsed time: 33.455310583114624
loss: 0.021360524678611575
--> Epoch 141
elapsed time: 33.86964178085327
loss: 0.02138079553562184
--> Epoch 142
elapsed time: 33.45369005203247
loss: 0.021284465456376182
--> Epoch 143
elapsed time: 33.47489953041077
loss: 0.021321533955738776
--> Epoch 144
elapsed time: 33.45918583869934
loss: 0.021345051981487704
--> Epoch 145
elapsed time: 33.45908808708191
loss: 0.02126328883866095
--> Epoch 146
elapsed time: 33.455151319503784
loss: 0.02123898546704681
--> Epoch 147
elapsed time: 33.46883153915405
loss: 0.02121391714053791
--> Epoch 148
elapsed time: 33.46361255645752
loss: 0.021199736730147394
--> Epoch 149
elapsed time: 33.455931186676025
loss: 0.02121767250300575
--> Epoch 150
elapsed time: 33.461132526397705
loss: 0.02118311431661935
--> Epoch 151
elapsed time: 33.464706897735596
loss: 0.021187991793998995
--> Epoch 152
elapsed time: 33.45384407043457
loss: 0.02114626297399556
--> Epoch 153
elapsed time: 33.454065561294556
loss: 0.02114998733735208
--> Epoch 154
elapsed time: 33.46053981781006
loss: 0.02108031267743568
--> Epoch 155
elapsed time: 33.447441816329956
loss: 0.02115275090173069
--> Epoch 156
elapsed time: 33.46069931983948
loss: 0.02105243883410211
--> Epoch 157
elapsed time: 33.48653960227966
loss: 0.021097789903154713
--> Epoch 158
elapsed time: 33.47056722640991
loss: 0.021036640722532376
--> Epoch 159
elapsed time: 33.46454882621765
loss: 0.02104022280468149
--> Epoch 160
elapsed time: 33.45513582229614
loss: 0.021018248804873827
--> Epoch 161
elapsed time: 33.464513540267944
loss: 0.020985271965669555
--> Epoch 162
elapsed time: 33.46945667266846
loss: 0.020993867324821138
--> Epoch 163
elapsed time: 33.46158957481384
loss: 0.020982228377211913
--> Epoch 164
elapsed time: 33.46717858314514
loss: 0.02094280709944462
--> Epoch 165
elapsed time: 33.45807504653931
loss: 0.02091520782717813
--> Epoch 166
elapsed time: 33.47014594078064
loss: 0.020943793348147974
--> Epoch 167
elapsed time: 33.47101020812988
loss: 0.020892654192526162
--> Epoch 168
elapsed time: 33.4597008228302
loss: 0.02088439223459052
--> Epoch 169
elapsed time: 33.46070218086243
loss: 0.02088431195511026
--> Epoch 170
elapsed time: 33.45362138748169
loss: 0.020882749201086816
--> Epoch 171
elapsed time: 33.45722270011902
loss: 0.020889996846231895
--> Epoch 172
elapsed time: 33.452143907547
loss: 0.02083336342360933
--> Epoch 173
elapsed time: 33.46251964569092
loss: 0.020837746875979155
--> Epoch 174
elapsed time: 33.46631073951721
loss: 0.02083444136246576
--> Epoch 175
elapsed time: 33.463626861572266
loss: 0.02078513194467813
--> Epoch 176
elapsed time: 33.45891213417053
loss: 0.02078505692896648
--> Epoch 177
elapsed time: 33.46749258041382
loss: 0.020780324003714386
--> Epoch 178
elapsed time: 33.46185827255249
loss: 0.020748859029596185
--> Epoch 179
elapsed time: 33.46612596511841
loss: 0.020790726573733036
--> Epoch 180
elapsed time: 33.464699029922485
loss: 0.02074141912197349
--> Epoch 181
elapsed time: 33.47303771972656
loss: 0.02075943989663447
--> Epoch 182
elapsed time: 33.46878385543823
loss: 0.020690493474899322
--> Epoch 183
elapsed time: 33.46548414230347
loss: 0.02072888468361529
--> Epoch 184
elapsed time: 33.46944499015808
loss: 0.020715270082791348
--> Epoch 185
elapsed time: 33.466548204422
loss: 0.02070273483664442
--> Epoch 186
elapsed time: 33.453641414642334
loss: 0.020624123352491284
--> Epoch 187
elapsed time: 33.47418189048767
loss: 0.020673537858159948
--> Epoch 188
elapsed time: 33.47356390953064
loss: 0.02065528070629484
--> Epoch 189
elapsed time: 33.45565915107727
loss: 0.020612867021633563
--> Epoch 190
elapsed time: 33.45143747329712
loss: 0.020643838415814252
--> Epoch 191
elapsed time: 33.46174645423889
loss: 0.020645652364094866
--> Epoch 192
elapsed time: 33.46134090423584
loss: 0.02058271768127033
--> Epoch 193
elapsed time: 33.46445655822754
loss: 0.02056663177437863
--> Epoch 194
elapsed time: 33.46633958816528
loss: 0.02057563276963198
--> Epoch 195
elapsed time: 33.47079038619995
loss: 0.020604105482293206
--> Epoch 196
elapsed time: 33.466657876968384
loss: 0.020581243610533474
--> Epoch 197
elapsed time: 33.45555353164673
loss: 0.020515139748255598
--> Epoch 198
elapsed time: 33.46236062049866
loss: 0.02052609659100577
--> Epoch 199
elapsed time: 33.457369804382324
loss: 0.02047441188449273
Evaluating model...
val mr: 200.47019958496094 mrr: 0.2679719924926758 hits@10: 0.4581123467351012 hits@5: 0.35930995152552037 hits@3: 0.2919589392643285 hits@1: 0.17721699458226403
--> Epoch 200
elapsed time: 33.446290016174316
loss: 0.020574157736908124
--> Epoch 201
elapsed time: 33.454933881759644
loss: 0.020479617070893803
--> Epoch 202
elapsed time: 33.45944857597351
loss: 0.020499349726838877
--> Epoch 203
elapsed time: 33.459150075912476
loss: 0.020454278299874108
--> Epoch 204
elapsed time: 33.45514273643494
loss: 0.020430020082948742
--> Epoch 205
elapsed time: 33.4538357257843
loss: 0.02049591933549684
--> Epoch 206
elapsed time: 33.46029543876648
loss: 0.02044792637852768
--> Epoch 207
elapsed time: 33.43528127670288
loss: 0.020360313771206708
--> Epoch 208
elapsed time: 33.446611166000366
loss: 0.020406968108363458
--> Epoch 209
elapsed time: 33.46956491470337
loss: 0.020449216326003015
--> Epoch 210
elapsed time: 33.479357957839966
loss: 0.020419120983074322
--> Epoch 211
elapsed time: 33.43933701515198
loss: 0.020403489519544963
--> Epoch 212
elapsed time: 33.44450640678406
loss: 0.020420402691455126
--> Epoch 213
elapsed time: 33.47390675544739
loss: 0.020354431210154088
--> Epoch 214
elapsed time: 33.463924169540405
loss: 0.020408951033428942
--> Epoch 215
elapsed time: 33.46526527404785
loss: 0.020385024012508867
--> Epoch 216
elapsed time: 33.45246243476868
loss: 0.020359449941920762
--> Epoch 217
elapsed time: 33.46945834159851
loss: 0.02037396801675925
--> Epoch 218
elapsed time: 33.46032762527466
loss: 0.020340328459625297
--> Epoch 219
elapsed time: 33.47029638290405
loss: 0.020349393920273795
--> Epoch 220
elapsed time: 33.46133470535278
loss: 0.02032647535961861
--> Epoch 221
elapsed time: 33.45799994468689
loss: 0.020302626028348564
--> Epoch 222
elapsed time: 33.44786477088928
loss: 0.02029270730625316
--> Epoch 223
elapsed time: 33.41701698303223
loss: 0.020270782395818834
--> Epoch 224
elapsed time: 33.42413640022278
loss: 0.02029794914628662
--> Epoch 225
elapsed time: 33.42193961143494
loss: 0.020217755672750557
--> Epoch 226
elapsed time: 33.40673828125
loss: 0.020292017179578962
--> Epoch 227
elapsed time: 33.42589592933655
loss: 0.020265610698480877
--> Epoch 228
elapsed time: 33.407700061798096
loss: 0.02021531140219739
--> Epoch 229
elapsed time: 33.40682673454285
loss: 0.020262928152157245
--> Epoch 230
elapsed time: 33.42368197441101
loss: 0.020198856292052418
--> Epoch 231
elapsed time: 33.42628622055054
loss: 0.020193014842364323
--> Epoch 232
elapsed time: 33.4128520488739
loss: 0.020209889420897804
--> Epoch 233
elapsed time: 33.53130865097046
loss: 0.020239634483155505
--> Epoch 234
elapsed time: 33.42066955566406
loss: 0.020198369319861718
--> Epoch 235
elapsed time: 33.412246227264404
loss: 0.02014642337605231
--> Epoch 236
elapsed time: 33.40746021270752
loss: 0.020173395870854465
--> Epoch 237
elapsed time: 33.40993547439575
loss: 0.020179964459184924
--> Epoch 238
elapsed time: 33.42043328285217
loss: 0.02014197813222572
--> Epoch 239
elapsed time: 33.418814182281494
loss: 0.020110068158513794
--> Epoch 240
elapsed time: 33.4043915271759
loss: 0.02010852209207368
--> Epoch 241
elapsed time: 33.415374755859375
loss: 0.02014002556144238
--> Epoch 242
elapsed time: 33.456356048583984
loss: 0.020152804868423704
--> Epoch 243
elapsed time: 33.74569225311279
loss: 0.020149146300422506
--> Epoch 244
elapsed time: 33.41653275489807
loss: 0.020115105174166464
--> Epoch 245
elapsed time: 33.41406512260437
loss: 0.02012042316975228
--> Epoch 246
elapsed time: 33.40129518508911
loss: 0.020108625503924525
--> Epoch 247
elapsed time: 33.420904874801636
loss: 0.020101354422392928
--> Epoch 248
elapsed time: 33.409597635269165
loss: 0.020078047258413185
--> Epoch 249
elapsed time: 33.421204566955566
loss: 0.02006433790099307
--> Epoch 250
elapsed time: 33.4333438873291
loss: 0.020069259377450507
--> Epoch 251
elapsed time: 33.427846908569336
loss: 0.020039937076065075
--> Epoch 252
elapsed time: 33.4333860874176
loss: 0.020014803117160404
--> Epoch 253
elapsed time: 33.425211906433105
loss: 0.020016010752541773
--> Epoch 254
elapsed time: 33.423744916915894
loss: 0.020021494594512128
--> Epoch 255
elapsed time: 33.427584409713745
loss: 0.02005933394597761
--> Epoch 256
elapsed time: 33.4265251159668
loss: 0.01999442612880233
--> Epoch 257
elapsed time: 33.4226930141449
loss: 0.020031787585624804
--> Epoch 258
elapsed time: 33.43283748626709
loss: 0.019967401898724507
--> Epoch 259
elapsed time: 33.429117918014526
loss: 0.02006525913672215
--> Epoch 260
elapsed time: 33.43330454826355
loss: 0.01998018214140904
--> Epoch 261
elapsed time: 33.429285764694214
loss: 0.019971723162752215
--> Epoch 262
elapsed time: 33.41931939125061
loss: 0.01992164803747708
--> Epoch 263
elapsed time: 33.43001174926758
loss: 0.019913879167095794
--> Epoch 264
elapsed time: 33.42166471481323
loss: 0.019941578967880496
--> Epoch 265
elapsed time: 33.42400932312012
loss: 0.019981319997687444
--> Epoch 266
elapsed time: 33.43002152442932
loss: 0.019922430893390502
--> Epoch 267
elapsed time: 33.423924684524536
loss: 0.01995544734227831
--> Epoch 268
elapsed time: 33.432833433151245
loss: 0.019916476798353337
--> Epoch 269
elapsed time: 33.42168402671814
loss: 0.019948719123681537
--> Epoch 270
elapsed time: 33.42344427108765
loss: 0.01987413388106583
--> Epoch 271
elapsed time: 33.42339372634888
loss: 0.019915827242473556
--> Epoch 272
elapsed time: 33.422701358795166
loss: 0.0199087008313466
--> Epoch 273
elapsed time: 33.42695760726929
loss: 0.01990086653445929
--> Epoch 274
elapsed time: 33.41373157501221
loss: 0.019898860419198857
--> Epoch 275
elapsed time: 33.43189716339111
loss: 0.019852606832861955
--> Epoch 276
elapsed time: 33.42285871505737
loss: 0.01983057405547303
--> Epoch 277
elapsed time: 33.4486346244812
loss: 0.01987291648212964
--> Epoch 278
elapsed time: 33.40987491607666
loss: 0.019882508619274042
--> Epoch 279
elapsed time: 33.43703055381775
loss: 0.019827092514107896
--> Epoch 280
elapsed time: 33.42785334587097
loss: 0.01981950013592545
--> Epoch 281
elapsed time: 33.425681352615356
loss: 0.019852795088812637
--> Epoch 282
elapsed time: 33.42373752593994
loss: 0.019882492598423056
--> Epoch 283
elapsed time: 33.41495943069458
loss: 0.019813128365054798
--> Epoch 284
elapsed time: 33.43758511543274
loss: 0.01979029782621062
--> Epoch 285
elapsed time: 33.44322466850281
loss: 0.01977314280919023
--> Epoch 286
elapsed time: 33.427690505981445
loss: 0.019816907087686145
--> Epoch 287
elapsed time: 33.42813301086426
loss: 0.019778034730392982
--> Epoch 288
elapsed time: 33.433762311935425
loss: 0.0197768194070007
--> Epoch 289
elapsed time: 33.426456689834595
loss: 0.019779071918849044
--> Epoch 290
elapsed time: 33.43422484397888
loss: 0.019805557234694626
--> Epoch 291
elapsed time: 33.423187494277954
loss: 0.019747653160408937
--> Epoch 292
elapsed time: 33.42115020751953
loss: 0.019770020397374737
--> Epoch 293
elapsed time: 33.4285774230957
loss: 0.019735819543602325
--> Epoch 294
elapsed time: 33.436646461486816
loss: 0.019808225206652288
--> Epoch 295
elapsed time: 33.43920564651489
loss: 0.019730887653504132
--> Epoch 296
elapsed time: 33.409292697906494
loss: 0.01977522753578587
--> Epoch 297
elapsed time: 33.433964014053345
loss: 0.01974060480778131
--> Epoch 298
elapsed time: 33.429850816726685
loss: 0.019758362930201463
--> Epoch 299
elapsed time: 33.428239822387695
loss: 0.019749475486212087
Evaluating model...
val mr: 203.50479125976562 mrr: 0.27069205045700073 hits@10: 0.46310236669518107 hits@5: 0.36444254348445965 hits@3: 0.29583689763330484 hits@1: 0.17850014257199887
--> Epoch 300
elapsed time: 33.40817213058472
loss: 0.01971735315868738
--> Epoch 301
elapsed time: 33.42449355125427
loss: 0.019706100546110942
--> Epoch 302
elapsed time: 33.43669104576111
loss: 0.019654462332132
--> Epoch 303
elapsed time: 33.43277287483215
loss: 0.019708193833339584
--> Epoch 304
elapsed time: 33.42337441444397
loss: 0.019670161931150832
--> Epoch 305
elapsed time: 33.41840863227844
loss: 0.01965953282545814
--> Epoch 306
elapsed time: 33.438096046447754
loss: 0.01971789799290705
--> Epoch 307
elapsed time: 33.4404993057251
loss: 0.01969128440424225
--> Epoch 308
elapsed time: 33.41961097717285
loss: 0.019709473712368048
--> Epoch 309
elapsed time: 33.420708656311035
loss: 0.01966942760739423
--> Epoch 310
elapsed time: 33.43402290344238
loss: 0.01962416952078144
--> Epoch 311
elapsed time: 33.428053855895996
loss: 0.019631227894545106
--> Epoch 312
elapsed time: 33.428141832351685
loss: 0.019594294745352396
--> Epoch 313
elapsed time: 33.43686628341675
loss: 0.01960473726061107
--> Epoch 314
elapsed time: 33.416035890579224
loss: 0.019629239704834888
--> Epoch 315
elapsed time: 33.432122468948364
loss: 0.01963889146677498
--> Epoch 316
elapsed time: 33.435455322265625
loss: 0.019647112096942827
--> Epoch 317
elapsed time: 33.3944993019104
loss: 0.0196294031392429
--> Epoch 318
elapsed time: 33.427096128463745
loss: 0.0196235031248723
--> Epoch 319
elapsed time: 33.4194061756134
loss: 0.01953932281184034
--> Epoch 320
elapsed time: 33.48106002807617
loss: 0.019604469178137584
--> Epoch 321
elapsed time: 33.40595006942749
loss: 0.019593967508563206
--> Epoch 322
elapsed time: 33.4122953414917
loss: 0.019613733860337275
--> Epoch 323
elapsed time: 33.404080390930176
loss: 0.019560810577155897
--> Epoch 324
elapsed time: 33.42298364639282
loss: 0.019559213326523748
--> Epoch 325
elapsed time: 33.40813612937927
loss: 0.019638645322511528
--> Epoch 326
elapsed time: 33.39918255805969
loss: 0.019544665034954993
--> Epoch 327
elapsed time: 33.413087129592896
loss: 0.019569741167751887
--> Epoch 328
elapsed time: 33.403568267822266
loss: 0.01954843709201518
--> Epoch 329
elapsed time: 33.43781495094299
loss: 0.019498529776524286
--> Epoch 330
elapsed time: 33.411940813064575
loss: 0.019519221090193863
--> Epoch 331
elapsed time: 33.4120090007782
loss: 0.01946628829052537
--> Epoch 332
elapsed time: 33.40204858779907
loss: 0.019519314038464738
--> Epoch 333
elapsed time: 33.43893265724182
loss: 0.019519879033233576
--> Epoch 334
elapsed time: 33.29629302024841
loss: 0.01948637822126008
--> Epoch 335
elapsed time: 33.64089035987854
loss: 0.019473324659493377
--> Epoch 336
elapsed time: 34.42382860183716
loss: 0.019514094782346617
--> Epoch 337
elapsed time: 34.953173875808716
loss: 0.019466654190781366
--> Epoch 338
elapsed time: 33.56975340843201
loss: 0.019455333879902635
--> Epoch 339
elapsed time: 33.43188285827637
loss: 0.019490263315297924
--> Epoch 340
elapsed time: 33.43842530250549
loss: 0.01943740157650561
--> Epoch 341
elapsed time: 33.43473982810974
loss: 0.019479590932455753
--> Epoch 342
elapsed time: 33.41676068305969
loss: 0.01946573048349915
--> Epoch 343
elapsed time: 33.42284321784973
loss: 0.019467273466849764
--> Epoch 344
elapsed time: 33.397865533828735
loss: 0.0194392783640904
--> Epoch 345
elapsed time: 33.42531371116638
loss: 0.0194663117470628
--> Epoch 346
elapsed time: 33.410441637039185
loss: 0.019415661885367176
--> Epoch 347
elapsed time: 33.42856287956238
loss: 0.019415387839976057
--> Epoch 348
elapsed time: 33.42802715301514
loss: 0.019397332042154287
--> Epoch 349
elapsed time: 33.42360997200012
loss: 0.019407317942132785
--> Epoch 350
elapsed time: 33.4151406288147
loss: 0.019407884951116672
--> Epoch 351
elapsed time: 33.43816328048706
loss: 0.01938541813447777
--> Epoch 352
elapsed time: 33.40778827667236
loss: 0.019400951569954236
--> Epoch 353
elapsed time: 33.42900514602661
loss: 0.019357078550129372
--> Epoch 354
elapsed time: 33.437819480895996
loss: 0.019369188724182064
--> Epoch 355
elapsed time: 33.42791485786438
loss: 0.019392611256512347
--> Epoch 356
elapsed time: 33.443103551864624
loss: 0.019329772349219218
--> Epoch 357
elapsed time: 33.430439949035645
loss: 0.019336483748813676
--> Epoch 358
elapsed time: 33.427857398986816
loss: 0.01935307076507487
--> Epoch 359
elapsed time: 33.42740845680237
loss: 0.019351015678718195
--> Epoch 360
elapsed time: 33.4342827796936
loss: 0.01936252802428163
--> Epoch 361
elapsed time: 33.42019200325012
loss: 0.019344189681764604
--> Epoch 362
elapsed time: 33.441604137420654
loss: 0.019363471306860447
--> Epoch 363
elapsed time: 33.43181228637695
loss: 0.019331601299415583
--> Epoch 364
elapsed time: 33.432140588760376
loss: 0.019368676911173905
--> Epoch 365
elapsed time: 33.434818983078
loss: 0.019344665674336767
--> Epoch 366
elapsed time: 33.433459997177124
loss: 0.019353646857739337
--> Epoch 367
elapsed time: 33.41968512535095
loss: 0.019340285337473128
--> Epoch 368
elapsed time: 33.43477988243103
loss: 0.019318507181748622
--> Epoch 369
elapsed time: 33.43547534942627
loss: 0.019302224134106403
--> Epoch 370
elapsed time: 33.40037226676941
loss: 0.019293985131563773
--> Epoch 371
elapsed time: 33.417463064193726
loss: 0.01929356691954081
--> Epoch 372
elapsed time: 33.419363021850586
loss: 0.019291891192496944
--> Epoch 373
elapsed time: 33.4441659450531
loss: 0.019244797505010777
--> Epoch 374
elapsed time: 33.42525005340576
loss: 0.01925815164128201
--> Epoch 375
elapsed time: 33.419859886169434
loss: 0.019260562233528716
--> Epoch 376
elapsed time: 33.41699838638306
loss: 0.019296271163139665
--> Epoch 377
elapsed time: 33.425575256347656
loss: 0.019289848618104226
--> Epoch 378
elapsed time: 33.51416802406311
loss: 0.01925430587569106
--> Epoch 379
elapsed time: 33.4147572517395
loss: 0.019285953946250402
--> Epoch 380
elapsed time: 33.446680784225464
loss: 0.01924345878882444
--> Epoch 381
elapsed time: 33.43304419517517
loss: 0.019228719680386957
--> Epoch 382
elapsed time: 33.43495059013367
loss: 0.019197126813688483
--> Epoch 383
elapsed time: 33.43154048919678
loss: 0.019206465117682404
--> Epoch 384
elapsed time: 33.436787843704224
loss: 0.01922854232695567
--> Epoch 385
elapsed time: 33.42783260345459
loss: 0.01919732818087372
--> Epoch 386
elapsed time: 33.42975163459778
loss: 0.01920691966968444
--> Epoch 387
elapsed time: 33.44037985801697
loss: 0.019212852173457702
--> Epoch 388
elapsed time: 33.39532923698425
loss: 0.01916270066658955
--> Epoch 389
elapsed time: 33.426692962646484
loss: 0.019226696436851515
--> Epoch 390
elapsed time: 33.423523902893066
loss: 0.019194764684384597
--> Epoch 391
elapsed time: 33.42166304588318
loss: 0.019238050995518997
--> Epoch 392
elapsed time: 33.42909383773804
loss: 0.019178128132801626
--> Epoch 393
elapsed time: 33.41538047790527
loss: 0.019192291059209735
--> Epoch 394
elapsed time: 33.4061233997345
loss: 0.019210514403101644
--> Epoch 395
elapsed time: 33.39010143280029
loss: 0.019196872727337416
--> Epoch 396
elapsed time: 33.41724109649658
loss: 0.01915193382065361
--> Epoch 397
elapsed time: 33.39385914802551
loss: 0.0191222643418376
--> Epoch 398
elapsed time: 33.409011125564575
loss: 0.019136785674114778
--> Epoch 399
elapsed time: 33.399085521698
loss: 0.01914237036176117
Evaluating model...
val mr: 200.15728759765625 mrr: 0.2677308917045593 hits@10: 0.4607641859138865 hits@5: 0.3599372683205019 hits@3: 0.29121756487025946 hits@1: 0.17656116338751068
--> Epoch 400
elapsed time: 33.315253019332886
loss: 0.01912064194461981
--> Epoch 401
elapsed time: 33.420665979385376
loss: 0.019095579671269583
--> Epoch 402
elapsed time: 33.42593502998352
loss: 0.019139898828776626
--> Epoch 403
elapsed time: 33.42602038383484
loss: 0.019108977090823178
--> Epoch 404
elapsed time: 33.405932903289795
loss: 0.0191292220731866
--> Epoch 405
elapsed time: 33.414873361587524
loss: 0.01906769518212171
--> Epoch 406
elapsed time: 33.39666962623596
loss: 0.019084586384281278
--> Epoch 407
elapsed time: 33.40425157546997
loss: 0.019118590233102792
--> Epoch 408
elapsed time: 33.41131615638733
loss: 0.019112437530679177
--> Epoch 409
elapsed time: 33.360520362854004
loss: 0.019136506108249962
--> Epoch 410
elapsed time: 33.39014530181885
loss: 0.019105264783844788
--> Epoch 411
elapsed time: 33.37525129318237
loss: 0.019067778552576607
--> Epoch 412
elapsed time: 33.39846444129944
loss: 0.01904121803966117
--> Epoch 413
elapsed time: 33.404581785202026
loss: 0.01906125451002694
--> Epoch 414
elapsed time: 33.402732849121094
loss: 0.019009772962378033
--> Epoch 415
elapsed time: 33.39601707458496
loss: 0.01906916430449553
--> Epoch 416
elapsed time: 33.387720823287964
loss: 0.01907326066594918
--> Epoch 417
elapsed time: 33.39269661903381
loss: 0.019071335360225594
--> Epoch 418
elapsed time: 33.35627460479736
loss: 0.019026642908830185
--> Epoch 419
elapsed time: 33.39020228385925
loss: 0.019050918987348522
--> Epoch 420
elapsed time: 33.39418888092041
loss: 0.0190252045323671
--> Epoch 421
elapsed time: 33.38887310028076
loss: 0.019035136251800595
--> Epoch 422
elapsed time: 33.38648962974548
loss: 0.01906400583666922
--> Epoch 423
elapsed time: 33.38571262359619
loss: 0.019012595431376265
--> Epoch 424
elapsed time: 33.39674353599548
loss: 0.019017029960174552
--> Epoch 425
elapsed time: 33.397281646728516
loss: 0.019054032655420553
--> Epoch 426
elapsed time: 33.37711954116821
loss: 0.019025955874882882
--> Epoch 427
elapsed time: 33.3590202331543
loss: 0.019019075883999256
--> Epoch 428
elapsed time: 33.38770937919617
loss: 0.018988693288947093
--> Epoch 429
elapsed time: 33.403167486190796
loss: 0.018985642232386322
--> Epoch 430
elapsed time: 33.38778781890869
loss: 0.019011257466030423
--> Epoch 431
elapsed time: 33.403427839279175
loss: 0.01896114071773283
--> Epoch 432
elapsed time: 33.40472888946533
loss: 0.018941222205547826
--> Epoch 433
elapsed time: 33.41418814659119
loss: 0.018941331448897314
--> Epoch 434
elapsed time: 33.424588680267334
loss: 0.018961939729420733
--> Epoch 435
elapsed time: 33.405160903930664
loss: 0.01898563840546534
--> Epoch 436
elapsed time: 33.40320658683777
loss: 0.018990572667238238
--> Epoch 437
elapsed time: 33.407153367996216
loss: 0.018971451976961217
--> Epoch 438
elapsed time: 33.400014877319336
loss: 0.018951959781846345
--> Epoch 439
elapsed time: 33.42607283592224
loss: 0.018946688693202506
--> Epoch 440
elapsed time: 33.407180309295654
loss: 0.018934627055687266
--> Epoch 441
elapsed time: 33.40422224998474
loss: 0.018950575053243286
--> Epoch 442
elapsed time: 33.40033578872681
loss: 0.018906534848312444
--> Epoch 443
elapsed time: 33.413076639175415
loss: 0.018933137590529947
--> Epoch 444
elapsed time: 33.391767740249634
loss: 0.01891124969206379
--> Epoch 445
elapsed time: 33.397684812545776
loss: 0.018927877209029272
--> Epoch 446
elapsed time: 33.41507291793823
loss: 0.018904710349715328
--> Epoch 447
elapsed time: 33.40435552597046
loss: 0.018926013220777964
--> Epoch 448
elapsed time: 33.343515396118164
loss: 0.018943092550973734
--> Epoch 449
elapsed time: 33.408721685409546
loss: 0.01895996538426303
--> Epoch 450
elapsed time: 33.408318281173706
loss: 0.01893298710176856
--> Epoch 451
elapsed time: 33.42041492462158
loss: 0.018881862125379626
--> Epoch 452
elapsed time: 33.43361210823059
loss: 0.0188728758280261
--> Epoch 453
elapsed time: 33.414260387420654
loss: 0.018884648067783828
--> Epoch 454
elapsed time: 33.40456438064575
loss: 0.018872242452452347
--> Epoch 455
elapsed time: 33.418150901794434
loss: 0.018885767955581813
--> Epoch 456
elapsed time: 33.41075277328491
loss: 0.018887099223815935
--> Epoch 457
elapsed time: 33.4172203540802
loss: 0.01886377650070392
--> Epoch 458
elapsed time: 33.41025638580322
loss: 0.018827567718965144
--> Epoch 459
elapsed time: 33.4133620262146
loss: 0.018805235262473068
--> Epoch 460
elapsed time: 33.43252730369568
loss: 0.018851760677600794
--> Epoch 461
elapsed time: 33.42851400375366
loss: 0.018849832881925415
--> Epoch 462
elapsed time: 33.416823387145996
loss: 0.01883286596753355
--> Epoch 463
elapsed time: 33.43567442893982
loss: 0.018864108875975616
--> Epoch 464
elapsed time: 33.42798328399658
loss: 0.018830912882463895
--> Epoch 465
elapsed time: 33.42472529411316
loss: 0.01880450201459993
--> Epoch 466
elapsed time: 33.42143893241882
loss: 0.018773658973842103
--> Epoch 467
elapsed time: 33.42099690437317
loss: 0.018855420099825423
--> Epoch 468
elapsed time: 33.415223836898804
loss: 0.018827276598742743
--> Epoch 469
elapsed time: 33.41644477844238
loss: 0.01878442689916601
--> Epoch 470
elapsed time: 33.419803857803345
loss: 0.018808731787355298
--> Epoch 471
elapsed time: 33.4092800617218
loss: 0.018777804081227457
--> Epoch 472
elapsed time: 33.40116286277771
loss: 0.018842310946073772
--> Epoch 473
elapsed time: 33.388726472854614
loss: 0.018800780437325994
--> Epoch 474
elapsed time: 33.41250991821289
loss: 0.01881154662616698
--> Epoch 475
elapsed time: 33.40160059928894
loss: 0.018793170156372625
--> Epoch 476
elapsed time: 33.41790246963501
loss: 0.01875985575610332
--> Epoch 477
elapsed time: 33.40265965461731
loss: 0.01880956777771856
--> Epoch 478
elapsed time: 33.417137145996094
loss: 0.018794663659597442
--> Epoch 479
elapsed time: 33.43495225906372
loss: 0.018786173903489325
--> Epoch 480
elapsed time: 33.40741276741028
loss: 0.018751100778951188
--> Epoch 481
elapsed time: 33.40734386444092
loss: 0.018710043212978884
--> Epoch 482
elapsed time: 33.40998458862305
loss: 0.01873802614108303
--> Epoch 483
elapsed time: 33.42943835258484
loss: 0.018769133260415783
--> Epoch 484
elapsed time: 33.41771960258484
loss: 0.018768479146925435
--> Epoch 485
elapsed time: 33.42935013771057
loss: 0.01874097147281873
--> Epoch 486
elapsed time: 33.401466846466064
loss: 0.018727954101213452
--> Epoch 487
elapsed time: 33.429726123809814
loss: 0.01875582628341099
--> Epoch 488
elapsed time: 33.408759355545044
loss: 0.018711024655251714
--> Epoch 489
elapsed time: 33.41973924636841
loss: 0.018715973718307372
--> Epoch 490
elapsed time: 33.40750741958618
loss: 0.01868302579741375
--> Epoch 491
elapsed time: 33.4233820438385
loss: 0.018718270362404754
--> Epoch 492
elapsed time: 33.418779134750366
loss: 0.018742133718709395
--> Epoch 493
elapsed time: 33.40241527557373
loss: 0.018689017907584038
--> Epoch 494
elapsed time: 33.417094707489014
loss: 0.018698613000779588
--> Epoch 495
elapsed time: 33.407936334609985
loss: 0.018690430835197808
--> Epoch 496
elapsed time: 33.4084906578064
loss: 0.0187032762354175
--> Epoch 497
elapsed time: 33.41007995605469
loss: 0.01869925525589642
--> Epoch 498
elapsed time: 33.41301250457764
loss: 0.01866985599379829
--> Epoch 499
elapsed time: 33.41029238700867
loss: 0.018663465907501085
Evaluating model...
val mr: 198.66952514648438 mrr: 0.276191771030426 hits@10: 0.4722554890219561 hits@5: 0.37065868263473056 hits@3: 0.303222127174223 hits@1: 0.18354719133162248
--> Epoch 500
elapsed time: 33.38363981246948
loss: 0.018697022515597034
--> Epoch 501
elapsed time: 33.3790340423584
loss: 0.0187124980058125
--> Epoch 502
elapsed time: 33.37703227996826
loss: 0.01862551253253939
--> Epoch 503
elapsed time: 33.403331995010376
loss: 0.01868801970238099
--> Epoch 504
elapsed time: 33.413739919662476
loss: 0.018649779763931333
--> Epoch 505
elapsed time: 33.390270948410034
loss: 0.018690465884642397
--> Epoch 506
elapsed time: 33.398447036743164
loss: 0.018665481074025412
--> Epoch 507
elapsed time: 33.39636015892029
loss: 0.018658078740844162
--> Epoch 508
elapsed time: 33.40951156616211
loss: 0.018635964012325427
--> Epoch 509
elapsed time: 33.398513317108154
loss: 0.018675702575836
--> Epoch 510
elapsed time: 33.39496445655823
loss: 0.018612381571996694
--> Epoch 511
elapsed time: 33.40201449394226
loss: 0.018688740295481537
--> Epoch 512
elapsed time: 33.40667200088501
loss: 0.01870404182988467
--> Epoch 513
elapsed time: 33.395289182662964
loss: 0.018638251965246946
--> Epoch 514
elapsed time: 33.400216579437256
loss: 0.018642957331060746
--> Epoch 515
elapsed time: 33.4003484249115
loss: 0.018647371043091044
--> Epoch 516
elapsed time: 33.41293931007385
loss: 0.018672904547265366
--> Epoch 517
elapsed time: 33.395264625549316
loss: 0.018626164535440765
--> Epoch 518
elapsed time: 33.40348219871521
loss: 0.018608051099878432
--> Epoch 519
elapsed time: 33.40570592880249
loss: 0.018593425241317373
--> Epoch 520
elapsed time: 33.413182973861694
loss: 0.018576100703437487
--> Epoch 521
elapsed time: 33.40234732627869
loss: 0.018616045294250674
--> Epoch 522
elapsed time: 33.40233778953552
loss: 0.018605618490570297
--> Epoch 523
elapsed time: 33.405131101608276
loss: 0.018581125706518358
--> Epoch 524
elapsed time: 33.40606093406677
loss: 0.018602092496293788
--> Epoch 525
elapsed time: 33.41077017784119
loss: 0.018632511295525397
--> Epoch 526
elapsed time: 33.48399090766907
loss: 0.018576552735699425
--> Epoch 527
elapsed time: 33.412036180496216
loss: 0.01859455137326963
--> Epoch 528
elapsed time: 33.3881733417511
loss: 0.018571485370145243
--> Epoch 529
elapsed time: 33.41667079925537
loss: 0.018635319189281532
--> Epoch 530
elapsed time: 33.41536068916321
loss: 0.018584971331052923
--> Epoch 531
elapsed time: 33.4129478931427
loss: 0.018592856284704057
--> Epoch 532
elapsed time: 33.40372824668884
loss: 0.01853222025318294
--> Epoch 533
elapsed time: 33.4033317565918
loss: 0.018547408270491034
--> Epoch 534
elapsed time: 33.419363498687744
loss: 0.018601182041302504
--> Epoch 535
elapsed time: 33.40725660324097
loss: 0.018610536819104864
--> Epoch 536
elapsed time: 33.4012496471405
loss: 0.01856541925268502
--> Epoch 537
elapsed time: 33.373382806777954
loss: 0.018547585258577526
--> Epoch 538
elapsed time: 33.40227818489075
loss: 0.018520722168332154
--> Epoch 539
elapsed time: 33.40560293197632
loss: 0.018524747771173296
--> Epoch 540
elapsed time: 33.4073965549469
loss: 0.018532481352051305
--> Epoch 541
elapsed time: 33.40803384780884
loss: 0.01852987096526661
--> Epoch 542
elapsed time: 33.398338079452515
loss: 0.018510283169845647
--> Epoch 543
elapsed time: 33.40069341659546
loss: 0.018566211189650638
--> Epoch 544
elapsed time: 33.409687995910645
loss: 0.018505615244425924
--> Epoch 545
elapsed time: 33.398216009140015
loss: 0.018500484187096385
--> Epoch 546
elapsed time: 33.39515781402588
loss: 0.0185387862262755
--> Epoch 547
elapsed time: 33.40010070800781
loss: 0.018507850381807685
--> Epoch 548
elapsed time: 33.40766429901123
loss: 0.018522446636927096
--> Epoch 549
elapsed time: 33.396600008010864
loss: 0.01846189528216563
--> Epoch 550
elapsed time: 33.40748929977417
loss: 0.018491037390593473
--> Epoch 551
elapsed time: 33.39571022987366
loss: 0.018495483650726917
--> Epoch 552
elapsed time: 33.3996205329895
loss: 0.01848213238289417
--> Epoch 553
elapsed time: 33.41083836555481
loss: 0.01851213316898355
--> Epoch 554
elapsed time: 33.422805309295654
loss: 0.018514081969794136
--> Epoch 555
elapsed time: 33.40032744407654
loss: 0.018534354841895577
--> Epoch 556
elapsed time: 33.36716651916504
loss: 0.01846374518230123
--> Epoch 557
elapsed time: 33.40707087516785
loss: 0.018494036678585766
--> Epoch 558
elapsed time: 33.421700954437256
loss: 0.01850162338297236
--> Epoch 559
elapsed time: 33.42733907699585
loss: 0.01850598705941259
--> Epoch 560
elapsed time: 33.40995812416077
loss: 0.018461022257054906
--> Epoch 561
elapsed time: 33.40783905982971
loss: 0.018465384624562
--> Epoch 562
elapsed time: 33.40115427970886
loss: 0.01847206752551045
--> Epoch 563
elapsed time: 33.416494607925415
loss: 0.01847608478762637
--> Epoch 564
elapsed time: 33.92262601852417
loss: 0.018429129644667665
--> Epoch 565
elapsed time: 33.40544390678406
loss: 0.018467523925959614
--> Epoch 566
elapsed time: 33.41254425048828
loss: 0.018486516483597674
--> Epoch 567
elapsed time: 33.412323236465454
loss: 0.018461563532448332
--> Epoch 568
elapsed time: 33.40747261047363
loss: 0.01845849694303909
--> Epoch 569
elapsed time: 33.39208984375
loss: 0.01847354366741058
--> Epoch 570
elapsed time: 33.41854763031006
loss: 0.018427439608724186
--> Epoch 571
elapsed time: 33.398887157440186
loss: 0.018431112318284818
--> Epoch 572
elapsed time: 33.41015028953552
loss: 0.018415153048483974
--> Epoch 573
elapsed time: 35.42117238044739
loss: 0.018459428678269333
--> Epoch 574
elapsed time: 33.426021099090576
loss: 0.018457799894964762
--> Epoch 575
elapsed time: 33.41276288032532
loss: 0.018438570162847372
--> Epoch 576
elapsed time: 33.417537212371826
loss: 0.01841400619526153
--> Epoch 577
elapsed time: 33.40751266479492
loss: 0.018449555979980294
--> Epoch 578
elapsed time: 33.410367488861084
loss: 0.01843205201049683
--> Epoch 579
elapsed time: 33.405224561691284
loss: 0.01843596412077448
--> Epoch 580
elapsed time: 33.407931089401245
loss: 0.018443351391587242
--> Epoch 581
elapsed time: 33.41960668563843
loss: 0.018418019585774006
--> Epoch 582
elapsed time: 33.42446708679199
loss: 0.01843175145088645
--> Epoch 583
elapsed time: 33.4073052406311
loss: 0.018417459195926574
--> Epoch 584
elapsed time: 33.41102719306946
loss: 0.018371263370864085
--> Epoch 585
elapsed time: 33.420063495635986
loss: 0.018406440446947055
--> Epoch 586
elapsed time: 33.40717315673828
loss: 0.018417842474153664
--> Epoch 587
elapsed time: 33.406097173690796
loss: 0.018372869416055034
--> Epoch 588
elapsed time: 33.4044554233551
loss: 0.018364871803912934
--> Epoch 589
elapsed time: 33.41197156906128
loss: 0.0184276918157837
--> Epoch 590
elapsed time: 33.40941309928894
loss: 0.01839792954464735
--> Epoch 591
elapsed time: 33.94624471664429
loss: 0.01844517929218394
--> Epoch 592
elapsed time: 33.4282329082489
loss: 0.01835734467701119
--> Epoch 593
elapsed time: 33.42016911506653
loss: 0.01840657696324144
--> Epoch 594
elapsed time: 33.42674994468689
loss: 0.018362386280938857
--> Epoch 595
elapsed time: 33.41589975357056
loss: 0.018355509358250578
--> Epoch 596
elapsed time: 33.42465829849243
loss: 0.01834345925318976
--> Epoch 597
elapsed time: 33.417200803756714
loss: 0.01833783943637126
--> Epoch 598
elapsed time: 33.412904024124146
loss: 0.018356032573170294
--> Epoch 599
elapsed time: 33.43372869491577
loss: 0.018354564830695867
Evaluating model...
val mr: 199.1521453857422 mrr: 0.2760828733444214 hits@10: 0.47120045623039636 hits@5: 0.37080125463359 hits@3: 0.3025092671799259 hits@1: 0.18314798973481608
--> Epoch 600
elapsed time: 33.40405607223511
loss: 0.018372822697480275
--> Epoch 601
elapsed time: 33.441749572753906
loss: 0.01836229811631921
--> Epoch 602
elapsed time: 33.41165804862976
loss: 0.01839782582177156
--> Epoch 603
elapsed time: 33.304084062576294
loss: 0.018320579673159212
--> Epoch 604
elapsed time: 33.42715835571289
loss: 0.0183450909504914
--> Epoch 605
elapsed time: 33.42956209182739
loss: 0.018332487543447334
--> Epoch 606
elapsed time: 33.42945694923401
loss: 0.01833995437531654
--> Epoch 607
elapsed time: 33.414185523986816
loss: 0.01835298383308825
--> Epoch 608
elapsed time: 33.387810707092285
loss: 0.0183467643400295
--> Epoch 609
elapsed time: 33.36547112464905
loss: 0.01834945442454639
--> Epoch 610
elapsed time: 33.40257120132446
loss: 0.01830146248476021
--> Epoch 611
elapsed time: 33.210368394851685
loss: 0.018332174062721873
--> Epoch 612
elapsed time: 33.37330675125122
loss: 0.018318889293774107
--> Epoch 613
elapsed time: 33.41011428833008
loss: 0.01831506551720854
--> Epoch 614
elapsed time: 33.42135572433472
loss: 0.01830471742824631
--> Epoch 615
elapsed time: 33.42242431640625
loss: 0.01828112507016448
--> Epoch 616
elapsed time: 33.36048245429993
loss: 0.018344829618573356
--> Epoch 617
elapsed time: 33.42670774459839
loss: 0.018299650819665513
--> Epoch 618
elapsed time: 33.42653489112854
loss: 0.01830467326358059
--> Epoch 619
elapsed time: 33.42859148979187
loss: 0.018325592820494948
--> Epoch 620
elapsed time: 33.28960466384888
loss: 0.018324091263914433
--> Epoch 621
elapsed time: 33.39966130256653
loss: 0.01829540166698978
--> Epoch 622
elapsed time: 33.434197425842285
loss: 0.018285489568411462
--> Epoch 623
elapsed time: 33.43905758857727
loss: 0.018295951716791093
--> Epoch 624
elapsed time: 33.43359041213989
loss: 0.018278131554094218
--> Epoch 625
elapsed time: 33.41686964035034
loss: 0.018287602970630687
--> Epoch 626
elapsed time: 33.42996120452881
loss: 0.01828755375597125
--> Epoch 627
elapsed time: 33.51529812812805
loss: 0.01828466265296751
--> Epoch 628
elapsed time: 33.410128355026245
loss: 0.018245351223953186
--> Epoch 629
elapsed time: 33.35590672492981
loss: 0.018270011321025587
--> Epoch 630
elapsed time: 33.415250062942505
loss: 0.018293814624108635
--> Epoch 631
elapsed time: 33.43252444267273
loss: 0.018296918073916143
--> Epoch 632
elapsed time: 33.41779708862305
loss: 0.01825898917793162
--> Epoch 633
elapsed time: 33.432931661605835
loss: 0.018246703641007278
--> Epoch 634
elapsed time: 33.42252039909363
loss: 0.018240621109315222
--> Epoch 635
elapsed time: 33.42410969734192
loss: 0.01825380167088919
--> Epoch 636
elapsed time: 33.42575407028198
loss: 0.018231545350674682
--> Epoch 637
elapsed time: 33.42956852912903
loss: 0.018286198325917782
--> Epoch 638
elapsed time: 33.298643350601196
loss: 0.01828216929742164
--> Epoch 639
elapsed time: 33.39833045005798
loss: 0.018300895878794556
--> Epoch 640
elapsed time: 33.42095899581909
loss: 0.018251811705270356
--> Epoch 641
elapsed time: 33.43204641342163
loss: 0.01821771658420815
--> Epoch 642
elapsed time: 33.4229953289032
loss: 0.018241623819561244
--> Epoch 643
elapsed time: 33.35782766342163
loss: 0.018301601762605632
--> Epoch 644
elapsed time: 33.43969202041626
loss: 0.01823051141790506
--> Epoch 645
elapsed time: 33.42801880836487
loss: 0.018235428553155204
--> Epoch 646
elapsed time: 33.40504169464111
loss: 0.018228479931770576
--> Epoch 647
elapsed time: 33.3065299987793
loss: 0.018236376848054292
--> Epoch 648
elapsed time: 33.42975854873657
loss: 0.018244909308325088
--> Epoch 649
elapsed time: 33.41656708717346
loss: 0.01824936156642123
--> Epoch 650
elapsed time: 33.412967920303345
loss: 0.01825710883327284
--> Epoch 651
elapsed time: 33.390037536621094
loss: 0.01823236367394508
--> Epoch 652
elapsed time: 33.39190936088562
loss: 0.01826546351256257
--> Epoch 653
elapsed time: 33.40524959564209
loss: 0.018220680367170027
--> Epoch 654
elapsed time: 33.40902352333069
loss: 0.018192198665449896
--> Epoch 655
elapsed time: 33.41991424560547
loss: 0.018215123606058974
--> Epoch 656
elapsed time: 33.26576542854309
loss: 0.018210526365657124
--> Epoch 657
elapsed time: 33.41984224319458
loss: 0.01822529061016673
--> Epoch 658
elapsed time: 33.43060779571533
loss: 0.018242568113190156
--> Epoch 659
elapsed time: 33.419885873794556
loss: 0.01820693339763502
--> Epoch 660
elapsed time: 33.398149490356445
loss: 0.01821635716515028
--> Epoch 661
elapsed time: 33.42423343658447
loss: 0.018193250981107818
--> Epoch 662
elapsed time: 33.43057632446289
loss: 0.018197998011998152
--> Epoch 663
elapsed time: 33.43075680732727
loss: 0.01823860782558696
--> Epoch 664
elapsed time: 33.41994833946228
loss: 0.01822905798257799
--> Epoch 665
elapsed time: 33.22622299194336
loss: 0.01819833137992128
--> Epoch 666
elapsed time: 33.4208300113678
loss: 0.01815871696968266
--> Epoch 667
elapsed time: 33.4323456287384
loss: 0.018187372454618184
--> Epoch 668
elapsed time: 33.42314791679382
loss: 0.018180229908743784
--> Epoch 669
elapsed time: 33.41803002357483
loss: 0.018214254141526748
--> Epoch 670
elapsed time: 33.425867557525635
loss: 0.018212510072227534
--> Epoch 671
elapsed time: 33.42671036720276
loss: 0.018153283044149152
--> Epoch 672
elapsed time: 33.38761067390442
loss: 0.018225813443971374
--> Epoch 673
elapsed time: 33.40231227874756
loss: 0.01815081091014176
--> Epoch 674
elapsed time: 33.21878504753113
loss: 0.01822489260074701
--> Epoch 675
elapsed time: 33.409695863723755
loss: 0.01817120881952689
--> Epoch 676
elapsed time: 33.39644455909729
loss: 0.018192661247152207
--> Epoch 677
elapsed time: 33.42996525764465
loss: 0.0181514958010834
--> Epoch 678
elapsed time: 33.422191858291626
loss: 0.018168995533618632
--> Epoch 679
elapsed time: 33.419036626815796
loss: 0.01820183476750316
--> Epoch 680
elapsed time: 33.421966314315796
loss: 0.018094084060883198
--> Epoch 681
elapsed time: 33.4258599281311
loss: 0.018203092667143633
--> Epoch 682
elapsed time: 33.430145025253296
loss: 0.018179158253467317
--> Epoch 683
elapsed time: 33.25586199760437
loss: 0.018169866081043335
--> Epoch 684
elapsed time: 33.41959857940674
loss: 0.018104167135567287
--> Epoch 685
elapsed time: 33.438775062561035
loss: 0.01816358581546305
--> Epoch 686
elapsed time: 33.42760944366455
loss: 0.018145328058194465
--> Epoch 687
elapsed time: 33.44796705245972
loss: 0.018156829740421064
--> Epoch 688
elapsed time: 33.4219765663147
loss: 0.018197410108271007
--> Epoch 689
elapsed time: 33.418707847595215
loss: 0.01817772653556638
--> Epoch 690
elapsed time: 33.42542815208435
loss: 0.018179159268898046
--> Epoch 691
elapsed time: 33.435192346572876
loss: 0.01812349547660951
--> Epoch 692
elapsed time: 33.2869827747345
loss: 0.0181257044817632
--> Epoch 693
elapsed time: 33.3882269859314
loss: 0.01808326690863408
--> Epoch 694
elapsed time: 33.38826107978821
loss: 0.018154530053536004
--> Epoch 695
elapsed time: 33.40166091918945
loss: 0.018130110782638598
--> Epoch 696
elapsed time: 33.4159779548645
loss: 0.01811266527182632
--> Epoch 697
elapsed time: 33.408758878707886
loss: 0.018114836157587823
--> Epoch 698
elapsed time: 33.381696701049805
loss: 0.0181215324159624
--> Epoch 699
elapsed time: 33.390599489212036
loss: 0.018117266586216856
Evaluating model...
val mr: 199.97581481933594 mrr: 0.2725422978401184 hits@10: 0.4727402338180781 hits@5: 0.37031650983746794 hits@3: 0.29937268320501853 hits@1: 0.17810094097519247
--> Epoch 700
elapsed time: 33.404611110687256
loss: 0.018116106998494294
--> Epoch 701
elapsed time: 33.40878653526306
loss: 0.01814996339608534
--> Epoch 702
elapsed time: 33.41968035697937
loss: 0.01816040245852909
--> Epoch 703
elapsed time: 33.364869356155396
loss: 0.018133639744355896
--> Epoch 704
elapsed time: 33.375054597854614
loss: 0.018080095014940536
--> Epoch 705
elapsed time: 33.422491788864136
loss: 0.018124747580672534
--> Epoch 706
elapsed time: 33.423269748687744
loss: 0.018100009049242492
--> Epoch 707
elapsed time: 33.40787625312805
loss: 0.018062621996381433
--> Epoch 708
elapsed time: 33.41423463821411
loss: 0.01811336418429805
--> Epoch 709
elapsed time: 33.355985164642334
loss: 0.018084765038683465
--> Epoch 710
elapsed time: 33.371746301651
loss: 0.01807686214634022
--> Epoch 711
elapsed time: 33.39805746078491
loss: 0.018085425207084737
--> Epoch 712
elapsed time: 33.35252928733826
loss: 0.01805558636248364
--> Epoch 713
elapsed time: 33.37144899368286
loss: 0.018071578239964237
--> Epoch 714
elapsed time: 33.418938636779785
loss: 0.018083407421818007
--> Epoch 715
elapsed time: 33.41541576385498
loss: 0.018088964244257922
--> Epoch 716
elapsed time: 33.37472486495972
loss: 0.0181254568831296
--> Epoch 717
elapsed time: 33.35732102394104
loss: 0.018098968603347733
--> Epoch 718
elapsed time: 33.383790731430054
loss: 0.018103590794958994
--> Epoch 719
elapsed time: 33.4089560508728
loss: 0.018111038235518188
--> Epoch 720
elapsed time: 33.421592712402344
loss: 0.01805888034617099
--> Epoch 721
elapsed time: 33.34686732292175
loss: 0.01808800177713497
--> Epoch 722
elapsed time: 33.374119997024536
loss: 0.018083732398200575
--> Epoch 723
elapsed time: 33.41121816635132
loss: 0.018119599471291
--> Epoch 724
elapsed time: 33.388469219207764
loss: 0.018056776718020102
--> Epoch 725
elapsed time: 33.416874408721924
loss: 0.018073972263780835
--> Epoch 726
elapsed time: 33.41116142272949
loss: 0.01806912374764204
--> Epoch 727
elapsed time: 33.41087818145752
loss: 0.018079473367197438
--> Epoch 728
elapsed time: 33.41172909736633
loss: 0.018086122012471995
--> Epoch 729
elapsed time: 33.41594672203064
loss: 0.0180706908796701
--> Epoch 730
elapsed time: 33.271125078201294
loss: 0.01807568890243236
--> Epoch 731
elapsed time: 33.364604473114014
loss: 0.01803744616388209
--> Epoch 732
elapsed time: 33.41644740104675
loss: 0.018023453448721236
--> Epoch 733
elapsed time: 33.41401720046997
loss: 0.018099422674356266
--> Epoch 734
elapsed time: 33.414562940597534
loss: 0.01808424064800185
--> Epoch 735
elapsed time: 33.41122841835022
loss: 0.018119917978354758
--> Epoch 736
elapsed time: 33.42257356643677
loss: 0.01807380685458347
--> Epoch 737
elapsed time: 33.42871451377869
loss: 0.018033015223698354
--> Epoch 738
elapsed time: 33.41955757141113
loss: 0.018071825093890236
--> Epoch 739
elapsed time: 33.41952204704285
loss: 0.018039674227417694
--> Epoch 740
elapsed time: 33.41279149055481
loss: 0.018046364120732527
--> Epoch 741
elapsed time: 33.41729712486267
loss: 0.018050778373332934
--> Epoch 742
elapsed time: 33.41145992279053
loss: 0.018047126617216042
--> Epoch 743
elapsed time: 33.42408204078674
loss: 0.018068564325914502
--> Epoch 744
elapsed time: 33.43038320541382
loss: 0.01805852209888083
--> Epoch 745
elapsed time: 33.41035461425781
loss: 0.018069223888912297
--> Epoch 746
elapsed time: 33.427146673202515
loss: 0.018030841064727878
--> Epoch 747
elapsed time: 33.4298198223114
loss: 0.01806092751321934
--> Epoch 748
elapsed time: 33.42977285385132
loss: 0.018059057254529963
--> Epoch 749
elapsed time: 33.41735339164734
loss: 0.01807876399815475
--> Epoch 750
elapsed time: 33.4178991317749
loss: 0.018041358984698413
--> Epoch 751
elapsed time: 33.405004262924194
loss: 0.018030491901118297
--> Epoch 752
elapsed time: 33.40417408943176
loss: 0.018050253888029652
--> Epoch 753
elapsed time: 33.40742826461792
loss: 0.01804617318646283
--> Epoch 754
elapsed time: 33.41810059547424
loss: 0.018058451860687528
--> Epoch 755
elapsed time: 33.43107223510742
loss: 0.018059112421593516
--> Epoch 756
elapsed time: 33.42380666732788
loss: 0.01804804733427818
--> Epoch 757
elapsed time: 33.43976163864136
loss: 0.017971482692130423
--> Epoch 758
elapsed time: 33.43475008010864
loss: 0.018058267408878538
--> Epoch 759
elapsed time: 33.42710065841675
loss: 0.01801803823725188
--> Epoch 760
elapsed time: 33.4157657623291
loss: 0.018018170359771372
--> Epoch 761
elapsed time: 33.39966821670532
loss: 0.018042459279677268
--> Epoch 762
elapsed time: 33.433485984802246
loss: 0.01799866599087741
--> Epoch 763
elapsed time: 33.431610107421875
loss: 0.018018676586596335
--> Epoch 764
elapsed time: 33.42557096481323
loss: 0.01801623853654202
--> Epoch 765
elapsed time: 33.41496396064758
loss: 0.018004456115317088
--> Epoch 766
elapsed time: 33.43544793128967
loss: 0.018047549951075107
--> Epoch 767
elapsed time: 33.42468047142029
loss: 0.017988656413577574
--> Epoch 768
elapsed time: 33.40990138053894
loss: 0.0180357819710449
--> Epoch 769
elapsed time: 33.42654037475586
loss: 0.018017496863732278
--> Epoch 770
elapsed time: 33.42025279998779
loss: 0.018021527372882373
--> Epoch 771
elapsed time: 33.43291258811951
loss: 0.017991623334824926
--> Epoch 772
elapsed time: 33.347089529037476
loss: 0.017935509232739347
--> Epoch 773
elapsed time: 33.42855262756348
loss: 0.017940772384552325
--> Epoch 774
elapsed time: 33.4397611618042
loss: 0.018010030126484743
--> Epoch 775
elapsed time: 33.28901696205139
loss: 0.017980400677893034
--> Epoch 776
elapsed time: 33.40640330314636
loss: 0.017997413883309877
--> Epoch 777
elapsed time: 33.30454707145691
loss: 0.018001471548880033
--> Epoch 778
elapsed time: 33.14134907722473
loss: 0.017971279939789035
--> Epoch 779
elapsed time: 33.405747175216675
loss: 0.01800500910890377
--> Epoch 780
elapsed time: 33.41508364677429
loss: 0.017981788115479534
--> Epoch 781
elapsed time: 33.400394916534424
loss: 0.017952905881095077
--> Epoch 782
elapsed time: 33.401583433151245
loss: 0.01800821390377948
--> Epoch 783
elapsed time: 33.39866042137146
loss: 0.017979685119892053
--> Epoch 784
elapsed time: 33.32820963859558
loss: 0.018026119684195978
--> Epoch 785
elapsed time: 33.397376537323
loss: 0.018017778600638808
--> Epoch 786
elapsed time: 33.400965452194214
loss: 0.017985950642013932
--> Epoch 787
elapsed time: 33.393818616867065
loss: 0.018000269332341674
--> Epoch 788
elapsed time: 33.368829011917114
loss: 0.017928181993245012
--> Epoch 789
elapsed time: 33.35393691062927
loss: 0.0179856112726236
--> Epoch 790
elapsed time: 33.35240602493286
loss: 0.01800308217183246
--> Epoch 791
elapsed time: 33.31855821609497
loss: 0.017981681546944555
--> Epoch 792
elapsed time: 33.371299028396606
loss: 0.017942510657397957
--> Epoch 793
elapsed time: 33.30507946014404
loss: 0.017959581083519104
--> Epoch 794
elapsed time: 33.3630747795105
loss: 0.017943932789597775
--> Epoch 795
elapsed time: 33.33378291130066
loss: 0.01800635515914587
--> Epoch 796
elapsed time: 33.34283924102783
loss: 0.0179075595527635
--> Epoch 797
elapsed time: 33.35262107849121
loss: 0.01792492294072516
--> Epoch 798
elapsed time: 33.35605812072754
loss: 0.01796834539930465
--> Epoch 799
elapsed time: 33.35686683654785
loss: 0.017949193725686586
Evaluating model...
val mr: 200.81240844726562 mrr: 0.276059091091156 hits@10: 0.47664670658682634 hits@5: 0.3741659538066724 hits@3: 0.30105503279155976 hits@1: 0.18266324493869404
--> Epoch 800
elapsed time: 33.33201360702515
loss: 0.01793856748054724
--> Epoch 801
elapsed time: 33.36394929885864
loss: 0.017931477191243828
--> Epoch 802
elapsed time: 33.364569425582886
loss: 0.018054526925668724
--> Epoch 803
elapsed time: 33.34733724594116
loss: 0.017938122075306897
--> Epoch 804
elapsed time: 33.35669541358948
loss: 0.017912320254733285
--> Epoch 805
elapsed time: 33.36425566673279
loss: 0.017941160008367343
--> Epoch 806
elapsed time: 33.3263738155365
loss: 0.01797329037610585
--> Epoch 807
elapsed time: 33.35356688499451
loss: 0.017963915404461513
--> Epoch 808
elapsed time: 33.361639738082886
loss: 0.01797602523156807
--> Epoch 809
elapsed time: 33.35835838317871
loss: 0.017944590319105735
--> Epoch 810
elapsed time: 33.35251426696777
loss: 0.017917715405531907
--> Epoch 811
elapsed time: 33.33580946922302
loss: 0.017917550411618553
--> Epoch 812
elapsed time: 33.35578203201294
loss: 0.017913254052365542
--> Epoch 813
elapsed time: 33.366966247558594
loss: 0.017960030939482566
--> Epoch 814
elapsed time: 33.28326463699341
loss: 0.017939209008478996
--> Epoch 815
elapsed time: 33.36528420448303
loss: 0.01795934994292366
--> Epoch 816
elapsed time: 33.360002517700195
loss: 0.01790171462047218
--> Epoch 817
elapsed time: 33.37358117103577
loss: 0.01789121793518202
--> Epoch 818
elapsed time: 33.34565544128418
loss: 0.017915172336810562
--> Epoch 819
elapsed time: 33.36126637458801
loss: 0.017954440775168806
--> Epoch 820
elapsed time: 33.368289947509766
loss: 0.017900421043204343
--> Epoch 821
elapsed time: 33.364808559417725
loss: 0.01791404635379983
--> Epoch 822
elapsed time: 33.352790117263794
loss: 0.017939113853245217
--> Epoch 823
elapsed time: 33.366034746170044
loss: 0.017939010751543187
--> Epoch 824
elapsed time: 33.37006950378418
loss: 0.017928489002023287
--> Epoch 825
elapsed time: 33.35263919830322
loss: 0.017935925738943825
--> Epoch 826
elapsed time: 33.35289478302002
loss: 0.01794649365595485
--> Epoch 827
elapsed time: 33.36371064186096
loss: 0.01794483371320779
--> Epoch 828
elapsed time: 33.34925055503845
loss: 0.017960469145590643
--> Epoch 829
elapsed time: 33.35605311393738
loss: 0.01790639644651652
--> Epoch 830
elapsed time: 33.362305879592896
loss: 0.017880763107716253
--> Epoch 831
elapsed time: 33.36640930175781
loss: 0.017919293242950877
--> Epoch 832
elapsed time: 33.36726522445679
loss: 0.017925164184812544
--> Epoch 833
elapsed time: 33.35104441642761
loss: 0.01792305729484233
--> Epoch 834
elapsed time: 33.360411405563354
loss: 0.01793168663806856
--> Epoch 835
elapsed time: 33.35666275024414
loss: 0.01790742012948106
--> Epoch 836
elapsed time: 33.35524320602417
loss: 0.017893099597535208
--> Epoch 837
elapsed time: 33.35851502418518
loss: 0.01789124937586115
--> Epoch 838
elapsed time: 33.36600184440613
loss: 0.017885682030264655
--> Epoch 839
elapsed time: 33.35185122489929
loss: 0.01790101652367431
--> Epoch 840
elapsed time: 33.35419940948486
loss: 0.017896276420316996
--> Epoch 841
elapsed time: 33.359190702438354
loss: 0.017920775673687737
--> Epoch 842
elapsed time: 33.35384917259216
loss: 0.017909672721933053
--> Epoch 843
elapsed time: 33.35606360435486
loss: 0.0178623976955157
--> Epoch 844
elapsed time: 33.36504244804382
loss: 0.01786652396880756
--> Epoch 845
elapsed time: 33.367307901382446
loss: 0.017881829680582318
--> Epoch 846
elapsed time: 33.35504484176636
loss: 0.017915721628762368
--> Epoch 847
elapsed time: 33.35168743133545
loss: 0.01787609354656817
--> Epoch 848
elapsed time: 33.359007358551025
loss: 0.01789319677662143
--> Epoch 849
elapsed time: 33.36188054084778
loss: 0.017904535491415498
--> Epoch 850
elapsed time: 33.348496437072754
loss: 0.017851142171570578
--> Epoch 851
elapsed time: 33.366239070892334
loss: 0.017866177928589307
--> Epoch 852
elapsed time: 33.34919023513794
loss: 0.01794015166287504
--> Epoch 853
elapsed time: 33.36841177940369
loss: 0.017890205221322494
--> Epoch 854
elapsed time: 33.35688352584839
loss: 0.017909214251892867
--> Epoch 855
elapsed time: 33.36610007286072
loss: 0.01788235811020755
--> Epoch 856
elapsed time: 33.3626868724823
loss: 0.017850870415498262
--> Epoch 857
elapsed time: 33.36003232002258
loss: 0.017876584102992785
--> Epoch 858
elapsed time: 33.354838371276855
loss: 0.017861341858704978
--> Epoch 859
elapsed time: 33.37171006202698
loss: 0.017890976370432302
--> Epoch 860
elapsed time: 33.361244678497314
loss: 0.01787168065722075
--> Epoch 861
elapsed time: 33.349079847335815
loss: 0.01789423939092952
--> Epoch 862
elapsed time: 33.35500931739807
loss: 0.017867599741879042
--> Epoch 863
elapsed time: 33.361807346343994
loss: 0.01786236035412393
--> Epoch 864
elapsed time: 33.36881732940674
loss: 0.0178755678495818
--> Epoch 865
elapsed time: 33.35940623283386
loss: 0.01788536344522563
--> Epoch 866
elapsed time: 33.36374855041504
loss: 0.01786230642239888
--> Epoch 867
elapsed time: 33.348466873168945
loss: 0.017833262386706395
--> Epoch 868
elapsed time: 33.36969065666199
loss: 0.01782346181028285
--> Epoch 869
elapsed time: 33.35588574409485
loss: 0.017868265867941185
--> Epoch 870
elapsed time: 33.360719203948975
loss: 0.017859102361717262
--> Epoch 871
elapsed time: 33.35056257247925
loss: 0.017925947788061954
--> Epoch 872
elapsed time: 33.3692147731781
loss: 0.01794073478207483
--> Epoch 873
elapsed time: 33.357155084609985
loss: 0.017903186477237116
--> Epoch 874
elapsed time: 33.35204029083252
loss: 0.01783368261119216
--> Epoch 875
elapsed time: 33.35577344894409
loss: 0.017841978608398423
--> Epoch 876
elapsed time: 33.348994731903076
loss: 0.017877693818960958
--> Epoch 877
elapsed time: 33.34712314605713
loss: 0.01790331577862896
--> Epoch 878
elapsed time: 33.34992241859436
loss: 0.01783459625791264
--> Epoch 879
elapsed time: 33.354191064834595
loss: 0.017829094608669167
--> Epoch 880
elapsed time: 33.35080647468567
loss: 0.017878933493415926
--> Epoch 881
elapsed time: 33.356642961502075
loss: 0.01789236475949229
--> Epoch 882
elapsed time: 33.36179280281067
loss: 0.01785960226378431
--> Epoch 883
elapsed time: 33.36742281913757
loss: 0.017847915391173995
--> Epoch 884
elapsed time: 33.35242676734924
loss: 0.017862152432635607
--> Epoch 885
elapsed time: 33.35889434814453
loss: 0.017839352747465738
--> Epoch 886
elapsed time: 33.366950035095215
loss: 0.01789475997746944
--> Epoch 887
elapsed time: 33.35971283912659
loss: 0.01785095509663855
--> Epoch 888
elapsed time: 33.36354446411133
loss: 0.017876862205726183
--> Epoch 889
elapsed time: 33.35235667228699
loss: 0.017854124577479438
--> Epoch 890
elapsed time: 33.360286474227905
loss: 0.017837612843272378
--> Epoch 891
elapsed time: 33.34968066215515
loss: 0.017829731387994756
--> Epoch 892
elapsed time: 33.362205266952515
loss: 0.017868047168343445
--> Epoch 893
elapsed time: 33.354257106781006
loss: 0.01788650195947511
--> Epoch 894
elapsed time: 33.36050367355347
loss: 0.017825051497314073
--> Epoch 895
elapsed time: 33.368770122528076
loss: 0.01781259647983206
--> Epoch 896
elapsed time: 33.352575063705444
loss: 0.01784821702666784
--> Epoch 897
elapsed time: 33.363402366638184
loss: 0.01787381927436349
--> Epoch 898
elapsed time: 33.367716550827026
loss: 0.01777188296965126
--> Epoch 899
elapsed time: 33.36347270011902
loss: 0.017867288459355216
Evaluating model...
val mr: 201.35760498046875 mrr: 0.28023162484169006 hits@10: 0.4788423153692615 hits@5: 0.37927003136583975 hits@3: 0.3093527231251782 hits@1: 0.1855717137154263
--> Epoch 900
elapsed time: 33.3269305229187
loss: 0.017902163743117677
--> Epoch 901
elapsed time: 33.35688757896423
loss: 0.01793371584452163
--> Epoch 902
elapsed time: 33.34533953666687
loss: 0.017834362932257458
--> Epoch 903
elapsed time: 33.351136922836304
loss: 0.017820482396346326
--> Epoch 904
elapsed time: 33.35048961639404
loss: 0.017770145918126107
--> Epoch 905
elapsed time: 33.35570549964905
loss: 0.017846031330862308
--> Epoch 906
elapsed time: 33.35612607002258
loss: 0.017882386452026895
--> Epoch 907
elapsed time: 33.35570430755615
loss: 0.017837144934720345
--> Epoch 908
elapsed time: 33.36415147781372
loss: 0.01783556284195448
--> Epoch 909
elapsed time: 33.342703342437744
loss: 0.017847623270415013
--> Epoch 910
elapsed time: 33.34785008430481
loss: 0.017817210270265366
--> Epoch 911
elapsed time: 33.354387521743774
loss: 0.017808047603370722
--> Epoch 912
elapsed time: 33.36179733276367
loss: 0.017850393612508998
--> Epoch 913
elapsed time: 33.36185264587402
loss: 0.017821587123649646
--> Epoch 914
elapsed time: 33.36160182952881
loss: 0.017827829288236396
--> Epoch 915
elapsed time: 33.350914001464844
loss: 0.017822091374809126
--> Epoch 916
elapsed time: 33.35228967666626
loss: 0.017817707359966028
--> Epoch 917
elapsed time: 33.36164927482605
loss: 0.01779552804427055
--> Epoch 918
elapsed time: 33.349125146865845
loss: 0.017857784346650203
--> Epoch 919
elapsed time: 33.36838936805725
loss: 0.017774014891434535
--> Epoch 920
elapsed time: 33.343756914138794
loss: 0.017814441707584505
--> Epoch 921
elapsed time: 33.360079765319824
loss: 0.017852559387824048
--> Epoch 922
elapsed time: 33.37056303024292
loss: 0.017848549913597467
--> Epoch 923
elapsed time: 33.441134452819824
loss: 0.017810493897776333
--> Epoch 924
elapsed time: 33.3610725402832
loss: 0.017789526930147202
--> Epoch 925
elapsed time: 33.35673236846924
loss: 0.017787517035276625
--> Epoch 926
elapsed time: 33.36211562156677
loss: 0.01781763313189219
--> Epoch 927
elapsed time: 33.352240324020386
loss: 0.017769651741546388
--> Epoch 928
elapsed time: 33.352389097213745
loss: 0.01783295735885036
--> Epoch 929
elapsed time: 33.36051034927368
loss: 0.01780822669766556
--> Epoch 930
elapsed time: 33.34327721595764
loss: 0.01786653088757931
--> Epoch 931
elapsed time: 33.36494565010071
loss: 0.01778989389226864
--> Epoch 932
elapsed time: 33.36424493789673
loss: 0.017834523535900426
--> Epoch 933
elapsed time: 33.366289138793945
loss: 0.01780206681012771
--> Epoch 934
elapsed time: 33.368072271347046
loss: 0.01778215164825082
--> Epoch 935
elapsed time: 33.355109453201294
loss: 0.01775684592122193
--> Epoch 936
elapsed time: 33.35795497894287
loss: 0.017828415242581858
--> Epoch 937
elapsed time: 33.353376388549805
loss: 0.017762365553839973
--> Epoch 938
elapsed time: 33.34638428688049
loss: 0.01779439068212755
--> Epoch 939
elapsed time: 33.36290192604065
loss: 0.017800801318850253
--> Epoch 940
elapsed time: 33.36525511741638
loss: 0.017824380534156976
--> Epoch 941
elapsed time: 33.343512535095215
loss: 0.017795731423042454
--> Epoch 942
elapsed time: 33.36197066307068
loss: 0.01778968082791718
--> Epoch 943
elapsed time: 33.35965967178345
loss: 0.01777599096168551
--> Epoch 944
elapsed time: 33.35826659202576
loss: 0.0178180859307649
--> Epoch 945
elapsed time: 33.36540365219116
loss: 0.01775772422499541
--> Epoch 946
elapsed time: 33.36207294464111
loss: 0.01784104034514889
--> Epoch 947
elapsed time: 33.35922312736511
loss: 0.0182940712827674
--> Epoch 948
elapsed time: 33.351324796676636
loss: 0.018475965897246902
--> Epoch 949
elapsed time: 33.35206699371338
loss: 0.017789003392812898
--> Epoch 950
elapsed time: 33.37638545036316
loss: 0.01774769949158154
--> Epoch 951
elapsed time: 33.35253310203552
loss: 0.01781722491296921
--> Epoch 952
elapsed time: 33.349456548690796
loss: 0.01778914048472246
--> Epoch 953
elapsed time: 33.34898495674133
loss: 0.01773016869334937
--> Epoch 954
elapsed time: 33.36725568771362
loss: 0.017785189866928536
--> Epoch 955
elapsed time: 33.356547594070435
loss: 0.01786646684097268
--> Epoch 956
elapsed time: 33.34424376487732
loss: 0.017792609091830613
--> Epoch 957
elapsed time: 33.3613395690918
loss: 0.017750824484465993
--> Epoch 958
elapsed time: 33.350029945373535
loss: 0.017755323746754162
--> Epoch 959
elapsed time: 33.34689903259277
loss: 0.017778773288315237
--> Epoch 960
elapsed time: 33.35631847381592
loss: 0.017781020072924
--> Epoch 961
elapsed time: 33.38734221458435
loss: 0.017745024792723857
--> Epoch 962
elapsed time: 33.36929655075073
loss: 0.017733524152211782
--> Epoch 963
elapsed time: 33.36688470840454
loss: 0.01775249824285339
--> Epoch 964
elapsed time: 33.35953640937805
loss: 0.01773224833578236
--> Epoch 965
elapsed time: 33.35894060134888
loss: 0.017767766787585567
--> Epoch 966
elapsed time: 33.36244010925293
loss: 0.017778563219440623
--> Epoch 967
elapsed time: 33.35392498970032
loss: 0.017784509594926324
--> Epoch 968
elapsed time: 33.36443042755127
loss: 0.017850907507193953
--> Epoch 969
elapsed time: 33.3542206287384
loss: 0.017726502625704483
--> Epoch 970
elapsed time: 33.352333307266235
loss: 0.01776458168628355
--> Epoch 971
elapsed time: 33.35712432861328
loss: 0.01773825617768186
--> Epoch 972
elapsed time: 33.36670422554016
loss: 0.017798624810984362
--> Epoch 973
elapsed time: 33.35111904144287
loss: 0.017735296516019503
--> Epoch 974
elapsed time: 33.366142988204956
loss: 0.0178823148900063
--> Epoch 975
elapsed time: 33.37225794792175
loss: 0.017760402727118665
--> Epoch 976
elapsed time: 33.35507106781006
loss: 0.01777241144658733
--> Epoch 977
elapsed time: 33.36341691017151
loss: 0.017771068121098955
--> Epoch 978
elapsed time: 33.36983108520508
loss: 0.017740575115696676
--> Epoch 979
elapsed time: 33.37381100654602
loss: 0.017698153309341824
--> Epoch 980
elapsed time: 33.37255597114563
loss: 0.017746833346692997
--> Epoch 981
elapsed time: 33.37486171722412
loss: 0.01778259013997617
--> Epoch 982
elapsed time: 33.385173320770264
loss: 0.01776703417315196
--> Epoch 983
elapsed time: 33.378284215927124
loss: 0.017755291554358413
--> Epoch 984
elapsed time: 33.37625455856323
loss: 0.017723734205832262
--> Epoch 985
elapsed time: 33.38339948654175
loss: 0.017750021170996486
--> Epoch 986
elapsed time: 33.378124475479126
loss: 0.017705620418943163
--> Epoch 987
elapsed time: 33.38993310928345
loss: 0.017755587860374157
--> Epoch 988
elapsed time: 33.37421226501465
loss: 0.017749061754546352
--> Epoch 989
elapsed time: 33.3765435218811
loss: 0.017712164302255785
--> Epoch 990
elapsed time: 33.38015699386597
loss: 0.01787118526457731
--> Epoch 991
elapsed time: 33.37349247932434
loss: 0.017741031664391227
--> Epoch 992
elapsed time: 33.35693573951721
loss: 0.017746074796283682
--> Epoch 993
elapsed time: 33.388033866882324
loss: 0.017802691216793468
--> Epoch 994
