Using CUDA
Load processed dataset...
Model type: DistMult
14923 237
torch.Size([14923, 121]) torch.Size([14923, 300])
Start training...
--> Epoch 1
elapsed time: 5.388075590133667
loss: 9.608988313773613
--> Epoch 2
elapsed time: 5.345126628875732
loss: 3.780664943011437
--> Epoch 3
elapsed time: 5.3537917137146
loss: 1.8207998329586055
--> Epoch 4
elapsed time: 5.363528251647949
loss: 1.162049219334675
--> Epoch 5
elapsed time: 5.349358797073364
loss: 0.9183152121748436
--> Epoch 6
elapsed time: 5.354197978973389
loss: 0.8130066655541184
--> Epoch 7
elapsed time: 5.367950439453125
loss: 0.761212741162344
--> Epoch 8
elapsed time: 5.3599982261657715
loss: 0.7244980890349408
--> Epoch 9
elapsed time: 5.340646982192993
loss: 0.6237112613410627
--> Epoch 10
elapsed time: 5.330489873886108
loss: 0.3993127625277888
--> Epoch 11
elapsed time: 5.348617315292358
loss: 0.20406504520692584
--> Epoch 12
elapsed time: 5.346550226211548
loss: 0.11615413097929304
--> Epoch 13
elapsed time: 5.359074354171753
loss: 0.08423060342066711
--> Epoch 14
elapsed time: 5.344550609588623
loss: 0.071251792396898
--> Epoch 15
elapsed time: 5.339161396026611
loss: 0.06512467578221691
--> Epoch 16
elapsed time: 5.349827527999878
loss: 0.061671233717579946
--> Epoch 17
elapsed time: 5.354764461517334
loss: 0.059332024225455235
--> Epoch 18
elapsed time: 5.351784944534302
loss: 0.05762688787908119
--> Epoch 19
elapsed time: 5.354294300079346
loss: 0.05625463042650039
--> Epoch 20
elapsed time: 5.3446691036224365
loss: 0.05495141183752444
--> Epoch 21
elapsed time: 5.3589253425598145
loss: 0.05366511601579716
--> Epoch 22
elapsed time: 5.3520050048828125
loss: 0.052458430092820335
--> Epoch 23
elapsed time: 5.3426477909088135
loss: 0.05127512934501173
--> Epoch 24
elapsed time: 5.341503143310547
loss: 0.050108143097790256
--> Epoch 25
elapsed time: 5.34223484992981
loss: 0.04903851639784291
--> Epoch 26
elapsed time: 5.349185228347778
loss: 0.047908675924350046
--> Epoch 27
elapsed time: 5.33987021446228
loss: 0.046809152518648756
--> Epoch 28
elapsed time: 5.346150159835815
loss: 0.04574042870921564
--> Epoch 29
elapsed time: 5.336036205291748
loss: 0.04467160167805115
--> Epoch 30
elapsed time: 5.3222877979278564
loss: 0.04364937112464281
--> Epoch 31
elapsed time: 5.332574367523193
loss: 0.0426793679812273
--> Epoch 32
elapsed time: 5.3574042320251465
loss: 0.041693834190170156
--> Epoch 33
elapsed time: 5.35211181640625
loss: 0.04077195295904564
--> Epoch 34
elapsed time: 5.336233377456665
loss: 0.03991350129961631
--> Epoch 35
elapsed time: 5.345066070556641
loss: 0.03911263546849463
--> Epoch 36
elapsed time: 5.3353590965271
loss: 0.038293867746082434
--> Epoch 37
elapsed time: 5.341007232666016
loss: 0.03759569505112191
--> Epoch 38
elapsed time: 5.342566967010498
loss: 0.036920187926499884
--> Epoch 39
elapsed time: 5.341210842132568
loss: 0.03627005053696381
--> Epoch 40
elapsed time: 5.341590881347656
loss: 0.03561324774798423
--> Epoch 41
elapsed time: 5.34654974937439
loss: 0.035057708785736885
--> Epoch 42
elapsed time: 5.343533277511597
loss: 0.03450591058443149
--> Epoch 43
elapsed time: 5.346391439437866
loss: 0.033998166201312026
--> Epoch 44
elapsed time: 5.34499454498291
loss: 0.033485625394789095
--> Epoch 45
elapsed time: 5.338164567947388
loss: 0.033105577660246154
--> Epoch 46
elapsed time: 5.334396600723267
loss: 0.032616530058805604
--> Epoch 47
elapsed time: 5.343082427978516
loss: 0.0322015446681715
--> Epoch 48
elapsed time: 5.333740949630737
loss: 0.03182358516210222
--> Epoch 49
elapsed time: 5.341905355453491
loss: 0.03146912485732577
--> Epoch 50
elapsed time: 5.330584764480591
loss: 0.031107253012153637
--> Epoch 51
elapsed time: 5.332348108291626
loss: 0.030756415478597806
--> Epoch 52
elapsed time: 5.3444061279296875
loss: 0.030506449423008446
--> Epoch 53
elapsed time: 5.356098175048828
loss: 0.030101863592022
--> Epoch 54
elapsed time: 5.3426783084869385
loss: 0.029851499450789905
--> Epoch 55
elapsed time: 5.342085838317871
loss: 0.029558457504267527
--> Epoch 56
elapsed time: 5.342554569244385
loss: 0.029311979168488076
--> Epoch 57
elapsed time: 5.332225561141968
loss: 0.029018405491971565
--> Epoch 58
elapsed time: 5.344925403594971
loss: 0.028804024474683058
--> Epoch 59
elapsed time: 5.33639121055603
loss: 0.02856346993573073
--> Epoch 60
elapsed time: 5.34349799156189
loss: 0.02835070764644182
--> Epoch 61
elapsed time: 5.337912559509277
loss: 0.02814848469929491
--> Epoch 62
elapsed time: 5.33950138092041
loss: 0.027951132549938456
--> Epoch 63
elapsed time: 5.341115236282349
loss: 0.027790356597399667
--> Epoch 64
elapsed time: 5.340160846710205
loss: 0.027551989881488253
--> Epoch 65
elapsed time: 5.336291790008545
loss: 0.02736652666143898
--> Epoch 66
elapsed time: 5.350609064102173
loss: 0.027233866007467654
--> Epoch 67
elapsed time: 5.346070051193237
loss: 0.027062555044356767
--> Epoch 68
elapsed time: 5.346683502197266
loss: 0.026905372414671353
--> Epoch 69
elapsed time: 5.333286285400391
loss: 0.026756550515682095
--> Epoch 70
elapsed time: 5.332805633544922
loss: 0.026609471603975695
--> Epoch 71
elapsed time: 5.336571931838989
loss: 0.026471374920890897
--> Epoch 72
elapsed time: 5.335103750228882
loss: 0.026326936064244213
--> Epoch 73
elapsed time: 5.347083568572998
loss: 0.02622194655295654
--> Epoch 74
elapsed time: 5.339442253112793
loss: 0.026051524584992023
--> Epoch 75
elapsed time: 5.341598272323608
loss: 0.025960729498615942
--> Epoch 76
elapsed time: 5.343667268753052
loss: 0.02582097317241938
--> Epoch 77
elapsed time: 5.337799310684204
loss: 0.025720339643428153
--> Epoch 78
elapsed time: 5.339134454727173
loss: 0.025630057215522396
--> Epoch 79
elapsed time: 5.340769052505493
loss: 0.02553816346463906
--> Epoch 80
elapsed time: 5.331638813018799
loss: 0.025362432018791518
--> Epoch 81
elapsed time: 5.342457294464111
loss: 0.025286410678518008
--> Epoch 82
elapsed time: 5.343773365020752
loss: 0.025197918610060314
--> Epoch 83
elapsed time: 5.32818078994751
loss: 0.025101763240971995
--> Epoch 84
elapsed time: 5.352238178253174
loss: 0.024989975560263767
--> Epoch 85
elapsed time: 5.341794729232788
loss: 0.02489392993829773
--> Epoch 86
elapsed time: 5.343410491943359
loss: 0.024831164241019332
--> Epoch 87
elapsed time: 5.347759485244751
loss: 0.024745155160901464
--> Epoch 88
elapsed time: 5.336012125015259
loss: 0.02469553063892578
--> Epoch 89
elapsed time: 5.347264766693115
loss: 0.0245689680731504
--> Epoch 90
elapsed time: 5.335073947906494
loss: 0.024547083855292084
--> Epoch 91
elapsed time: 5.3286027908325195
loss: 0.024444401979109978
--> Epoch 92
elapsed time: 5.340073823928833
loss: 0.02443766658416023
--> Epoch 93
elapsed time: 5.345622301101685
loss: 0.024319136313750624
--> Epoch 94
elapsed time: 5.336962938308716
loss: 0.024224402975231436
--> Epoch 95
elapsed time: 5.334607124328613
loss: 0.024175766189622073
--> Epoch 96
elapsed time: 5.336401462554932
loss: 0.02413383223859353
--> Epoch 97
elapsed time: 5.341299533843994
loss: 0.02404226000164044
--> Epoch 98
elapsed time: 5.339155435562134
loss: 0.02399115686358311
--> Epoch 99
elapsed time: 5.340831995010376
loss: 0.023994981396245934
--> Epoch 100
elapsed time: 5.351735591888428
loss: 0.0239113291404854
Evaluating model...
val mr: 332.1787109375 mrr: 0.2524929642677307 hits@10: 0.4329 hits@5: 0.3443 hits@3: 0.2807 hits@1: 0.1643
--> Epoch 101
elapsed time: 5.318676710128784
loss: 0.023821570383961314
--> Epoch 102
elapsed time: 5.356110095977783
loss: 0.023772392148609333
--> Epoch 103
elapsed time: 5.330166816711426
loss: 0.023732483663849415
--> Epoch 104
elapsed time: 5.3476197719573975
loss: 0.02368836993437439
--> Epoch 105
elapsed time: 5.33212947845459
loss: 0.023649736324207804
--> Epoch 106
elapsed time: 5.340182781219482
loss: 0.023579816653735774
--> Epoch 107
elapsed time: 5.342404365539551
loss: 0.023561689503287662
--> Epoch 108
elapsed time: 5.326287031173706
loss: 0.02352676146356205
--> Epoch 109
elapsed time: 5.323840141296387
loss: 0.02345757540893633
--> Epoch 110
elapsed time: 5.344527244567871
loss: 0.02342867199769585
--> Epoch 111
elapsed time: 5.342008829116821
loss: 0.023387560976611366
--> Epoch 112
elapsed time: 5.341182470321655
loss: 0.023360929359889548
--> Epoch 113
elapsed time: 5.347214221954346
loss: 0.023284090681111935
--> Epoch 114
elapsed time: 5.337567329406738
loss: 0.023303921846979537
--> Epoch 115
elapsed time: 5.3211095333099365
loss: 0.023228444274679624
--> Epoch 116
elapsed time: 5.344099760055542
loss: 0.023151482156673245
--> Epoch 117
elapsed time: 5.3356873989105225
loss: 0.023189163273542084
--> Epoch 118
elapsed time: 5.332539319992065
loss: 0.02310230707187251
--> Epoch 119
elapsed time: 5.336338520050049
loss: 0.023082595001398004
--> Epoch 120
elapsed time: 5.3390069007873535
loss: 0.023037907466825065
--> Epoch 121
elapsed time: 5.343316555023193
loss: 0.023036949262934144
--> Epoch 122
elapsed time: 5.326102018356323
loss: 0.022955093525791663
--> Epoch 123
elapsed time: 5.332384347915649
loss: 0.02292328022651704
--> Epoch 124
elapsed time: 5.339200019836426
loss: 0.022916319463770006
--> Epoch 125
elapsed time: 5.341415882110596
loss: 0.02292348721493053
--> Epoch 126
elapsed time: 5.329450368881226
loss: 0.022905303987123333
--> Epoch 127
elapsed time: 5.33832049369812
loss: 0.02286676829111318
--> Epoch 128
elapsed time: 5.328545331954956
loss: 0.022809379202290064
--> Epoch 129
elapsed time: 5.323939085006714
loss: 0.022818213924485225
--> Epoch 130
elapsed time: 5.327949047088623
loss: 0.02272989772267198
--> Epoch 131
elapsed time: 5.3310112953186035
loss: 0.02275959645535513
--> Epoch 132
elapsed time: 5.324151277542114
loss: 0.022748360978062716
--> Epoch 133
elapsed time: 5.3285698890686035
loss: 0.022652946361747982
--> Epoch 134
elapsed time: 5.333072900772095
loss: 0.02271346686546352
--> Epoch 135
elapsed time: 5.331223249435425
loss: 0.022616400386041218
--> Epoch 136
elapsed time: 5.3272411823272705
loss: 0.022627411972685793
--> Epoch 137
elapsed time: 5.33452033996582
loss: 0.022607291434468352
--> Epoch 138
elapsed time: 5.339994192123413
loss: 0.022564600666008912
--> Epoch 139
elapsed time: 5.338140487670898
loss: 0.02254599769996621
--> Epoch 140
elapsed time: 5.327694892883301
loss: 0.022538659440551518
--> Epoch 141
elapsed time: 5.3344807624816895
loss: 0.022528778829963163
--> Epoch 142
elapsed time: 5.348124742507935
loss: 0.02249881097572038
--> Epoch 143
elapsed time: 5.334153890609741
loss: 0.022472006050643784
--> Epoch 144
elapsed time: 5.332027435302734
loss: 0.022408309440818015
--> Epoch 145
elapsed time: 5.347514629364014
loss: 0.022414997635323376
--> Epoch 146
elapsed time: 5.341292858123779
loss: 0.022449357098674617
--> Epoch 147
elapsed time: 5.341299533843994
loss: 0.02240394128561861
--> Epoch 148
elapsed time: 5.338609933853149
loss: 0.022358604288911437
--> Epoch 149
elapsed time: 5.330233097076416
loss: 0.022352877571505975
--> Epoch 150
elapsed time: 5.334859132766724
loss: 0.02237532955794994
--> Epoch 151
elapsed time: 5.340073823928833
loss: 0.022356236665417646
--> Epoch 152
elapsed time: 5.346167087554932
loss: 0.022310988705952214
--> Epoch 153
elapsed time: 5.337157964706421
loss: 0.022306643755841904
--> Epoch 154
elapsed time: 5.339308977127075
loss: 0.02226371562015528
--> Epoch 155
elapsed time: 5.334310054779053
loss: 0.02225102945244043
--> Epoch 156
elapsed time: 5.348773717880249
loss: 0.022269069647323603
--> Epoch 157
elapsed time: 5.341476678848267
loss: 0.022222989278224314
--> Epoch 158
elapsed time: 5.336673974990845
loss: 0.02221606653586717
--> Epoch 159
elapsed time: 5.344055414199829
loss: 0.022168407598659325
--> Epoch 160
elapsed time: 5.347133159637451
loss: 0.022200042578135026
--> Epoch 161
elapsed time: 5.341958999633789
loss: 0.022195458874765255
--> Epoch 162
elapsed time: 5.348437547683716
loss: 0.022217207219406107
--> Epoch 163
elapsed time: 5.332117080688477
loss: 0.022169821027417512
--> Epoch 164
elapsed time: 5.330935716629028
loss: 0.02220821110943467
--> Epoch 165
elapsed time: 5.336611986160278
loss: 0.022135691396604703
--> Epoch 166
elapsed time: 5.337051868438721
loss: 0.02211363993669218
--> Epoch 167
elapsed time: 5.330127239227295
loss: 0.022088176571708855
--> Epoch 168
elapsed time: 5.320997714996338
loss: 0.02209703979605453
--> Epoch 169
elapsed time: 5.318331241607666
loss: 0.02207916873390677
--> Epoch 170
elapsed time: 5.330013036727905
loss: 0.022059784084208035
--> Epoch 171
elapsed time: 5.332285165786743
loss: 0.02204815435345063
--> Epoch 172
elapsed time: 5.334802150726318
loss: 0.022060425838180454
--> Epoch 173
elapsed time: 5.32612681388855
loss: 0.022046189905895113
--> Epoch 174
elapsed time: 5.338847398757935
loss: 0.022051468444243424
--> Epoch 175
elapsed time: 5.3375632762908936
loss: 0.022003049996391515
--> Epoch 176
elapsed time: 5.343170881271362
loss: 0.02203004604147665
--> Epoch 177
elapsed time: 5.331122875213623
loss: 0.0219783915359236
--> Epoch 178
elapsed time: 5.32729434967041
loss: 0.021965872498118755
--> Epoch 179
elapsed time: 5.335806608200073
loss: 0.021996183921902782
--> Epoch 180
elapsed time: 5.342435598373413
loss: 0.021976395164067075
--> Epoch 181
elapsed time: 5.328937292098999
loss: 0.02196281749373153
--> Epoch 182
elapsed time: 5.3363635540008545
loss: 0.021965489266326375
--> Epoch 183
elapsed time: 5.336596727371216
loss: 0.021954977723681355
--> Epoch 184
elapsed time: 5.32730507850647
loss: 0.02191861008003929
--> Epoch 185
elapsed time: 5.330476999282837
loss: 0.02193327009790031
--> Epoch 186
elapsed time: 5.333926439285278
loss: 0.021938874898785033
--> Epoch 187
elapsed time: 5.3344292640686035
loss: 0.02187624718093244
--> Epoch 188
elapsed time: 5.322756290435791
loss: 0.021871721577021948
--> Epoch 189
elapsed time: 5.320673704147339
loss: 0.021885216658407522
--> Epoch 190
elapsed time: 5.320978164672852
loss: 0.02184659417329649
--> Epoch 191
elapsed time: 5.3295207023620605
loss: 0.021857735123537895
--> Epoch 192
elapsed time: 5.332616806030273
loss: 0.02183106814108978
--> Epoch 193
elapsed time: 5.335827827453613
loss: 0.02180956328955329
--> Epoch 194
elapsed time: 5.321915864944458
loss: 0.021860244125828692
--> Epoch 195
elapsed time: 5.343664884567261
loss: 0.021860461885342592
--> Epoch 196
elapsed time: 5.3331897258758545
loss: 0.021824571779760008
--> Epoch 197
elapsed time: 5.333080053329468
loss: 0.021813782573321016
--> Epoch 198
elapsed time: 5.33472752571106
loss: 0.02182637074627578
--> Epoch 199
elapsed time: 5.345990896224976
loss: 0.021808193724949406
--> Epoch 200
elapsed time: 5.3382368087768555
loss: 0.021774745463049312
Evaluating model...
val mr: 242.968505859375 mrr: 0.27036818861961365 hits@10: 0.4569 hits@5: 0.3688 hits@3: 0.3006 hits@1: 0.1789
--> Epoch 201
elapsed time: 4.908438444137573
loss: 0.021788477209008537
--> Epoch 202
elapsed time: 5.324765205383301
loss: 0.021773613740533226
--> Epoch 203
elapsed time: 5.322359561920166
loss: 0.021766690339328876
--> Epoch 204
elapsed time: 5.323984146118164
loss: 0.02183310081612806
--> Epoch 205
elapsed time: 5.3267529010772705
loss: 0.02175863256094485
--> Epoch 206
elapsed time: 5.331347465515137
loss: 0.02173561225395548
--> Epoch 207
elapsed time: 5.319561004638672
loss: 0.021754210054355752
--> Epoch 208
elapsed time: 5.331958770751953
loss: 0.021745342526476225
--> Epoch 209
elapsed time: 5.339430570602417
loss: 0.021778139353204985
--> Epoch 210
elapsed time: 5.33602499961853
loss: 0.02175698960629254
--> Epoch 211
elapsed time: 5.338494300842285
loss: 0.021736749373411416
--> Epoch 212
elapsed time: 5.328441143035889
loss: 0.021749553840996406
--> Epoch 213
elapsed time: 5.331021308898926
loss: 0.021730183941765093
--> Epoch 214
elapsed time: 5.341667175292969
loss: 0.02166959473220167
--> Epoch 215
elapsed time: 5.326204776763916
loss: 0.021711794331824005
--> Epoch 216
elapsed time: 5.337489604949951
loss: 0.021688967962466315
--> Epoch 217
elapsed time: 5.334596395492554
loss: 0.02171358250095557
--> Epoch 218
elapsed time: 5.329125881195068
loss: 0.021711210405711622
--> Epoch 219
elapsed time: 5.319567441940308
loss: 0.021668397172276185
--> Epoch 220
elapsed time: 5.3293352127075195
loss: 0.021675769879236494
--> Epoch 221
elapsed time: 5.322850465774536
loss: 0.021683202062927096
--> Epoch 222
elapsed time: 5.3222527503967285
loss: 0.021674977468286387
--> Epoch 223
elapsed time: 5.322000503540039
loss: 0.02167805446169899
--> Epoch 224
elapsed time: 5.32034969329834
loss: 0.021663684814972127
--> Epoch 225
elapsed time: 5.322098255157471
loss: 0.021667502149378817
--> Epoch 226
elapsed time: 5.32819938659668
loss: 0.021671854760340104
--> Epoch 227
elapsed time: 5.321322202682495
loss: 0.02163806180395221
--> Epoch 228
elapsed time: 5.325106143951416
loss: 0.021632024829091042
--> Epoch 229
elapsed time: 5.338839769363403
loss: 0.021676548412341276
--> Epoch 230
elapsed time: 5.325323104858398
loss: 0.021664063016045575
--> Epoch 231
elapsed time: 5.341871976852417
loss: 0.021664676276628745
--> Epoch 232
elapsed time: 5.336413383483887
loss: 0.021636810404294972
--> Epoch 233
elapsed time: 5.331456422805786
loss: 0.021628154524070187
--> Epoch 234
elapsed time: 5.331010580062866
loss: 0.02161823966919759
--> Epoch 235
elapsed time: 5.336832046508789
loss: 0.021649892568966742
--> Epoch 236
elapsed time: 5.338693141937256
loss: 0.021640667414970814
--> Epoch 237
elapsed time: 5.3409435749053955
loss: 0.02160767009367891
--> Epoch 238
elapsed time: 5.334390163421631
loss: 0.021610978563243448
--> Epoch 239
elapsed time: 5.329303026199341
loss: 0.021610629258577485
--> Epoch 240
elapsed time: 5.34409761428833
loss: 0.021615901509841322
--> Epoch 241
elapsed time: 5.332338571548462
loss: 0.021559649671893128
--> Epoch 242
elapsed time: 5.432293176651001
loss: 0.02159013979221052
--> Epoch 243
elapsed time: 5.340843200683594
loss: 0.021590445902082905
--> Epoch 244
elapsed time: 5.34239935874939
loss: 0.02158245057049834
--> Epoch 245
elapsed time: 5.346112251281738
loss: 0.021576281845471484
--> Epoch 246
elapsed time: 5.337973356246948
loss: 0.02154329714916387
--> Epoch 247
elapsed time: 5.3280322551727295
loss: 0.02155959430770109
--> Epoch 248
elapsed time: 5.323511600494385
loss: 0.021586729653410942
--> Epoch 249
elapsed time: 5.342639684677124
loss: 0.021540282837352657
--> Epoch 250
elapsed time: 5.33258056640625
loss: 0.021580429695133095
--> Epoch 251
elapsed time: 5.335657835006714
loss: 0.0215115057425407
--> Epoch 252
elapsed time: 5.3444178104400635
loss: 0.021558559791431155
--> Epoch 253
elapsed time: 5.342614650726318
loss: 0.02150886014510412
--> Epoch 254
elapsed time: 5.3347227573394775
loss: 0.02153811094054106
--> Epoch 255
elapsed time: 5.348588228225708
loss: 0.02152724460517306
--> Epoch 256
elapsed time: 5.338642120361328
loss: 0.021497561264282
--> Epoch 257
elapsed time: 5.3315348625183105
loss: 0.021495199836755515
--> Epoch 258
elapsed time: 5.3416008949279785
loss: 0.021534710230615938
--> Epoch 259
elapsed time: 5.330283880233765
loss: 0.021499906497484428
--> Epoch 260
elapsed time: 5.329611539840698
loss: 0.021543712461207794
--> Epoch 261
elapsed time: 5.336565256118774
loss: 0.021521777971205237
--> Epoch 262
elapsed time: 5.324932098388672
loss: 0.021539036110954698
--> Epoch 263
elapsed time: 5.3207175731658936
loss: 0.02155548388792004
--> Epoch 264
elapsed time: 5.328416347503662
loss: 0.021515135191598256
--> Epoch 265
elapsed time: 5.325093030929565
loss: 0.021486697814875017
--> Epoch 266
elapsed time: 5.311952114105225
loss: 0.021546325105770734
--> Epoch 267
elapsed time: 5.35294508934021
loss: 0.02151844052462957
--> Epoch 268
elapsed time: 5.28493332862854
loss: 0.021540025874677966
--> Epoch 269
elapsed time: 5.290745496749878
loss: 0.021510993390714685
--> Epoch 270
elapsed time: 5.302811622619629
loss: 0.021509202582689804
--> Epoch 271
elapsed time: 5.293885707855225
loss: 0.021520029317135533
--> Epoch 272
elapsed time: 5.301288366317749
loss: 0.021441953519564246
--> Epoch 273
elapsed time: 5.301393985748291
loss: 0.021494839797786464
--> Epoch 274
elapsed time: 5.294247150421143
loss: 0.02148453306900872
--> Epoch 275
elapsed time: 5.291597843170166
loss: 0.021487675700073858
--> Epoch 276
elapsed time: 5.30377459526062
loss: 0.021490472036844028
--> Epoch 277
elapsed time: 5.292180299758911
loss: 0.02145513675770497
--> Epoch 278
elapsed time: 5.303436994552612
loss: 0.0214936932371903
--> Epoch 279
elapsed time: 5.2985146045684814
loss: 0.021451418220590334
--> Epoch 280
elapsed time: 5.306533575057983
loss: 0.02146137087331666
--> Epoch 281
elapsed time: 5.290050983428955
loss: 0.021457851646242004
--> Epoch 282
elapsed time: 5.297156095504761
loss: 0.021471654081599734
--> Epoch 283
elapsed time: 5.274530649185181
loss: 0.021467853151787484
--> Epoch 284
elapsed time: 5.2645649909973145
loss: 0.021460386760609955
--> Epoch 285
elapsed time: 5.297602891921997
loss: 0.02145868423285343
--> Epoch 286
elapsed time: 5.302769660949707
loss: 0.021434870277823197
--> Epoch 287
elapsed time: 5.324524402618408
loss: 0.021456118811514168
--> Epoch 288
elapsed time: 5.318700790405273
loss: 0.021434029709698453
--> Epoch 289
elapsed time: 5.279796361923218
loss: 0.021417748494913076
--> Epoch 290
elapsed time: 5.290005207061768
loss: 0.021454161208259645
--> Epoch 291
elapsed time: 5.281881332397461
loss: 0.02143550332309722
--> Epoch 292
elapsed time: 5.281076431274414
loss: 0.02151245067837041
--> Epoch 293
elapsed time: 5.28300142288208
loss: 0.021462043172566822
--> Epoch 294
elapsed time: 5.288725137710571
loss: 0.02145529175851834
--> Epoch 295
elapsed time: 5.300005197525024
loss: 0.021427551559536163
--> Epoch 296
elapsed time: 5.300438165664673
loss: 0.021457644211003945
--> Epoch 297
elapsed time: 5.299086809158325
loss: 0.021426900441522657
--> Epoch 298
elapsed time: 5.316774129867554
loss: 0.021395094580562858
--> Epoch 299
elapsed time: 5.296178102493286
loss: 0.021431829075934408
--> Epoch 300
elapsed time: 5.296670913696289
loss: 0.021434869056502718
Evaluating model...
val mr: 232.1414031982422 mrr: 0.27695146203041077 hits@10: 0.4681 hits@5: 0.3752 hits@3: 0.3072 hits@1: 0.1841
--> Epoch 301
elapsed time: 5.297194719314575
loss: 0.02145735648051535
--> Epoch 302
elapsed time: 5.3072285652160645
loss: 0.021397700943298084
--> Epoch 303
elapsed time: 5.294821262359619
loss: 0.021440117265100426
--> Epoch 304
elapsed time: 5.285234451293945
loss: 0.021439511407787017
--> Epoch 305
elapsed time: 5.3189074993133545
loss: 0.021392462242426226
--> Epoch 306
elapsed time: 5.306473731994629
loss: 0.021380264613416435
--> Epoch 307
elapsed time: 5.275354862213135
loss: 0.021443852446868188
--> Epoch 308
elapsed time: 5.290416240692139
loss: 0.021428152941594905
--> Epoch 309
elapsed time: 5.291978597640991
loss: 0.021427815678412915
--> Epoch 310
elapsed time: 5.284612417221069
loss: 0.021394624098827003
--> Epoch 311
elapsed time: 5.292505979537964
loss: 0.021414344057945407
--> Epoch 312
elapsed time: 5.295465469360352
loss: 0.0213773382927518
--> Epoch 313
elapsed time: 5.286139249801636
loss: 0.021405050357556635
--> Epoch 314
elapsed time: 5.3042144775390625
loss: 0.0213846506363417
--> Epoch 315
elapsed time: 5.299250364303589
loss: 0.021427578234086593
--> Epoch 316
elapsed time: 5.292370796203613
loss: 0.021422035578613784
--> Epoch 317
elapsed time: 5.2975239753723145
loss: 0.021471183358052936
--> Epoch 318
elapsed time: 5.2983717918396
loss: 0.02141809051195799
--> Epoch 319
elapsed time: 5.291901350021362
loss: 0.02136558463213473
--> Epoch 320
elapsed time: 5.295045375823975
loss: 0.02141587038788163
--> Epoch 321
elapsed time: 5.300884962081909
loss: 0.021407461203880054
--> Epoch 322
elapsed time: 5.287564992904663
loss: 0.021405890967735455
--> Epoch 323
elapsed time: 5.296344041824341
loss: 0.02137046701757558
--> Epoch 324
elapsed time: 5.2941529750823975
loss: 0.02139447936446512
--> Epoch 325
elapsed time: 5.283963441848755
loss: 0.021441077992235952
--> Epoch 326
elapsed time: 5.349736928939819
loss: 0.021384510869617634
--> Epoch 327
elapsed time: 5.284179449081421
loss: 0.02138934586011399
--> Epoch 328
elapsed time: 5.2851951122283936
loss: 0.02140503521984126
--> Epoch 329
elapsed time: 5.2913947105407715
loss: 0.021430335337907665
--> Epoch 330
elapsed time: 5.29350471496582
loss: 0.0214271320596071
--> Epoch 331
elapsed time: 5.295901298522949
loss: 0.02142044192010069
--> Epoch 332
elapsed time: 5.292954444885254
loss: 0.02137237616226792
--> Epoch 333
elapsed time: 5.290259599685669
loss: 0.021404058569980924
--> Epoch 334
elapsed time: 5.2986159324646
loss: 0.021353508691852763
--> Epoch 335
elapsed time: 5.285406112670898
loss: 0.021433306411118968
--> Epoch 336
elapsed time: 5.287232398986816
loss: 0.021398445081424848
--> Epoch 337
elapsed time: 5.278106451034546
loss: 0.021422682673453947
--> Epoch 338
elapsed time: 5.286448955535889
loss: 0.02143601603413514
--> Epoch 339
elapsed time: 5.289003372192383
loss: 0.02137771875247962
--> Epoch 340
elapsed time: 5.29071044921875
loss: 0.021407782593400322
--> Epoch 341
elapsed time: 5.292736291885376
loss: 0.021394619853117504
--> Epoch 342
elapsed time: 5.286375522613525
loss: 0.02135915041096011
--> Epoch 343
elapsed time: 5.296210050582886
loss: 0.021426960853956158
--> Epoch 344
elapsed time: 5.28805947303772
loss: 0.021409629464766267
--> Epoch 345
elapsed time: 5.292104721069336
loss: 0.021411742676866023
--> Epoch 346
elapsed time: 5.292504072189331
loss: 0.021402172532251504
--> Epoch 347
elapsed time: 5.326750993728638
loss: 0.021365549017588484
--> Epoch 348
elapsed time: 5.279014825820923
loss: 0.021363017335884547
--> Epoch 349
elapsed time: 5.281657695770264
loss: 0.02141275998776181
--> Epoch 350
elapsed time: 5.291708469390869
loss: 0.021419247221604678
--> Epoch 351
elapsed time: 5.282480955123901
loss: 0.02139161974857522
--> Epoch 352
elapsed time: 5.291729211807251
loss: 0.021404936748468304
--> Epoch 353
elapsed time: 5.2949395179748535
loss: 0.021420826164695417
--> Epoch 354
elapsed time: 5.280806541442871
loss: 0.021438027457846634
--> Epoch 355
elapsed time: 5.2945942878723145
loss: 0.021376160163562027
--> Epoch 356
elapsed time: 5.289263486862183
loss: 0.021374059636023172
--> Epoch 357
elapsed time: 5.290794372558594
loss: 0.021354281044760517
--> Epoch 358
elapsed time: 5.292015075683594
loss: 0.021372689386288286
--> Epoch 359
elapsed time: 5.29580020904541
loss: 0.021385697788109448
--> Epoch 360
elapsed time: 5.2863945960998535
loss: 0.021390993495034587
--> Epoch 361
elapsed time: 5.287267446517944
loss: 0.0213884885807505
--> Epoch 362
elapsed time: 5.294840335845947
loss: 0.02136558304284108
--> Epoch 363
elapsed time: 5.290874004364014
loss: 0.021411231574396537
--> Epoch 364
elapsed time: 5.288940668106079
loss: 0.021349326361352727
--> Epoch 365
elapsed time: 5.284461736679077
loss: 0.0214003744243398
--> Epoch 366
elapsed time: 5.285128355026245
loss: 0.021426184770501344
--> Epoch 367
elapsed time: 5.326767921447754
loss: 0.021333404009774508
--> Epoch 368
elapsed time: 5.274300813674927
loss: 0.02136441125856013
--> Epoch 369
elapsed time: 5.271324634552002
loss: 0.02141088813802653
--> Epoch 370
elapsed time: 5.278163433074951
loss: 0.021361780844397514
--> Epoch 371
elapsed time: 5.2801337242126465
loss: 0.021343961100489153
--> Epoch 372
elapsed time: 5.277650833129883
loss: 0.021367768333876123
--> Epoch 373
elapsed time: 5.2898242473602295
loss: 0.02136738855752705
--> Epoch 374
elapsed time: 5.28555965423584
loss: 0.021399798968619373
--> Epoch 375
elapsed time: 5.278432846069336
loss: 0.021380343722391556
--> Epoch 376
elapsed time: 5.2875096797943115
loss: 0.02138147678362908
--> Epoch 377
elapsed time: 5.290557622909546
loss: 0.021372876087114256
--> Epoch 378
elapsed time: 5.28363823890686
loss: 0.02132125405957423
--> Epoch 379
elapsed time: 5.286917686462402
loss: 0.021376504223734168
--> Epoch 380
elapsed time: 5.28035569190979
loss: 0.021406861926277405
--> Epoch 381
elapsed time: 5.2808592319488525
loss: 0.021381622632423998
--> Epoch 382
elapsed time: 5.279312372207642
loss: 0.02140024884736213
--> Epoch 383
elapsed time: 5.289269685745239
loss: 0.021426829492790678
--> Epoch 384
elapsed time: 5.278409242630005
loss: 0.021379330867475645
--> Epoch 385
elapsed time: 5.285276889801025
loss: 0.021421939083782437
--> Epoch 386
elapsed time: 5.279777765274048
loss: 0.021432321776240812
--> Epoch 387
elapsed time: 5.283715486526489
loss: 0.021431858724058516
--> Epoch 388
elapsed time: 5.328766584396362
loss: 0.021375106214804124
--> Epoch 389
elapsed time: 5.270789861679077
loss: 0.021397431818233944
--> Epoch 390
elapsed time: 5.375226974487305
loss: 0.0213779158984869
--> Epoch 391
elapsed time: 5.293062686920166
loss: 0.021349523474067197
--> Epoch 392
elapsed time: 5.291933059692383
loss: 0.02140183589637616
--> Epoch 393
elapsed time: 5.2769410610198975
loss: 0.021421919791474727
--> Epoch 394
elapsed time: 5.284339189529419
loss: 0.021394017638738494
--> Epoch 395
elapsed time: 5.275007009506226
loss: 0.021399307018277337
--> Epoch 396
elapsed time: 5.272826433181763
loss: 0.02137177836356697
--> Epoch 397
elapsed time: 5.284424781799316
loss: 0.021439646106994836
--> Epoch 398
elapsed time: 5.280350685119629
loss: 0.02141297141638491
--> Epoch 399
elapsed time: 5.274552345275879
loss: 0.021382558146388266
--> Epoch 400
elapsed time: 5.275822401046753
loss: 0.02135616554401163
Evaluating model...
val mr: 228.83729553222656 mrr: 0.2788376212120056 hits@10: 0.473 hits@5: 0.3764 hits@3: 0.3121 hits@1: 0.1848
--> Epoch 401
elapsed time: 4.575107574462891
loss: 0.0213950697003197
--> Epoch 402
elapsed time: 4.623782634735107
loss: 0.021349797130458106
--> Epoch 403
elapsed time: 4.64693021774292
loss: 0.02142640491132734
--> Epoch 404
elapsed time: 4.647736310958862
loss: 0.021336174728602927
--> Epoch 405
elapsed time: 4.729568004608154
loss: 0.021360435026328964
--> Epoch 406
elapsed time: 5.270702362060547
loss: 0.021336622613281543
--> Epoch 407
elapsed time: 5.260875701904297
loss: 0.021369087864642197
--> Epoch 408
elapsed time: 5.257702827453613
loss: 0.021394663429902278
--> Epoch 409
elapsed time: 5.269594192504883
loss: 0.021359820150168348
--> Epoch 410
elapsed time: 5.271294593811035
loss: 0.02137154570639638
--> Epoch 411
elapsed time: 5.271882772445679
loss: 0.0214014776622279
--> Epoch 412
elapsed time: 5.2637293338775635
loss: 0.02143150620225568
--> Epoch 413
elapsed time: 5.271825075149536
loss: 0.02140051868734557
--> Epoch 414
elapsed time: 5.2731897830963135
loss: 0.021361033869372822
--> Epoch 415
elapsed time: 5.272960424423218
loss: 0.02139277699265913
--> Epoch 416
elapsed time: 5.2685017585754395
loss: 0.02139007907469432
--> Epoch 417
elapsed time: 5.273050546646118
loss: 0.021332007332556895
--> Epoch 418
elapsed time: 5.269702911376953
loss: 0.021362530642302105
--> Epoch 419
elapsed time: 5.276452302932739
loss: 0.021329817587294225
--> Epoch 420
elapsed time: 5.2744879722595215
loss: 0.021355629408852963
--> Epoch 421
elapsed time: 5.272730350494385
loss: 0.021437673719980083
--> Epoch 422
elapsed time: 5.276018381118774
loss: 0.021357730982486976
--> Epoch 423
elapsed time: 5.267382860183716
loss: 0.021386219817629875
--> Epoch 424
elapsed time: 5.276983737945557
loss: 0.021359096858597878
--> Epoch 425
elapsed time: 5.279372215270996
loss: 0.02136635129547635
--> Epoch 426
elapsed time: 5.269710540771484
loss: 0.02140579241926336
--> Epoch 427
elapsed time: 5.275636672973633
loss: 0.021369227973055637
--> Epoch 428
elapsed time: 5.261214256286621
loss: 0.02138459677733516
--> Epoch 429
elapsed time: 5.262986421585083
loss: 0.021363767093487314
--> Epoch 430
elapsed time: 5.2707200050354
loss: 0.021361609947143135
--> Epoch 431
elapsed time: 5.2779014110565186
loss: 0.021404173544074496
--> Epoch 432
elapsed time: 5.2779624462127686
loss: 0.02142772794134305
--> Epoch 433
elapsed time: 5.268134117126465
loss: 0.021383188056881317
--> Epoch 434
elapsed time: 5.279245853424072
loss: 0.021399780352681398
--> Epoch 435
elapsed time: 5.268884897232056
loss: 0.021400044704607827
--> Epoch 436
elapsed time: 5.262333631515503
loss: 0.021392594777601345
--> Epoch 437
elapsed time: 5.274821043014526
loss: 0.02135792692469631
--> Epoch 438
elapsed time: 5.287217617034912
loss: 0.021416028854651825
--> Epoch 439
elapsed time: 5.276354789733887
loss: 0.021403824842183634
--> Epoch 440
elapsed time: 5.277239084243774
loss: 0.021398344691334642
--> Epoch 441
elapsed time: 5.274092197418213
loss: 0.02141665012478436
--> Epoch 442
elapsed time: 5.276489973068237
loss: 0.021378545561912255
--> Epoch 443
elapsed time: 5.273932218551636
loss: 0.02143454607418429
--> Epoch 444
elapsed time: 5.265729188919067
loss: 0.021420130176734276
--> Epoch 445
elapsed time: 5.279538869857788
loss: 0.02140347730203664
--> Epoch 446
elapsed time: 5.264169454574585
loss: 0.02136221260308995
--> Epoch 447
elapsed time: 5.270299434661865
loss: 0.021397176464127688
--> Epoch 448
elapsed time: 5.265377044677734
loss: 0.021384352471185315
--> Epoch 449
elapsed time: 5.253436803817749
loss: 0.021412843692897067
--> Epoch 450
elapsed time: 5.320343732833862
loss: 0.021361084421877577
--> Epoch 451
elapsed time: 5.273861885070801
loss: 0.021336696495285374
--> Epoch 452
elapsed time: 5.274207830429077
loss: 0.021413985694130413
--> Epoch 453
elapsed time: 5.274388551712036
loss: 0.021449687803971912
--> Epoch 454
elapsed time: 5.278960466384888
loss: 0.02143352106388795
--> Epoch 455
elapsed time: 5.264776706695557
loss: 0.021375821971685843
--> Epoch 456
elapsed time: 5.280860900878906
loss: 0.02139610522413523
--> Epoch 457
elapsed time: 5.270330429077148
loss: 0.021408268626383307
--> Epoch 458
elapsed time: 5.273473739624023
loss: 0.021413746534348205
--> Epoch 459
elapsed time: 5.274739503860474
loss: 0.02141840817443571
--> Epoch 460
elapsed time: 5.279277563095093
loss: 0.021412684635617546
--> Epoch 461
elapsed time: 5.2753987312316895
loss: 0.021445423063251732
--> Epoch 462
elapsed time: 5.26860237121582
loss: 0.021408971106442548
--> Epoch 463
elapsed time: 5.274476528167725
loss: 0.021428149414309216
--> Epoch 464
elapsed time: 5.27402925491333
loss: 0.02139484235072405
--> Epoch 465
elapsed time: 5.27985954284668
loss: 0.021378972701665264
--> Epoch 466
elapsed time: 5.2788166999816895
loss: 0.02139845439289834
--> Epoch 467
elapsed time: 5.267712116241455
loss: 0.02140050515294187
--> Epoch 468
elapsed time: 5.275812864303589
loss: 0.021408414342006982
--> Epoch 469
elapsed time: 5.25978946685791
loss: 0.0214337731798303
--> Epoch 470
elapsed time: 5.290703296661377
loss: 0.02138047692867965
--> Epoch 471
elapsed time: 5.293047904968262
loss: 0.021421864238039347
--> Epoch 472
elapsed time: 5.2717156410217285
loss: 0.02143631828905049
--> Epoch 473
elapsed time: 5.27126669883728
loss: 0.02142460413122951
--> Epoch 474
elapsed time: 5.267803430557251
loss: 0.021408922938754394
--> Epoch 475
elapsed time: 5.2803380489349365
loss: 0.02147810889875844
--> Epoch 476
elapsed time: 5.27712345123291
loss: 0.021418387359419973
--> Epoch 477
elapsed time: 5.277538537979126
loss: 0.021445341203239092
--> Epoch 478
elapsed time: 5.265824794769287
loss: 0.02143867212581612
--> Epoch 479
elapsed time: 5.277338027954102
loss: 0.02141658866099894
--> Epoch 480
elapsed time: 5.273085832595825
loss: 0.0213923276483536
--> Epoch 481
elapsed time: 5.2757978439331055
loss: 0.021453120751851365
--> Epoch 482
elapsed time: 5.280537366867065
loss: 0.021392067023469723
--> Epoch 483
elapsed time: 5.279564142227173
loss: 0.021402546939696777
--> Epoch 484
elapsed time: 5.277950763702393
loss: 0.021368135313520092
--> Epoch 485
elapsed time: 5.283517360687256
loss: 0.021397403724358426
--> Epoch 486
elapsed time: 5.2679526805877686
loss: 0.021431259683010045
--> Epoch 487
elapsed time: 5.27399754524231
loss: 0.021425231695455533
--> Epoch 488
elapsed time: 5.287169694900513
loss: 0.02140511362265834
--> Epoch 489
elapsed time: 5.263443231582642
loss: 0.021428435799067353
--> Epoch 490
elapsed time: 5.266505718231201
loss: 0.021427774107958052
--> Epoch 491
elapsed time: 5.387570142745972
loss: 0.021384720006293545
--> Epoch 492
elapsed time: 5.273515939712524
loss: 0.021456219236649438
--> Epoch 493
elapsed time: 5.276773452758789
loss: 0.021435045224534714
--> Epoch 494
elapsed time: 5.280646085739136
loss: 0.021418504154104616
--> Epoch 495
elapsed time: 5.270794153213501
loss: 0.021443458882038705
--> Epoch 496
elapsed time: 5.277897596359253
loss: 0.02137336800416348
--> Epoch 497
elapsed time: 5.286879539489746
loss: 0.021409452324233746
--> Epoch 498
elapsed time: 5.277655363082886
loss: 0.021406360790624107
--> Epoch 499
elapsed time: 5.268015146255493
loss: 0.021389603760244146
--> Epoch 500
elapsed time: 5.292268514633179
loss: 0.021416118133704504
Evaluating model...
val mr: 231.26429748535156 mrr: 0.27401989698410034 hits@10: 0.4704 hits@5: 0.3767 hits@3: 0.3074 hits@1: 0.178
--> Epoch 501
elapsed time: 5.291677951812744
loss: 0.021430133735920502
--> Epoch 502
elapsed time: 5.277651786804199
loss: 0.021466219916883664
--> Epoch 503
elapsed time: 5.273709297180176
loss: 0.021455256816837322
--> Epoch 504
elapsed time: 5.263095855712891
loss: 0.021503524721608002
--> Epoch 505
elapsed time: 5.27393913269043
loss: 0.021419523869091794
--> Epoch 506
elapsed time: 5.277060508728027
loss: 0.021418337600685917
--> Epoch 507
elapsed time: 5.269299030303955
loss: 0.021433181973105876
--> Epoch 508
elapsed time: 5.259280681610107
loss: 0.021453350638709647
--> Epoch 509
elapsed time: 5.314379692077637
loss: 0.02148371270786785
--> Epoch 510
elapsed time: 5.270096302032471
loss: 0.021439858995244847
--> Epoch 511
elapsed time: 5.272697687149048
loss: 0.021422009037234596
--> Epoch 512
elapsed time: 5.2796630859375
loss: 0.021412897977701136
--> Epoch 513
elapsed time: 5.278002977371216
loss: 0.021469170194354018
--> Epoch 514
elapsed time: 5.276859521865845
loss: 0.021427683311454105
--> Epoch 515
elapsed time: 5.263586044311523
loss: 0.021457388028081923
--> Epoch 516
elapsed time: 5.276634693145752
loss: 0.021497865348549687
--> Epoch 517
elapsed time: 5.272310495376587
loss: 0.0213944483653538
--> Epoch 518
elapsed time: 5.283668041229248
loss: 0.021436031860486024
--> Epoch 519
elapsed time: 5.278845548629761
loss: 0.021424236755576316
--> Epoch 520
elapsed time: 5.277093887329102
loss: 0.021419001464589183
--> Epoch 521
elapsed time: 5.278508186340332
loss: 0.021392066937609314
--> Epoch 522
elapsed time: 5.272571325302124
loss: 0.021416109395217806
--> Epoch 523
elapsed time: 5.26483678817749
loss: 0.02139409105113847
--> Epoch 524
elapsed time: 5.270185232162476
loss: 0.021403670799852764
--> Epoch 525
elapsed time: 5.272920846939087
loss: 0.021477131491924723
--> Epoch 526
elapsed time: 5.269345283508301
loss: 0.02145706471283539
--> Epoch 527
elapsed time: 5.279983758926392
loss: 0.02143690333485267
--> Epoch 528
elapsed time: 5.3205671310424805
loss: 0.021420400493330587
--> Epoch 529
elapsed time: 5.264516592025757
loss: 0.021421937741556485
--> Epoch 530
elapsed time: 5.272467851638794
loss: 0.021468265180108914
--> Epoch 531
elapsed time: 5.275449514389038
loss: 0.021505493463936102
--> Epoch 532
elapsed time: 5.283549547195435
loss: 0.021515744949427283
--> Epoch 533
elapsed time: 5.293639421463013
loss: 0.021486138471122743
--> Epoch 534
elapsed time: 5.272085666656494
loss: 0.021484522513435453
--> Epoch 535
elapsed time: 5.275666236877441
loss: 0.021504570885104945
--> Epoch 536
elapsed time: 5.277371644973755
loss: 0.02142699451123558
--> Epoch 537
elapsed time: 5.281621694564819
loss: 0.021470108110657415
--> Epoch 538
elapsed time: 5.278370141983032
loss: 0.02143371332110881
--> Epoch 539
elapsed time: 5.2857441902160645
loss: 0.021470756658115483
--> Epoch 540
elapsed time: 5.289525985717773
loss: 0.02147788859672515
--> Epoch 541
elapsed time: 5.266030550003052
loss: 0.02145146542979599
--> Epoch 542
elapsed time: 5.276782512664795
loss: 0.02145349836416774
--> Epoch 543
elapsed time: 5.278097867965698
loss: 0.02150603788374789
--> Epoch 544
elapsed time: 5.281588315963745
loss: 0.021465992269404967
--> Epoch 545
elapsed time: 5.281556606292725
loss: 0.0214594547581611
--> Epoch 546
elapsed time: 5.277650594711304
loss: 0.021481198196493
--> Epoch 547
elapsed time: 5.284914016723633
loss: 0.02150669358916027
--> Epoch 548
elapsed time: 5.274821996688843
loss: 0.021457758422867373
--> Epoch 549
elapsed time: 5.264404535293579
loss: 0.021469140993054477
--> Epoch 550
elapsed time: 5.2657623291015625
loss: 0.021470053629600992
--> Epoch 551
elapsed time: 5.282488822937012
loss: 0.02148284965658233
--> Epoch 552
elapsed time: 5.2846925258636475
loss: 0.021474643066343224
--> Epoch 553
elapsed time: 5.272443532943726
loss: 0.021455860150906128
--> Epoch 554
elapsed time: 5.286829710006714
loss: 0.0214483262787057
--> Epoch 555
elapsed time: 5.274815559387207
loss: 0.021491867056430115
--> Epoch 556
elapsed time: 5.277199029922485
loss: 0.021433297132938286
--> Epoch 557
elapsed time: 5.279310703277588
loss: 0.021393787951637076
--> Epoch 558
elapsed time: 5.289448022842407
loss: 0.021485962965442456
--> Epoch 559
elapsed time: 5.279247283935547
loss: 0.0214816374968832
--> Epoch 560
elapsed time: 5.276914119720459
loss: 0.021501943346389822
--> Epoch 561
elapsed time: 5.277398347854614
loss: 0.021446498251070645
--> Epoch 562
elapsed time: 5.28465723991394
loss: 0.021449551811601235
--> Epoch 563
elapsed time: 5.276221752166748
loss: 0.021465671388038128
--> Epoch 564
elapsed time: 5.276098966598511
loss: 0.02147393532777214
--> Epoch 565
elapsed time: 5.281287431716919
loss: 0.021464201252861956
--> Epoch 566
elapsed time: 5.27495265007019
loss: 0.021425015004816084
--> Epoch 567
elapsed time: 5.2833240032196045
loss: 0.021485734843103142
--> Epoch 568
elapsed time: 5.276063442230225
loss: 0.021491662489630543
--> Epoch 569
elapsed time: 5.272474527359009
loss: 0.021511780700855736
--> Epoch 570
elapsed time: 5.27121114730835
loss: 0.021485712200487322
--> Epoch 571
elapsed time: 5.2782676219940186
loss: 0.02147958600965459
--> Epoch 572
elapsed time: 5.272017240524292
loss: 0.021494580085826505
--> Epoch 573
elapsed time: 5.283444404602051
loss: 0.02144623182447643
--> Epoch 574
elapsed time: 5.280994892120361
loss: 0.02146968610150177
--> Epoch 575
elapsed time: 5.273220539093018
loss: 0.02151345372066841
--> Epoch 576
elapsed time: 5.282257318496704
loss: 0.021465311899276578
--> Epoch 577
elapsed time: 5.284193754196167
loss: 0.021498091154410273
--> Epoch 578
elapsed time: 5.282964468002319
loss: 0.021515501636805
--> Epoch 579
elapsed time: 5.275192022323608
loss: 0.02153092505531219
--> Epoch 580
elapsed time: 5.279117584228516
loss: 0.021485619218923634
--> Epoch 581
elapsed time: 5.277714490890503
loss: 0.02151887583689149
--> Epoch 582
elapsed time: 5.286764860153198
loss: 0.02150157018479657
--> Epoch 583
elapsed time: 5.270552396774292
loss: 0.021529492472674303
--> Epoch 584
elapsed time: 5.290292263031006
loss: 0.0215089990689944
--> Epoch 585
elapsed time: 5.287485122680664
loss: 0.02148179169341235
--> Epoch 586
elapsed time: 5.276778221130371
loss: 0.021473501219308164
--> Epoch 587
elapsed time: 5.281346321105957
loss: 0.021489166918360503
--> Epoch 588
elapsed time: 5.284234046936035
loss: 0.021470896400308002
--> Epoch 589
elapsed time: 5.324822902679443
loss: 0.021545654567535037
--> Epoch 590
elapsed time: 5.2681660652160645
loss: 0.021514729793802926
--> Epoch 591
elapsed time: 5.263440370559692
loss: 0.021518727350955513
--> Epoch 592
elapsed time: 5.286103963851929
loss: 0.021501096740000558
--> Epoch 593
elapsed time: 5.278553247451782
loss: 0.02154645251910976
--> Epoch 594
elapsed time: 5.281982660293579
loss: 0.021472867909443905
--> Epoch 595
elapsed time: 5.268466949462891
loss: 0.02151683776841787
--> Epoch 596
elapsed time: 5.272184371948242
loss: 0.021551605110754973
--> Epoch 597
elapsed time: 5.2836220264434814
loss: 0.021489995851524012
--> Epoch 598
elapsed time: 5.282179832458496
loss: 0.021552762323298325
--> Epoch 599
elapsed time: 5.2756853103637695
loss: 0.021547683033661134
--> Epoch 600
elapsed time: 5.281663417816162
loss: 0.021474793190635943
Evaluating model...
val mr: 228.7917022705078 mrr: 0.269115149974823 hits@10: 0.4693 hits@5: 0.3719 hits@3: 0.2997 hits@1: 0.1742
--> Epoch 601
elapsed time: 4.647850751876831
loss: 0.021492294070020894
--> Epoch 602
elapsed time: 4.628968715667725
loss: 0.02158921890605595
--> Epoch 603
elapsed time: 4.6279966831207275
loss: 0.02148247412944726
--> Epoch 604
elapsed time: 4.630279302597046
loss: 0.02158548686082141
--> Epoch 605
elapsed time: 4.6319193840026855
loss: 0.021526812170110887
--> Epoch 606
elapsed time: 4.751274585723877
loss: 0.02154658719904279
--> Epoch 607
elapsed time: 5.267635107040405
loss: 0.021492336938895375
--> Epoch 608
elapsed time: 5.313626289367676
loss: 0.02149652038032394
--> Epoch 609
elapsed time: 5.2636189460754395
loss: 0.021500035447549505
--> Epoch 610
elapsed time: 5.263533592224121
loss: 0.021546019672268085
--> Epoch 611
elapsed time: 5.274794340133667
loss: 0.02154512205077922
--> Epoch 612
elapsed time: 5.272684574127197
loss: 0.021497118683673815
--> Epoch 613
elapsed time: 5.266306161880493
loss: 0.021524489823087474
--> Epoch 614
elapsed time: 5.267854690551758
loss: 0.02158385773495134
--> Epoch 615
elapsed time: 5.277280330657959
loss: 0.021506653425764723
--> Epoch 616
elapsed time: 5.270218133926392
loss: 0.021546225747757664
--> Epoch 617
elapsed time: 5.268661737442017
loss: 0.02145091253783999
--> Epoch 618
elapsed time: 5.277521848678589
loss: 0.021527349908581232
--> Epoch 619
elapsed time: 5.269619703292847
loss: 0.021543584714940663
--> Epoch 620
elapsed time: 5.26927375793457
loss: 0.021497271120940752
--> Epoch 621
elapsed time: 5.285085439682007
loss: 0.02152689615735891
--> Epoch 622
elapsed time: 5.281819820404053
loss: 0.02154139673244471
--> Epoch 623
elapsed time: 5.270621061325073
loss: 0.021518435311676305
--> Epoch 624
elapsed time: 5.27184271812439
loss: 0.021556300441414707
--> Epoch 625
elapsed time: 5.27736759185791
loss: 0.021561336008830107
--> Epoch 626
elapsed time: 5.270957946777344
loss: 0.021558799634592105
--> Epoch 627
elapsed time: 5.633125305175781
loss: 0.021527320784380834
--> Epoch 628
elapsed time: 5.707969903945923
loss: 0.02148839553620102
--> Epoch 629
elapsed time: 5.699493885040283
loss: 0.021559247717275333
--> Epoch 630
elapsed time: 5.699032783508301
loss: 0.021499846260276248
--> Epoch 631
elapsed time: 5.710467100143433
loss: 0.021568470165792324
--> Epoch 632
elapsed time: 5.718669652938843
loss: 0.021501534172488852
--> Epoch 633
elapsed time: 5.713849782943726
loss: 0.021566051280131233
--> Epoch 634
elapsed time: 5.705759048461914
loss: 0.021530711313714875
--> Epoch 635
elapsed time: 5.705339431762695
loss: 0.02159632059727092
--> Epoch 636
elapsed time: 5.704332590103149
loss: 0.021505332360024845
--> Epoch 637
elapsed time: 5.7105443477630615
loss: 0.02150161503546942
--> Epoch 638
elapsed time: 5.709690809249878
loss: 0.02151257215682785
--> Epoch 639
elapsed time: 5.709999322891235
loss: 0.021505547934479008
--> Epoch 640
elapsed time: 5.705775737762451
loss: 0.021585958094273886
--> Epoch 641
elapsed time: 5.711217641830444
loss: 0.02150558035817218
--> Epoch 642
elapsed time: 5.703971862792969
loss: 0.021542988488010832
--> Epoch 643
elapsed time: 5.7017822265625
loss: 0.021518502792699203
--> Epoch 644
elapsed time: 5.708651065826416
loss: 0.021544864609739405
--> Epoch 645
elapsed time: 5.704211473464966
loss: 0.021552812835501256
--> Epoch 646
elapsed time: 5.7112579345703125
loss: 0.02154630307994804
--> Epoch 647
elapsed time: 5.7094645500183105
loss: 0.021487344035340836
--> Epoch 648
elapsed time: 5.691067218780518
loss: 0.02153920774415542
--> Epoch 649
elapsed time: 5.7005414962768555
loss: 0.021534779474405557
--> Epoch 650
elapsed time: 5.7067224979400635
loss: 0.02152221707534308
--> Epoch 651
elapsed time: 5.690159320831299
loss: 0.021488682825121806
--> Epoch 652
elapsed time: 5.245620250701904
loss: 0.02158974380751937
--> Epoch 653
elapsed time: 5.258142948150635
loss: 0.021578098274942625
--> Epoch 654
elapsed time: 5.243250370025635
loss: 0.02157784813904639
--> Epoch 655
elapsed time: 5.251020669937134
loss: 0.021502394789894682
--> Epoch 656
elapsed time: 5.256129741668701
loss: 0.0215861827383906
--> Epoch 657
elapsed time: 5.246290683746338
loss: 0.021545431540748027
--> Epoch 658
elapsed time: 5.250866651535034
loss: 0.02154887416807414
--> Epoch 659
elapsed time: 5.2434587478637695
loss: 0.021536143288114446
--> Epoch 660
elapsed time: 5.1246185302734375
loss: 0.021560220084628854
--> Epoch 661
elapsed time: 5.1601479053497314
loss: 0.021510137313396887
--> Epoch 662
elapsed time: 5.240041732788086
loss: 0.021526490039387516
--> Epoch 663
elapsed time: 5.242764711380005
loss: 0.02153229773367001
--> Epoch 664
elapsed time: 5.247239828109741
loss: 0.021540749078635776
--> Epoch 665
elapsed time: 5.245188236236572
loss: 0.02155548690354779
--> Epoch 666
elapsed time: 5.250479221343994
loss: 0.021551290660157364
--> Epoch 667
elapsed time: 5.244112014770508
loss: 0.021556826664077034
--> Epoch 668
elapsed time: 5.263153314590454
loss: 0.021556489279989578
--> Epoch 669
elapsed time: 5.237553596496582
loss: 0.02152482271614999
--> Epoch 670
elapsed time: 5.280691385269165
loss: 0.021573995945314586
--> Epoch 671
elapsed time: 5.253150939941406
loss: 0.021552590302849645
--> Epoch 672
elapsed time: 5.244390487670898
loss: 0.02160234858307318
--> Epoch 673
elapsed time: 5.246324777603149
loss: 0.021530233509312904
--> Epoch 674
elapsed time: 5.245708227157593
loss: 0.02155388539318812
--> Epoch 675
elapsed time: 5.248201847076416
loss: 0.021512979846570364
--> Epoch 676
elapsed time: 5.242809534072876
loss: 0.021595977287063146
--> Epoch 677
elapsed time: 5.2476866245269775
loss: 0.021607547434202814
--> Epoch 678
elapsed time: 5.2442426681518555
loss: 0.02160829827995482
--> Epoch 679
elapsed time: 5.242468595504761
loss: 0.021571092169139595
--> Epoch 680
elapsed time: 5.248467922210693
loss: 0.021580027109704147
--> Epoch 681
elapsed time: 5.245871543884277
loss: 0.02158984143255403
--> Epoch 682
elapsed time: 5.243480682373047
loss: 0.021572484525300823
--> Epoch 683
elapsed time: 5.2472710609436035
loss: 0.021590475452080832
--> Epoch 684
elapsed time: 5.253781080245972
loss: 0.02163800799926552
--> Epoch 685
elapsed time: 5.245734930038452
loss: 0.021572405018564226
--> Epoch 686
elapsed time: 5.248592853546143
loss: 0.021604680465858495
--> Epoch 687
elapsed time: 5.242538690567017
loss: 0.021565847012966956
--> Epoch 688
elapsed time: 5.278204441070557
loss: 0.021583591043766892
--> Epoch 689
elapsed time: 5.239956617355347
loss: 0.021617851781668466
--> Epoch 690
elapsed time: 5.232145547866821
loss: 0.02160458261303092
--> Epoch 691
elapsed time: 5.296273708343506
loss: 0.021556241623531616
--> Epoch 692
elapsed time: 5.247470140457153
loss: 0.021619800236409043
--> Epoch 693
elapsed time: 5.253844976425171
loss: 0.0216007273686263
--> Epoch 694
elapsed time: 5.243658065795898
loss: 0.021568051370269042
--> Epoch 695
elapsed time: 5.253178358078003
loss: 0.021611933634105653
--> Epoch 696
elapsed time: 5.238441705703735
loss: 0.021636005371865077
--> Epoch 697
elapsed time: 5.248160362243652
loss: 0.02164699474169136
--> Epoch 698
elapsed time: 5.2563817501068115
loss: 0.02158540408963711
--> Epoch 699
elapsed time: 5.252130746841431
loss: 0.021574306337693784
--> Epoch 700
elapsed time: 5.246802806854248
loss: 0.021596864801555562
Evaluating model...
val mr: 229.35049438476562 mrr: 0.269866019487381 hits@10: 0.466 hits@5: 0.3708 hits@3: 0.3011 hits@1: 0.1737
--> Epoch 701
elapsed time: 4.6438820362091064
loss: 0.021587878491936264
--> Epoch 702
elapsed time: 4.924252510070801
loss: 0.021603719009785638
--> Epoch 703
elapsed time: 5.254985094070435
loss: 0.021616011384878085
--> Epoch 704
elapsed time: 5.243213415145874
loss: 0.02159999876772864
--> Epoch 705
elapsed time: 5.2410218715667725
loss: 0.021575847915737335
--> Epoch 706
elapsed time: 5.253017425537109
loss: 0.02164842630101338
--> Epoch 707
elapsed time: 5.267549991607666
loss: 0.021609870384001327
--> Epoch 708
elapsed time: 5.230774402618408
loss: 0.021602486266368195
--> Epoch 709
elapsed time: 5.2866456508636475
loss: 0.021601084236017063
--> Epoch 710
elapsed time: 5.237478494644165
loss: 0.021621111719076182
--> Epoch 711
elapsed time: 5.249225854873657
loss: 0.02159663121919529
--> Epoch 712
elapsed time: 5.2340404987335205
loss: 0.021585980878822218
--> Epoch 713
elapsed time: 5.237230539321899
loss: 0.021594060229195366
--> Epoch 714
elapsed time: 5.244706869125366
loss: 0.021640377392535038
--> Epoch 715
elapsed time: 5.241639852523804
loss: 0.021614094859695277
--> Epoch 716
elapsed time: 5.255509376525879
loss: 0.02164483749196424
--> Epoch 717
elapsed time: 5.246377944946289
loss: 0.02165424776975826
--> Epoch 718
elapsed time: 5.244819164276123
loss: 0.02159433907400799
--> Epoch 719
elapsed time: 5.238145351409912
loss: 0.021659361489418532
--> Epoch 720
elapsed time: 5.248337030410767
loss: 0.021702940709825855
--> Epoch 721
elapsed time: 5.24446702003479
loss: 0.021590851886883054
--> Epoch 722
elapsed time: 5.245388746261597
loss: 0.021607094820192817
--> Epoch 723
elapsed time: 5.2470362186431885
loss: 0.02166257963383523
--> Epoch 724
elapsed time: 5.244974851608276
loss: 0.021558072107825656
--> Epoch 725
elapsed time: 5.241875648498535
loss: 0.021646085814664866
--> Epoch 726
elapsed time: 5.24578857421875
loss: 0.021662757322823002
--> Epoch 727
elapsed time: 5.277278661727905
loss: 0.021578629456481504
--> Epoch 728
elapsed time: 5.240126132965088
loss: 0.02160173934741561
--> Epoch 729
elapsed time: 5.234556436538696
loss: 0.021576176275720824
--> Epoch 730
elapsed time: 5.284546613693237
loss: 0.02166136600574792
--> Epoch 731
elapsed time: 5.228521823883057
loss: 0.02162184331632681
--> Epoch 732
elapsed time: 5.227370023727417
loss: 0.021675050083411154
--> Epoch 733
elapsed time: 5.230616331100464
loss: 0.021657113339804527
--> Epoch 734
elapsed time: 5.230311870574951
loss: 0.021663253864068414
--> Epoch 735
elapsed time: 5.233215093612671
loss: 0.021666021908958454
--> Epoch 736
elapsed time: 5.232942581176758
loss: 0.0216468106236866
--> Epoch 737
elapsed time: 5.232520580291748
loss: 0.021604404701506992
--> Epoch 738
elapsed time: 5.2320380210876465
loss: 0.021666866006121138
--> Epoch 739
elapsed time: 5.234672546386719
loss: 0.02166485032793888
--> Epoch 740
elapsed time: 5.229773283004761
loss: 0.02162410766201712
--> Epoch 741
elapsed time: 5.2325119972229
loss: 0.021652478291911553
--> Epoch 742
elapsed time: 5.233503103256226
loss: 0.021602485384984837
--> Epoch 743
elapsed time: 5.2335309982299805
loss: 0.0216172841672811
--> Epoch 744
elapsed time: 5.231046199798584
loss: 0.021672652039049597
--> Epoch 745
elapsed time: 5.2290802001953125
loss: 0.021636938208386455
--> Epoch 746
elapsed time: 5.2396485805511475
loss: 0.021626939085905326
--> Epoch 747
elapsed time: 5.236461400985718
loss: 0.021589216284685166
--> Epoch 748
elapsed time: 5.251418352127075
loss: 0.02161321084620475
--> Epoch 749
elapsed time: 5.242968797683716
loss: 0.021683094071562516
--> Epoch 750
elapsed time: 5.227751970291138
loss: 0.02167408798250912
--> Epoch 751
elapsed time: 5.288891553878784
loss: 0.021685816326571992
--> Epoch 752
elapsed time: 5.247970104217529
loss: 0.021664686399395467
--> Epoch 753
elapsed time: 5.2575523853302
loss: 0.02163736293353456
--> Epoch 754
elapsed time: 5.247226238250732
loss: 0.021619837608465246
--> Epoch 755
elapsed time: 5.247349500656128
loss: 0.021601321575208193
--> Epoch 756
elapsed time: 5.243436098098755
loss: 0.02167635095092842
--> Epoch 757
elapsed time: 5.2485387325286865
loss: 0.021699467838609543
--> Epoch 758
elapsed time: 5.237122058868408
loss: 0.021662569884298436
--> Epoch 759
elapsed time: 5.244809865951538
loss: 0.021691458786882438
--> Epoch 760
elapsed time: 5.245152711868286
loss: 0.021699953635038346
--> Epoch 761
elapsed time: 5.240894794464111
loss: 0.021661631466850625
--> Epoch 762
elapsed time: 5.23832631111145
loss: 0.02169277863305409
--> Epoch 763
elapsed time: 5.237118244171143
loss: 0.021674492707439222
--> Epoch 764
elapsed time: 5.2453601360321045
loss: 0.02159329658849051
--> Epoch 765
elapsed time: 5.241755962371826
loss: 0.021618487031277014
--> Epoch 766
elapsed time: 5.243718862533569
loss: 0.02166597177874672
--> Epoch 767
elapsed time: 5.237103700637817
loss: 0.021686659225193486
--> Epoch 768
elapsed time: 5.253039121627808
loss: 0.021614543091320028
--> Epoch 769
elapsed time: 5.262612342834473
loss: 0.021654088885951803
--> Epoch 770
elapsed time: 5.234736442565918
loss: 0.021603828513344726
--> Epoch 771
elapsed time: 5.226565837860107
loss: 0.021644551974571435
--> Epoch 772
elapsed time: 5.240507125854492
loss: 0.0216354983836861
--> Epoch 773
elapsed time: 5.242858409881592
loss: 0.021705562527434285
--> Epoch 774
elapsed time: 5.2412896156311035
loss: 0.021678262596086073
--> Epoch 775
elapsed time: 5.239500522613525
loss: 0.02168656720036005
--> Epoch 776
elapsed time: 5.246379375457764
loss: 0.021617252097543074
--> Epoch 777
elapsed time: 5.2390546798706055
loss: 0.021734208988265842
--> Epoch 778
elapsed time: 5.240914344787598
loss: 0.02167046817960542
--> Epoch 779
elapsed time: 5.240243911743164
loss: 0.02170856909603862
--> Epoch 780
elapsed time: 5.243041038513184
loss: 0.021638193389406098
--> Epoch 781
elapsed time: 5.242689609527588
loss: 0.021699390182252323
--> Epoch 782
elapsed time: 5.244364261627197
loss: 0.021698252412710454
--> Epoch 783
elapsed time: 5.244323492050171
loss: 0.02169198562458564
--> Epoch 784
elapsed time: 5.240325689315796
loss: 0.021710120211596323
--> Epoch 785
elapsed time: 5.253770351409912
loss: 0.021655143425219035
--> Epoch 786
elapsed time: 5.241195440292358
loss: 0.02167435946435381
--> Epoch 787
elapsed time: 5.320326089859009
loss: 0.02168054492690321
--> Epoch 788
elapsed time: 5.251055479049683
loss: 0.02170082942520462
--> Epoch 789
elapsed time: 5.258287668228149
loss: 0.02170971683414893
--> Epoch 790
elapsed time: 5.286086320877075
loss: 0.021687958964259693
--> Epoch 791
elapsed time: 5.23968768119812
loss: 0.0216925101650849
--> Epoch 792
elapsed time: 5.235651731491089
loss: 0.021751141732844224
--> Epoch 793
elapsed time: 5.245112657546997
loss: 0.021691452662757512
--> Epoch 794
elapsed time: 5.252309083938599
loss: 0.021677537459392986
--> Epoch 795
elapsed time: 5.241823196411133
loss: 0.0216883434716924
--> Epoch 796
elapsed time: 5.24954891204834
loss: 0.02167737147896108
--> Epoch 797
elapsed time: 5.250260829925537
loss: 0.021644951370899564
--> Epoch 798
elapsed time: 5.257402420043945
loss: 0.021704991534702754
--> Epoch 799
elapsed time: 5.2484352588653564
loss: 0.021618302429650373
--> Epoch 800
elapsed time: 5.255636930465698
loss: 0.021657969778086483
Evaluating model...
val mr: 236.08360290527344 mrr: 0.2674068808555603 hits@10: 0.4664 hits@5: 0.3715 hits@3: 0.3011 hits@1: 0.1708
--> Epoch 801
elapsed time: 4.614557266235352
loss: 0.021744126771153532
--> Epoch 802
elapsed time: 4.626158952713013
loss: 0.021701779158703582
--> Epoch 803
elapsed time: 4.68095588684082
loss: 0.021662357630364084
--> Epoch 804
elapsed time: 4.64695930480957
loss: 0.021692688250081894
--> Epoch 805
elapsed time: 4.708490371704102
loss: 0.021661583306171482
--> Epoch 806
elapsed time: 4.670117139816284
loss: 0.021708084112655297
--> Epoch 807
elapsed time: 4.809096097946167
loss: 0.02169185864405316
--> Epoch 808
elapsed time: 5.276709079742432
loss: 0.021713431239450527
--> Epoch 809
elapsed time: 5.25275731086731
loss: 0.021673697939708563
--> Epoch 810
elapsed time: 5.232773542404175
loss: 0.021783325309503335
--> Epoch 811
elapsed time: 5.238131284713745
loss: 0.021738846852029703
--> Epoch 812
elapsed time: 5.24385666847229
loss: 0.021705198878823644
--> Epoch 813
elapsed time: 5.247429609298706
loss: 0.021806392489265747
--> Epoch 814
elapsed time: 5.247997760772705
loss: 0.02169707709588706
--> Epoch 815
elapsed time: 5.241429328918457
loss: 0.021653340398732606
--> Epoch 816
elapsed time: 5.248520135879517
loss: 0.0217308837198499
--> Epoch 817
elapsed time: 5.242766380310059
loss: 0.021737045623355055
--> Epoch 818
elapsed time: 5.244276762008667
loss: 0.021654991284082884
--> Epoch 819
elapsed time: 5.248758316040039
loss: 0.021704409847969956
--> Epoch 820
elapsed time: 5.246712684631348
loss: 0.021750968696088693
--> Epoch 821
elapsed time: 5.249916315078735
loss: 0.021708588645927545
--> Epoch 822
elapsed time: 5.2493133544921875
loss: 0.021673913678874526
--> Epoch 823
elapsed time: 5.243601322174072
loss: 0.021725010613955535
--> Epoch 824
elapsed time: 5.2463884353637695
loss: 0.021710163686750415
--> Epoch 825
elapsed time: 5.249398469924927
loss: 0.021707791158699922
--> Epoch 826
elapsed time: 5.2566916942596436
loss: 0.021673811052909237
--> Epoch 827
elapsed time: 5.249583959579468
loss: 0.021703085789381616
--> Epoch 828
elapsed time: 5.252007246017456
loss: 0.021688369021296276
--> Epoch 829
elapsed time: 5.294356822967529
loss: 0.021732812847237708
--> Epoch 830
elapsed time: 5.232670783996582
loss: 0.021721010298756418
--> Epoch 831
elapsed time: 5.2309815883636475
loss: 0.021700091730112864
--> Epoch 832
elapsed time: 5.237168073654175
loss: 0.02170161640241756
--> Epoch 833
elapsed time: 5.244903326034546
loss: 0.021748905943624275
--> Epoch 834
elapsed time: 5.239579677581787
loss: 0.021764420242743568
--> Epoch 835
elapsed time: 5.245429992675781
loss: 0.02168368737222951
--> Epoch 836
elapsed time: 5.237145662307739
loss: 0.021691283940049353
--> Epoch 837
elapsed time: 5.246233224868774
loss: 0.02179932351787474
--> Epoch 838
elapsed time: 5.249506711959839
loss: 0.021727779449111768
--> Epoch 839
elapsed time: 5.248120546340942
loss: 0.021809232919735383
--> Epoch 840
elapsed time: 5.240015745162964
loss: 0.021761299951154448
--> Epoch 841
elapsed time: 5.248150587081909
loss: 0.021737841060446437
--> Epoch 842
elapsed time: 5.2426910400390625
loss: 0.021787656895178507
--> Epoch 843
elapsed time: 5.239309072494507
loss: 0.02175868550177071
--> Epoch 844
elapsed time: 5.242265224456787
loss: 0.02168897774704817
--> Epoch 845
elapsed time: 5.246147155761719
loss: 0.02170408876684625
--> Epoch 846
elapsed time: 5.241256237030029
loss: 0.021693347205923957
--> Epoch 847
elapsed time: 5.2452552318573
loss: 0.02172428015742174
--> Epoch 848
elapsed time: 5.246240854263306
loss: 0.02172197616700283
--> Epoch 849
elapsed time: 5.236570119857788
loss: 0.021749013293664184
--> Epoch 850
elapsed time: 5.282736301422119
loss: 0.021725991574358738
--> Epoch 851
elapsed time: 5.232621431350708
loss: 0.021709920491529096
--> Epoch 852
elapsed time: 5.233403205871582
loss: 0.021677762517041455
--> Epoch 853
elapsed time: 5.249937057495117
loss: 0.021729827412559195
--> Epoch 854
elapsed time: 5.249701023101807
loss: 0.021773782401912523
--> Epoch 855
elapsed time: 5.247526407241821
loss: 0.02170966541427884
--> Epoch 856
elapsed time: 5.247210502624512
loss: 0.02172908817723688
--> Epoch 857
elapsed time: 5.245101690292358
loss: 0.02177489523163463
--> Epoch 858
elapsed time: 5.236565589904785
loss: 0.02177420554477599
--> Epoch 859
elapsed time: 5.242178678512573
loss: 0.021839842275626124
--> Epoch 860
elapsed time: 5.250218152999878
loss: 0.021809510173502106
--> Epoch 861
elapsed time: 5.241814613342285
loss: 0.02177258311076088
--> Epoch 862
elapsed time: 5.249650478363037
loss: 0.0217519838797491
--> Epoch 863
elapsed time: 5.242974042892456
loss: 0.021736593528012004
--> Epoch 864
elapsed time: 5.252286911010742
loss: 0.021744717729058
--> Epoch 865
elapsed time: 5.246332168579102
loss: 0.0217410332680113
--> Epoch 866
elapsed time: 5.244316577911377
loss: 0.021785959667987905
--> Epoch 867
elapsed time: 5.251323461532593
loss: 0.021773550252895364
--> Epoch 868
elapsed time: 5.250356912612915
loss: 0.021799439063202853
--> Epoch 869
elapsed time: 5.243653774261475
loss: 0.02183763563689037
--> Epoch 870
elapsed time: 5.249774932861328
loss: 0.021765126493651688
--> Epoch 871
elapsed time: 5.284754753112793
loss: 0.021803359423088555
--> Epoch 872
elapsed time: 5.231306552886963
loss: 0.021684760567736536
--> Epoch 873
elapsed time: 5.233168125152588
loss: 0.021784658146880194
--> Epoch 874
elapsed time: 5.244730710983276
loss: 0.02172838039836397
--> Epoch 875
elapsed time: 5.242093086242676
loss: 0.021721786390972497
--> Epoch 876
elapsed time: 5.239592790603638
loss: 0.021783367006120432
--> Epoch 877
elapsed time: 5.241036653518677
loss: 0.021775983493014652
--> Epoch 878
elapsed time: 5.241268157958984
loss: 0.021678145508775146
--> Epoch 879
elapsed time: 5.251719951629639
loss: 0.02173321804702843
--> Epoch 880
elapsed time: 5.24356484413147
loss: 0.021814857019936826
--> Epoch 881
elapsed time: 5.2457122802734375
loss: 0.021745626726174624
--> Epoch 882
elapsed time: 5.239386796951294
loss: 0.02175154141303737
--> Epoch 883
elapsed time: 5.23465371131897
loss: 0.021771716491887846
--> Epoch 884
elapsed time: 5.234914541244507
loss: 0.021689995166583657
--> Epoch 885
elapsed time: 5.244580030441284
loss: 0.021743028301146383
--> Epoch 886
elapsed time: 5.2426440715789795
loss: 0.021805851826284813
--> Epoch 887
elapsed time: 5.236634969711304
loss: 0.021715908235084416
--> Epoch 888
elapsed time: 5.2406980991363525
loss: 0.021789977349768466
--> Epoch 889
elapsed time: 5.248661518096924
loss: 0.02174347607017629
--> Epoch 890
elapsed time: 5.23609185218811
loss: 0.021802444629518355
--> Epoch 891
elapsed time: 5.2409467697143555
loss: 0.021810378875804195
--> Epoch 892
elapsed time: 5.286660432815552
loss: 0.02176977176418982
--> Epoch 893
elapsed time: 5.2277586460113525
loss: 0.021750450232403525
--> Epoch 894
elapsed time: 5.238670587539673
loss: 0.021724418620469428
--> Epoch 895
elapsed time: 5.2414655685424805
loss: 0.021823486358782423
--> Epoch 896
elapsed time: 5.244649648666382
loss: 0.02178435437100907
--> Epoch 897
elapsed time: 5.251305103302002
loss: 0.021785483551005767
--> Epoch 898
elapsed time: 5.241533041000366
loss: 0.021719578926925488
--> Epoch 899
elapsed time: 5.246689796447754
loss: 0.021752736682767927
--> Epoch 900
elapsed time: 5.239161729812622
loss: 0.02170944278875781
Evaluating model...
val mr: 233.6627960205078 mrr: 0.2643446922302246 hits@10: 0.4625 hits@5: 0.3636 hits@3: 0.2975 hits@1: 0.1685
--> Epoch 901
elapsed time: 4.631465673446655
loss: 0.02177268275088672
--> Epoch 902
elapsed time: 4.626811265945435
loss: 0.021757856230422336
--> Epoch 903
elapsed time: 4.625758647918701
loss: 0.02170404747324739
--> Epoch 904
elapsed time: 4.658001184463501
loss: 0.021745502027075803
--> Epoch 905
elapsed time: 4.648874759674072
loss: 0.02173367973770999
--> Epoch 906
elapsed time: 4.915332317352295
loss: 0.02175653703959338
--> Epoch 907
elapsed time: 5.246603727340698
loss: 0.021778648402033723
--> Epoch 908
elapsed time: 5.248849868774414
loss: 0.02180621471616982
--> Epoch 909
elapsed time: 5.248262405395508
loss: 0.021801445144294346
--> Epoch 910
elapsed time: 5.2856833934783936
loss: 0.021792222121038308
--> Epoch 911
elapsed time: 5.248014211654663
loss: 0.021803734715421696
--> Epoch 912
elapsed time: 5.238447189331055
loss: 0.021770265458023783
--> Epoch 913
elapsed time: 5.242558479309082
loss: 0.021827908981020227
--> Epoch 914
elapsed time: 5.244859457015991
loss: 0.02173787426389228
--> Epoch 915
elapsed time: 5.248844623565674
loss: 0.021846842325642102
--> Epoch 916
elapsed time: 5.250385761260986
loss: 0.021851648205956083
--> Epoch 917
elapsed time: 5.248408317565918
loss: 0.02173350951332084
--> Epoch 918
elapsed time: 5.251283407211304
loss: 0.02174481763377407
--> Epoch 919
elapsed time: 5.246861457824707
loss: 0.021856199210528934
--> Epoch 920
elapsed time: 5.250120162963867
loss: 0.02180156471104355
--> Epoch 921
elapsed time: 5.243370771408081
loss: 0.021767701629482678
--> Epoch 922
elapsed time: 5.250273942947388
loss: 0.021803947990919663
--> Epoch 923
elapsed time: 5.2519965171813965
loss: 0.02178406824733666
--> Epoch 924
elapsed time: 5.247370719909668
loss: 0.021760514377496317
--> Epoch 925
elapsed time: 5.252155542373657
loss: 0.021755600917597255
--> Epoch 926
elapsed time: 5.250266075134277
loss: 0.02182222438252488
--> Epoch 927
elapsed time: 5.242147207260132
loss: 0.021768159190103453
--> Epoch 928
elapsed time: 5.253483057022095
loss: 0.02182503654389368
--> Epoch 929
elapsed time: 5.245593309402466
loss: 0.02182882265139613
--> Epoch 930
elapsed time: 5.2458579540252686
loss: 0.021832492764993647
--> Epoch 931
elapsed time: 5.289579629898071
loss: 0.021855699902475722
--> Epoch 932
elapsed time: 5.238174200057983
loss: 0.021845562760266963
--> Epoch 933
elapsed time: 5.234784126281738
loss: 0.02183719013352385
--> Epoch 934
elapsed time: 5.2480809688568115
loss: 0.021788777517170583
--> Epoch 935
elapsed time: 5.3106348514556885
loss: 0.021786608597437168
--> Epoch 936
elapsed time: 5.231297492980957
loss: 0.02180920617159032
--> Epoch 937
elapsed time: 5.244980335235596
loss: 0.021854693991739237
--> Epoch 938
elapsed time: 5.256102800369263
loss: 0.021827289722474365
--> Epoch 939
elapsed time: 5.251342535018921
loss: 0.021820972038403167
--> Epoch 940
elapsed time: 5.24479603767395
loss: 0.02174444148458912
--> Epoch 941
elapsed time: 5.232417821884155
loss: 0.021789373500537224
--> Epoch 942
elapsed time: 5.249705076217651
loss: 0.021859371629898434
--> Epoch 943
elapsed time: 5.251511573791504
loss: 0.021826830959807895
--> Epoch 944
elapsed time: 5.241398572921753
loss: 0.021777572634219002
--> Epoch 945
elapsed time: 5.2507874965667725
loss: 0.02177101107154774
--> Epoch 946
elapsed time: 5.25241756439209
loss: 0.021803468416741963
--> Epoch 947
elapsed time: 5.252520799636841
loss: 0.021793297615501528
--> Epoch 948
elapsed time: 5.251335620880127
loss: 0.021773238537565
--> Epoch 949
elapsed time: 5.247618675231934
loss: 0.021814228131007387
--> Epoch 950
elapsed time: 5.244598388671875
loss: 0.021854219248523606
--> Epoch 951
elapsed time: 5.248752117156982
loss: 0.021918265613344406
--> Epoch 952
elapsed time: 5.292755842208862
loss: 0.02180756672845342
--> Epoch 953
elapsed time: 5.232234954833984
loss: 0.02179070373406583
--> Epoch 954
elapsed time: 5.231294870376587
loss: 0.021762962292736134
--> Epoch 955
elapsed time: 5.236810922622681
loss: 0.02187558772044146
--> Epoch 956
elapsed time: 5.233293056488037
loss: 0.02180115903463996
--> Epoch 957
elapsed time: 5.247575283050537
loss: 0.021881479978463274
--> Epoch 958
elapsed time: 5.251791477203369
loss: 0.02184350662956738
--> Epoch 959
elapsed time: 5.239593029022217
loss: 0.021825119662024117
--> Epoch 960
elapsed time: 5.244393587112427
loss: 0.021828107591911183
--> Epoch 961
elapsed time: 5.251530408859253
loss: 0.021774418858823526
--> Epoch 962
elapsed time: 5.2450127601623535
loss: 0.021836530680041884
--> Epoch 963
elapsed time: 5.255410432815552
loss: 0.021817082320169132
--> Epoch 964
elapsed time: 5.25116491317749
loss: 0.021847628533615892
--> Epoch 965
elapsed time: 5.244060039520264
loss: 0.021813140950767588
--> Epoch 966
elapsed time: 5.248534917831421
loss: 0.021885380180428193
--> Epoch 967
elapsed time: 5.245361328125
loss: 0.021841300274696645
--> Epoch 968
elapsed time: 5.2555742263793945
loss: 0.02185787997880525
--> Epoch 969
elapsed time: 5.247966289520264
loss: 0.02183460616283224
--> Epoch 970
elapsed time: 5.246233701705933
loss: 0.021857808129415127
--> Epoch 971
elapsed time: 5.240663051605225
loss: 0.02181437858822821
--> Epoch 972
elapsed time: 5.250607967376709
loss: 0.021807216913881777
--> Epoch 973
elapsed time: 5.287994384765625
loss: 0.021831027388937163
--> Epoch 974
elapsed time: 5.235235691070557
loss: 0.021845523325808747
--> Epoch 975
elapsed time: 5.238810300827026
loss: 0.021794791162532676
--> Epoch 976
elapsed time: 5.244095325469971
loss: 0.021860015928142493
--> Epoch 977
elapsed time: 5.247162818908691
loss: 0.021869759179602676
--> Epoch 978
elapsed time: 5.2316460609436035
loss: 0.021892189807832408
--> Epoch 979
elapsed time: 5.23764443397522
loss: 0.021853576390631672
--> Epoch 980
elapsed time: 5.231090545654297
loss: 0.02183458500087037
--> Epoch 981
elapsed time: 5.238306999206543
loss: 0.02179930427813463
--> Epoch 982
elapsed time: 5.2350828647613525
loss: 0.021867260047754137
--> Epoch 983
elapsed time: 5.247450351715088
loss: 0.021842666296244564
--> Epoch 984
elapsed time: 5.248849391937256
loss: 0.021838132989429014
--> Epoch 985
elapsed time: 5.2412450313568115
loss: 0.021854520665861927
--> Epoch 986
elapsed time: 5.246788501739502
loss: 0.021894769226170212
--> Epoch 987
elapsed time: 5.252197265625
loss: 0.021864418919887725
--> Epoch 988
elapsed time: 5.247548818588257
loss: 0.021831528414198508
--> Epoch 989
elapsed time: 5.247878551483154
loss: 0.021856324321407255
--> Epoch 990
elapsed time: 5.240639686584473
loss: 0.021885893907772968
--> Epoch 991
elapsed time: 5.248503923416138
loss: 0.02188650293316016
--> Epoch 992
elapsed time: 5.251215696334839
loss: 0.021849886452041476
--> Epoch 993
elapsed time: 5.247813940048218
loss: 0.021860121669613968
--> Epoch 994
elapsed time: 5.281652212142944
loss: 0.021891757307936868
--> Epoch 995
elapsed time: 5.236626148223877
loss: 0.02182037848891622
--> Epoch 996
elapsed time: 5.242440462112427
loss: 0.021847142193988596
--> Epoch 997
elapsed time: 5.239225625991821
loss: 0.021848025187667763
--> Epoch 998
elapsed time: 5.264903545379639
loss: 0.021819605710210938
--> Epoch 999
elapsed time: 5.244967937469482
loss: 0.02183662525089922
--> Epoch 1000
elapsed time: 5.2494285106658936
loss: 0.021840444223662648
Evaluating model...
val mr: 234.93060302734375 mrr: 0.264286607503891 hits@10: 0.4619 hits@5: 0.365 hits@3: 0.2951 hits@1: 0.1688
Start testing...
test mr: 277.5320129394531 mrr: 0.26158612966537476 hits@10: 0.456 hits@5: 0.3617 hits@3: 0.2914 hits@1: 0.1673
{'epoch': [100, 200, 300, 400, 500, 600, 700, 800, 900, 1000], 'val_mrr': [0.2524929642677307, 0.27036818861961365, 0.27695146203041077, 0.2788376212120056, 0.27401989698410034, 0.269115149974823, 0.269866019487381, 0.2674068808555603, 0.2643446922302246, 0.264286607503891], 'val_mr': [332.1787109375, 242.968505859375, 232.1414031982422, 228.83729553222656, 231.26429748535156, 228.7917022705078, 229.35049438476562, 236.08360290527344, 233.6627960205078, 234.93060302734375], 'val_hits10': [0.4329, 0.4569, 0.4681, 0.473, 0.4704, 0.4693, 0.466, 0.4664, 0.4625, 0.4619], 'val_hits5': [0.3443, 0.3688, 0.3752, 0.3764, 0.3767, 0.3719, 0.3708, 0.3715, 0.3636, 0.365], 'val_hits3': [0.2807, 0.3006, 0.3072, 0.3121, 0.3074, 0.2997, 0.3011, 0.3011, 0.2975, 0.2951], 'val_hits1': [0.1643, 0.1789, 0.1841, 0.1848, 0.178, 0.1742, 0.1737, 0.1708, 0.1685, 0.1688]}
