Using CUDA
Load processed dataset...
Model type: DistMult
14923 237
torch.Size([14923, 121]) torch.Size([14923, 300])
Start training...
Evaluating model...
val mr: 7307.73681640625 mrr: 0.04817946255207062 hits@10: 0.047961220416310235 hits@5: 0.047961220416310235 hits@3: 0.047961220416310235 hits@1: 0.047961220416310235
--> Epoch 1
elapsed time: 4.391993045806885
loss: 9.608988313773613
--> Epoch 2
elapsed time: 4.3667311668396
loss: 3.780664943011437
--> Epoch 3
elapsed time: 4.365197658538818
loss: 1.8207998329586055
--> Epoch 4
elapsed time: 4.370110273361206
loss: 1.162049219334675
--> Epoch 5
elapsed time: 4.365731477737427
loss: 0.9183152121748436
--> Epoch 6
elapsed time: 4.367270469665527
loss: 0.8130066655541184
--> Epoch 7
elapsed time: 4.367220878601074
loss: 0.761212741162344
--> Epoch 8
elapsed time: 4.3694236278533936
loss: 0.7244980890349408
--> Epoch 9
elapsed time: 4.368232011795044
loss: 0.6237112613410627
--> Epoch 10
elapsed time: 4.363735914230347
loss: 0.3993127625277888
--> Epoch 11
elapsed time: 4.36153507232666
loss: 0.20406504520692584
--> Epoch 12
elapsed time: 4.362473011016846
loss: 0.11615413097929304
--> Epoch 13
elapsed time: 4.364620685577393
loss: 0.08423060342066711
--> Epoch 14
elapsed time: 4.361557960510254
loss: 0.071251792396898
--> Epoch 15
elapsed time: 4.363189697265625
loss: 0.06512467578221691
--> Epoch 16
elapsed time: 4.36138916015625
loss: 0.061671233717579946
--> Epoch 17
elapsed time: 4.360090732574463
loss: 0.059332024225455235
--> Epoch 18
elapsed time: 4.359972953796387
loss: 0.05762688787908119
--> Epoch 19
elapsed time: 4.362195014953613
loss: 0.05625463042650039
--> Epoch 20
elapsed time: 4.3611674308776855
loss: 0.05495141183752444
--> Epoch 21
elapsed time: 4.36132025718689
loss: 0.05366511601579716
--> Epoch 22
elapsed time: 4.361738681793213
loss: 0.052458430092820335
--> Epoch 23
elapsed time: 4.36068868637085
loss: 0.05127512934501173
--> Epoch 24
elapsed time: 4.357107639312744
loss: 0.050108143097790256
--> Epoch 25
elapsed time: 4.363130569458008
loss: 0.04903851639784291
--> Epoch 26
elapsed time: 4.360827922821045
loss: 0.047908675924350046
--> Epoch 27
elapsed time: 4.3637988567352295
loss: 0.046809152518648756
--> Epoch 28
elapsed time: 4.36171817779541
loss: 0.04574042870921564
--> Epoch 29
elapsed time: 4.36204719543457
loss: 0.04467160167805115
--> Epoch 30
elapsed time: 4.362644910812378
loss: 0.04364937112464281
--> Epoch 31
elapsed time: 4.361483335494995
loss: 0.0426793679812273
--> Epoch 32
elapsed time: 4.3617589473724365
loss: 0.041693834190170156
--> Epoch 33
elapsed time: 4.360864877700806
loss: 0.04077195295904564
--> Epoch 34
elapsed time: 4.361127853393555
loss: 0.03991350129961631
--> Epoch 35
elapsed time: 4.359453201293945
loss: 0.03911263546849463
--> Epoch 36
elapsed time: 4.36015248298645
loss: 0.038293867746082434
--> Epoch 37
elapsed time: 4.35907506942749
loss: 0.03759569505112191
--> Epoch 38
elapsed time: 4.360156297683716
loss: 0.036920187926499884
--> Epoch 39
elapsed time: 4.360128402709961
loss: 0.03627005053696381
--> Epoch 40
elapsed time: 4.3610734939575195
loss: 0.03561324774798423
--> Epoch 41
elapsed time: 4.361754417419434
loss: 0.035057708785736885
--> Epoch 42
elapsed time: 4.372970342636108
loss: 0.03450591058443149
--> Epoch 43
elapsed time: 4.699032545089722
loss: 0.033998166201312026
--> Epoch 44
elapsed time: 5.395201206207275
loss: 0.033485625394789095
--> Epoch 45
elapsed time: 5.654286861419678
loss: 0.033105577660246154
--> Epoch 46
elapsed time: 5.784759044647217
loss: 0.032616530058805604
--> Epoch 47
elapsed time: 5.828779697418213
loss: 0.0322015446681715
--> Epoch 48
elapsed time: 5.842548131942749
loss: 0.03182358516210222
--> Epoch 49
elapsed time: 5.852276563644409
loss: 0.03146912485732577
--> Epoch 50
elapsed time: 5.845193386077881
loss: 0.031107253012153637
--> Epoch 51
elapsed time: 5.846508979797363
loss: 0.030756415478597806
--> Epoch 52
elapsed time: 5.85144305229187
loss: 0.030506449423008446
--> Epoch 53
elapsed time: 5.846209287643433
loss: 0.030101863592022
--> Epoch 54
elapsed time: 5.667630434036255
loss: 0.029851499450789905
--> Epoch 55
elapsed time: 5.358712911605835
loss: 0.029558457504267527
--> Epoch 56
elapsed time: 5.382864952087402
loss: 0.029311979168488076
--> Epoch 57
elapsed time: 5.383018493652344
loss: 0.029018405491971565
--> Epoch 58
elapsed time: 5.385356903076172
loss: 0.028804024474683058
--> Epoch 59
elapsed time: 5.38223671913147
loss: 0.02856346993573073
--> Epoch 60
elapsed time: 5.385484457015991
loss: 0.02835070764644182
--> Epoch 61
elapsed time: 5.387456893920898
loss: 0.02814848469929491
--> Epoch 62
elapsed time: 5.386194229125977
loss: 0.027951132549938456
--> Epoch 63
elapsed time: 5.382813453674316
loss: 0.027790356597399667
--> Epoch 64
elapsed time: 5.381710052490234
loss: 0.027551989881488253
--> Epoch 65
elapsed time: 5.381762266159058
loss: 0.02736652666143898
--> Epoch 66
elapsed time: 5.395082473754883
loss: 0.027233866007467654
--> Epoch 67
elapsed time: 5.379127740859985
loss: 0.027062555044356767
--> Epoch 68
elapsed time: 5.389313220977783
loss: 0.026905372414671353
--> Epoch 69
elapsed time: 5.385078430175781
loss: 0.026756550515682095
--> Epoch 70
elapsed time: 5.379595518112183
loss: 0.026609471603975695
--> Epoch 71
elapsed time: 5.383207082748413
loss: 0.026471374920890897
--> Epoch 72
elapsed time: 5.385354518890381
loss: 0.026326936064244213
--> Epoch 73
elapsed time: 5.379981279373169
loss: 0.02622194655295654
--> Epoch 74
elapsed time: 5.3908514976501465
loss: 0.026051524584992023
--> Epoch 75
elapsed time: 5.382689952850342
loss: 0.025960729498615942
--> Epoch 76
elapsed time: 5.38562798500061
loss: 0.02582097317241938
--> Epoch 77
elapsed time: 5.520692586898804
loss: 0.025720339643428153
--> Epoch 78
elapsed time: 5.656298637390137
loss: 0.025630057215522396
--> Epoch 79
elapsed time: 5.661058187484741
loss: 0.02553816346463906
--> Epoch 80
elapsed time: 5.661056995391846
loss: 0.025362432018791518
--> Epoch 81
elapsed time: 5.655623912811279
loss: 0.025286410678518008
--> Epoch 82
elapsed time: 5.735514879226685
loss: 0.025197918610060314
--> Epoch 83
elapsed time: 5.662171840667725
loss: 0.025101763240971995
--> Epoch 84
elapsed time: 5.655946254730225
loss: 0.024989975560263767
--> Epoch 85
elapsed time: 5.658181428909302
loss: 0.02489392993829773
--> Epoch 86
elapsed time: 5.655559539794922
loss: 0.024831164241019332
--> Epoch 87
elapsed time: 5.650757551193237
loss: 0.024745155160901464
--> Epoch 88
elapsed time: 5.656209707260132
loss: 0.02469553063892578
--> Epoch 89
elapsed time: 5.656362295150757
loss: 0.0245689680731504
--> Epoch 90
elapsed time: 5.654563665390015
loss: 0.024547083855292084
--> Epoch 91
elapsed time: 5.651260614395142
loss: 0.024444401979109978
--> Epoch 92
elapsed time: 5.649853944778442
loss: 0.02443766658416023
--> Epoch 93
elapsed time: 5.654370069503784
loss: 0.024319136313750624
--> Epoch 94
elapsed time: 5.655569314956665
loss: 0.024224402975231436
--> Epoch 95
elapsed time: 5.654310464859009
loss: 0.024175766189622073
--> Epoch 96
elapsed time: 5.656872987747192
loss: 0.02413383223859353
--> Epoch 97
elapsed time: 5.654515027999878
loss: 0.02404226000164044
--> Epoch 98
elapsed time: 5.657068252563477
loss: 0.02399115686358311
--> Epoch 99
elapsed time: 5.660883188247681
loss: 0.023994981396245934
Evaluating model...
val mr: 336.8654479980469 mrr: 0.24772736430168152 hits@10: 0.4278870829769033 hits@5: 0.33552894211576845 hits@3: 0.2745366410037069 hits@1: 0.15996578272027373
--> Epoch 100
elapsed time: 5.069386005401611
loss: 0.0239113291404854
--> Epoch 101
elapsed time: 5.607912302017212
loss: 0.023821570383961314
--> Epoch 102
elapsed time: 5.6201090812683105
loss: 0.023772392148609333
--> Epoch 103
elapsed time: 5.6127026081085205
loss: 0.023732483663849415
--> Epoch 104
elapsed time: 5.611737489700317
loss: 0.02368836993437439
--> Epoch 105
elapsed time: 5.616748571395874
loss: 0.023649736324207804
--> Epoch 106
elapsed time: 5.61454439163208
loss: 0.023579816653735774
--> Epoch 107
elapsed time: 5.620343208312988
loss: 0.023561689503287662
--> Epoch 108
elapsed time: 5.611077070236206
loss: 0.02352676146356205
--> Epoch 109
elapsed time: 5.6138200759887695
loss: 0.02345757540893633
--> Epoch 110
elapsed time: 5.615340709686279
loss: 0.02342867199769585
--> Epoch 111
elapsed time: 5.615837335586548
loss: 0.023387560976611366
--> Epoch 112
elapsed time: 5.614434480667114
loss: 0.023360929359889548
--> Epoch 113
elapsed time: 5.617461681365967
loss: 0.023284090681111935
--> Epoch 114
elapsed time: 5.606628656387329
loss: 0.023303921846979537
--> Epoch 115
elapsed time: 5.609014511108398
loss: 0.023228444274679624
--> Epoch 116
elapsed time: 5.6143035888671875
loss: 0.023151482156673245
--> Epoch 117
elapsed time: 5.6100006103515625
loss: 0.023189163273542084
--> Epoch 118
elapsed time: 5.6075944900512695
loss: 0.02310230707187251
--> Epoch 119
elapsed time: 5.613868951797485
loss: 0.023082595001398004
--> Epoch 120
elapsed time: 5.615247011184692
loss: 0.023037907466825065
--> Epoch 121
elapsed time: 5.613362550735474
loss: 0.023036949262934144
--> Epoch 122
elapsed time: 5.610201358795166
loss: 0.022955093525791663
--> Epoch 123
elapsed time: 5.60810112953186
loss: 0.02292328022651704
--> Epoch 124
elapsed time: 5.609225034713745
loss: 0.022916319463770006
--> Epoch 125
elapsed time: 5.610406875610352
loss: 0.02292348721493053
--> Epoch 126
elapsed time: 5.612577199935913
loss: 0.022905303987123333
--> Epoch 127
elapsed time: 5.613795280456543
loss: 0.02286676829111318
--> Epoch 128
elapsed time: 5.596546649932861
loss: 0.022809379202290064
--> Epoch 129
elapsed time: 5.606421709060669
loss: 0.022818213924485225
--> Epoch 130
elapsed time: 5.598381519317627
loss: 0.02272989772267198
--> Epoch 131
elapsed time: 5.601022005081177
loss: 0.02275959645535513
--> Epoch 132
elapsed time: 5.609687805175781
loss: 0.022748360978062716
--> Epoch 133
elapsed time: 5.60059118270874
loss: 0.022652946361747982
--> Epoch 134
elapsed time: 5.605515003204346
loss: 0.02271346686546352
--> Epoch 135
elapsed time: 5.609014987945557
loss: 0.022616400386041218
--> Epoch 136
elapsed time: 5.60276985168457
loss: 0.022627411972685793
--> Epoch 137
elapsed time: 5.5951457023620605
loss: 0.022607291434468352
--> Epoch 138
elapsed time: 5.611589670181274
loss: 0.022564600666008912
--> Epoch 139
elapsed time: 5.609632730484009
loss: 0.02254599769996621
--> Epoch 140
elapsed time: 5.606661319732666
loss: 0.022538659440551518
--> Epoch 141
elapsed time: 5.612550497055054
loss: 0.022528778829963163
--> Epoch 142
elapsed time: 5.609471321105957
loss: 0.02249881097572038
--> Epoch 143
elapsed time: 5.601592540740967
loss: 0.022472006050643784
--> Epoch 144
elapsed time: 5.60864520072937
loss: 0.022408309440818015
--> Epoch 145
elapsed time: 5.6127965450286865
loss: 0.022414997635323376
--> Epoch 146
elapsed time: 5.601372003555298
loss: 0.022449357098674617
--> Epoch 147
elapsed time: 5.613121747970581
loss: 0.02240394128561861
--> Epoch 148
elapsed time: 5.607198238372803
loss: 0.022358604288911437
--> Epoch 149
elapsed time: 5.603085279464722
loss: 0.022352877571505975
--> Epoch 150
elapsed time: 5.594502687454224
loss: 0.02237532955794994
--> Epoch 151
elapsed time: 5.616379022598267
loss: 0.022356236665417646
--> Epoch 152
elapsed time: 5.59442400932312
loss: 0.022310988705952214
--> Epoch 153
elapsed time: 5.6084699630737305
loss: 0.022306643755841904
--> Epoch 154
elapsed time: 5.60331916809082
loss: 0.02226371562015528
--> Epoch 155
elapsed time: 5.60826563835144
loss: 0.02225102945244043
--> Epoch 156
elapsed time: 5.589681386947632
loss: 0.022269069647323603
--> Epoch 157
elapsed time: 5.6093645095825195
loss: 0.022222989278224314
--> Epoch 158
elapsed time: 5.605426073074341
loss: 0.02221606653586717
--> Epoch 159
elapsed time: 5.5981175899505615
loss: 0.022168407598659325
--> Epoch 160
elapsed time: 5.607230186462402
loss: 0.022200042578135026
--> Epoch 161
elapsed time: 5.600348949432373
loss: 0.022195458874765255
--> Epoch 162
elapsed time: 5.615125417709351
loss: 0.022217207219406107
--> Epoch 163
elapsed time: 5.597854375839233
loss: 0.022169821027417512
--> Epoch 164
elapsed time: 5.6029722690582275
loss: 0.02220821110943467
--> Epoch 165
elapsed time: 5.599738121032715
loss: 0.022135691396604703
--> Epoch 166
elapsed time: 5.599795579910278
loss: 0.02211363993669218
--> Epoch 167
elapsed time: 5.6042540073394775
loss: 0.022088176571708855
--> Epoch 168
elapsed time: 5.597237825393677
loss: 0.02209703979605453
--> Epoch 169
elapsed time: 5.611929416656494
loss: 0.02207916873390677
--> Epoch 170
elapsed time: 5.6068525314331055
loss: 0.022059784084208035
--> Epoch 171
elapsed time: 5.603518486022949
loss: 0.02204815435345063
--> Epoch 172
elapsed time: 5.594757080078125
loss: 0.022060425838180454
--> Epoch 173
elapsed time: 5.604879140853882
loss: 0.022046189905895113
--> Epoch 174
elapsed time: 5.6090826988220215
loss: 0.022051468444243424
--> Epoch 175
elapsed time: 5.601861000061035
loss: 0.022003049996391515
--> Epoch 176
elapsed time: 5.6013853549957275
loss: 0.02203004604147665
--> Epoch 177
elapsed time: 5.597578525543213
loss: 0.0219783915359236
--> Epoch 178
elapsed time: 5.607290267944336
loss: 0.021965872498118755
--> Epoch 179
elapsed time: 5.6120147705078125
loss: 0.021996183921902782
--> Epoch 180
elapsed time: 5.603315353393555
loss: 0.021976395164067075
--> Epoch 181
elapsed time: 5.6067962646484375
loss: 0.02196281749373153
--> Epoch 182
elapsed time: 5.607565641403198
loss: 0.021965489266326375
--> Epoch 183
elapsed time: 5.607151985168457
loss: 0.021954977723681355
--> Epoch 184
elapsed time: 5.622215032577515
loss: 0.02191861008003929
--> Epoch 185
elapsed time: 5.606606483459473
loss: 0.02193327009790031
--> Epoch 186
elapsed time: 5.60989785194397
loss: 0.021938874898785033
--> Epoch 187
elapsed time: 5.6047961711883545
loss: 0.02187624718093244
--> Epoch 188
elapsed time: 5.610430479049683
loss: 0.021871721577021948
--> Epoch 189
elapsed time: 5.599129915237427
loss: 0.021885216658407522
--> Epoch 190
elapsed time: 5.601874351501465
loss: 0.02184659417329649
--> Epoch 191
elapsed time: 5.605383396148682
loss: 0.021857735123537895
--> Epoch 192
elapsed time: 5.614925861358643
loss: 0.02183106814108978
--> Epoch 193
elapsed time: 5.613653182983398
loss: 0.02180956328955329
--> Epoch 194
elapsed time: 5.605794906616211
loss: 0.021860244125828692
--> Epoch 195
elapsed time: 5.599040746688843
loss: 0.021860461885342592
--> Epoch 196
elapsed time: 5.604884147644043
loss: 0.021824571779760008
--> Epoch 197
elapsed time: 5.61220383644104
loss: 0.021813782573321016
--> Epoch 198
elapsed time: 5.612232208251953
loss: 0.02182637074627578
--> Epoch 199
elapsed time: 5.593961954116821
loss: 0.021808193724949406
Evaluating model...
val mr: 256.1537170410156 mrr: 0.2678138017654419 hits@10: 0.4583974907328201 hits@5: 0.36295979469632167 hits@3: 0.2934416880524665 hits@1: 0.17639007698887937
--> Epoch 200
elapsed time: 4.729358434677124
loss: 0.021774745463049312
--> Epoch 201
elapsed time: 5.268353700637817
loss: 0.021788477209008537
--> Epoch 202
elapsed time: 5.5980730056762695
loss: 0.021773613740533226
--> Epoch 203
elapsed time: 5.60142183303833
loss: 0.021766690339328876
--> Epoch 204
elapsed time: 5.599278926849365
loss: 0.02183310081612806
--> Epoch 205
elapsed time: 5.603637456893921
loss: 0.02175863256094485
--> Epoch 206
elapsed time: 5.594086170196533
loss: 0.02173561225395548
--> Epoch 207
elapsed time: 5.600052118301392
loss: 0.021754210054355752
--> Epoch 208
elapsed time: 5.598693370819092
loss: 0.021745342526476225
--> Epoch 209
elapsed time: 5.604111194610596
loss: 0.021778139353204985
--> Epoch 210
elapsed time: 5.597587823867798
loss: 0.02175698960629254
--> Epoch 211
elapsed time: 5.602660894393921
loss: 0.021736749373411416
--> Epoch 212
elapsed time: 5.603468656539917
loss: 0.021749553840996406
--> Epoch 213
elapsed time: 5.604268550872803
loss: 0.021730183941765093
--> Epoch 214
elapsed time: 5.60016655921936
loss: 0.02166959473220167
--> Epoch 215
elapsed time: 5.607726335525513
loss: 0.021711794331824005
--> Epoch 216
elapsed time: 5.605012893676758
loss: 0.021688967962466315
--> Epoch 217
elapsed time: 5.602463722229004
loss: 0.02171358250095557
--> Epoch 218
elapsed time: 5.5991387367248535
loss: 0.021711210405711622
--> Epoch 219
elapsed time: 5.604233980178833
loss: 0.021668397172276185
--> Epoch 220
elapsed time: 5.604119300842285
loss: 0.021675769879236494
--> Epoch 221
elapsed time: 5.605003356933594
loss: 0.021683202062927096
--> Epoch 222
elapsed time: 5.610523700714111
loss: 0.021674977468286387
--> Epoch 223
elapsed time: 5.603797674179077
loss: 0.02167805446169899
--> Epoch 224
elapsed time: 5.5989391803741455
loss: 0.021663684814972127
--> Epoch 225
elapsed time: 5.600017070770264
loss: 0.021667502149378817
--> Epoch 226
elapsed time: 5.6115498542785645
loss: 0.021671854760340104
--> Epoch 227
elapsed time: 5.603992938995361
loss: 0.02163806180395221
--> Epoch 228
elapsed time: 5.600300550460815
loss: 0.021632024829091042
--> Epoch 229
elapsed time: 5.608997344970703
loss: 0.021676548412341276
--> Epoch 230
elapsed time: 5.613437652587891
loss: 0.021664063016045575
--> Epoch 231
elapsed time: 5.605536937713623
loss: 0.021664676276628745
--> Epoch 232
elapsed time: 5.598800182342529
loss: 0.021636810404294972
--> Epoch 233
elapsed time: 5.6100547313690186
loss: 0.021628154524070187
--> Epoch 234
elapsed time: 5.615022420883179
loss: 0.02161823966919759
--> Epoch 235
elapsed time: 5.603253364562988
loss: 0.021649892568966742
--> Epoch 236
elapsed time: 5.612799644470215
loss: 0.021640667414970814
--> Epoch 237
elapsed time: 5.6068055629730225
loss: 0.02160767009367891
--> Epoch 238
elapsed time: 5.6132848262786865
loss: 0.021610978563243448
--> Epoch 239
elapsed time: 5.615565299987793
loss: 0.021610629258577485
--> Epoch 240
elapsed time: 5.606271982192993
loss: 0.021615901509841322
--> Epoch 241
elapsed time: 5.602810859680176
loss: 0.021559649671893128
--> Epoch 242
elapsed time: 5.6108078956604
loss: 0.02159013979221052
--> Epoch 243
elapsed time: 5.613610744476318
loss: 0.021590445902082905
--> Epoch 244
elapsed time: 5.604260683059692
loss: 0.02158245057049834
--> Epoch 245
elapsed time: 5.619526147842407
loss: 0.021576281845471484
--> Epoch 246
elapsed time: 5.608852386474609
loss: 0.02154329714916387
--> Epoch 247
elapsed time: 5.603984594345093
loss: 0.02155959430770109
--> Epoch 248
elapsed time: 5.616072416305542
loss: 0.021586729653410942
--> Epoch 249
elapsed time: 5.6159937381744385
loss: 0.021540282837352657
--> Epoch 250
elapsed time: 5.590923070907593
loss: 0.021580429695133095
--> Epoch 251
elapsed time: 5.609765529632568
loss: 0.0215115057425407
--> Epoch 252
elapsed time: 5.612614393234253
loss: 0.021558559791431155
--> Epoch 253
elapsed time: 5.60686182975769
loss: 0.02150886014510412
--> Epoch 254
elapsed time: 5.620050430297852
loss: 0.02153811094054106
--> Epoch 255
elapsed time: 5.606767892837524
loss: 0.02152724460517306
--> Epoch 256
elapsed time: 5.607320785522461
loss: 0.021497561264282
--> Epoch 257
elapsed time: 5.612071752548218
loss: 0.021495199836755515
--> Epoch 258
elapsed time: 5.605078935623169
loss: 0.021534710230615938
--> Epoch 259
elapsed time: 5.613825082778931
loss: 0.021499906497484428
--> Epoch 260
elapsed time: 5.595327854156494
loss: 0.021543712461207794
--> Epoch 261
elapsed time: 5.61581015586853
loss: 0.021521777971205237
--> Epoch 262
elapsed time: 5.60582709312439
loss: 0.021539036110954698
--> Epoch 263
elapsed time: 5.603512763977051
loss: 0.02155548388792004
--> Epoch 264
elapsed time: 5.599564075469971
loss: 0.021515135191598256
--> Epoch 265
elapsed time: 5.607754230499268
loss: 0.021486697814875017
--> Epoch 266
elapsed time: 5.603332042694092
loss: 0.021546325105770734
--> Epoch 267
elapsed time: 5.608848810195923
loss: 0.02151844052462957
--> Epoch 268
elapsed time: 5.6120285987854
loss: 0.021540025874677966
--> Epoch 269
elapsed time: 5.607855558395386
loss: 0.021510993390714685
--> Epoch 270
elapsed time: 5.6156768798828125
loss: 0.021509202582689804
--> Epoch 271
elapsed time: 5.612964391708374
loss: 0.021520029317135533
--> Epoch 272
elapsed time: 5.601003170013428
loss: 0.021441953519564246
--> Epoch 273
elapsed time: 5.615272760391235
loss: 0.021494839797786464
--> Epoch 274
elapsed time: 5.6038501262664795
loss: 0.02148453306900872
--> Epoch 275
elapsed time: 5.61116886138916
loss: 0.021487675700073858
--> Epoch 276
elapsed time: 5.611721038818359
loss: 0.021490472036844028
--> Epoch 277
elapsed time: 5.6090826988220215
loss: 0.02145513675770497
--> Epoch 278
elapsed time: 5.610875129699707
loss: 0.0214936932371903
--> Epoch 279
elapsed time: 5.609341382980347
loss: 0.021451418220590334
--> Epoch 280
elapsed time: 5.597199440002441
loss: 0.02146137087331666
--> Epoch 281
elapsed time: 5.607206344604492
loss: 0.021457851646242004
--> Epoch 282
elapsed time: 5.601490497589111
loss: 0.021471654081599734
--> Epoch 283
elapsed time: 5.610302448272705
loss: 0.021467853151787484
--> Epoch 284
elapsed time: 5.605783939361572
loss: 0.021460386760609955
--> Epoch 285
elapsed time: 5.601820230484009
loss: 0.02145868423285343
--> Epoch 286
elapsed time: 5.606874704360962
loss: 0.021434870277823197
--> Epoch 287
elapsed time: 5.611544370651245
loss: 0.021456118811514168
--> Epoch 288
elapsed time: 5.610436677932739
loss: 0.021434029709698453
--> Epoch 289
elapsed time: 5.606957912445068
loss: 0.021417748494913076
--> Epoch 290
elapsed time: 5.613032817840576
loss: 0.021454161208259645
--> Epoch 291
elapsed time: 5.599557876586914
loss: 0.02143550332309722
--> Epoch 292
elapsed time: 5.606828927993774
loss: 0.02151245067837041
--> Epoch 293
elapsed time: 5.60384464263916
loss: 0.021462043172566822
--> Epoch 294
elapsed time: 5.6142683029174805
loss: 0.02145529175851834
--> Epoch 295
elapsed time: 5.608177661895752
loss: 0.021427551559536163
--> Epoch 296
elapsed time: 5.604212760925293
loss: 0.021457644211003945
--> Epoch 297
elapsed time: 5.606837749481201
loss: 0.021426900441522657
--> Epoch 298
elapsed time: 5.611828327178955
loss: 0.021395094580562858
--> Epoch 299
elapsed time: 5.610190391540527
loss: 0.021431829075934408
Evaluating model...
val mr: 240.8113250732422 mrr: 0.2708311080932617 hits@10: 0.46387225548902195 hits@5: 0.36689478186484176 hits@3: 0.2998289136013687 hits@1: 0.17735956658112348
--> Epoch 300
elapsed time: 4.787793874740601
loss: 0.021434869056502718
--> Epoch 301
elapsed time: 5.498906850814819
loss: 0.02145735648051535
--> Epoch 302
elapsed time: 5.611972332000732
loss: 0.021397700943298084
--> Epoch 303
elapsed time: 5.633755683898926
loss: 0.021440117265100426
--> Epoch 304
elapsed time: 5.640218257904053
loss: 0.021439511407787017
--> Epoch 305
elapsed time: 5.6393961906433105
loss: 0.021392462242426226
--> Epoch 306
elapsed time: 5.630263328552246
loss: 0.021380264613416435
--> Epoch 307
elapsed time: 5.6374430656433105
loss: 0.021443852446868188
--> Epoch 308
elapsed time: 5.630341291427612
loss: 0.021428152941594905
--> Epoch 309
elapsed time: 5.636739730834961
loss: 0.021427815678412915
--> Epoch 310
elapsed time: 5.6316797733306885
loss: 0.021394624098827003
--> Epoch 311
elapsed time: 5.633769512176514
loss: 0.021414344057945407
--> Epoch 312
elapsed time: 5.636276721954346
loss: 0.0213773382927518
--> Epoch 313
elapsed time: 5.634078741073608
loss: 0.021405050357556635
--> Epoch 314
elapsed time: 5.639968633651733
loss: 0.0213846506363417
--> Epoch 315
elapsed time: 5.645700216293335
loss: 0.021427578234086593
--> Epoch 316
elapsed time: 5.641816854476929
loss: 0.021422035578613784
--> Epoch 317
elapsed time: 5.635924816131592
loss: 0.021471183358052936
--> Epoch 318
elapsed time: 5.632230997085571
loss: 0.02141809051195799
--> Epoch 319
elapsed time: 5.639944076538086
loss: 0.02136558463213473
--> Epoch 320
elapsed time: 5.633083343505859
loss: 0.02141587038788163
--> Epoch 321
elapsed time: 5.635268688201904
loss: 0.021407461203880054
--> Epoch 322
elapsed time: 5.629465103149414
loss: 0.021405890967735455
--> Epoch 323
elapsed time: 5.634162664413452
loss: 0.02137046701757558
--> Epoch 324
elapsed time: 5.497250556945801
loss: 0.02139447936446512
--> Epoch 325
elapsed time: 5.449074983596802
loss: 0.021441077992235952
--> Epoch 326
elapsed time: 5.557114362716675
loss: 0.021384510869617634
--> Epoch 327
elapsed time: 5.645955562591553
loss: 0.02138934586011399
--> Epoch 328
elapsed time: 5.652861595153809
loss: 0.02140503521984126
--> Epoch 329
elapsed time: 5.629355430603027
loss: 0.021430335337907665
--> Epoch 330
elapsed time: 5.6341187953948975
loss: 0.0214271320596071
--> Epoch 331
elapsed time: 5.63338041305542
loss: 0.02142044192010069
--> Epoch 332
elapsed time: 5.630313158035278
loss: 0.02137237616226792
--> Epoch 333
elapsed time: 5.632254362106323
loss: 0.021404058569980924
--> Epoch 334
elapsed time: 5.634429216384888
loss: 0.021353508691852763
--> Epoch 335
elapsed time: 5.6344873905181885
loss: 0.021433306411118968
--> Epoch 336
elapsed time: 5.634114503860474
loss: 0.021398445081424848
--> Epoch 337
elapsed time: 5.6335129737854
loss: 0.021422682673453947
--> Epoch 338
elapsed time: 5.633775472640991
loss: 0.02143601603413514
--> Epoch 339
elapsed time: 5.627503395080566
loss: 0.02137771875247962
--> Epoch 340
elapsed time: 5.630809545516968
loss: 0.021407782593400322
--> Epoch 341
elapsed time: 5.628971576690674
loss: 0.021394619853117504
--> Epoch 342
elapsed time: 5.628303527832031
loss: 0.02135915041096011
--> Epoch 343
elapsed time: 5.623991250991821
loss: 0.021426960853956158
--> Epoch 344
elapsed time: 5.620925188064575
loss: 0.021409629464766267
--> Epoch 345
elapsed time: 5.633443832397461
loss: 0.021411742676866023
--> Epoch 346
elapsed time: 5.627180099487305
loss: 0.021402172532251504
--> Epoch 347
elapsed time: 5.627705335617065
loss: 0.021365549017588484
--> Epoch 348
elapsed time: 5.631399869918823
loss: 0.021363017335884547
--> Epoch 349
elapsed time: 5.6344687938690186
loss: 0.02141275998776181
--> Epoch 350
elapsed time: 5.622490882873535
loss: 0.021419247221604678
--> Epoch 351
elapsed time: 5.629462957382202
loss: 0.02139161974857522
--> Epoch 352
elapsed time: 5.626054048538208
loss: 0.021404936748468304
--> Epoch 353
elapsed time: 5.627435207366943
loss: 0.021420826164695417
--> Epoch 354
elapsed time: 5.6325483322143555
loss: 0.021438027457846634
--> Epoch 355
elapsed time: 5.632055997848511
loss: 0.021376160163562027
--> Epoch 356
elapsed time: 5.62975001335144
loss: 0.021374059636023172
--> Epoch 357
elapsed time: 5.628940105438232
loss: 0.021354281044760517
--> Epoch 358
elapsed time: 5.633174180984497
loss: 0.021372689386288286
--> Epoch 359
elapsed time: 5.630619525909424
loss: 0.021385697788109448
--> Epoch 360
elapsed time: 5.6285364627838135
loss: 0.021390993495034587
--> Epoch 361
elapsed time: 5.628193140029907
loss: 0.0213884885807505
--> Epoch 362
elapsed time: 5.628426551818848
loss: 0.02136558304284108
--> Epoch 363
elapsed time: 5.635528564453125
loss: 0.021411231574396537
--> Epoch 364
elapsed time: 5.629382848739624
loss: 0.021349326361352727
--> Epoch 365
elapsed time: 5.6286046504974365
loss: 0.0214003744243398
--> Epoch 366
elapsed time: 5.624172687530518
loss: 0.021426184770501344
--> Epoch 367
elapsed time: 5.62835955619812
loss: 0.021333404009774508
--> Epoch 368
elapsed time: 5.628777503967285
loss: 0.02136441125856013
--> Epoch 369
elapsed time: 5.632169961929321
loss: 0.02141088813802653
--> Epoch 370
elapsed time: 5.62565279006958
loss: 0.021361780844397514
--> Epoch 371
elapsed time: 5.629979848861694
loss: 0.021343961100489153
--> Epoch 372
elapsed time: 5.6299333572387695
loss: 0.021367768333876123
--> Epoch 373
elapsed time: 5.632553577423096
loss: 0.02136738855752705
--> Epoch 374
elapsed time: 5.63183856010437
loss: 0.021399798968619373
--> Epoch 375
elapsed time: 5.633497714996338
loss: 0.021380343722391556
--> Epoch 376
elapsed time: 5.627361536026001
loss: 0.02138147678362908
--> Epoch 377
elapsed time: 5.624598979949951
loss: 0.021372876087114256
--> Epoch 378
elapsed time: 5.713120937347412
loss: 0.02132125405957423
--> Epoch 379
elapsed time: 5.626436233520508
loss: 0.021376504223734168
--> Epoch 380
elapsed time: 5.627084255218506
loss: 0.021406861926277405
--> Epoch 381
elapsed time: 5.640488862991333
loss: 0.021381622632423998
--> Epoch 382
elapsed time: 5.633309364318848
loss: 0.02140024884736213
--> Epoch 383
elapsed time: 5.637914180755615
loss: 0.021426829492790678
--> Epoch 384
elapsed time: 5.626368522644043
loss: 0.021379330867475645
--> Epoch 385
elapsed time: 5.624584197998047
loss: 0.021421939083782437
--> Epoch 386
elapsed time: 5.633613109588623
loss: 0.021432321776240812
--> Epoch 387
elapsed time: 5.639770030975342
loss: 0.021431858724058516
--> Epoch 388
elapsed time: 5.63377833366394
loss: 0.021375106214804124
--> Epoch 389
elapsed time: 5.628807783126831
loss: 0.021397431818233944
--> Epoch 390
elapsed time: 5.62755012512207
loss: 0.0213779158984869
--> Epoch 391
elapsed time: 5.627997398376465
loss: 0.021349523474067197
--> Epoch 392
elapsed time: 5.6249871253967285
loss: 0.02140183589637616
--> Epoch 393
elapsed time: 5.629742860794067
loss: 0.021421919791474727
--> Epoch 394
elapsed time: 5.6289262771606445
loss: 0.021394017638738494
--> Epoch 395
elapsed time: 5.632167339324951
loss: 0.021399307018277337
--> Epoch 396
elapsed time: 5.626233339309692
loss: 0.02137177836356697
--> Epoch 397
elapsed time: 5.628170490264893
loss: 0.021439646106994836
--> Epoch 398
elapsed time: 5.641860008239746
loss: 0.02141297141638491
--> Epoch 399
elapsed time: 5.625110387802124
loss: 0.021382558146388266
Evaluating model...
val mr: 238.74082946777344 mrr: 0.27190500497817993 hits@10: 0.46909039064727687 hits@5: 0.37216994582264046 hits@3: 0.3007984031936128 hits@1: 0.17798688337610494
--> Epoch 400
elapsed time: 5.008655548095703
loss: 0.02135616554401163
--> Epoch 401
elapsed time: 5.621525764465332
loss: 0.0213950697003197
--> Epoch 402
elapsed time: 5.6277854442596436
loss: 0.021349797130458106
--> Epoch 403
elapsed time: 5.637126922607422
loss: 0.02142640491132734
--> Epoch 404
elapsed time: 5.62962007522583
loss: 0.021336174728602927
--> Epoch 405
elapsed time: 5.625637769699097
loss: 0.021360435026328964
--> Epoch 406
elapsed time: 5.626360893249512
loss: 0.021336622613281543
--> Epoch 407
elapsed time: 5.631195068359375
loss: 0.021369087864642197
--> Epoch 408
elapsed time: 5.624048948287964
loss: 0.021394663429902278
--> Epoch 409
elapsed time: 5.627018928527832
loss: 0.021359820150168348
--> Epoch 410
elapsed time: 5.628682851791382
loss: 0.02137154570639638
--> Epoch 411
elapsed time: 5.623851299285889
loss: 0.0214014776622279
--> Epoch 412
elapsed time: 5.631239414215088
loss: 0.02143150620225568
--> Epoch 413
elapsed time: 5.62479829788208
loss: 0.02140051868734557
--> Epoch 414
elapsed time: 5.627170562744141
loss: 0.021361033869372822
--> Epoch 415
elapsed time: 5.61193585395813
loss: 0.02139277699265913
--> Epoch 416
elapsed time: 5.621166706085205
loss: 0.02139007907469432
--> Epoch 417
elapsed time: 5.6162848472595215
loss: 0.021332007332556895
--> Epoch 418
elapsed time: 5.612201452255249
loss: 0.021362530642302105
--> Epoch 419
elapsed time: 5.616535425186157
loss: 0.021329817587294225
--> Epoch 420
elapsed time: 5.61543083190918
loss: 0.021355629408852963
--> Epoch 421
elapsed time: 5.614975214004517
loss: 0.021437673719980083
--> Epoch 422
elapsed time: 5.617042303085327
loss: 0.021357730982486976
--> Epoch 423
elapsed time: 5.619229316711426
loss: 0.021386219817629875
--> Epoch 424
elapsed time: 5.616992235183716
loss: 0.021359096858597878
--> Epoch 425
elapsed time: 5.615332126617432
loss: 0.02136635129547635
--> Epoch 426
elapsed time: 5.6129372119903564
loss: 0.02140579241926336
--> Epoch 427
elapsed time: 5.6130170822143555
loss: 0.021369227973055637
--> Epoch 428
elapsed time: 5.618273735046387
loss: 0.02138459677733516
--> Epoch 429
elapsed time: 5.612285614013672
loss: 0.021363767093487314
--> Epoch 430
elapsed time: 5.620010852813721
loss: 0.021361609947143135
--> Epoch 431
elapsed time: 5.622818470001221
loss: 0.021404173544074496
--> Epoch 432
elapsed time: 5.612852334976196
loss: 0.02142772794134305
--> Epoch 433
elapsed time: 5.608141660690308
loss: 0.021383188056881317
--> Epoch 434
elapsed time: 5.464118003845215
loss: 0.021399780352681398
--> Epoch 435
elapsed time: 5.335383415222168
loss: 0.021400044704607827
--> Epoch 436
elapsed time: 5.335947513580322
loss: 0.021392594777601345
--> Epoch 437
elapsed time: 5.341333866119385
loss: 0.02135792692469631
--> Epoch 438
elapsed time: 5.34212327003479
loss: 0.021416028854651825
--> Epoch 439
elapsed time: 5.348360061645508
loss: 0.021403824842183634
--> Epoch 440
elapsed time: 5.334387302398682
loss: 0.021398344691334642
--> Epoch 441
elapsed time: 5.3442394733428955
loss: 0.02141665012478436
--> Epoch 442
elapsed time: 5.34598445892334
loss: 0.021378545561912255
--> Epoch 443
elapsed time: 5.340311765670776
loss: 0.02143454607418429
--> Epoch 444
elapsed time: 5.336215972900391
loss: 0.021420130176734276
--> Epoch 445
elapsed time: 5.337243556976318
loss: 0.02140347730203664
--> Epoch 446
elapsed time: 5.334067106246948
loss: 0.02136221260308995
--> Epoch 447
elapsed time: 5.339359283447266
loss: 0.021397176464127688
--> Epoch 448
elapsed time: 5.343487024307251
loss: 0.021384352471185315
--> Epoch 449
elapsed time: 5.338781118392944
loss: 0.021412843692897067
--> Epoch 450
elapsed time: 5.346280336380005
loss: 0.021361084421877577
--> Epoch 451
elapsed time: 5.358569145202637
loss: 0.021336696495285374
--> Epoch 452
elapsed time: 5.378767967224121
loss: 0.021413985694130413
--> Epoch 453
elapsed time: 5.3748884201049805
loss: 0.021449687803971912
--> Epoch 454
elapsed time: 5.37695050239563
loss: 0.02143352106388795
--> Epoch 455
elapsed time: 5.382373571395874
loss: 0.021375821971685843
--> Epoch 456
elapsed time: 5.367966651916504
loss: 0.02139610522413523
--> Epoch 457
elapsed time: 5.370504856109619
loss: 0.021408268626383307
--> Epoch 458
elapsed time: 5.377191781997681
loss: 0.021413746534348205
--> Epoch 459
elapsed time: 5.3727030754089355
loss: 0.02141840817443571
--> Epoch 460
elapsed time: 5.379551887512207
loss: 0.021412684635617546
--> Epoch 461
elapsed time: 5.369367837905884
loss: 0.021445423063251732
--> Epoch 462
elapsed time: 5.369732618331909
loss: 0.021408971106442548
--> Epoch 463
elapsed time: 5.358015060424805
loss: 0.021428149414309216
--> Epoch 464
elapsed time: 5.345422267913818
loss: 0.02139484235072405
--> Epoch 465
elapsed time: 5.345917224884033
loss: 0.021378972701665264
--> Epoch 466
elapsed time: 5.345327138900757
loss: 0.02139845439289834
--> Epoch 467
elapsed time: 5.5425732135772705
loss: 0.02140050515294187
--> Epoch 468
elapsed time: 5.621483564376831
loss: 0.021408414342006982
--> Epoch 469
elapsed time: 5.622233629226685
loss: 0.0214337731798303
--> Epoch 470
elapsed time: 5.629050254821777
loss: 0.02138047692867965
--> Epoch 471
elapsed time: 5.623960018157959
loss: 0.021421864238039347
--> Epoch 472
elapsed time: 5.622746706008911
loss: 0.02143631828905049
--> Epoch 473
elapsed time: 5.616915464401245
loss: 0.02142460413122951
--> Epoch 474
elapsed time: 5.6148951053619385
loss: 0.021408922938754394
--> Epoch 475
elapsed time: 5.617156028747559
loss: 0.02147810889875844
--> Epoch 476
elapsed time: 5.620300054550171
loss: 0.021418387359419973
--> Epoch 477
elapsed time: 5.6231677532196045
loss: 0.021445341203239092
--> Epoch 478
elapsed time: 5.617827415466309
loss: 0.02143867212581612
--> Epoch 479
elapsed time: 5.616926193237305
loss: 0.02141658866099894
--> Epoch 480
elapsed time: 5.619661092758179
loss: 0.0213923276483536
--> Epoch 481
elapsed time: 5.61565637588501
loss: 0.021453120751851365
--> Epoch 482
elapsed time: 5.616486310958862
loss: 0.021392067023469723
--> Epoch 483
elapsed time: 5.61406683921814
loss: 0.021402546939696777
--> Epoch 484
elapsed time: 5.6155760288238525
loss: 0.021368135313520092
--> Epoch 485
elapsed time: 5.617698431015015
loss: 0.021397403724358426
--> Epoch 486
elapsed time: 5.6144678592681885
loss: 0.021431259683010045
--> Epoch 487
elapsed time: 5.622664213180542
loss: 0.021425231695455533
--> Epoch 488
elapsed time: 5.618295192718506
loss: 0.02140511362265834
--> Epoch 489
elapsed time: 5.614182472229004
loss: 0.021428435799067353
--> Epoch 490
elapsed time: 5.617729902267456
loss: 0.021427774107958052
--> Epoch 491
elapsed time: 5.622873783111572
loss: 0.021384720006293545
--> Epoch 492
elapsed time: 5.6148436069488525
loss: 0.021456219236649438
--> Epoch 493
elapsed time: 5.617688179016113
loss: 0.021435045224534714
--> Epoch 494
elapsed time: 5.619589328765869
loss: 0.021418504154104616
--> Epoch 495
elapsed time: 5.6190266609191895
loss: 0.021443458882038705
--> Epoch 496
elapsed time: 5.6130688190460205
loss: 0.02137336800416348
--> Epoch 497
elapsed time: 5.630980014801025
loss: 0.021409452324233746
--> Epoch 498
elapsed time: 5.616438865661621
loss: 0.021406360790624107
--> Epoch 499
elapsed time: 5.620342254638672
loss: 0.021389603760244146
Evaluating model...
val mr: 237.50547790527344 mrr: 0.26785385608673096 hits@10: 0.4688337610493299 hits@5: 0.3676931850584545 hits@3: 0.2962075848303393 hits@1: 0.17336755061305958
--> Epoch 500
elapsed time: 4.861918926239014
loss: 0.021416118133704504
--> Epoch 501
elapsed time: 5.599741697311401
loss: 0.021430133735920502
--> Epoch 502
elapsed time: 5.611588478088379
loss: 0.021466219916883664
--> Epoch 503
elapsed time: 5.6104514598846436
loss: 0.021455256816837322
--> Epoch 504
elapsed time: 5.6046061515808105
loss: 0.021503524721608002
--> Epoch 505
elapsed time: 5.605732202529907
loss: 0.021419523869091794
--> Epoch 506
elapsed time: 5.607728481292725
loss: 0.021418337600685917
--> Epoch 507
elapsed time: 5.61025071144104
loss: 0.021433181973105876
--> Epoch 508
elapsed time: 5.607152938842773
loss: 0.021453350638709647
--> Epoch 509
elapsed time: 5.607241868972778
loss: 0.02148371270786785
--> Epoch 510
elapsed time: 5.608077049255371
loss: 0.021439858995244847
--> Epoch 511
elapsed time: 5.619701623916626
loss: 0.021422009037234596
--> Epoch 512
elapsed time: 5.610079765319824
loss: 0.021412897977701136
--> Epoch 513
elapsed time: 5.6069395542144775
loss: 0.021469170194354018
--> Epoch 514
elapsed time: 5.606803894042969
loss: 0.021427683311454105
--> Epoch 515
elapsed time: 5.604747772216797
loss: 0.021457388028081923
--> Epoch 516
elapsed time: 5.608943462371826
loss: 0.021497865348549687
--> Epoch 517
elapsed time: 5.60527229309082
loss: 0.0213944483653538
--> Epoch 518
elapsed time: 5.624136686325073
loss: 0.021436031860486024
--> Epoch 519
elapsed time: 5.604893445968628
loss: 0.021424236755576316
--> Epoch 520
elapsed time: 5.608170509338379
loss: 0.021419001464589183
--> Epoch 521
elapsed time: 5.606987237930298
loss: 0.021392066937609314
--> Epoch 522
elapsed time: 5.6055519580841064
loss: 0.021416109395217806
--> Epoch 523
elapsed time: 5.605684280395508
loss: 0.02139409105113847
--> Epoch 524
elapsed time: 5.604486703872681
loss: 0.021403670799852764
--> Epoch 525
elapsed time: 5.611624479293823
loss: 0.021477131491924723
--> Epoch 526
elapsed time: 5.690702199935913
loss: 0.02145706471283539
--> Epoch 527
elapsed time: 5.608823299407959
loss: 0.02143690333485267
--> Epoch 528
elapsed time: 5.608126401901245
loss: 0.021420400493330587
--> Epoch 529
elapsed time: 5.61552882194519
loss: 0.021421937741556485
--> Epoch 530
elapsed time: 5.609560966491699
loss: 0.021468265180108914
--> Epoch 531
elapsed time: 5.610197067260742
loss: 0.021505493463936102
--> Epoch 532
elapsed time: 5.61125111579895
loss: 0.021515744949427283
--> Epoch 533
elapsed time: 5.609363555908203
loss: 0.021486138471122743
--> Epoch 534
elapsed time: 5.610227346420288
loss: 0.021484522513435453
--> Epoch 535
elapsed time: 5.6103081703186035
loss: 0.021504570885104945
--> Epoch 536
elapsed time: 5.609691143035889
loss: 0.02142699451123558
--> Epoch 537
elapsed time: 5.610672473907471
loss: 0.021470108110657415
--> Epoch 538
elapsed time: 5.6094770431518555
loss: 0.02143371332110881
--> Epoch 539
elapsed time: 5.6056578159332275
loss: 0.021470756658115483
--> Epoch 540
elapsed time: 5.611851215362549
loss: 0.02147788859672515
--> Epoch 541
elapsed time: 5.609832525253296
loss: 0.02145146542979599
--> Epoch 542
elapsed time: 5.609538316726685
loss: 0.02145349836416774
--> Epoch 543
elapsed time: 5.609319686889648
loss: 0.02150603788374789
--> Epoch 544
elapsed time: 5.6082518100738525
loss: 0.021465992269404967
--> Epoch 545
elapsed time: 5.609834432601929
loss: 0.0214594547581611
--> Epoch 546
elapsed time: 5.610311269760132
loss: 0.021481198196493
--> Epoch 547
elapsed time: 5.609643459320068
loss: 0.02150669358916027
--> Epoch 548
elapsed time: 5.604159355163574
loss: 0.021457758422867373
--> Epoch 549
elapsed time: 5.6131603717803955
loss: 0.021469140993054477
--> Epoch 550
elapsed time: 5.607529640197754
loss: 0.021470053629600992
--> Epoch 551
elapsed time: 5.607856273651123
loss: 0.02148284965658233
--> Epoch 552
elapsed time: 5.604760408401489
loss: 0.021474643066343224
--> Epoch 553
elapsed time: 5.611669063568115
loss: 0.021455860150906128
--> Epoch 554
elapsed time: 5.609330654144287
loss: 0.0214483262787057
--> Epoch 555
elapsed time: 5.610823631286621
loss: 0.021491867056430115
--> Epoch 556
elapsed time: 5.6106367111206055
loss: 0.021433297132938286
--> Epoch 557
elapsed time: 5.614367961883545
loss: 0.021393787951637076
--> Epoch 558
elapsed time: 5.609219074249268
loss: 0.021485962965442456
--> Epoch 559
elapsed time: 5.603182792663574
loss: 0.0214816374968832
--> Epoch 560
elapsed time: 5.608522415161133
loss: 0.021501943346389822
--> Epoch 561
elapsed time: 5.60809588432312
loss: 0.021446498251070645
--> Epoch 562
elapsed time: 5.610241651535034
loss: 0.021449551811601235
--> Epoch 563
elapsed time: 5.611157655715942
loss: 0.021465671388038128
--> Epoch 564
elapsed time: 5.609500885009766
loss: 0.02147393532777214
--> Epoch 565
elapsed time: 5.6094887256622314
loss: 0.021464201252861956
--> Epoch 566
elapsed time: 5.614952564239502
loss: 0.021425015004816084
--> Epoch 567
elapsed time: 5.610148191452026
loss: 0.021485734843103142
--> Epoch 568
elapsed time: 5.609196901321411
loss: 0.021491662489630543
--> Epoch 569
elapsed time: 5.608706712722778
loss: 0.021511780700855736
--> Epoch 570
elapsed time: 5.598780393600464
loss: 0.021485712200487322
--> Epoch 571
elapsed time: 5.610901832580566
loss: 0.02147958600965459
--> Epoch 572
elapsed time: 5.611485242843628
loss: 0.021494580085826505
--> Epoch 573
elapsed time: 5.616522789001465
loss: 0.02144623182447643
--> Epoch 574
elapsed time: 5.610206842422485
loss: 0.02146968610150177
--> Epoch 575
elapsed time: 5.611981153488159
loss: 0.02151345372066841
--> Epoch 576
elapsed time: 5.610300302505493
loss: 0.021465311899276578
--> Epoch 577
elapsed time: 5.616116285324097
loss: 0.021498091154410273
--> Epoch 578
elapsed time: 5.6083574295043945
loss: 0.021515501636805
--> Epoch 579
elapsed time: 5.613161087036133
loss: 0.02153092505531219
--> Epoch 580
elapsed time: 5.611332178115845
loss: 0.021485619218923634
--> Epoch 581
elapsed time: 5.60594630241394
loss: 0.02151887583689149
--> Epoch 582
elapsed time: 5.61998987197876
loss: 0.02150157018479657
--> Epoch 583
elapsed time: 5.606950998306274
loss: 0.021529492472674303
--> Epoch 584
elapsed time: 5.609418630599976
loss: 0.0215089990689944
--> Epoch 585
elapsed time: 5.606906175613403
loss: 0.02148179169341235
--> Epoch 586
elapsed time: 5.615154266357422
loss: 0.021473501219308164
--> Epoch 587
elapsed time: 5.613237380981445
loss: 0.021489166918360503
--> Epoch 588
elapsed time: 5.61371374130249
loss: 0.021470896400308002
--> Epoch 589
elapsed time: 5.610600709915161
loss: 0.021545654567535037
--> Epoch 590
elapsed time: 5.612184762954712
loss: 0.021514729793802926
--> Epoch 591
elapsed time: 5.610291004180908
loss: 0.021518727350955513
--> Epoch 592
elapsed time: 5.6272077560424805
loss: 0.021501096740000558
--> Epoch 593
elapsed time: 5.613292455673218
loss: 0.02154645251910976
--> Epoch 594
elapsed time: 5.6128740310668945
loss: 0.021472867909443905
--> Epoch 595
elapsed time: 5.616186618804932
loss: 0.02151683776841787
--> Epoch 596
elapsed time: 5.606599807739258
loss: 0.021551605110754973
--> Epoch 597
elapsed time: 5.611168384552002
loss: 0.021489995851524012
--> Epoch 598
elapsed time: 5.6132049560546875
loss: 0.021552762323298325
--> Epoch 599
elapsed time: 5.610507965087891
loss: 0.021547683033661134
Evaluating model...
val mr: 237.38800048828125 mrr: 0.26608040928840637 hits@10: 0.46632449386940406 hits@5: 0.36666666666666664 hits@3: 0.2968634160250927 hits@1: 0.1707157114342743
--> Epoch 600
elapsed time: 4.723697185516357
loss: 0.021474793190635943
--> Epoch 601
elapsed time: 5.237319469451904
loss: 0.021492294070020894
--> Epoch 602
elapsed time: 5.60440993309021
loss: 0.02158921890605595
--> Epoch 603
elapsed time: 5.6116108894348145
loss: 0.02148247412944726
--> Epoch 604
elapsed time: 5.612850904464722
loss: 0.02158548686082141
--> Epoch 605
elapsed time: 5.6046977043151855
loss: 0.021526812170110887
--> Epoch 606
elapsed time: 5.611593723297119
loss: 0.02154658719904279
--> Epoch 607
elapsed time: 5.610700607299805
loss: 0.021492336938895375
--> Epoch 608
elapsed time: 5.603853940963745
loss: 0.02149652038032394
--> Epoch 609
elapsed time: 5.606350660324097
loss: 0.021500035447549505
--> Epoch 610
elapsed time: 5.601472854614258
loss: 0.021546019672268085
--> Epoch 611
elapsed time: 5.605771541595459
loss: 0.02154512205077922
--> Epoch 612
elapsed time: 5.612894296646118
loss: 0.021497118683673815
--> Epoch 613
elapsed time: 5.61244010925293
loss: 0.021524489823087474
--> Epoch 614
elapsed time: 5.6125807762146
loss: 0.02158385773495134
--> Epoch 615
elapsed time: 5.615483522415161
loss: 0.021506653425764723
--> Epoch 616
elapsed time: 5.611786365509033
loss: 0.021546225747757664
--> Epoch 617
elapsed time: 5.607042551040649
loss: 0.02145091253783999
--> Epoch 618
elapsed time: 5.611337661743164
loss: 0.021527349908581232
--> Epoch 619
elapsed time: 5.614474058151245
loss: 0.021543584714940663
--> Epoch 620
elapsed time: 5.618839979171753
loss: 0.021497271120940752
--> Epoch 621
elapsed time: 5.610365629196167
loss: 0.02152689615735891
--> Epoch 622
elapsed time: 5.6128551959991455
loss: 0.02154139673244471
--> Epoch 623
elapsed time: 5.616461515426636
loss: 0.021518435311676305
--> Epoch 624
elapsed time: 5.609157085418701
loss: 0.021556300441414707
--> Epoch 625
elapsed time: 5.614680767059326
loss: 0.021561336008830107
--> Epoch 626
elapsed time: 5.606778621673584
loss: 0.021558799634592105
--> Epoch 627
elapsed time: 5.687353134155273
loss: 0.021527320784380834
--> Epoch 628
elapsed time: 5.614507675170898
loss: 0.02148839553620102
--> Epoch 629
elapsed time: 5.6086790561676025
loss: 0.021559247717275333
--> Epoch 630
elapsed time: 5.613668441772461
loss: 0.021499846260276248
--> Epoch 631
elapsed time: 5.6133599281311035
loss: 0.021568470165792324
--> Epoch 632
elapsed time: 5.606411933898926
loss: 0.021501534172488852
--> Epoch 633
elapsed time: 5.606146812438965
loss: 0.021566051280131233
--> Epoch 634
elapsed time: 5.609619140625
loss: 0.021530711313714875
--> Epoch 635
elapsed time: 5.612976312637329
loss: 0.02159632059727092
--> Epoch 636
elapsed time: 5.609723091125488
loss: 0.021505332360024845
--> Epoch 637
elapsed time: 5.611544609069824
loss: 0.02150161503546942
--> Epoch 638
elapsed time: 5.611199855804443
loss: 0.02151257215682785
--> Epoch 639
elapsed time: 5.607443571090698
loss: 0.021505547934479008
--> Epoch 640
elapsed time: 5.614564657211304
loss: 0.021585958094273886
--> Epoch 641
elapsed time: 5.611778974533081
loss: 0.02150558035817218
--> Epoch 642
elapsed time: 5.612014293670654
loss: 0.021542988488010832
--> Epoch 643
elapsed time: 5.613424777984619
loss: 0.021518502792699203
--> Epoch 644
elapsed time: 5.615421295166016
loss: 0.021544864609739405
--> Epoch 645
elapsed time: 5.6307432651519775
loss: 0.021552812835501256
--> Epoch 646
elapsed time: 5.6237897872924805
loss: 0.02154630307994804
--> Epoch 647
elapsed time: 5.608537912368774
loss: 0.021487344035340836
--> Epoch 648
elapsed time: 5.612307548522949
loss: 0.02153920774415542
--> Epoch 649
elapsed time: 5.619344711303711
loss: 0.021534779474405557
--> Epoch 650
elapsed time: 5.609313488006592
loss: 0.02152221707534308
--> Epoch 651
elapsed time: 5.610491752624512
loss: 0.021488682825121806
--> Epoch 652
elapsed time: 5.604824066162109
loss: 0.02158974380751937
--> Epoch 653
elapsed time: 5.618749618530273
loss: 0.021578098274942625
--> Epoch 654
elapsed time: 5.622782468795776
loss: 0.02157784813904639
--> Epoch 655
elapsed time: 5.610084056854248
loss: 0.021502394789894682
--> Epoch 656
elapsed time: 5.618731737136841
loss: 0.0215861827383906
--> Epoch 657
elapsed time: 5.604196310043335
loss: 0.021545431540748027
--> Epoch 658
elapsed time: 5.61209511756897
loss: 0.02154887416807414
--> Epoch 659
elapsed time: 5.607740879058838
loss: 0.021536143288114446
--> Epoch 660
elapsed time: 5.616162538528442
loss: 0.021560220084628854
--> Epoch 661
elapsed time: 5.428843259811401
loss: 0.021510137313396887
--> Epoch 662
elapsed time: 5.423309803009033
loss: 0.021526490039387516
--> Epoch 663
elapsed time: 5.520530939102173
loss: 0.02153229773367001
--> Epoch 664
elapsed time: 5.607393026351929
loss: 0.021540749078635776
--> Epoch 665
elapsed time: 5.611082315444946
loss: 0.02155548690354779
--> Epoch 666
elapsed time: 5.559804201126099
loss: 0.021551290660157364
--> Epoch 667
elapsed time: 5.603717803955078
loss: 0.021556826664077034
--> Epoch 668
elapsed time: 5.616645812988281
loss: 0.021556489279989578
--> Epoch 669
elapsed time: 5.609188556671143
loss: 0.02152482271614999
--> Epoch 670
elapsed time: 5.609958648681641
loss: 0.021573995945314586
--> Epoch 671
elapsed time: 5.612311840057373
loss: 0.021552590302849645
--> Epoch 672
elapsed time: 5.610215187072754
loss: 0.02160234858307318
--> Epoch 673
elapsed time: 5.616152763366699
loss: 0.021530233509312904
--> Epoch 674
elapsed time: 5.60720157623291
loss: 0.02155388539318812
--> Epoch 675
elapsed time: 5.613533020019531
loss: 0.021512979846570364
--> Epoch 676
elapsed time: 5.610276699066162
loss: 0.021595977287063146
--> Epoch 677
elapsed time: 5.616105079650879
loss: 0.021607547434202814
--> Epoch 678
elapsed time: 5.612191200256348
loss: 0.02160829827995482
--> Epoch 679
elapsed time: 5.607531785964966
loss: 0.021571092169139595
--> Epoch 680
elapsed time: 5.617041826248169
loss: 0.021580027109704147
--> Epoch 681
elapsed time: 5.6116602420806885
loss: 0.02158984143255403
--> Epoch 682
elapsed time: 5.6170454025268555
loss: 0.021572484525300823
--> Epoch 683
elapsed time: 5.605520963668823
loss: 0.021590475452080832
--> Epoch 684
elapsed time: 5.609448671340942
loss: 0.02163800799926552
--> Epoch 685
elapsed time: 5.6160125732421875
loss: 0.021572405018564226
--> Epoch 686
elapsed time: 5.611646413803101
loss: 0.021604680465858495
--> Epoch 687
elapsed time: 5.607545614242554
loss: 0.021565847012966956
--> Epoch 688
elapsed time: 5.614566802978516
loss: 0.021583591043766892
--> Epoch 689
elapsed time: 5.610814332962036
loss: 0.021617851781668466
--> Epoch 690
elapsed time: 5.608016014099121
loss: 0.02160458261303092
--> Epoch 691
elapsed time: 5.619527339935303
loss: 0.021556241623531616
--> Epoch 692
elapsed time: 5.612405300140381
loss: 0.021619800236409043
--> Epoch 693
elapsed time: 5.613547086715698
loss: 0.0216007273686263
--> Epoch 694
elapsed time: 5.616750955581665
loss: 0.021568051370269042
--> Epoch 695
elapsed time: 5.610689401626587
loss: 0.021611933634105653
--> Epoch 696
elapsed time: 5.614699602127075
loss: 0.021636005371865077
--> Epoch 697
elapsed time: 5.609116077423096
loss: 0.02164699474169136
--> Epoch 698
elapsed time: 5.616915702819824
loss: 0.02158540408963711
--> Epoch 699
elapsed time: 5.61648964881897
loss: 0.021574306337693784
Evaluating model...
val mr: 239.5078125 mrr: 0.26751241087913513 hits@10: 0.46561163387510696 hits@5: 0.36729398346164815 hits@3: 0.2983746792130026 hits@1: 0.1722269746221842
--> Epoch 700
elapsed time: 5.096922397613525
loss: 0.021596864801555562
--> Epoch 701
elapsed time: 5.472232341766357
loss: 0.021587878491936264
--> Epoch 702
elapsed time: 5.574084043502808
loss: 0.021603719009785638
--> Epoch 703
elapsed time: 5.572024822235107
loss: 0.021616011384878085
--> Epoch 704
elapsed time: 5.574557304382324
loss: 0.02159999876772864
--> Epoch 705
elapsed time: 5.577171564102173
loss: 0.021575847915737335
--> Epoch 706
elapsed time: 5.580946922302246
loss: 0.02164842630101338
--> Epoch 707
elapsed time: 5.58428955078125
loss: 0.021609870384001327
--> Epoch 708
elapsed time: 5.581373691558838
loss: 0.021602486266368195
--> Epoch 709
elapsed time: 5.57690167427063
loss: 0.021601084236017063
--> Epoch 710
elapsed time: 5.587265729904175
loss: 0.021621111719076182
--> Epoch 711
elapsed time: 5.580491542816162
loss: 0.02159663121919529
--> Epoch 712
elapsed time: 5.585043668746948
loss: 0.021585980878822218
--> Epoch 713
elapsed time: 5.587623357772827
loss: 0.021594060229195366
--> Epoch 714
elapsed time: 5.591249942779541
loss: 0.021640377392535038
--> Epoch 715
elapsed time: 5.580777883529663
loss: 0.021614094859695277
--> Epoch 716
elapsed time: 5.576613426208496
loss: 0.02164483749196424
--> Epoch 717
elapsed time: 5.582144260406494
loss: 0.02165424776975826
--> Epoch 718
elapsed time: 5.578009128570557
loss: 0.02159433907400799
--> Epoch 719
elapsed time: 5.582314968109131
loss: 0.021659361489418532
--> Epoch 720
elapsed time: 5.586853742599487
loss: 0.021702940709825855
--> Epoch 721
elapsed time: 5.5867156982421875
loss: 0.021590851886883054
--> Epoch 722
elapsed time: 5.582072734832764
loss: 0.021607094820192817
--> Epoch 723
elapsed time: 5.572555065155029
loss: 0.02166257963383523
--> Epoch 724
elapsed time: 5.578328609466553
loss: 0.021558072107825656
--> Epoch 725
elapsed time: 5.569565296173096
loss: 0.021646085814664866
--> Epoch 726
elapsed time: 5.590013027191162
loss: 0.021662757322823002
--> Epoch 727
elapsed time: 5.5803937911987305
loss: 0.021578629456481504
--> Epoch 728
elapsed time: 5.585412263870239
loss: 0.02160173934741561
--> Epoch 729
elapsed time: 5.587446928024292
loss: 0.021576176275720824
--> Epoch 730
elapsed time: 5.588005781173706
loss: 0.02166136600574792
--> Epoch 731
elapsed time: 5.588052988052368
loss: 0.02162184331632681
--> Epoch 732
elapsed time: 5.578990459442139
loss: 0.021675050083411154
--> Epoch 733
elapsed time: 5.578638792037964
loss: 0.021657113339804527
--> Epoch 734
elapsed time: 5.585342645645142
loss: 0.021663253864068414
--> Epoch 735
elapsed time: 5.582314968109131
loss: 0.021666021908958454
--> Epoch 736
elapsed time: 5.590609550476074
loss: 0.0216468106236866
--> Epoch 737
elapsed time: 5.580785274505615
loss: 0.021604404701506992
--> Epoch 738
elapsed time: 5.599289894104004
loss: 0.021666866006121138
--> Epoch 739
elapsed time: 5.582919597625732
loss: 0.02166485032793888
--> Epoch 740
elapsed time: 5.588976621627808
loss: 0.02162410766201712
--> Epoch 741
elapsed time: 5.575922727584839
loss: 0.021652478291911553
--> Epoch 742
elapsed time: 5.577932357788086
loss: 0.021602485384984837
--> Epoch 743
elapsed time: 5.582119464874268
loss: 0.0216172841672811
--> Epoch 744
elapsed time: 5.591252326965332
loss: 0.021672652039049597
--> Epoch 745
elapsed time: 5.580303192138672
loss: 0.021636938208386455
--> Epoch 746
elapsed time: 5.584768295288086
loss: 0.021626939085905326
--> Epoch 747
elapsed time: 5.57352352142334
loss: 0.021589216284685166
--> Epoch 748
elapsed time: 5.582350492477417
loss: 0.02161321084620475
--> Epoch 749
elapsed time: 5.59030294418335
loss: 0.021683094071562516
--> Epoch 750
elapsed time: 5.586294412612915
loss: 0.02167408798250912
--> Epoch 751
elapsed time: 5.582822561264038
loss: 0.021685816326571992
--> Epoch 752
elapsed time: 5.580264568328857
loss: 0.021664686399395467
--> Epoch 753
elapsed time: 5.588375568389893
loss: 0.02163736293353456
--> Epoch 754
elapsed time: 5.580978631973267
loss: 0.021619837608465246
--> Epoch 755
elapsed time: 5.580519199371338
loss: 0.021601321575208193
--> Epoch 756
elapsed time: 5.593719959259033
loss: 0.02167635095092842
--> Epoch 757
elapsed time: 5.583671808242798
loss: 0.021699467838609543
--> Epoch 758
elapsed time: 5.586926221847534
loss: 0.021662569884298436
--> Epoch 759
elapsed time: 5.588665246963501
loss: 0.021691458786882438
--> Epoch 760
elapsed time: 5.5847907066345215
loss: 0.021699953635038346
--> Epoch 761
elapsed time: 5.581055402755737
loss: 0.021661631466850625
--> Epoch 762
elapsed time: 5.585821151733398
loss: 0.02169277863305409
--> Epoch 763
elapsed time: 5.579855918884277
loss: 0.021674492707439222
--> Epoch 764
elapsed time: 5.588325023651123
loss: 0.02159329658849051
--> Epoch 765
elapsed time: 5.592297077178955
loss: 0.021618487031277014
--> Epoch 766
elapsed time: 5.5790746212005615
loss: 0.02166597177874672
--> Epoch 767
elapsed time: 5.573808670043945
loss: 0.021686659225193486
--> Epoch 768
elapsed time: 5.592177391052246
loss: 0.021614543091320028
--> Epoch 769
elapsed time: 5.5826404094696045
loss: 0.021654088885951803
--> Epoch 770
elapsed time: 5.585078716278076
loss: 0.021603828513344726
--> Epoch 771
elapsed time: 5.580902814865112
loss: 0.021644551974571435
--> Epoch 772
elapsed time: 5.588030815124512
loss: 0.0216354983836861
--> Epoch 773
elapsed time: 5.586665868759155
loss: 0.021705562527434285
--> Epoch 774
elapsed time: 5.584428787231445
loss: 0.021678262596086073
--> Epoch 775
elapsed time: 5.582342863082886
loss: 0.02168656720036005
--> Epoch 776
elapsed time: 5.589790105819702
loss: 0.021617252097543074
--> Epoch 777
elapsed time: 5.584666967391968
loss: 0.021734208988265842
--> Epoch 778
elapsed time: 5.589716196060181
loss: 0.02167046817960542
--> Epoch 779
elapsed time: 5.581023931503296
loss: 0.02170856909603862
--> Epoch 780
elapsed time: 5.582944869995117
loss: 0.021638193389406098
--> Epoch 781
elapsed time: 5.589429616928101
loss: 0.021699390182252323
--> Epoch 782
elapsed time: 5.5834760665893555
loss: 0.021698252412710454
--> Epoch 783
elapsed time: 5.57982063293457
loss: 0.02169198562458564
--> Epoch 784
elapsed time: 5.5841898918151855
loss: 0.021710120211596323
--> Epoch 785
elapsed time: 5.58002781867981
loss: 0.021655143425219035
--> Epoch 786
elapsed time: 5.587369441986084
loss: 0.02167435946435381
--> Epoch 787
elapsed time: 5.592359304428101
loss: 0.02168054492690321
--> Epoch 788
elapsed time: 5.585290908813477
loss: 0.02170082942520462
--> Epoch 789
elapsed time: 5.585375785827637
loss: 0.02170971683414893
--> Epoch 790
elapsed time: 5.587579965591431
loss: 0.021687958964259693
--> Epoch 791
elapsed time: 5.583471059799194
loss: 0.0216925101650849
--> Epoch 792
elapsed time: 5.5832438468933105
loss: 0.021751141732844224
--> Epoch 793
elapsed time: 5.585380554199219
loss: 0.021691452662757512
--> Epoch 794
elapsed time: 5.588882684707642
loss: 0.021677537459392986
--> Epoch 795
elapsed time: 5.587908029556274
loss: 0.0216883434716924
--> Epoch 796
elapsed time: 5.5797343254089355
loss: 0.02167737147896108
--> Epoch 797
elapsed time: 5.591673851013184
loss: 0.021644951370899564
--> Epoch 798
elapsed time: 5.582608938217163
loss: 0.021704991534702754
--> Epoch 799
elapsed time: 5.5931572914123535
loss: 0.021618302429650373
Evaluating model...
val mr: 241.31631469726562 mrr: 0.2631222903728485 hits@10: 0.4665526090675791 hits@5: 0.36649558026803536 hits@3: 0.29406900484744797 hits@1: 0.1664385514684916
--> Epoch 800
elapsed time: 4.977352619171143
loss: 0.021657969778086483
--> Epoch 801
elapsed time: 5.424293756484985
loss: 0.021744126771153532
--> Epoch 802
elapsed time: 5.578029632568359
loss: 0.021701779158703582
--> Epoch 803
elapsed time: 5.580542325973511
loss: 0.021662357630364084
--> Epoch 804
elapsed time: 5.5886595249176025
loss: 0.021692688250081894
--> Epoch 805
elapsed time: 5.581354379653931
loss: 0.021661583306171482
--> Epoch 806
elapsed time: 5.575976848602295
loss: 0.021708084112655297
--> Epoch 807
elapsed time: 5.585797309875488
loss: 0.02169185864405316
--> Epoch 808
elapsed time: 5.584825277328491
loss: 0.021713431239450527
--> Epoch 809
elapsed time: 5.589991331100464
loss: 0.021673697939708563
--> Epoch 810
elapsed time: 5.59428071975708
loss: 0.021783325309503335
--> Epoch 811
elapsed time: 5.574492692947388
loss: 0.021738846852029703
--> Epoch 812
elapsed time: 5.578152894973755
loss: 0.021705198878823644
--> Epoch 813
elapsed time: 5.592374324798584
loss: 0.021806392489265747
--> Epoch 814
elapsed time: 5.584476709365845
loss: 0.02169707709588706
--> Epoch 815
elapsed time: 5.578783273696899
loss: 0.021653340398732606
--> Epoch 816
elapsed time: 5.587113618850708
loss: 0.0217308837198499
--> Epoch 817
elapsed time: 5.583724498748779
loss: 0.021737045623355055
--> Epoch 818
elapsed time: 5.5830042362213135
loss: 0.021654991284082884
--> Epoch 819
elapsed time: 5.588334798812866
loss: 0.021704409847969956
--> Epoch 820
elapsed time: 5.578933954238892
loss: 0.021750968696088693
--> Epoch 821
elapsed time: 5.596751689910889
loss: 0.021708588645927545
--> Epoch 822
elapsed time: 5.592768430709839
loss: 0.021673913678874526
--> Epoch 823
elapsed time: 5.590332984924316
loss: 0.021725010613955535
--> Epoch 824
elapsed time: 5.593400478363037
loss: 0.021710163686750415
--> Epoch 825
elapsed time: 5.586752891540527
loss: 0.021707791158699922
--> Epoch 826
elapsed time: 5.580631971359253
loss: 0.021673811052909237
--> Epoch 827
elapsed time: 5.408335447311401
loss: 0.021703085789381616
--> Epoch 828
elapsed time: 5.329997777938843
loss: 0.021688369021296276
--> Epoch 829
elapsed time: 5.3416829109191895
loss: 0.021732812847237708
--> Epoch 830
elapsed time: 5.338202953338623
loss: 0.021721010298756418
--> Epoch 831
elapsed time: 5.338425636291504
loss: 0.021700091730112864
--> Epoch 832
elapsed time: 5.339459419250488
loss: 0.02170161640241756
--> Epoch 833
elapsed time: 5.339928388595581
loss: 0.021748905943624275
--> Epoch 834
elapsed time: 5.335000276565552
loss: 0.021764420242743568
--> Epoch 835
elapsed time: 5.344832897186279
loss: 0.02168368737222951
--> Epoch 836
elapsed time: 5.336174011230469
loss: 0.021691283940049353
--> Epoch 837
elapsed time: 5.3401124477386475
loss: 0.02179932351787474
--> Epoch 838
elapsed time: 5.333873748779297
loss: 0.021727779449111768
--> Epoch 839
elapsed time: 5.3294997215271
loss: 0.021809232919735383
--> Epoch 840
elapsed time: 5.338466167449951
loss: 0.021761299951154448
--> Epoch 841
elapsed time: 5.334646224975586
loss: 0.021737841060446437
--> Epoch 842
elapsed time: 5.333206653594971
loss: 0.021787656895178507
--> Epoch 843
elapsed time: 5.33447790145874
loss: 0.02175868550177071
--> Epoch 844
elapsed time: 5.33566689491272
loss: 0.02168897774704817
--> Epoch 845
elapsed time: 5.331902503967285
loss: 0.02170408876684625
--> Epoch 846
elapsed time: 5.332871675491333
loss: 0.021693347205923957
--> Epoch 847
elapsed time: 5.330769300460815
loss: 0.02172428015742174
--> Epoch 848
elapsed time: 5.332011699676514
loss: 0.02172197616700283
--> Epoch 849
elapsed time: 5.337407112121582
loss: 0.021749013293664184
--> Epoch 850
elapsed time: 5.336320161819458
loss: 0.021725991574358738
--> Epoch 851
elapsed time: 5.330084800720215
loss: 0.021709920491529096
--> Epoch 852
elapsed time: 5.337090730667114
loss: 0.021677762517041455
--> Epoch 853
elapsed time: 5.335762023925781
loss: 0.021729827412559195
--> Epoch 854
elapsed time: 5.332977056503296
loss: 0.021773782401912523
--> Epoch 855
elapsed time: 5.33796501159668
loss: 0.02170966541427884
--> Epoch 856
elapsed time: 5.34038519859314
loss: 0.02172908817723688
--> Epoch 857
elapsed time: 5.333138465881348
loss: 0.02177489523163463
--> Epoch 858
elapsed time: 5.338268995285034
loss: 0.02177420554477599
--> Epoch 859
elapsed time: 5.332347393035889
loss: 0.021839842275626124
--> Epoch 860
elapsed time: 5.633119106292725
loss: 0.021809510173502106
--> Epoch 861
elapsed time: 5.612775802612305
loss: 0.02177258311076088
--> Epoch 862
elapsed time: 5.612932920455933
loss: 0.0217519838797491
--> Epoch 863
elapsed time: 5.615953683853149
loss: 0.021736593528012004
--> Epoch 864
elapsed time: 5.6140522956848145
loss: 0.021744717729058
--> Epoch 865
elapsed time: 5.613834381103516
loss: 0.0217410332680113
--> Epoch 866
elapsed time: 5.612430572509766
loss: 0.021785959667987905
--> Epoch 867
elapsed time: 5.617036819458008
loss: 0.021773550252895364
--> Epoch 868
elapsed time: 5.61316180229187
loss: 0.021799439063202853
--> Epoch 869
elapsed time: 5.614952564239502
loss: 0.02183763563689037
--> Epoch 870
elapsed time: 5.6073832511901855
loss: 0.021765126493651688
--> Epoch 871
elapsed time: 5.61229133605957
loss: 0.021803359423088555
--> Epoch 872
elapsed time: 5.617420673370361
loss: 0.021684760567736536
--> Epoch 873
elapsed time: 5.6101765632629395
loss: 0.021784658146880194
--> Epoch 874
elapsed time: 5.612584114074707
loss: 0.02172838039836397
--> Epoch 875
elapsed time: 5.615463733673096
loss: 0.021721786390972497
--> Epoch 876
elapsed time: 5.610126733779907
loss: 0.021783367006120432
--> Epoch 877
elapsed time: 5.607321500778198
loss: 0.021775983493014652
--> Epoch 878
elapsed time: 5.616065979003906
loss: 0.021678145508775146
--> Epoch 879
elapsed time: 5.611091613769531
loss: 0.02173321804702843
--> Epoch 880
elapsed time: 5.604678392410278
loss: 0.021814857019936826
--> Epoch 881
elapsed time: 5.604488372802734
loss: 0.021745626726174624
--> Epoch 882
elapsed time: 5.6189329624176025
loss: 0.02175154141303737
--> Epoch 883
elapsed time: 5.598607778549194
loss: 0.021771716491887846
--> Epoch 884
elapsed time: 5.600679636001587
loss: 0.021689995166583657
--> Epoch 885
elapsed time: 5.602667331695557
loss: 0.021743028301146383
--> Epoch 886
elapsed time: 5.6079933643341064
loss: 0.021805851826284813
--> Epoch 887
elapsed time: 5.6048383712768555
loss: 0.021715908235084416
--> Epoch 888
elapsed time: 5.602859735488892
loss: 0.021789977349768466
--> Epoch 889
elapsed time: 5.607073545455933
loss: 0.02174347607017629
--> Epoch 890
elapsed time: 5.608515977859497
loss: 0.021802444629518355
--> Epoch 891
elapsed time: 5.620117902755737
loss: 0.021810378875804195
--> Epoch 892
elapsed time: 5.604586601257324
loss: 0.02176977176418982
--> Epoch 893
elapsed time: 5.605734586715698
loss: 0.021750450232403525
--> Epoch 894
elapsed time: 5.607048988342285
loss: 0.021724418620469428
--> Epoch 895
elapsed time: 5.607898712158203
loss: 0.021823486358782423
--> Epoch 896
elapsed time: 5.607334136962891
loss: 0.02178435437100907
--> Epoch 897
elapsed time: 5.604095697402954
loss: 0.021785483551005767
--> Epoch 898
elapsed time: 5.603997468948364
loss: 0.021719578926925488
--> Epoch 899
elapsed time: 5.600572109222412
loss: 0.021752736682767927
Evaluating model...
val mr: 241.00531005859375 mrr: 0.26361697912216187 hits@10: 0.46558311947533504 hits@5: 0.36535500427715994 hits@3: 0.29241516966067865 hits@1: 0.16846307385229542
--> Epoch 900
elapsed time: 4.67078709602356
loss: 0.02170944278875781
--> Epoch 901
elapsed time: 4.6860246658325195
loss: 0.02177268275088672
--> Epoch 902
elapsed time: 5.176651954650879
loss: 0.021757856230422336
--> Epoch 903
elapsed time: 5.599186658859253
loss: 0.02170404747324739
--> Epoch 904
elapsed time: 5.605719566345215
loss: 0.021745502027075803
--> Epoch 905
elapsed time: 5.604586839675903
loss: 0.02173367973770999
--> Epoch 906
elapsed time: 5.603309869766235
loss: 0.02175653703959338
--> Epoch 907
elapsed time: 5.608874559402466
loss: 0.021778648402033723
--> Epoch 908
elapsed time: 5.608628034591675
loss: 0.02180621471616982
--> Epoch 909
elapsed time: 5.604007244110107
loss: 0.021801445144294346
--> Epoch 910
elapsed time: 5.6043665409088135
loss: 0.021792222121038308
--> Epoch 911
elapsed time: 5.604973316192627
loss: 0.021803734715421696
--> Epoch 912
elapsed time: 5.601953983306885
loss: 0.021770265458023783
--> Epoch 913
elapsed time: 5.6053149700164795
loss: 0.021827908981020227
--> Epoch 914
elapsed time: 5.60107946395874
loss: 0.02173787426389228
--> Epoch 915
elapsed time: 5.602447986602783
loss: 0.021846842325642102
--> Epoch 916
elapsed time: 5.611069679260254
loss: 0.021851648205956083
--> Epoch 917
elapsed time: 5.608044385910034
loss: 0.02173350951332084
--> Epoch 918
elapsed time: 5.613783836364746
loss: 0.02174481763377407
--> Epoch 919
elapsed time: 5.598630905151367
loss: 0.021856199210528934
--> Epoch 920
elapsed time: 5.600661039352417
loss: 0.02180156471104355
--> Epoch 921
elapsed time: 5.608014822006226
loss: 0.021767701629482678
--> Epoch 922
elapsed time: 5.598857402801514
loss: 0.021803947990919663
--> Epoch 923
elapsed time: 5.6847734451293945
loss: 0.02178406824733666
--> Epoch 924
elapsed time: 5.614774942398071
loss: 0.021760514377496317
--> Epoch 925
elapsed time: 5.604853630065918
loss: 0.021755600917597255
--> Epoch 926
elapsed time: 5.602690935134888
loss: 0.02182222438252488
--> Epoch 927
elapsed time: 5.6032280921936035
loss: 0.021768159190103453
--> Epoch 928
elapsed time: 5.601581573486328
loss: 0.02182503654389368
--> Epoch 929
elapsed time: 5.613048553466797
loss: 0.02182882265139613
--> Epoch 930
elapsed time: 5.602514266967773
loss: 0.021832492764993647
--> Epoch 931
elapsed time: 5.599735975265503
loss: 0.021855699902475722
--> Epoch 932
elapsed time: 5.5993971824646
loss: 0.021845562760266963
--> Epoch 933
elapsed time: 5.602715253829956
loss: 0.02183719013352385
--> Epoch 934
elapsed time: 5.610595226287842
loss: 0.021788777517170583
--> Epoch 935
elapsed time: 5.605337381362915
loss: 0.021786608597437168
--> Epoch 936
elapsed time: 5.6080992221832275
loss: 0.02180920617159032
--> Epoch 937
elapsed time: 5.605752944946289
loss: 0.021854693991739237
--> Epoch 938
elapsed time: 5.605532169342041
loss: 0.021827289722474365
--> Epoch 939
elapsed time: 5.602882146835327
loss: 0.021820972038403167
--> Epoch 940
elapsed time: 5.6068665981292725
loss: 0.02174444148458912
--> Epoch 941
elapsed time: 5.611506462097168
loss: 0.021789373500537224
--> Epoch 942
elapsed time: 5.601242542266846
loss: 0.021859371629898434
--> Epoch 943
elapsed time: 5.599630117416382
loss: 0.021826830959807895
--> Epoch 944
elapsed time: 5.601538896560669
loss: 0.021777572634219002
--> Epoch 945
elapsed time: 5.60667872428894
loss: 0.02177101107154774
--> Epoch 946
elapsed time: 5.606485605239868
loss: 0.021803468416741963
--> Epoch 947
elapsed time: 5.61062479019165
loss: 0.021793297615501528
--> Epoch 948
elapsed time: 5.60474419593811
loss: 0.021773238537565
--> Epoch 949
elapsed time: 5.610686302185059
loss: 0.021814228131007387
--> Epoch 950
elapsed time: 5.610094785690308
loss: 0.021854219248523606
--> Epoch 951
elapsed time: 5.60618257522583
loss: 0.021918265613344406
--> Epoch 952
elapsed time: 5.616011619567871
loss: 0.02180756672845342
--> Epoch 953
elapsed time: 5.604151964187622
loss: 0.02179070373406583
--> Epoch 954
elapsed time: 5.6053407192230225
loss: 0.021762962292736134
--> Epoch 955
elapsed time: 5.603259325027466
loss: 0.02187558772044146
--> Epoch 956
elapsed time: 5.602413892745972
loss: 0.02180115903463996
--> Epoch 957
elapsed time: 5.603188753128052
loss: 0.021881479978463274
--> Epoch 958
elapsed time: 5.603683233261108
loss: 0.02184350662956738
--> Epoch 959
elapsed time: 5.604111194610596
loss: 0.021825119662024117
--> Epoch 960
elapsed time: 5.6035661697387695
loss: 0.021828107591911183
--> Epoch 961
elapsed time: 5.6025071144104
loss: 0.021774418858823526
--> Epoch 962
elapsed time: 5.6094114780426025
loss: 0.021836530680041884
--> Epoch 963
elapsed time: 5.609535217285156
loss: 0.021817082320169132
--> Epoch 964
elapsed time: 5.600769758224487
loss: 0.021847628533615892
--> Epoch 965
elapsed time: 5.610885381698608
loss: 0.021813140950767588
--> Epoch 966
elapsed time: 5.603776931762695
loss: 0.021885380180428193
--> Epoch 967
elapsed time: 5.605883598327637
loss: 0.021841300274696645
--> Epoch 968
elapsed time: 5.605279922485352
loss: 0.02185787997880525
--> Epoch 969
elapsed time: 5.606483221054077
loss: 0.02183460616283224
--> Epoch 970
elapsed time: 5.607293605804443
loss: 0.021857808129415127
--> Epoch 971
elapsed time: 5.610692739486694
loss: 0.02181437858822821
--> Epoch 972
elapsed time: 5.606534957885742
loss: 0.021807216913881777
--> Epoch 973
elapsed time: 5.60694146156311
loss: 0.021831027388937163
--> Epoch 974
elapsed time: 5.616182327270508
loss: 0.021845523325808747
--> Epoch 975
elapsed time: 5.6080543994903564
loss: 0.021794791162532676
--> Epoch 976
elapsed time: 5.606992244720459
loss: 0.021860015928142493
--> Epoch 977
elapsed time: 5.601948261260986
loss: 0.021869759179602676
--> Epoch 978
elapsed time: 5.609072208404541
loss: 0.021892189807832408
--> Epoch 979
elapsed time: 5.609941720962524
loss: 0.021853576390631672
--> Epoch 980
elapsed time: 5.608671188354492
loss: 0.02183458500087037
--> Epoch 981
elapsed time: 5.606424570083618
loss: 0.02179930427813463
--> Epoch 982
elapsed time: 5.607518672943115
loss: 0.021867260047754137
--> Epoch 983
elapsed time: 5.605491399765015
loss: 0.021842666296244564
--> Epoch 984
elapsed time: 5.6093690395355225
loss: 0.021838132989429014
--> Epoch 985
elapsed time: 5.608818531036377
loss: 0.021854520665861927
--> Epoch 986
elapsed time: 5.601492404937744
loss: 0.021894769226170212
--> Epoch 987
elapsed time: 5.606270790100098
loss: 0.021864418919887725
--> Epoch 988
elapsed time: 5.602689027786255
loss: 0.021831528414198508
--> Epoch 989
elapsed time: 5.62109112739563
loss: 0.021856324321407255
--> Epoch 990
elapsed time: 5.608822345733643
loss: 0.021885893907772968
--> Epoch 991
elapsed time: 5.608600378036499
loss: 0.02188650293316016
--> Epoch 992
elapsed time: 5.60523796081543
loss: 0.021849886452041476
--> Epoch 993
elapsed time: 5.613723278045654
loss: 0.021860121669613968
--> Epoch 994
elapsed time: 5.6039042472839355
loss: 0.021891757307936868
--> Epoch 995
elapsed time: 5.6171629428863525
loss: 0.02182037848891622
--> Epoch 996
elapsed time: 5.602820634841919
loss: 0.021847142193988596
--> Epoch 997
elapsed time: 5.6072609424591064
loss: 0.021848025187667763
--> Epoch 998
elapsed time: 5.606659412384033
loss: 0.021819605710210938
--> Epoch 999
elapsed time: 5.60116171836853
loss: 0.02183662525089922
Evaluating model...
val mr: 243.77194213867188 mrr: 0.26148825883865356 hits@10: 0.46104932991160535 hits@5: 0.3608497291132022 hits@3: 0.2900769888793841 hits@1: 0.16695181066438552
--> Epoch 1000
elapsed time: 4.692553281784058
loss: 0.021840444223662648
Start testing...
test mr: 260.1569519042969 mrr: 0.25897306203842163 hits@10: 0.460690901983778 hits@5: 0.35976741913417376 hits@3: 0.2884295905404085 hits@1: 0.16380826737027265
{'epoch': [1, 100, 200, 300, 400, 500, 600, 700, 800, 900, 1000], 'val_mrr': [0.04817946255207062, 0.24772736430168152, 0.2678138017654419, 0.2708311080932617, 0.27190500497817993, 0.26785385608673096, 0.26608040928840637, 0.26751241087913513, 0.2631222903728485, 0.26361697912216187, 0.26148825883865356], 'val_mr': [7307.73681640625, 336.8654479980469, 256.1537170410156, 240.8113250732422, 238.74082946777344, 237.50547790527344, 237.38800048828125, 239.5078125, 241.31631469726562, 241.00531005859375, 243.77194213867188], 'val_hits10': [0.047961220416310235, 0.4278870829769033, 0.4583974907328201, 0.46387225548902195, 0.46909039064727687, 0.4688337610493299, 0.46632449386940406, 0.46561163387510696, 0.4665526090675791, 0.46558311947533504, 0.46104932991160535], 'val_hits5': [0.047961220416310235, 0.33552894211576845, 0.36295979469632167, 0.36689478186484176, 0.37216994582264046, 0.3676931850584545, 0.36666666666666664, 0.36729398346164815, 0.36649558026803536, 0.36535500427715994, 0.3608497291132022], 'val_hits3': [0.047961220416310235, 0.2745366410037069, 0.2934416880524665, 0.2998289136013687, 0.3007984031936128, 0.2962075848303393, 0.2968634160250927, 0.2983746792130026, 0.29406900484744797, 0.29241516966067865, 0.2900769888793841], 'val_hits1': [0.047961220416310235, 0.15996578272027373, 0.17639007698887937, 0.17735956658112348, 0.17798688337610494, 0.17336755061305958, 0.1707157114342743, 0.1722269746221842, 0.1664385514684916, 0.16846307385229542, 0.16695181066438552]}
