Using CUDA
Load processed dataset...
Model type: DistMultLit
14923 237
torch.Size([14923, 121]) torch.Size([14923, 300])
Start training...
--> Epoch 1
elapsed time: 22.14111304283142
loss: 0.2256001141185146
--> Epoch 2
elapsed time: 21.80984330177307
loss: 0.07082740638338499
--> Epoch 3
elapsed time: 21.720627546310425
loss: 0.052882500104991646
--> Epoch 4
elapsed time: 21.73257565498352
loss: 0.046557295163313625
--> Epoch 5
elapsed time: 21.734590530395508
loss: 0.04359901666304803
--> Epoch 6
elapsed time: 21.699500560760498
loss: 0.04151008940833644
--> Epoch 7
elapsed time: 21.709226608276367
loss: 0.039815758163090145
--> Epoch 8
elapsed time: 21.71291470527649
loss: 0.03973300839833011
--> Epoch 9
elapsed time: 21.692734003067017
loss: 0.037915934343329044
--> Epoch 10
elapsed time: 21.71261978149414
loss: 0.03714699093830664
--> Epoch 11
elapsed time: 21.704796314239502
loss: 0.03742268951723627
--> Epoch 12
elapsed time: 21.721700429916382
loss: 0.035938318244068554
--> Epoch 13
elapsed time: 21.71121382713318
loss: 0.03612855960100693
--> Epoch 14
elapsed time: 21.73333501815796
loss: 0.03550365597346091
--> Epoch 15
elapsed time: 21.701334953308105
loss: 0.03458228262591676
--> Epoch 16
elapsed time: 21.69348669052124
loss: 0.03424252346438388
--> Epoch 17
elapsed time: 21.707476377487183
loss: 0.03414350238331679
--> Epoch 18
elapsed time: 21.701667547225952
loss: 0.03393931258977973
--> Epoch 19
elapsed time: 21.707037925720215
loss: 0.033118572543433894
--> Epoch 20
elapsed time: 21.67150068283081
loss: 0.03281692619262892
--> Epoch 21
elapsed time: 21.633008241653442
loss: 0.03284982149073064
--> Epoch 22
elapsed time: 21.602808237075806
loss: 0.032223317221942535
--> Epoch 23
elapsed time: 21.61327075958252
loss: 0.03216859452279244
--> Epoch 24
elapsed time: 21.579392910003662
loss: 0.03179596243066992
--> Epoch 25
elapsed time: 21.589997053146362
loss: 0.031885418149021474
--> Epoch 26
elapsed time: 21.601885080337524
loss: 0.03174051575481836
--> Epoch 27
elapsed time: 21.60814595222473
loss: 0.031100989073192524
--> Epoch 28
elapsed time: 21.615830183029175
loss: 0.031074177408950125
--> Epoch 29
elapsed time: 21.59887671470642
loss: 0.03078896288084513
--> Epoch 30
elapsed time: 21.586586952209473
loss: 0.03056716765097482
--> Epoch 31
elapsed time: 21.60325527191162
loss: 0.030386254795925972
--> Epoch 32
elapsed time: 21.604737997055054
loss: 0.030233926000467808
--> Epoch 33
elapsed time: 21.575302362442017
loss: 0.03002578433101904
--> Epoch 34
elapsed time: 21.605650901794434
loss: 0.029923769145124606
--> Epoch 35
elapsed time: 21.57823157310486
loss: 0.02974142699816938
--> Epoch 36
elapsed time: 21.575291872024536
loss: 0.029595793658553825
--> Epoch 37
elapsed time: 21.56385564804077
loss: 0.029559928356115255
--> Epoch 38
elapsed time: 21.579838275909424
loss: 0.029340217052937004
--> Epoch 39
elapsed time: 21.57263731956482
loss: 0.02921233576944103
--> Epoch 40
elapsed time: 21.58921456336975
loss: 0.029149610529936715
--> Epoch 41
elapsed time: 21.567262887954712
loss: 0.028983004874815272
--> Epoch 42
elapsed time: 21.570775270462036
loss: 0.02896138906534954
--> Epoch 43
elapsed time: 21.557571411132812
loss: 0.028788479752943748
--> Epoch 44
elapsed time: 21.57456135749817
loss: 0.02861409426359276
--> Epoch 45
elapsed time: 21.537446975708008
loss: 0.028506839383298906
--> Epoch 46
elapsed time: 21.520020484924316
loss: 0.02853579664478466
--> Epoch 47
elapsed time: 21.513038873672485
loss: 0.02836107699724435
--> Epoch 48
elapsed time: 21.505229949951172
loss: 0.02829205535828843
--> Epoch 49
elapsed time: 21.503952980041504
loss: 0.028154390708999822
--> Epoch 50
elapsed time: 21.49243187904358
loss: 0.028083079162483943
--> Epoch 51
elapsed time: 21.505152702331543
loss: 0.028034824352301414
--> Epoch 52
elapsed time: 21.495718002319336
loss: 0.027941934112547032
--> Epoch 53
elapsed time: 21.49984097480774
loss: 0.027897395500221123
--> Epoch 54
elapsed time: 21.489324808120728
loss: 0.027799421774183146
--> Epoch 55
elapsed time: 21.48338294029236
loss: 0.02777362687413354
--> Epoch 56
elapsed time: 21.481019735336304
loss: 0.027637745959023654
--> Epoch 57
elapsed time: 21.487988233566284
loss: 0.027580590701380768
--> Epoch 58
elapsed time: 21.478785037994385
loss: 0.027473617791919248
--> Epoch 59
elapsed time: 21.485896587371826
loss: 0.02741746544515537
--> Epoch 60
elapsed time: 21.465726852416992
loss: 0.027395330204760704
--> Epoch 61
elapsed time: 21.48493003845215
loss: 0.027320395736330428
--> Epoch 62
elapsed time: 21.48639941215515
loss: 0.027215312670492275
--> Epoch 63
elapsed time: 21.489370346069336
loss: 0.027222386259070457
--> Epoch 64
elapsed time: 21.479825258255005
loss: 0.02713454213003897
--> Epoch 65
elapsed time: 21.47592854499817
loss: 0.027072968977737404
--> Epoch 66
elapsed time: 21.466485023498535
loss: 0.026978238169471834
--> Epoch 67
elapsed time: 21.484105348587036
loss: 0.02695865916160066
--> Epoch 68
elapsed time: 21.47085952758789
loss: 0.026957732189870732
--> Epoch 69
elapsed time: 21.467170238494873
loss: 0.026911918697694732
--> Epoch 70
elapsed time: 21.46535348892212
loss: 0.026842641270073762
--> Epoch 71
elapsed time: 21.469284772872925
loss: 0.02676023128648356
--> Epoch 72
elapsed time: 21.46669054031372
loss: 0.026726124627710172
--> Epoch 73
elapsed time: 21.473912000656128
loss: 0.026748778294992694
--> Epoch 74
elapsed time: 21.46245241165161
loss: 0.026730302341023034
--> Epoch 75
elapsed time: 21.4792697429657
loss: 0.02662411671892327
--> Epoch 76
elapsed time: 21.477786540985107
loss: 0.026613644253276815
--> Epoch 77
elapsed time: 21.46808362007141
loss: 0.026567570623343324
--> Epoch 78
elapsed time: 21.449722290039062
loss: 0.026510387801005383
--> Epoch 79
elapsed time: 21.476882934570312
loss: 0.026452521890794344
--> Epoch 80
elapsed time: 21.485249280929565
loss: 0.026426665157233895
--> Epoch 81
elapsed time: 21.47645854949951
loss: 0.026364130224692632
--> Epoch 82
elapsed time: 21.45817279815674
loss: 0.026300393461984838
--> Epoch 83
elapsed time: 21.483407497406006
loss: 0.02634725431619897
--> Epoch 84
elapsed time: 21.463369607925415
loss: 0.02625579895979093
--> Epoch 85
elapsed time: 21.468058824539185
loss: 0.02620395527572589
--> Epoch 86
elapsed time: 21.465716123580933
loss: 0.02624276641367296
--> Epoch 87
elapsed time: 21.472713708877563
loss: 0.02616607584935365
--> Epoch 88
elapsed time: 21.449388027191162
loss: 0.02613772983511214
--> Epoch 89
elapsed time: 21.46664547920227
loss: 0.026159034763320033
--> Epoch 90
elapsed time: 21.472278594970703
loss: 0.026044886610063312
--> Epoch 91
elapsed time: 21.463226556777954
loss: 0.02599788849134268
--> Epoch 92
elapsed time: 21.387644290924072
loss: 0.025971983190580347
--> Epoch 93
elapsed time: 21.47028636932373
loss: 0.025988555205801917
--> Epoch 94
elapsed time: 21.47696614265442
loss: 0.025909282417787432
--> Epoch 95
elapsed time: 21.476186513900757
loss: 0.025921610873525475
--> Epoch 96
elapsed time: 21.4808931350708
loss: 0.025937630850138355
--> Epoch 97
elapsed time: 21.469608306884766
loss: 0.025891134583742575
--> Epoch 98
elapsed time: 21.469613075256348
loss: 0.025879134477474502
--> Epoch 99
elapsed time: 21.47781467437744
loss: 0.025848623897848776
--> Epoch 100
elapsed time: 21.47704553604126
loss: 0.025769556941760675
Evaluating model...
val mr: 195.00120544433594 mrr: 0.2382146716117859 hits@10: 0.4111 hits@5: 0.3142 hits@3: 0.2559 hits@1: 0.1554
--> Epoch 101
elapsed time: 21.481292009353638
loss: 0.025787355732225296
--> Epoch 102
elapsed time: 21.43577551841736
loss: 0.025704701715836744
--> Epoch 103
elapsed time: 21.042659759521484
loss: 0.025722771406397994
--> Epoch 104
elapsed time: 21.077183961868286
loss: 0.025694681913263375
--> Epoch 105
elapsed time: 21.465016841888428
loss: 0.02570694874751321
--> Epoch 106
elapsed time: 21.484468460083008
loss: 0.025628361248201843
--> Epoch 107
elapsed time: 21.476985216140747
loss: 0.025643624395118046
--> Epoch 108
elapsed time: 21.46665859222412
loss: 0.025614878241593055
--> Epoch 109
elapsed time: 21.482206106185913
loss: 0.025559400493035535
--> Epoch 110
elapsed time: 21.480183124542236
loss: 0.025524799728648684
--> Epoch 111
elapsed time: 21.46852159500122
loss: 0.02560464074959591
--> Epoch 112
elapsed time: 21.46976327896118
loss: 0.025496677752244283
--> Epoch 113
elapsed time: 21.467959880828857
loss: 0.0254637710487265
--> Epoch 114
elapsed time: 21.47970676422119
loss: 0.025494951346533432
--> Epoch 115
elapsed time: 21.469804286956787
loss: 0.025433735459384106
--> Epoch 116
elapsed time: 21.454843521118164
loss: 0.02543283161038738
--> Epoch 117
elapsed time: 21.46677827835083
loss: 0.025371720017348387
--> Epoch 118
elapsed time: 21.471996307373047
loss: 0.02546657302249521
--> Epoch 119
elapsed time: 21.477130651474
loss: 0.025365313443224718
--> Epoch 120
elapsed time: 21.46623158454895
loss: 0.025403082206046257
--> Epoch 121
elapsed time: 21.473592519760132
loss: 0.02532609749273489
--> Epoch 122
elapsed time: 21.46246910095215
loss: 0.025367105766948617
--> Epoch 123
elapsed time: 21.47745990753174
loss: 0.025383453856477285
--> Epoch 124
elapsed time: 21.469125747680664
loss: 0.02531675771509603
--> Epoch 125
elapsed time: 21.4671049118042
loss: 0.025295277551054842
--> Epoch 126
elapsed time: 21.46783423423767
loss: 0.02524006597151032
--> Epoch 127
elapsed time: 21.46922278404236
loss: 0.025185142401062646
--> Epoch 128
elapsed time: 21.47968316078186
loss: 0.025178181897649088
--> Epoch 129
elapsed time: 21.48737931251526
loss: 0.02522092833869713
--> Epoch 130
elapsed time: 21.47462511062622
loss: 0.025220666870979465
--> Epoch 131
elapsed time: 21.487163066864014
loss: 0.025146532998273984
--> Epoch 132
elapsed time: 21.474804878234863
loss: 0.025206958974938513
--> Epoch 133
elapsed time: 21.48212218284607
loss: 0.025170712532897883
--> Epoch 134
elapsed time: 21.48005485534668
loss: 0.025141959000634675
--> Epoch 135
elapsed time: 21.46846628189087
loss: 0.025104149441854188
--> Epoch 136
elapsed time: 21.47212243080139
loss: 0.025122789886840535
--> Epoch 137
elapsed time: 21.479636192321777
loss: 0.02510545699772191
--> Epoch 138
elapsed time: 21.466971397399902
loss: 0.025085796448748178
--> Epoch 139
elapsed time: 21.476145029067993
loss: 0.02501527628636203
--> Epoch 140
elapsed time: 21.470866680145264
loss: 0.025024876741452366
--> Epoch 141
elapsed time: 21.47192072868347
loss: 0.02502074349857341
--> Epoch 142
elapsed time: 21.456364631652832
loss: 0.025069325471950496
--> Epoch 143
elapsed time: 21.49067735671997
loss: 0.024999214742798797
--> Epoch 144
elapsed time: 21.887613534927368
loss: 0.02506376604916684
--> Epoch 145
elapsed time: 23.10493302345276
loss: 0.025051850268331656
--> Epoch 146
elapsed time: 23.109593391418457
loss: 0.025015576394767213
--> Epoch 147
elapsed time: 23.08617615699768
loss: 0.024997665305899655
--> Epoch 148
elapsed time: 23.214611053466797
loss: 0.024938412567886224
--> Epoch 149
elapsed time: 23.126959323883057
loss: 0.02491470082353727
--> Epoch 150
elapsed time: 23.15322995185852
loss: 0.02491346448274401
--> Epoch 151
elapsed time: 23.20456886291504
loss: 0.02489350579489769
--> Epoch 152
elapsed time: 23.13216781616211
loss: 0.024896026577586737
--> Epoch 153
elapsed time: 23.135660886764526
loss: 0.024919983244878666
--> Epoch 154
elapsed time: 23.09465003013611
loss: 0.02485631282598145
--> Epoch 155
elapsed time: 23.156338930130005
loss: 0.02489172001934399
--> Epoch 156
elapsed time: 23.13723349571228
loss: 0.024829040506639127
--> Epoch 157
elapsed time: 23.135682582855225
loss: 0.024834390142660936
--> Epoch 158
elapsed time: 23.167686700820923
loss: 0.02481965283466361
--> Epoch 159
elapsed time: 23.125293493270874
loss: 0.024764805653694096
--> Epoch 160
elapsed time: 23.146825313568115
loss: 0.02477966821450225
--> Epoch 161
elapsed time: 23.1048481464386
loss: 0.02481732603866933
--> Epoch 162
elapsed time: 22.969430923461914
loss: 0.024796515836372535
--> Epoch 163
elapsed time: 21.505908727645874
loss: 0.02479659642074485
--> Epoch 164
elapsed time: 21.51686978340149
loss: 0.02476518899763068
--> Epoch 165
elapsed time: 21.50537657737732
loss: 0.02480199896429971
--> Epoch 166
elapsed time: 21.514244079589844
loss: 0.02468229502068021
--> Epoch 167
elapsed time: 21.5048189163208
loss: 0.024709239321728416
--> Epoch 168
elapsed time: 21.518145322799683
loss: 0.0247278422772576
--> Epoch 169
elapsed time: 21.491329193115234
loss: 0.024726397628604187
--> Epoch 170
elapsed time: 21.500945329666138
loss: 0.0247663942762315
--> Epoch 171
elapsed time: 21.508382081985474
loss: 0.024685847710534187
--> Epoch 172
elapsed time: 21.514179468154907
loss: 0.0247011831676831
--> Epoch 173
elapsed time: 21.507558822631836
loss: 0.02465694732368273
--> Epoch 174
elapsed time: 21.50864601135254
loss: 0.024641007127157943
--> Epoch 175
elapsed time: 21.500074863433838
loss: 0.024662459291945285
--> Epoch 176
elapsed time: 21.5095636844635
loss: 0.02469735928335396
--> Epoch 177
elapsed time: 21.496144771575928
loss: 0.024629390517272483
--> Epoch 178
elapsed time: 21.499837160110474
loss: 0.024620649738628014
--> Epoch 179
elapsed time: 21.511824369430542
loss: 0.02468220245965729
--> Epoch 180
elapsed time: 21.50403594970703
loss: 0.024663628102652553
--> Epoch 181
elapsed time: 21.509754180908203
loss: 0.024592214193009367
--> Epoch 182
elapsed time: 21.492154121398926
loss: 0.0245774435729265
--> Epoch 183
elapsed time: 21.49839472770691
loss: 0.02462889844777723
--> Epoch 184
elapsed time: 21.48805332183838
loss: 0.02463161795350144
--> Epoch 185
elapsed time: 21.50221872329712
loss: 0.02456480240833053
--> Epoch 186
elapsed time: 21.50468683242798
loss: 0.024542274374097783
--> Epoch 187
elapsed time: 21.505377292633057
loss: 0.024583414424760995
--> Epoch 188
elapsed time: 21.506118774414062
loss: 0.024604641460057485
--> Epoch 189
elapsed time: 21.508898973464966
loss: 0.02458567502939073
--> Epoch 190
elapsed time: 21.51048254966736
loss: 0.02454484373274998
--> Epoch 191
elapsed time: 21.525943756103516
loss: 0.024550280669530605
--> Epoch 192
elapsed time: 21.51848840713501
loss: 0.024503689359169127
--> Epoch 193
elapsed time: 21.509703636169434
loss: 0.02456096624596323
--> Epoch 194
elapsed time: 21.511121034622192
loss: 0.024510146780176087
--> Epoch 195
elapsed time: 21.518396377563477
loss: 0.024545209449019393
--> Epoch 196
elapsed time: 21.513378143310547
loss: 0.024519154656527743
--> Epoch 197
elapsed time: 21.515602350234985
loss: 0.02446244730283826
--> Epoch 198
elapsed time: 21.509565353393555
loss: 0.024508130656921517
--> Epoch 199
elapsed time: 21.528632402420044
loss: 0.024502128425736756
--> Epoch 200
elapsed time: 21.514477014541626
loss: 0.024404164228451666
Evaluating model...
val mr: 193.68739318847656 mrr: 0.2529281675815582 hits@10: 0.4358 hits@5: 0.3396 hits@3: 0.2769 hits@1: 0.1642
--> Epoch 201
elapsed time: 21.50970435142517
loss: 0.024466497399550726
--> Epoch 202
elapsed time: 21.276986598968506
loss: 0.024487412453174366
--> Epoch 203
elapsed time: 21.06245756149292
loss: 0.02445842068456639
--> Epoch 204
elapsed time: 21.299532651901245
loss: 0.024395879615634428
--> Epoch 205
elapsed time: 21.47461175918579
loss: 0.024400897828734155
--> Epoch 206
elapsed time: 21.47263264656067
loss: 0.024405126485304237
--> Epoch 207
elapsed time: 21.46629524230957
loss: 0.02440592598937529
--> Epoch 208
elapsed time: 21.468089818954468
loss: 0.02440711386459735
--> Epoch 209
elapsed time: 21.47291660308838
loss: 0.02441785024585919
--> Epoch 210
elapsed time: 21.459076642990112
loss: 0.02441914378545358
--> Epoch 211
elapsed time: 21.46703791618347
loss: 0.024354500704824308
--> Epoch 212
elapsed time: 21.483808755874634
loss: 0.024378266001535493
--> Epoch 213
elapsed time: 21.46730899810791
loss: 0.024416599412179732
--> Epoch 214
elapsed time: 21.4672269821167
loss: 0.024396554525741854
--> Epoch 215
elapsed time: 21.47562074661255
loss: 0.02441433344390296
--> Epoch 216
elapsed time: 21.461148262023926
loss: 0.024386656154315088
--> Epoch 217
elapsed time: 21.46090841293335
loss: 0.02436038807230745
--> Epoch 218
elapsed time: 21.46820044517517
loss: 0.024371936566854352
--> Epoch 219
elapsed time: 21.46539855003357
loss: 0.02438236328817883
--> Epoch 220
elapsed time: 21.47860050201416
loss: 0.02439353289301678
--> Epoch 221
elapsed time: 21.46141743659973
loss: 0.024396834884501242
--> Epoch 222
elapsed time: 21.47883415222168
loss: 0.02433884315550159
--> Epoch 223
elapsed time: 21.47370719909668
loss: 0.024318973443568145
--> Epoch 224
elapsed time: 21.473634719848633
loss: 0.02432747901901813
--> Epoch 225
elapsed time: 21.475082874298096
loss: 0.024299907549753128
--> Epoch 226
elapsed time: 21.47274422645569
loss: 0.02427657638603746
--> Epoch 227
elapsed time: 21.475147247314453
loss: 0.024319794885849236
--> Epoch 228
elapsed time: 21.47408699989319
loss: 0.024309304615558035
--> Epoch 229
elapsed time: 21.46912908554077
loss: 0.024285734705591918
--> Epoch 230
elapsed time: 21.48022961616516
loss: 0.024302254076118416
--> Epoch 231
elapsed time: 21.474281549453735
loss: 0.02428836066377466
--> Epoch 232
elapsed time: 21.483258724212646
loss: 0.02426903829265908
--> Epoch 233
elapsed time: 21.468425273895264
loss: 0.024271044860876962
--> Epoch 234
elapsed time: 21.467346668243408
loss: 0.024253659977149202
--> Epoch 235
elapsed time: 21.465803146362305
loss: 0.024310609551807225
--> Epoch 236
elapsed time: 21.467504739761353
loss: 0.02429250736395817
--> Epoch 237
elapsed time: 21.465622186660767
loss: 0.024288326980211435
--> Epoch 238
elapsed time: 21.461797952651978
loss: 0.02428376711449417
--> Epoch 239
elapsed time: 21.463738203048706
loss: 0.024277304901074714
--> Epoch 240
elapsed time: 21.458123445510864
loss: 0.024215775299274125
--> Epoch 241
elapsed time: 21.480523347854614
loss: 0.024271216201451402
--> Epoch 242
elapsed time: 21.565136671066284
loss: 0.02422386303242657
--> Epoch 243
elapsed time: 21.46725034713745
loss: 0.024205066933036413
--> Epoch 244
elapsed time: 21.457655429840088
loss: 0.024229823714183505
--> Epoch 245
elapsed time: 21.48116374015808
loss: 0.024245693025057427
--> Epoch 246
elapsed time: 21.484327793121338
loss: 0.02423065346214475
--> Epoch 247
elapsed time: 21.477694272994995
loss: 0.0241670892192778
--> Epoch 248
elapsed time: 21.479995012283325
loss: 0.02422459527275412
--> Epoch 249
elapsed time: 21.48480772972107
loss: 0.024184158236587372
--> Epoch 250
elapsed time: 21.475042581558228
loss: 0.02414805019100881
--> Epoch 251
elapsed time: 21.483372926712036
loss: 0.02416054791615801
--> Epoch 252
elapsed time: 21.4766526222229
loss: 0.02416395830377754
--> Epoch 253
elapsed time: 21.473818063735962
loss: 0.02418364491050858
--> Epoch 254
elapsed time: 21.47368574142456
loss: 0.024149302755914426
--> Epoch 255
elapsed time: 21.478139638900757
loss: 0.024168427567490967
--> Epoch 256
elapsed time: 21.47398042678833
loss: 0.02422543362077406
--> Epoch 257
elapsed time: 21.47598171234131
loss: 0.024166134763456467
--> Epoch 258
elapsed time: 21.473880290985107
loss: 0.024161407284207313
--> Epoch 259
elapsed time: 21.474369287490845
loss: 0.024144120086843072
--> Epoch 260
elapsed time: 21.47326159477234
loss: 0.02414260942380269
--> Epoch 261
elapsed time: 21.48084282875061
loss: 0.024153068738788898
--> Epoch 262
elapsed time: 21.467304706573486
loss: 0.024171489114791632
--> Epoch 263
elapsed time: 21.472559690475464
loss: 0.024152397396268982
--> Epoch 264
elapsed time: 21.472036123275757
loss: 0.02414286110168174
--> Epoch 265
elapsed time: 21.47634482383728
loss: 0.024103702535731884
--> Epoch 266
elapsed time: 21.480428218841553
loss: 0.024077110399026862
--> Epoch 267
elapsed time: 21.48325204849243
loss: 0.02407278230208781
--> Epoch 268
elapsed time: 21.488054752349854
loss: 0.024092461547603163
--> Epoch 269
elapsed time: 21.474881887435913
loss: 0.024080091114887514
--> Epoch 270
elapsed time: 21.47402834892273
loss: 0.0240971008499669
--> Epoch 271
elapsed time: 21.47992205619812
loss: 0.024054903508998936
--> Epoch 272
elapsed time: 21.474493503570557
loss: 0.024073035977535504
--> Epoch 273
elapsed time: 21.46888780593872
loss: 0.024110445609055144
--> Epoch 274
elapsed time: 21.475802898406982
loss: 0.024013844715573267
--> Epoch 275
elapsed time: 21.464133739471436
loss: 0.024072594350153055
--> Epoch 276
elapsed time: 21.46363067626953
loss: 0.024094178873137945
--> Epoch 277
elapsed time: 21.461559295654297
loss: 0.0240882537778912
--> Epoch 278
elapsed time: 21.468263864517212
loss: 0.02400588334616018
--> Epoch 279
elapsed time: 21.489246606826782
loss: 0.02404124724309846
--> Epoch 280
elapsed time: 21.48867106437683
loss: 0.023993162476823
--> Epoch 281
elapsed time: 21.490836143493652
loss: 0.02405416735764225
--> Epoch 282
elapsed time: 21.45599341392517
loss: 0.024081623738917222
--> Epoch 283
elapsed time: 21.481972455978394
loss: 0.024007842973267145
--> Epoch 284
elapsed time: 21.4895601272583
loss: 0.02407086082328521
--> Epoch 285
elapsed time: 21.480199337005615
loss: 0.023982826066628337
--> Epoch 286
elapsed time: 21.483590602874756
loss: 0.02404233892487672
--> Epoch 287
elapsed time: 21.46135187149048
loss: 0.02402085038506525
--> Epoch 288
elapsed time: 21.479909420013428
loss: 0.02404130059920833
--> Epoch 289
elapsed time: 21.47695231437683
loss: 0.02406622226913359
--> Epoch 290
elapsed time: 21.46155047416687
loss: 0.024018955386312976
--> Epoch 291
elapsed time: 21.486425399780273
loss: 0.023990258760224616
--> Epoch 292
elapsed time: 21.47389554977417
loss: 0.02395077782174045
--> Epoch 293
elapsed time: 21.471362829208374
loss: 0.02408972967798039
--> Epoch 294
elapsed time: 21.47834277153015
loss: 0.024017414782522204
--> Epoch 295
elapsed time: 21.464496612548828
loss: 0.023994486340911232
--> Epoch 296
elapsed time: 21.472242832183838
loss: 0.023975725186706598
--> Epoch 297
elapsed time: 21.48996615409851
loss: 0.0239933610298896
--> Epoch 298
elapsed time: 21.47714591026306
loss: 0.024028836916834256
--> Epoch 299
elapsed time: 21.48137354850769
loss: 0.02394098234963047
--> Epoch 300
elapsed time: 21.478907108306885
loss: 0.023928911177229454
Evaluating model...
val mr: 192.1551055908203 mrr: 0.24616992473602295 hits@10: 0.4309 hits@5: 0.3282 hits@3: 0.2649 hits@1: 0.1598
--> Epoch 301
elapsed time: 21.458404779434204
loss: 0.02404318538057221
--> Epoch 302
elapsed time: 21.46730327606201
loss: 0.02398862015992151
--> Epoch 303
elapsed time: 21.325509071350098
loss: 0.02399188574484128
--> Epoch 304
elapsed time: 21.05211353302002
loss: 0.023928892904733108
--> Epoch 305
elapsed time: 21.184774160385132
loss: 0.023904806402488238
--> Epoch 306
elapsed time: 21.476653814315796
loss: 0.023955407321999796
--> Epoch 307
elapsed time: 21.470383644104004
loss: 0.023936315316107626
--> Epoch 308
elapsed time: 21.465153217315674
loss: 0.02394156110659592
--> Epoch 309
elapsed time: 21.467154264450073
loss: 0.02393489396891724
--> Epoch 310
elapsed time: 21.47454857826233
loss: 0.023902339519107554
--> Epoch 311
elapsed time: 21.475706100463867
loss: 0.023907892207982173
--> Epoch 312
elapsed time: 21.458463191986084
loss: 0.023935460288389495
--> Epoch 313
elapsed time: 21.464831352233887
loss: 0.023954086443751015
--> Epoch 314
elapsed time: 21.47834038734436
loss: 0.023934291209587486
--> Epoch 315
elapsed time: 21.46142554283142
loss: 0.02393304724824507
--> Epoch 316
elapsed time: 21.473647117614746
loss: 0.023887751779938685
--> Epoch 317
elapsed time: 21.45958161354065
loss: 0.023880975741476018
--> Epoch 318
elapsed time: 21.46023201942444
loss: 0.023875887909604487
--> Epoch 319
elapsed time: 21.471237182617188
loss: 0.02390621353364843
--> Epoch 320
elapsed time: 21.459176301956177
loss: 0.023899216800647754
--> Epoch 321
elapsed time: 21.464760541915894
loss: 0.023910554782999985
--> Epoch 322
elapsed time: 21.455573320388794
loss: 0.023887311710309334
--> Epoch 323
elapsed time: 21.45729351043701
loss: 0.02388666676373159
--> Epoch 324
elapsed time: 21.476771116256714
loss: 0.023868577083465858
--> Epoch 325
elapsed time: 21.461642265319824
loss: 0.023830620260069872
--> Epoch 326
elapsed time: 21.464252948760986
loss: 0.023861076469031125
--> Epoch 327
elapsed time: 21.457481861114502
loss: 0.02387634123327703
--> Epoch 328
elapsed time: 21.459633827209473
loss: 0.023847603877815343
--> Epoch 329
elapsed time: 21.4523868560791
loss: 0.02388972482930515
--> Epoch 330
elapsed time: 21.454127550125122
loss: 0.0238759968244065
--> Epoch 331
elapsed time: 21.451951503753662
loss: 0.023847088662807603
--> Epoch 332
elapsed time: 21.47500705718994
loss: 0.02381913259674498
--> Epoch 333
elapsed time: 21.45293092727661
loss: 0.023836744928194573
--> Epoch 334
elapsed time: 21.462018251419067
loss: 0.023854329312957914
--> Epoch 335
elapsed time: 21.47723412513733
loss: 0.02389443542909925
--> Epoch 336
elapsed time: 21.45016312599182
loss: 0.023823836250607404
--> Epoch 337
elapsed time: 21.479694604873657
loss: 0.023791265836018833
--> Epoch 338
elapsed time: 21.461318731307983
loss: 0.02383381921731405
--> Epoch 339
elapsed time: 21.458826303482056
loss: 0.02383133660921317
--> Epoch 340
elapsed time: 21.47607922554016
loss: 0.02380375235901334
--> Epoch 341
elapsed time: 21.465052843093872
loss: 0.02386051130604598
--> Epoch 342
elapsed time: 21.464879512786865
loss: 0.023817982699858728
--> Epoch 343
elapsed time: 21.470024824142456
loss: 0.02381139529320505
--> Epoch 344
elapsed time: 21.468691110610962
loss: 0.02374019186421598
--> Epoch 345
elapsed time: 21.48137092590332
loss: 0.023833918904750725
--> Epoch 346
elapsed time: 21.484129190444946
loss: 0.02379871950934265
--> Epoch 347
elapsed time: 21.465688705444336
loss: 0.023833493335016585
--> Epoch 348
elapsed time: 21.466179370880127
loss: 0.023882957858752777
--> Epoch 349
elapsed time: 21.464695692062378
loss: 0.023799007909191965
--> Epoch 350
elapsed time: 21.47213625907898
loss: 0.02377839414849667
--> Epoch 351
elapsed time: 21.46064829826355
loss: 0.02383783279181312
--> Epoch 352
elapsed time: 21.472572565078735
loss: 0.023802884844738924
--> Epoch 353
elapsed time: 21.471981525421143
loss: 0.023795639121815603
--> Epoch 354
elapsed time: 21.47486686706543
loss: 0.023829199596258233
--> Epoch 355
elapsed time: 21.464750289916992
loss: 0.023815261881696876
--> Epoch 356
elapsed time: 21.463077068328857
loss: 0.023825108693073298
--> Epoch 357
elapsed time: 21.46122717857361
loss: 0.02375882753431236
--> Epoch 358
elapsed time: 21.469325065612793
loss: 0.023739030262278367
--> Epoch 359
elapsed time: 21.460082530975342
loss: 0.023744473780522007
--> Epoch 360
elapsed time: 21.47715449333191
loss: 0.023722431467371175
--> Epoch 361
elapsed time: 21.478363275527954
loss: 0.02378925777312897
--> Epoch 362
elapsed time: 21.472872972488403
loss: 0.023762135907502972
--> Epoch 363
elapsed time: 21.476534128189087
loss: 0.023780448192262695
--> Epoch 364
elapsed time: 21.45914888381958
loss: 0.023731141835661395
--> Epoch 365
elapsed time: 21.470171213150024
loss: 0.02375480815985521
--> Epoch 366
elapsed time: 21.470256567001343
loss: 0.023716394189370205
--> Epoch 367
elapsed time: 21.465968370437622
loss: 0.023771658972578574
--> Epoch 368
elapsed time: 21.466856002807617
loss: 0.023716754932745044
--> Epoch 369
elapsed time: 21.47362494468689
loss: 0.02369054909077099
--> Epoch 370
elapsed time: 21.471547842025757
loss: 0.023731744733419154
--> Epoch 371
elapsed time: 21.420971393585205
loss: 0.02372975696512583
--> Epoch 372
elapsed time: 21.477168083190918
loss: 0.023716951947333333
--> Epoch 373
elapsed time: 21.46905541419983
loss: 0.02371532294061648
--> Epoch 374
elapsed time: 21.470786571502686
loss: 0.023701651656153847
--> Epoch 375
elapsed time: 21.471184492111206
loss: 0.023650364673443256
--> Epoch 376
elapsed time: 21.46423649787903
loss: 0.023718718512935225
--> Epoch 377
elapsed time: 21.467491626739502
loss: 0.023701277304780673
--> Epoch 378
elapsed time: 21.46661639213562
loss: 0.023724807545486646
--> Epoch 379
elapsed time: 21.47235417366028
loss: 0.02367701551939167
--> Epoch 380
elapsed time: 21.469870805740356
loss: 0.023704739708036382
--> Epoch 381
elapsed time: 21.472396850585938
loss: 0.02371742511352109
--> Epoch 382
elapsed time: 21.474152326583862
loss: 0.023726398556345157
--> Epoch 383
elapsed time: 21.475526809692383
loss: 0.023708629727657964
--> Epoch 384
elapsed time: 21.47077488899231
loss: 0.023655681703537563
--> Epoch 385
elapsed time: 21.471230030059814
loss: 0.02368853739546025
--> Epoch 386
elapsed time: 21.463274717330933
loss: 0.023722869248557852
--> Epoch 387
elapsed time: 21.48062515258789
loss: 0.023667928216907066
--> Epoch 388
elapsed time: 21.484851837158203
loss: 0.023697610303184836
--> Epoch 389
elapsed time: 21.474972009658813
loss: 0.023682442268572208
--> Epoch 390
elapsed time: 21.556960344314575
loss: 0.023647468339087596
--> Epoch 391
elapsed time: 21.475318431854248
loss: 0.023599995801318174
--> Epoch 392
elapsed time: 21.473044872283936
loss: 0.023664374614129173
--> Epoch 393
elapsed time: 21.456919193267822
loss: 0.023667060665835328
--> Epoch 394
elapsed time: 21.46326780319214
loss: 0.02370774255835943
--> Epoch 395
elapsed time: 21.477277040481567
loss: 0.02374582841943315
--> Epoch 396
elapsed time: 21.462334156036377
loss: 0.023700714796459126
--> Epoch 397
elapsed time: 21.465198278427124
loss: 0.023636553914882837
--> Epoch 398
elapsed time: 21.456299781799316
loss: 0.023696362975764027
--> Epoch 399
elapsed time: 21.448588371276855
loss: 0.023644198189548243
--> Epoch 400
elapsed time: 21.47394108772278
loss: 0.023648773376967473
Evaluating model...
val mr: 197.9752960205078 mrr: 0.259705126285553 hits@10: 0.4448 hits@5: 0.3482 hits@3: 0.2849 hits@1: 0.1716
--> Epoch 401
elapsed time: 21.442662239074707
loss: 0.0236120703765949
--> Epoch 402
elapsed time: 21.471333026885986
loss: 0.023690382582910872
--> Epoch 403
elapsed time: 21.46635937690735
loss: 0.023664000883053635
--> Epoch 404
elapsed time: 21.446243047714233
loss: 0.02362787465083913
--> Epoch 405
elapsed time: 20.955814361572266
loss: 0.02361546492384552
--> Epoch 406
elapsed time: 21.089219331741333
loss: 0.023621715037528905
--> Epoch 407
elapsed time: 21.495473384857178
loss: 0.023636526949458378
--> Epoch 408
elapsed time: 21.501277923583984
loss: 0.02360837329582067
--> Epoch 409
elapsed time: 21.517374753952026
loss: 0.023630818884788206
--> Epoch 410
elapsed time: 21.52900266647339
loss: 0.023580839550814758
--> Epoch 411
elapsed time: 21.51478910446167
loss: 0.023610319442843784
--> Epoch 412
elapsed time: 21.507094383239746
loss: 0.02360787033431954
--> Epoch 413
elapsed time: 21.50642204284668
loss: 0.02360688158339862
--> Epoch 414
elapsed time: 21.51155996322632
loss: 0.023603536959593854
--> Epoch 415
elapsed time: 21.52000856399536
loss: 0.023634325788266124
--> Epoch 416
elapsed time: 21.521787405014038
loss: 0.023555887114827857
--> Epoch 417
elapsed time: 21.513225317001343
loss: 0.023627152321255666
--> Epoch 418
elapsed time: 21.516666173934937
loss: 0.023604611390439387
--> Epoch 419
elapsed time: 21.523533582687378
loss: 0.02361074044445384
--> Epoch 420
elapsed time: 21.51126790046692
loss: 0.02356071866915569
--> Epoch 421
elapsed time: 21.51869225502014
loss: 0.023574013958631658
--> Epoch 422
elapsed time: 21.523128509521484
loss: 0.02354917000113572
--> Epoch 423
elapsed time: 21.50956439971924
loss: 0.023548188763876512
--> Epoch 424
elapsed time: 21.520099878311157
loss: 0.023548460461248345
--> Epoch 425
elapsed time: 21.51722550392151
loss: 0.023549554706573037
--> Epoch 426
elapsed time: 21.511502027511597
loss: 0.023525122171118927
--> Epoch 427
elapsed time: 21.497748374938965
loss: 0.02359603649234839
--> Epoch 428
elapsed time: 21.505972146987915
loss: 0.023511771298419273
--> Epoch 429
elapsed time: 21.50720739364624
loss: 0.02352963693208663
--> Epoch 430
elapsed time: 21.5171480178833
loss: 0.02350445885845545
--> Epoch 431
elapsed time: 21.505703449249268
loss: 0.02353560842699805
--> Epoch 432
elapsed time: 21.499157667160034
loss: 0.023520736128918876
--> Epoch 433
elapsed time: 21.506055116653442
loss: 0.023561695038655517
--> Epoch 434
elapsed time: 21.497717142105103
loss: 0.023578013742898054
--> Epoch 435
elapsed time: 21.516189575195312
loss: 0.023530735109467498
--> Epoch 436
elapsed time: 21.49203634262085
loss: 0.02354754425536207
--> Epoch 437
elapsed time: 21.487120151519775
loss: 0.023596940530588462
--> Epoch 438
elapsed time: 21.502597332000732
loss: 0.023527518636700353
--> Epoch 439
elapsed time: 21.50056481361389
loss: 0.023560063326459726
--> Epoch 440
elapsed time: 21.49105429649353
loss: 0.023573074910372693
--> Epoch 441
elapsed time: 21.511844396591187
loss: 0.023536431451563776
--> Epoch 442
elapsed time: 21.498929023742676
loss: 0.02353855568884065
--> Epoch 443
elapsed time: 21.49867033958435
loss: 0.023486593697896456
--> Epoch 444
elapsed time: 21.489381074905396
loss: 0.02349821182523319
--> Epoch 445
elapsed time: 21.493720293045044
loss: 0.023492129318072676
--> Epoch 446
elapsed time: 21.501790523529053
loss: 0.023504427677109797
--> Epoch 447
elapsed time: 21.496052742004395
loss: 0.02350805142083094
--> Epoch 448
elapsed time: 21.513023138046265
loss: 0.023522785124443436
--> Epoch 449
elapsed time: 21.49824810028076
loss: 0.023486330490191366
--> Epoch 450
elapsed time: 21.496387720108032
loss: 0.023521400853178463
--> Epoch 451
elapsed time: 21.51591467857361
loss: 0.023554871219752648
--> Epoch 452
elapsed time: 21.505136251449585
loss: 0.023502842227902932
--> Epoch 453
elapsed time: 21.487777948379517
loss: 0.023493028395683947
--> Epoch 454
elapsed time: 21.4885094165802
loss: 0.023493100751475243
--> Epoch 455
elapsed time: 21.49986219406128
loss: 0.023493386871643148
--> Epoch 456
elapsed time: 21.497230529785156
loss: 0.02349937279110289
--> Epoch 457
elapsed time: 21.50685954093933
loss: 0.023516847164153715
--> Epoch 458
elapsed time: 21.51407742500305
loss: 0.023469986090907932
--> Epoch 459
elapsed time: 21.504952669143677
loss: 0.02349981999765952
--> Epoch 460
elapsed time: 21.487363576889038
loss: 0.02349318173185678
--> Epoch 461
elapsed time: 21.494612216949463
loss: 0.023449411202197578
--> Epoch 462
elapsed time: 21.510318994522095
loss: 0.023481172380700834
--> Epoch 463
elapsed time: 21.500739812850952
loss: 0.023473961608219795
--> Epoch 464
elapsed time: 21.47521686553955
loss: 0.023492173147181914
--> Epoch 465
elapsed time: 21.478228330612183
loss: 0.023444292523660756
--> Epoch 466
elapsed time: 21.49774694442749
loss: 0.02343380560367767
--> Epoch 467
elapsed time: 21.4911789894104
loss: 0.023459999404167747
--> Epoch 468
elapsed time: 21.50500202178955
loss: 0.023443120040230782
--> Epoch 469
elapsed time: 21.496853351593018
loss: 0.023457534649774698
--> Epoch 470
elapsed time: 21.498038291931152
loss: 0.02341962393166485
--> Epoch 471
elapsed time: 21.50035071372986
loss: 0.02345333829073556
--> Epoch 472
elapsed time: 21.500300645828247
loss: 0.02342431262829398
--> Epoch 473
elapsed time: 21.49439024925232
loss: 0.023436201736330986
--> Epoch 474
elapsed time: 21.506519317626953
loss: 0.023400034242058183
--> Epoch 475
elapsed time: 21.49126172065735
loss: 0.02343865969373388
--> Epoch 476
elapsed time: 21.492201566696167
loss: 0.023413701039000378
--> Epoch 477
elapsed time: 21.485697746276855
loss: 0.023426208932474886
--> Epoch 478
elapsed time: 21.510085344314575
loss: 0.023467143703171472
--> Epoch 479
elapsed time: 21.50653648376465
loss: 0.023441968932537572
--> Epoch 480
elapsed time: 21.491119146347046
loss: 0.023419593049954494
--> Epoch 481
elapsed time: 21.50457763671875
loss: 0.023467088319704652
--> Epoch 482
elapsed time: 21.494348287582397
loss: 0.023433949232367784
--> Epoch 483
elapsed time: 21.495598793029785
loss: 0.023363684315448198
--> Epoch 484
elapsed time: 21.489320993423462
loss: 0.02341073950855999
--> Epoch 485
elapsed time: 21.500518321990967
loss: 0.023394708434927608
--> Epoch 486
elapsed time: 21.49876356124878
loss: 0.02342157778509753
--> Epoch 487
elapsed time: 21.508620977401733
loss: 0.02341437607877454
--> Epoch 488
elapsed time: 21.511587619781494
loss: 0.023415486620053973
--> Epoch 489
elapsed time: 21.502104997634888
loss: 0.023412729185057046
--> Epoch 490
elapsed time: 21.498125314712524
loss: 0.02338701904499912
--> Epoch 491
elapsed time: 21.5789954662323
loss: 0.02342666011839853
--> Epoch 492
elapsed time: 21.493802309036255
loss: 0.023448120779861623
--> Epoch 493
elapsed time: 21.509675979614258
loss: 0.023435120811635103
--> Epoch 494
elapsed time: 21.510191679000854
loss: 0.023377342209191895
--> Epoch 495
elapsed time: 21.505492448806763
loss: 0.023345381058296952
--> Epoch 496
elapsed time: 21.517067670822144
loss: 0.023353362445450568
--> Epoch 497
elapsed time: 21.487004280090332
loss: 0.023402429799972452
--> Epoch 498
elapsed time: 21.511131763458252
loss: 0.02342987376127676
--> Epoch 499
elapsed time: 21.497565746307373
loss: 0.023401565579934044
--> Epoch 500
elapsed time: 21.502774715423584
loss: 0.0233504945729436
Evaluating model...
val mr: 199.76519775390625 mrr: 0.25899171829223633 hits@10: 0.447 hits@5: 0.3481 hits@3: 0.2829 hits@1: 0.1698
--> Epoch 501
elapsed time: 21.48770833015442
loss: 0.023375135493357003
--> Epoch 502
elapsed time: 21.49310302734375
loss: 0.023343898990276505
--> Epoch 503
elapsed time: 21.50642490386963
loss: 0.02338245990821918
--> Epoch 504
elapsed time: 21.5006206035614
loss: 0.023397636754913142
--> Epoch 505
elapsed time: 21.41267490386963
loss: 0.023344320167111878
--> Epoch 506
elapsed time: 21.06116533279419
loss: 0.023360772515705813
--> Epoch 507
elapsed time: 21.172359228134155
loss: 0.02340197136322508
--> Epoch 508
elapsed time: 21.487646341323853
loss: 0.02339941720361712
--> Epoch 509
elapsed time: 21.50423812866211
loss: 0.023375871742839872
--> Epoch 510
elapsed time: 21.503025770187378
loss: 0.02338747354618581
--> Epoch 511
elapsed time: 21.49761152267456
loss: 0.02335482653535321
--> Epoch 512
elapsed time: 21.492406606674194
loss: 0.023351571329029125
--> Epoch 513
elapsed time: 21.493470668792725
loss: 0.023422420119493498
--> Epoch 514
elapsed time: 21.510818004608154
loss: 0.023302084535907038
--> Epoch 515
elapsed time: 21.497974157333374
loss: 0.023383920274583775
--> Epoch 516
elapsed time: 21.51034379005432
loss: 0.023328932661033978
--> Epoch 517
elapsed time: 21.49917459487915
loss: 0.02329495813091297
--> Epoch 518
elapsed time: 21.510037899017334
loss: 0.023356210266924197
--> Epoch 519
elapsed time: 21.50167679786682
loss: 0.02330380334735253
--> Epoch 520
elapsed time: 21.501569032669067
loss: 0.02330699642929174
--> Epoch 521
elapsed time: 21.514147996902466
loss: 0.023332395814254052
--> Epoch 522
elapsed time: 21.49828863143921
loss: 0.023323610940157863
--> Epoch 523
elapsed time: 21.51199722290039
loss: 0.02330820606399401
--> Epoch 524
elapsed time: 21.50733780860901
loss: 0.02328518332838171
--> Epoch 525
elapsed time: 21.500211238861084
loss: 0.02328611606152015
--> Epoch 526
elapsed time: 21.516989946365356
loss: 0.02331430225274749
--> Epoch 527
elapsed time: 21.497196674346924
loss: 0.023301066361150424
--> Epoch 528
elapsed time: 21.507630586624146
loss: 0.02332621331476481
--> Epoch 529
elapsed time: 21.49802851676941
loss: 0.02330384430627103
--> Epoch 530
elapsed time: 21.51523733139038
loss: 0.023346567230328904
--> Epoch 531
elapsed time: 21.499322414398193
loss: 0.023287910633384902
--> Epoch 532
elapsed time: 21.506399393081665
loss: 0.023306338703531423
--> Epoch 533
elapsed time: 21.520223140716553
loss: 0.023313362945155052
--> Epoch 534
elapsed time: 21.516486167907715
loss: 0.023307537528583718
--> Epoch 535
elapsed time: 21.5068781375885
loss: 0.023337754796794417
--> Epoch 536
elapsed time: 21.49964427947998
loss: 0.023281695268634682
--> Epoch 537
elapsed time: 21.513317108154297
loss: 0.023290469147342056
--> Epoch 538
elapsed time: 21.510061025619507
loss: 0.023253794351236954
--> Epoch 539
elapsed time: 21.512629747390747
loss: 0.02329701734557818
--> Epoch 540
elapsed time: 21.523545503616333
loss: 0.02325151778182833
--> Epoch 541
elapsed time: 21.509819507598877
loss: 0.02327509887116985
--> Epoch 542
elapsed time: 21.512192487716675
loss: 0.02323571123315945
--> Epoch 543
elapsed time: 21.514305353164673
loss: 0.023242368158706492
--> Epoch 544
elapsed time: 21.4990496635437
loss: 0.023319321299919742
--> Epoch 545
elapsed time: 21.508506536483765
loss: 0.02328511925549128
--> Epoch 546
elapsed time: 21.51071524620056
loss: 0.023232924912268558
--> Epoch 547
elapsed time: 21.50339698791504
loss: 0.023244679461278
--> Epoch 548
elapsed time: 21.509311199188232
loss: 0.02326568631369442
--> Epoch 549
elapsed time: 21.494959831237793
loss: 0.023214237039044905
--> Epoch 550
elapsed time: 21.51372241973877
loss: 0.02326483062537683
--> Epoch 551
elapsed time: 21.50248670578003
loss: 0.023271959222439652
--> Epoch 552
elapsed time: 21.526004552841187
loss: 0.023262019129864246
--> Epoch 553
elapsed time: 21.51659083366394
loss: 0.023275980992226924
--> Epoch 554
elapsed time: 21.509520053863525
loss: 0.023251312282830058
--> Epoch 555
elapsed time: 21.513753175735474
loss: 0.023254751020154073
--> Epoch 556
elapsed time: 21.50386142730713
loss: 0.023215041659695297
--> Epoch 557
elapsed time: 21.508967876434326
loss: 0.023230943513415606
--> Epoch 558
elapsed time: 21.505103588104248
loss: 0.023252856743330115
--> Epoch 559
elapsed time: 21.50891876220703
loss: 0.023209629971130994
--> Epoch 560
elapsed time: 21.513171195983887
loss: 0.02322901843022818
--> Epoch 561
elapsed time: 21.520161867141724
loss: 0.02324905265946211
--> Epoch 562
elapsed time: 21.520427227020264
loss: 0.02322891563429433
--> Epoch 563
elapsed time: 21.513622283935547
loss: 0.023232416322530158
--> Epoch 564
elapsed time: 21.506401300430298
loss: 0.023174868491833096
--> Epoch 565
elapsed time: 21.519639015197754
loss: 0.023222529181294135
--> Epoch 566
elapsed time: 21.51587200164795
loss: 0.02319064168285785
--> Epoch 567
elapsed time: 21.519651174545288
loss: 0.023169261355194863
--> Epoch 568
elapsed time: 21.51124095916748
loss: 0.02321922264621713
--> Epoch 569
elapsed time: 21.52175521850586
loss: 0.023208800174106658
--> Epoch 570
elapsed time: 21.522711038589478
loss: 0.023209705528288882
--> Epoch 571
elapsed time: 21.5145206451416
loss: 0.023187410957263194
--> Epoch 572
elapsed time: 21.503560543060303
loss: 0.023193669157595086
--> Epoch 573
elapsed time: 21.5064218044281
loss: 0.02323245500001499
--> Epoch 574
elapsed time: 21.512174129486084
loss: 0.0232019989347385
--> Epoch 575
elapsed time: 21.503545999526978
loss: 0.023179421465938536
--> Epoch 576
elapsed time: 21.51668930053711
loss: 0.02319201000511422
--> Epoch 577
elapsed time: 21.50792121887207
loss: 0.02321086322620637
--> Epoch 578
elapsed time: 21.51852512359619
loss: 0.023215080861103837
--> Epoch 579
elapsed time: 21.51333785057068
loss: 0.023240038241949264
--> Epoch 580
elapsed time: 21.507378816604614
loss: 0.023159334264338183
--> Epoch 581
elapsed time: 21.51178288459778
loss: 0.02322215870064828
--> Epoch 582
elapsed time: 21.510199308395386
loss: 0.023210418763678253
--> Epoch 583
elapsed time: 21.51811671257019
loss: 0.023168633882086006
--> Epoch 584
elapsed time: 21.522114515304565
loss: 0.023178434342860838
--> Epoch 585
elapsed time: 21.503398180007935
loss: 0.0231703019815717
--> Epoch 586
elapsed time: 21.497366189956665
loss: 0.023190192969363473
--> Epoch 587
elapsed time: 21.508863925933838
loss: 0.02315933588342014
--> Epoch 588
elapsed time: 21.513222694396973
loss: 0.023171888384004302
--> Epoch 589
elapsed time: 21.50667691230774
loss: 0.023172749241468824
--> Epoch 590
elapsed time: 21.525842428207397
loss: 0.02319022856813944
--> Epoch 591
elapsed time: 21.511810779571533
loss: 0.023166785363602053
--> Epoch 592
elapsed time: 21.507107734680176
loss: 0.023155095367600416
--> Epoch 593
elapsed time: 21.514108896255493
loss: 0.023191156826023213
--> Epoch 594
elapsed time: 21.517860174179077
loss: 0.023171204912387753
--> Epoch 595
elapsed time: 21.50945782661438
loss: 0.023149023875103508
--> Epoch 596
elapsed time: 21.519566297531128
loss: 0.023168112513165036
--> Epoch 597
elapsed time: 21.510963201522827
loss: 0.02317547515693523
--> Epoch 598
elapsed time: 21.531179428100586
loss: 0.023217910944518343
--> Epoch 599
elapsed time: 21.51244568824768
loss: 0.023144417040239274
--> Epoch 600
elapsed time: 21.52284288406372
loss: 0.023152609684295174
Evaluating model...
val mr: 192.72850036621094 mrr: 0.2577401399612427 hits@10: 0.4434 hits@5: 0.3534 hits@3: 0.2828 hits@1: 0.1664
--> Epoch 601
elapsed time: 21.50416660308838
loss: 0.02314231261744156
--> Epoch 602
elapsed time: 21.507959604263306
loss: 0.023132944977224602
--> Epoch 603
elapsed time: 21.511762857437134
loss: 0.02317588331277709
--> Epoch 604
elapsed time: 21.516279458999634
loss: 0.02314929635398027
--> Epoch 605
elapsed time: 21.50981378555298
loss: 0.023128108884560985
--> Epoch 606
elapsed time: 21.292022705078125
loss: 0.02310091724421265
--> Epoch 607
elapsed time: 21.057251691818237
loss: 0.023132742194218785
--> Epoch 608
elapsed time: 21.275622606277466
loss: 0.023139618712136573
--> Epoch 609
elapsed time: 21.502372980117798
loss: 0.023102412643375425
--> Epoch 610
elapsed time: 21.503081798553467
loss: 0.023188954748402536
--> Epoch 611
elapsed time: 21.48828625679016
loss: 0.023166366310497555
--> Epoch 612
elapsed time: 21.509116411209106
loss: 0.023110434286794008
--> Epoch 613
elapsed time: 21.491328716278076
loss: 0.023156696886721357
--> Epoch 614
elapsed time: 21.51922369003296
loss: 0.02311169646631292
--> Epoch 615
elapsed time: 21.513059377670288
loss: 0.023113223267605253
--> Epoch 616
elapsed time: 21.51635217666626
loss: 0.023146019551135523
--> Epoch 617
elapsed time: 21.507155895233154
loss: 0.023114679934963345
--> Epoch 618
elapsed time: 21.52666926383972
loss: 0.023114696131039652
--> Epoch 619
elapsed time: 21.50541043281555
loss: 0.023080712017845905
--> Epoch 620
elapsed time: 21.52643918991089
loss: 0.02308567958557146
--> Epoch 621
elapsed time: 21.513423442840576
loss: 0.02316878040900291
--> Epoch 622
elapsed time: 21.51501965522766
loss: 0.023122388773150076
--> Epoch 623
elapsed time: 21.502392530441284
loss: 0.023074358417840914
--> Epoch 624
elapsed time: 21.520546436309814
loss: 0.023125159921280527
--> Epoch 625
elapsed time: 21.509519815444946
loss: 0.02309631897260979
--> Epoch 626
elapsed time: 21.517117023468018
loss: 0.022984645708778617
--> Epoch 627
elapsed time: 21.50801134109497
loss: 0.023088481193119247
--> Epoch 628
elapsed time: 21.506301403045654
loss: 0.023125467105284122
--> Epoch 629
elapsed time: 21.497355222702026
loss: 0.023075509276714173
--> Epoch 630
elapsed time: 21.520039081573486
loss: 0.023109031241888272
--> Epoch 631
elapsed time: 21.516300201416016
loss: 0.023070766955880433
--> Epoch 632
elapsed time: 21.514341592788696
loss: 0.023060993725120292
--> Epoch 633
elapsed time: 21.509021043777466
loss: 0.02305253332451
--> Epoch 634
elapsed time: 21.5207462310791
loss: 0.023040672806236166
--> Epoch 635
elapsed time: 21.515998601913452
loss: 0.023049464132128633
--> Epoch 636
elapsed time: 21.50295877456665
loss: 0.023074643635598423
--> Epoch 637
elapsed time: 21.510139226913452
loss: 0.023070441052555925
--> Epoch 638
elapsed time: 21.515016078948975
loss: 0.023076398655603993
--> Epoch 639
elapsed time: 21.52015995979309
loss: 0.023050828014175396
--> Epoch 640
elapsed time: 21.518017768859863
loss: 0.02307505024244846
--> Epoch 641
elapsed time: 21.434168338775635
loss: 0.023057510385943378
--> Epoch 642
elapsed time: 21.498266220092773
loss: 0.02308452010210796
--> Epoch 643
elapsed time: 21.518508672714233
loss: 0.023050821741108948
--> Epoch 644
elapsed time: 21.49826192855835
loss: 0.023108164798240557
--> Epoch 645
elapsed time: 21.51253366470337
loss: 0.02307503282329942
--> Epoch 646
elapsed time: 21.50955891609192
loss: 0.023025015698481255
--> Epoch 647
elapsed time: 21.506269693374634
loss: 0.023056561349841187
--> Epoch 648
elapsed time: 21.498801946640015
loss: 0.023024611246902655
--> Epoch 649
elapsed time: 21.508643865585327
loss: 0.023038346826791876
--> Epoch 650
elapsed time: 21.507896423339844
loss: 0.023059692121656684
--> Epoch 651
elapsed time: 21.473302364349365
loss: 0.02301476316689492
--> Epoch 652
elapsed time: 21.522265911102295
loss: 0.02301735083659303
--> Epoch 653
elapsed time: 21.518929481506348
loss: 0.0230580216180796
--> Epoch 654
elapsed time: 21.511533498764038
loss: 0.022977009908009674
--> Epoch 655
elapsed time: 21.50421166419983
loss: 0.023041038781839055
--> Epoch 656
elapsed time: 21.53168511390686
loss: 0.023021721860230923
--> Epoch 657
elapsed time: 21.521660566329956
loss: 0.022983267950638778
--> Epoch 658
elapsed time: 21.523671865463257
loss: 0.02297326591416058
--> Epoch 659
elapsed time: 21.531615257263184
loss: 0.023059986985568045
--> Epoch 660
elapsed time: 21.527369499206543
loss: 0.023009698692558513
--> Epoch 661
elapsed time: 21.517616987228394
loss: 0.023044099121837264
--> Epoch 662
elapsed time: 21.51821541786194
loss: 0.02297943701173826
--> Epoch 663
elapsed time: 21.524306058883667
loss: 0.023047895048966635
--> Epoch 664
elapsed time: 21.511993408203125
loss: 0.02298942534734871
--> Epoch 665
elapsed time: 21.529107093811035
loss: 0.023014899854910117
--> Epoch 666
elapsed time: 21.515416383743286
loss: 0.02300653915400227
--> Epoch 667
elapsed time: 21.533738136291504
loss: 0.022982647299051622
--> Epoch 668
elapsed time: 21.522857904434204
loss: 0.022968089584741298
--> Epoch 669
elapsed time: 21.5278537273407
loss: 0.023053385800947474
--> Epoch 670
elapsed time: 21.51552176475525
loss: 0.023002917576066078
--> Epoch 671
elapsed time: 21.508952617645264
loss: 0.023017532688934403
--> Epoch 672
elapsed time: 21.538666009902954
loss: 0.02298616248893491
--> Epoch 673
elapsed time: 21.517176151275635
loss: 0.022992422247019896
--> Epoch 674
elapsed time: 21.529142379760742
loss: 0.022988957502753916
--> Epoch 675
elapsed time: 21.52263855934143
loss: 0.022982690688345304
--> Epoch 676
elapsed time: 21.528605699539185
loss: 0.022986822865854316
--> Epoch 677
elapsed time: 21.528159141540527
loss: 0.023019148422333283
--> Epoch 678
elapsed time: 21.52762770652771
loss: 0.023015602280649507
--> Epoch 679
elapsed time: 21.530213832855225
loss: 0.02301074307050945
--> Epoch 680
elapsed time: 21.516976594924927
loss: 0.0230040001128349
--> Epoch 681
elapsed time: 21.536375284194946
loss: 0.022991000538865353
--> Epoch 682
elapsed time: 21.533543825149536
loss: 0.022988338300280155
--> Epoch 683
elapsed time: 21.47683548927307
loss: 0.022975895949836508
--> Epoch 684
elapsed time: 21.524643182754517
loss: 0.022947331592580784
--> Epoch 685
elapsed time: 21.5069637298584
loss: 0.022956790211536026
--> Epoch 686
elapsed time: 21.54719853401184
loss: 0.022996469703086792
--> Epoch 687
elapsed time: 21.53403615951538
loss: 0.02295162723603836
--> Epoch 688
elapsed time: 21.516307830810547
loss: 0.02296404656713175
--> Epoch 689
elapsed time: 21.522298097610474
loss: 0.02296886140145957
--> Epoch 690
elapsed time: 21.524147272109985
loss: 0.022924745618343803
--> Epoch 691
elapsed time: 21.529672861099243
loss: 0.022937149417464844
--> Epoch 692
elapsed time: 21.529341220855713
loss: 0.02299675814849469
--> Epoch 693
elapsed time: 21.51635766029358
loss: 0.022909692146045244
--> Epoch 694
elapsed time: 21.517493724822998
loss: 0.022962746675619514
--> Epoch 695
elapsed time: 21.521499395370483
loss: 0.022961734572420227
--> Epoch 696
elapsed time: 21.518362760543823
loss: 0.023000386964988843
--> Epoch 697
elapsed time: 21.472100019454956
loss: 0.02291863906150815
--> Epoch 698
elapsed time: 21.527077198028564
loss: 0.022921208078470975
--> Epoch 699
elapsed time: 21.50365948677063
loss: 0.022911745422324367
--> Epoch 700
elapsed time: 21.528497219085693
loss: 0.02296652221703518
Evaluating model...
val mr: 195.61459350585938 mrr: 0.2503756284713745 hits@10: 0.4396 hits@5: 0.3376 hits@3: 0.2748 hits@1: 0.1607
--> Epoch 701
elapsed time: 21.4800021648407
loss: 0.022921616896664547
--> Epoch 702
elapsed time: 21.517725944519043
loss: 0.022891384657202526
--> Epoch 703
elapsed time: 21.512399435043335
loss: 0.02292610467468526
--> Epoch 704
elapsed time: 21.51912522315979
loss: 0.022928566655261495
--> Epoch 705
elapsed time: 21.520439624786377
loss: 0.022954129951244687
--> Epoch 706
elapsed time: 21.52392840385437
loss: 0.022934271197902742
--> Epoch 707
elapsed time: 21.225666522979736
loss: 0.022970535083623955
--> Epoch 708
elapsed time: 21.047622203826904
loss: 0.02293832572956805
--> Epoch 709
elapsed time: 21.313188076019287
loss: 0.022903873300423403
--> Epoch 710
elapsed time: 21.482285976409912
loss: 0.022904709545739508
--> Epoch 711
elapsed time: 21.4893958568573
loss: 0.02290184500777037
--> Epoch 712
elapsed time: 21.490564107894897
loss: 0.022918164228927607
--> Epoch 713
elapsed time: 21.504735469818115
loss: 0.02300054369702837
--> Epoch 714
elapsed time: 21.495736598968506
loss: 0.02292672868183729
--> Epoch 715
elapsed time: 21.49020266532898
loss: 0.022942333402478348
--> Epoch 716
elapsed time: 21.484703302383423
loss: 0.022926811214715157
--> Epoch 717
elapsed time: 21.49606204032898
loss: 0.02293428961408385
--> Epoch 718
elapsed time: 21.481117486953735
loss: 0.022881703819249
--> Epoch 719
elapsed time: 21.490829944610596
loss: 0.022894156451914408
--> Epoch 720
elapsed time: 21.50462579727173
loss: 0.02288281890412097
--> Epoch 721
elapsed time: 21.487653493881226
loss: 0.022900531711521177
--> Epoch 722
elapsed time: 21.496315717697144
loss: 0.02289222717558508
--> Epoch 723
elapsed time: 21.495813369750977
loss: 0.022885717994770908
--> Epoch 724
elapsed time: 21.486029624938965
loss: 0.022902403697932203
--> Epoch 725
elapsed time: 21.50118136405945
loss: 0.02289567637035618
--> Epoch 726
elapsed time: 21.479771614074707
loss: 0.022883374645240668
--> Epoch 727
elapsed time: 21.493504285812378
loss: 0.02291404251412244
--> Epoch 728
elapsed time: 21.47797155380249
loss: 0.022902767663700672
--> Epoch 729
elapsed time: 21.490734100341797
loss: 0.0229001545635519
--> Epoch 730
elapsed time: 21.487346649169922
loss: 0.022926699265010606
--> Epoch 731
elapsed time: 21.48269033432007
loss: 0.022951046011900407
--> Epoch 732
elapsed time: 21.495877027511597
loss: 0.02287318119612765
--> Epoch 733
elapsed time: 21.499791383743286
loss: 0.02292358236753593
--> Epoch 734
elapsed time: 21.486634731292725
loss: 0.022846803426574337
--> Epoch 735
elapsed time: 21.494333028793335
loss: 0.022872418534932333
--> Epoch 736
elapsed time: 21.501627445220947
loss: 0.022876230538984795
--> Epoch 737
elapsed time: 21.40722346305847
loss: 0.02286492379405032
--> Epoch 738
elapsed time: 21.494617223739624
loss: 0.022900928298987426
--> Epoch 739
elapsed time: 21.47524333000183
loss: 0.022857752508595095
--> Epoch 740
elapsed time: 21.49126672744751
loss: 0.022836760157826142
--> Epoch 741
elapsed time: 21.495344638824463
loss: 0.022889987023254666
--> Epoch 742
elapsed time: 21.458001852035522
loss: 0.022883274137749498
--> Epoch 743
elapsed time: 21.503607749938965
loss: 0.022900922693529446
--> Epoch 744
elapsed time: 21.467639207839966
loss: 0.022854086474243022
--> Epoch 745
elapsed time: 21.45915913581848
loss: 0.022866201920825585
--> Epoch 746
elapsed time: 21.48661756515503
loss: 0.02281804825595439
--> Epoch 747
elapsed time: 21.50160527229309
loss: 0.022876436178163324
--> Epoch 748
elapsed time: 21.48048424720764
loss: 0.02282810039811278
--> Epoch 749
elapsed time: 21.488752365112305
loss: 0.02289758662072029
--> Epoch 750
elapsed time: 21.49351930618286
loss: 0.02283117147767084
--> Epoch 751
elapsed time: 21.492594480514526
loss: 0.02282373864739881
--> Epoch 752
elapsed time: 21.50194001197815
loss: 0.02281436857330216
--> Epoch 753
elapsed time: 21.47636318206787
loss: 0.02283225286145706
--> Epoch 754
elapsed time: 21.485085248947144
loss: 0.022878092076710006
--> Epoch 755
elapsed time: 21.487783432006836
loss: 0.02288542380547703
--> Epoch 756
elapsed time: 21.49226975440979
loss: 0.022877813535037178
--> Epoch 757
elapsed time: 21.49210286140442
loss: 0.02283860468642956
--> Epoch 758
elapsed time: 21.499106645584106
loss: 0.022846471931809876
--> Epoch 759
elapsed time: 21.487552165985107
loss: 0.02286297531653045
--> Epoch 760
elapsed time: 21.49372696876526
loss: 0.022843239098254624
--> Epoch 761
elapsed time: 21.498528957366943
loss: 0.022801110305431756
--> Epoch 762
elapsed time: 21.504789352416992
loss: 0.022802727381056587
--> Epoch 763
elapsed time: 21.49857521057129
loss: 0.02285965499122078
--> Epoch 764
elapsed time: 21.501951456069946
loss: 0.022855638364296643
--> Epoch 765
elapsed time: 21.49459981918335
loss: 0.02279289745439198
--> Epoch 766
elapsed time: 21.48074173927307
loss: 0.022810449602953243
--> Epoch 767
elapsed time: 21.507123231887817
loss: 0.02283407686416652
--> Epoch 768
elapsed time: 21.476669311523438
loss: 0.02286382993422133
--> Epoch 769
elapsed time: 21.49455237388611
loss: 0.022832797892805214
--> Epoch 770
elapsed time: 21.499228715896606
loss: 0.022846250017703646
--> Epoch 771
elapsed time: 21.49027371406555
loss: 0.02284980324024259
--> Epoch 772
elapsed time: 21.494783401489258
loss: 0.022779825189950774
--> Epoch 773
elapsed time: 21.49203896522522
loss: 0.02281199640796808
--> Epoch 774
elapsed time: 21.492865800857544
loss: 0.02284103846974734
--> Epoch 775
elapsed time: 21.500897884368896
loss: 0.02282524192469196
--> Epoch 776
elapsed time: 21.49349045753479
loss: 0.02282943205271873
--> Epoch 777
elapsed time: 21.49338674545288
loss: 0.022799633397796976
--> Epoch 778
elapsed time: 21.484623432159424
loss: 0.0228231891740888
--> Epoch 779
elapsed time: 21.498918533325195
loss: 0.022803725143815703
--> Epoch 780
elapsed time: 21.50578474998474
loss: 0.02286466415393274
--> Epoch 781
elapsed time: 21.4819495677948
loss: 0.022758640426010425
--> Epoch 782
elapsed time: 21.4907169342041
loss: 0.02276702037541965
--> Epoch 783
elapsed time: 21.49119257926941
loss: 0.02279072931616349
--> Epoch 784
elapsed time: 21.491565227508545
loss: 0.02281180971239887
--> Epoch 785
elapsed time: 21.496533393859863
loss: 0.022781256744016036
--> Epoch 786
elapsed time: 21.478757858276367
loss: 0.022782108181367364
--> Epoch 787
elapsed time: 21.576576948165894
loss: 0.02282285343361484
--> Epoch 788
elapsed time: 21.49601674079895
loss: 0.022766372583182714
--> Epoch 789
elapsed time: 21.497095108032227
loss: 0.02281048194779502
--> Epoch 790
elapsed time: 21.494999170303345
loss: 0.02277234483857202
--> Epoch 791
elapsed time: 21.49772047996521
loss: 0.022802041421240496
--> Epoch 792
elapsed time: 21.487104654312134
loss: 0.022837940268814284
--> Epoch 793
elapsed time: 21.493536949157715
loss: 0.022745051211830816
--> Epoch 794
elapsed time: 21.495368003845215
loss: 0.02277258211117753
--> Epoch 795
elapsed time: 21.48743462562561
loss: 0.022770036763650903
--> Epoch 796
elapsed time: 21.484646797180176
loss: 0.022782294869927562
--> Epoch 797
elapsed time: 21.48043155670166
loss: 0.022750775071311312
--> Epoch 798
elapsed time: 21.486750841140747
loss: 0.02277889059591944
--> Epoch 799
elapsed time: 21.49863576889038
loss: 0.022781791310908094
--> Epoch 800
elapsed time: 21.499993801116943
loss: 0.02278704919720021
Evaluating model...
val mr: 194.9976043701172 mrr: 0.25790971517562866 hits@10: 0.4445 hits@5: 0.3482 hits@3: 0.2809 hits@1: 0.168
--> Epoch 801
elapsed time: 21.483452081680298
loss: 0.022737620345834618
--> Epoch 802
elapsed time: 21.490808248519897
loss: 0.022794907952913786
--> Epoch 803
elapsed time: 21.492754459381104
loss: 0.022779095919692394
--> Epoch 804
elapsed time: 21.49170708656311
loss: 0.02276724039884468
--> Epoch 805
elapsed time: 21.469890117645264
loss: 0.022760892493662584
--> Epoch 806
elapsed time: 21.492565393447876
loss: 0.02274998355225808
--> Epoch 807
elapsed time: 21.4744975566864
loss: 0.022750766402914742
--> Epoch 808
elapsed time: 21.158819675445557
loss: 0.02279410663000391
--> Epoch 809
elapsed time: 21.053974866867065
loss: 0.022786744192999597
--> Epoch 810
elapsed time: 21.3858380317688
loss: 0.022760124062297486
--> Epoch 811
elapsed time: 21.488301277160645
loss: 0.02270587930948187
--> Epoch 812
elapsed time: 21.48571228981018
loss: 0.0228064825350063
--> Epoch 813
elapsed time: 21.494038105010986
loss: 0.022820449778538546
--> Epoch 814
elapsed time: 21.484400033950806
loss: 0.02275452883747649
--> Epoch 815
elapsed time: 21.492400884628296
loss: 0.022741170976791087
--> Epoch 816
elapsed time: 21.474269151687622
loss: 0.0227616572102509
--> Epoch 817
elapsed time: 21.489417791366577
loss: 0.022766038346141996
--> Epoch 818
elapsed time: 21.47443461418152
loss: 0.0227580802043793
--> Epoch 819
elapsed time: 21.48528242111206
loss: 0.022722337142628314
--> Epoch 820
elapsed time: 21.479065656661987
loss: 0.022729156037699694
--> Epoch 821
elapsed time: 21.48069953918457
loss: 0.022749744264561392
--> Epoch 822
elapsed time: 21.490598440170288
loss: 0.022759263071661723
--> Epoch 823
elapsed time: 21.48761796951294
loss: 0.022753745010814796
--> Epoch 824
elapsed time: 21.481860160827637
loss: 0.022744647349009287
--> Epoch 825
elapsed time: 21.48040771484375
loss: 0.022722911182528158
--> Epoch 826
elapsed time: 21.487365007400513
loss: 0.022736132190486563
--> Epoch 827
elapsed time: 21.474560260772705
loss: 0.022742911228806707
--> Epoch 828
elapsed time: 21.47543716430664
loss: 0.022688185747078534
--> Epoch 829
elapsed time: 21.481704235076904
loss: 0.022785222001885427
--> Epoch 830
elapsed time: 21.487170219421387
loss: 0.02273802801980685
--> Epoch 831
elapsed time: 21.478628396987915
loss: 0.022715683299294645
--> Epoch 832
elapsed time: 21.46509313583374
loss: 0.022718281871512154
--> Epoch 833
elapsed time: 21.473623514175415
loss: 0.022718358154102867
--> Epoch 834
elapsed time: 21.48419690132141
loss: 0.022685589740159707
--> Epoch 835
elapsed time: 21.484065294265747
loss: 0.02270091287371188
--> Epoch 836
elapsed time: 21.480005502700806
loss: 0.02272202434790998
--> Epoch 837
elapsed time: 21.478968143463135
loss: 0.022788973533927778
--> Epoch 838
elapsed time: 21.4637610912323
loss: 0.02271920146800837
--> Epoch 839
elapsed time: 21.469340562820435
loss: 0.022686137408648922
--> Epoch 840
elapsed time: 21.489394187927246
loss: 0.0227459929848435
--> Epoch 841
elapsed time: 21.48141574859619
loss: 0.022718662771055526
--> Epoch 842
elapsed time: 21.48010754585266
loss: 0.022710404421009214
--> Epoch 843
elapsed time: 21.48806881904602
loss: 0.022699463133010682
--> Epoch 844
elapsed time: 21.473957300186157
loss: 0.022692162377071178
--> Epoch 845
elapsed time: 21.47599983215332
loss: 0.022760167772253505
--> Epoch 846
elapsed time: 21.470508337020874
loss: 0.022731971975174133
--> Epoch 847
elapsed time: 21.472392559051514
loss: 0.022714956872943202
--> Epoch 848
elapsed time: 21.47010564804077
loss: 0.022693929377231862
--> Epoch 849
elapsed time: 21.479506254196167
loss: 0.02269829937229713
--> Epoch 850
elapsed time: 21.473520040512085
loss: 0.02273401624311957
--> Epoch 851
elapsed time: 21.477977514266968
loss: 0.022680914104825915
--> Epoch 852
elapsed time: 21.474568128585815
loss: 0.022714468514720226
--> Epoch 853
elapsed time: 21.4718816280365
loss: 0.022686123317028708
--> Epoch 854
elapsed time: 21.478934049606323
loss: 0.022708567272896264
--> Epoch 855
elapsed time: 21.468223810195923
loss: 0.022685170744879562
--> Epoch 856
elapsed time: 21.50684094429016
loss: 0.022694831435425823
--> Epoch 857
elapsed time: 21.503565311431885
loss: 0.022784499146626003
--> Epoch 858
elapsed time: 21.514024257659912
loss: 0.022694904528915715
--> Epoch 859
elapsed time: 21.520727157592773
loss: 0.02270576487333003
--> Epoch 860
elapsed time: 21.523571491241455
loss: 0.022763192413597318
--> Epoch 861
elapsed time: 21.509236335754395
loss: 0.02267770167275464
--> Epoch 862
elapsed time: 21.519464254379272
loss: 0.02271735428649361
--> Epoch 863
elapsed time: 21.516037940979004
loss: 0.022669483754198617
--> Epoch 864
elapsed time: 21.517069816589355
loss: 0.022741259714397527
--> Epoch 865
elapsed time: 21.51214289665222
loss: 0.022729032079803976
--> Epoch 866
elapsed time: 21.512086868286133
loss: 0.022688775315446216
--> Epoch 867
elapsed time: 21.530319929122925
loss: 0.022667756451334127
--> Epoch 868
elapsed time: 21.513110637664795
loss: 0.02271026810622395
--> Epoch 869
elapsed time: 21.519139766693115
loss: 0.022663700291825597
--> Epoch 870
elapsed time: 21.519413232803345
loss: 0.022631107597337618
--> Epoch 871
elapsed time: 21.514846086502075
loss: 0.022641732885746717
--> Epoch 872
elapsed time: 21.519715785980225
loss: 0.02267914126966208
--> Epoch 873
elapsed time: 21.525326013565063
loss: 0.022676645556459533
--> Epoch 874
elapsed time: 21.509566068649292
loss: 0.022701872085148393
--> Epoch 875
elapsed time: 21.50839900970459
loss: 0.022679993931838397
--> Epoch 876
elapsed time: 21.52104139328003
loss: 0.02263512609041141
--> Epoch 877
elapsed time: 21.523128271102905
loss: 0.022661350055940287
--> Epoch 878
elapsed time: 21.511159896850586
loss: 0.022606697571328084
--> Epoch 879
elapsed time: 21.517012119293213
loss: 0.02270717645346109
--> Epoch 880
elapsed time: 21.539695739746094
loss: 0.022654888277079625
--> Epoch 881
elapsed time: 21.532084941864014
loss: 0.02270121726462388
--> Epoch 882
elapsed time: 21.518927574157715
loss: 0.022632778318194095
--> Epoch 883
elapsed time: 21.517152309417725
loss: 0.02270125930293035
--> Epoch 884
elapsed time: 21.509331464767456
loss: 0.022736681605972215
--> Epoch 885
elapsed time: 21.52529764175415
loss: 0.022645274716887626
--> Epoch 886
elapsed time: 21.51749587059021
loss: 0.02260761877989724
--> Epoch 887
elapsed time: 21.50667691230774
loss: 0.022669049270752455
--> Epoch 888
elapsed time: 21.530933380126953
loss: 0.022670977949563447
--> Epoch 889
elapsed time: 21.51803469657898
loss: 0.022631114212093437
--> Epoch 890
elapsed time: 21.523436784744263
loss: 0.022653118869323047
--> Epoch 891
elapsed time: 21.526063680648804
loss: 0.022620592173451762
--> Epoch 892
elapsed time: 21.509090900421143
loss: 0.022679241170873648
--> Epoch 893
elapsed time: 21.52512216567993
loss: 0.022694985891288447
--> Epoch 894
elapsed time: 21.50997257232666
loss: 0.02263260570197933
--> Epoch 895
elapsed time: 21.532081127166748
loss: 0.022710403264522103
--> Epoch 896
elapsed time: 21.521069765090942
loss: 0.022634481976153933
--> Epoch 897
elapsed time: 21.520448446273804
loss: 0.02267964643374548
--> Epoch 898
elapsed time: 21.51765489578247
loss: 0.022655060059221868
--> Epoch 899
elapsed time: 21.528087377548218
loss: 0.022632240555192206
--> Epoch 900
elapsed time: 21.521036386489868
loss: 0.022636147074029903
Evaluating model...
val mr: 196.66180419921875 mrr: 0.2704482972621918 hits@10: 0.459 hits@5: 0.3673 hits@3: 0.297 hits@1: 0.1791
--> Epoch 901
elapsed time: 21.505977392196655
loss: 0.022590434285597427
--> Epoch 902
elapsed time: 21.504838228225708
loss: 0.022619227506395567
--> Epoch 903
elapsed time: 21.500529527664185
loss: 0.022580475545543495
--> Epoch 904
elapsed time: 21.522613048553467
loss: 0.022657568204660854
--> Epoch 905
elapsed time: 21.504605770111084
loss: 0.022586133252209015
--> Epoch 906
elapsed time: 21.520476818084717
loss: 0.022668921874935966
--> Epoch 907
elapsed time: 21.501330614089966
loss: 0.02260525188534078
--> Epoch 908
elapsed time: 21.48147201538086
loss: 0.022646294451149587
--> Epoch 909
elapsed time: 21.084543466567993
loss: 0.022637523684443894
--> Epoch 910
elapsed time: 21.153236627578735
loss: 0.02264197881273077
--> Epoch 911
elapsed time: 21.51711916923523
loss: 0.022608810979680195
--> Epoch 912
elapsed time: 21.521610021591187
loss: 0.02260176975872308
--> Epoch 913
elapsed time: 21.534377098083496
loss: 0.0226200516576601
--> Epoch 914
elapsed time: 21.515304565429688
loss: 0.02260102313590128
--> Epoch 915
elapsed time: 21.51465368270874
loss: 0.02262940763838428
--> Epoch 916
elapsed time: 21.527788639068604
loss: 0.022606724065396433
--> Epoch 917
elapsed time: 21.536661863327026
loss: 0.022621740815724725
--> Epoch 918
elapsed time: 21.519699335098267
loss: 0.022613467900949834
--> Epoch 919
elapsed time: 21.52317714691162
loss: 0.022670632187953448
--> Epoch 920
elapsed time: 21.528122663497925
loss: 0.022639551908759048
--> Epoch 921
elapsed time: 21.52679944038391
loss: 0.022639145946738187
--> Epoch 922
elapsed time: 21.54047465324402
loss: 0.022605840223626716
--> Epoch 923
elapsed time: 21.528308629989624
loss: 0.02269573500055753
--> Epoch 924
elapsed time: 21.5231454372406
loss: 0.022558609915587103
--> Epoch 925
elapsed time: 21.53598713874817
loss: 0.022603370229996606
--> Epoch 926
elapsed time: 21.53412961959839
loss: 0.022573664493557428
--> Epoch 927
elapsed time: 21.519458532333374
loss: 0.022598194102086442
--> Epoch 928
elapsed time: 21.533234357833862
loss: 0.022666625717088846
--> Epoch 929
elapsed time: 21.514564275741577
loss: 0.02262721633361626
--> Epoch 930
elapsed time: 21.52424168586731
loss: 0.02260891759903052
--> Epoch 931
elapsed time: 21.51647400856018
loss: 0.022640187203926177
--> Epoch 932
elapsed time: 21.541435718536377
loss: 0.022596677698664584
--> Epoch 933
elapsed time: 21.531031131744385
loss: 0.02260224407964569
--> Epoch 934
elapsed time: 21.520176887512207
loss: 0.022612083980135502
--> Epoch 935
elapsed time: 21.625959157943726
loss: 0.022605251624255054
--> Epoch 936
elapsed time: 21.532389879226685
loss: 0.02257854895191381
--> Epoch 937
elapsed time: 21.532912254333496
loss: 0.0226087889275737
--> Epoch 938
elapsed time: 21.52047824859619
loss: 0.022582254508336758
--> Epoch 939
elapsed time: 21.520655632019043
loss: 0.022508390717425664
--> Epoch 940
elapsed time: 21.529016971588135
loss: 0.02268031792170241
--> Epoch 941
elapsed time: 21.52578091621399
loss: 0.02259387497493151
--> Epoch 942
elapsed time: 21.54377555847168
loss: 0.022587704376745985
--> Epoch 943
elapsed time: 21.527474880218506
loss: 0.022591211501007808
--> Epoch 944
elapsed time: 21.525432109832764
loss: 0.0225987498747467
--> Epoch 945
elapsed time: 21.520864725112915
loss: 0.022605468060817792
--> Epoch 946
elapsed time: 21.520042419433594
loss: 0.022558292554496935
--> Epoch 947
elapsed time: 21.537692070007324
loss: 0.022534552046911738
--> Epoch 948
elapsed time: 21.52768850326538
loss: 0.022623233136178634
--> Epoch 949
elapsed time: 21.521902084350586
loss: 0.02253965214981241
--> Epoch 950
elapsed time: 21.52730393409729
loss: 0.02260939671937464
--> Epoch 951
elapsed time: 21.534637212753296
loss: 0.02264058461319918
--> Epoch 952
elapsed time: 21.53381371498108
loss: 0.022692508303392978
--> Epoch 953
elapsed time: 21.51748013496399
loss: 0.022616729495989075
--> Epoch 954
elapsed time: 21.543463230133057
loss: 0.02257343323994165
--> Epoch 955
elapsed time: 21.544670820236206
loss: 0.022538056309744085
--> Epoch 956
elapsed time: 21.540849924087524
loss: 0.022600362538197975
--> Epoch 957
elapsed time: 21.53657054901123
loss: 0.022625524485842978
--> Epoch 958
elapsed time: 21.5258150100708
loss: 0.022551848075632094
--> Epoch 959
elapsed time: 21.535103797912598
loss: 0.02247490943080955
--> Epoch 960
elapsed time: 21.53523278236389
loss: 0.02261656553064835
--> Epoch 961
elapsed time: 21.54196310043335
loss: 0.022587085897952795
--> Epoch 962
elapsed time: 21.537312030792236
loss: 0.022521751420265756
--> Epoch 963
elapsed time: 21.554851055145264
loss: 0.022578970873456797
--> Epoch 964
elapsed time: 21.544940948486328
loss: 0.022616398197476975
--> Epoch 965
elapsed time: 21.546321153640747
loss: 0.022543919520664642
--> Epoch 966
elapsed time: 21.511749505996704
loss: 0.022530397240804932
--> Epoch 967
elapsed time: 21.53784942626953
loss: 0.02254952939432237
--> Epoch 968
elapsed time: 21.546913385391235
loss: 0.022581036231521717
--> Epoch 969
elapsed time: 21.54449439048767
loss: 0.022538013190297395
--> Epoch 970
elapsed time: 21.524381160736084
loss: 0.022539092690411426
--> Epoch 971
elapsed time: 21.531558752059937
loss: 0.022548169475872338
--> Epoch 972
elapsed time: 21.54068088531494
loss: 0.022621905615137976
--> Epoch 973
elapsed time: 21.533299684524536
loss: 0.02250251834046863
--> Epoch 974
elapsed time: 21.529567003250122
loss: 0.022526392651860263
--> Epoch 975
elapsed time: 21.52546238899231
loss: 0.022568458941811566
--> Epoch 976
elapsed time: 21.525144815444946
loss: 0.022551750187759453
--> Epoch 977
elapsed time: 21.533907413482666
loss: 0.022540562150970115
--> Epoch 978
elapsed time: 21.53606367111206
loss: 0.022494401027529955
--> Epoch 979
elapsed time: 21.52597737312317
loss: 0.02258305291900182
--> Epoch 980
elapsed time: 21.55440330505371
loss: 0.022518392671547965
--> Epoch 981
elapsed time: 21.53672695159912
loss: 0.022489527142269365
--> Epoch 982
elapsed time: 21.53370189666748
loss: 0.022543350735772138
--> Epoch 983
elapsed time: 21.534607648849487
loss: 0.0225437139305492
--> Epoch 984
elapsed time: 21.555001497268677
loss: 0.022526848703791034
--> Epoch 985
elapsed time: 21.52834129333496
loss: 0.022532462421892278
--> Epoch 986
elapsed time: 21.537843704223633
loss: 0.022495445041012224
--> Epoch 987
elapsed time: 21.525306224822998
loss: 0.022520026246388904
--> Epoch 988
elapsed time: 21.53219175338745
loss: 0.02251845278609842
--> Epoch 989
elapsed time: 21.530386686325073
loss: 0.022480867007573818
--> Epoch 990
elapsed time: 22.41037130355835
loss: 0.022523378264702163
--> Epoch 991
elapsed time: 22.963857889175415
loss: 0.022535788640029454
--> Epoch 992
elapsed time: 22.96313714981079
loss: 0.022532040417993393
--> Epoch 993
elapsed time: 22.963001251220703
loss: 0.022553232360915092
--> Epoch 994
elapsed time: 22.963417053222656
loss: 0.022587194553421334
--> Epoch 995
elapsed time: 22.963186740875244
loss: 0.02255642619807543
--> Epoch 996
elapsed time: 22.96289825439453
loss: 0.02254964065188691
--> Epoch 997
elapsed time: 22.962959051132202
loss: 0.022569988879637123
--> Epoch 998
elapsed time: 22.877357006072998
loss: 0.022500973247405166
--> Epoch 999
elapsed time: 22.96383500099182
loss: 0.02248637855529561
--> Epoch 1000
elapsed time: 22.96347165107727
loss: 0.02250636253691684
Evaluating model...
val mr: 189.5167999267578 mrr: 0.26337987184524536 hits@10: 0.449 hits@5: 0.3551 hits@3: 0.2878 hits@1: 0.1733
Start testing...
test mr: 213.5950927734375 mrr: 0.25840023159980774 hits@10: 0.4473 hits@5: 0.351 hits@3: 0.2846 hits@1: 0.1658
{'epoch': [100, 200, 300, 400, 500, 600, 700, 800, 900, 1000], 'val_mrr': [0.2382146716117859, 0.2529281675815582, 0.24616992473602295, 0.259705126285553, 0.25899171829223633, 0.2577401399612427, 0.2503756284713745, 0.25790971517562866, 0.2704482972621918, 0.26337987184524536], 'val_mr': [195.00120544433594, 193.68739318847656, 192.1551055908203, 197.9752960205078, 199.76519775390625, 192.72850036621094, 195.61459350585938, 194.9976043701172, 196.66180419921875, 189.5167999267578], 'val_hits10': [0.4111, 0.4358, 0.4309, 0.4448, 0.447, 0.4434, 0.4396, 0.4445, 0.459, 0.449], 'val_hits5': [0.3142, 0.3396, 0.3282, 0.3482, 0.3481, 0.3534, 0.3376, 0.3482, 0.3673, 0.3551], 'val_hits3': [0.2559, 0.2769, 0.2649, 0.2849, 0.2829, 0.2828, 0.2748, 0.2809, 0.297, 0.2878], 'val_hits1': [0.1554, 0.1642, 0.1598, 0.1716, 0.1698, 0.1664, 0.1607, 0.168, 0.1791, 0.1733]}
